INFO: [VRFC 10-2263] Analyzing Verilog file "E:/VLSI/Projet/Segmentation seule/ZYBO_HDMI_MGA/project_1/project_1.ip_user_files/bd/HDMI_bd/ip/HDMI_bd_clk_wiz_0_0/HDMI_bd_clk_wiz_0_0_clk_wiz.v" into library xil_defaultlib
INFO: [VRFC 10-311] analyzing module HDMI_bd_clk_wiz_0_0_clk_wiz
INFO: [VRFC 10-2263] Analyzing Verilog file "E:/VLSI/Projet/Segmentation seule/ZYBO_HDMI_MGA/project_1/project_1.ip_user_files/bd/HDMI_bd/ip/HDMI_bd_clk_wiz_0_0/HDMI_bd_clk_wiz_0_0.v" into library xil_defaultlib
INFO: [VRFC 10-311] analyzing module HDMI_bd_clk_wiz_0_0
INFO: [VRFC 10-2263] Analyzing Verilog file "E:/VLSI/Projet/Segmentation seule/ZYBO_HDMI_MGA/project_1/project_1.ip_user_files/bd/HDMI_bd/ip/HDMI_bd_xlconstant_0_1/sim/HDMI_bd_xlconstant_0_1.v" into library xil_defaultlib
INFO: [VRFC 10-311] analyzing module HDMI_bd_xlconstant_0_1
INFO: [VRFC 10-2263] Analyzing Verilog file "E:/VLSI/Projet/Segmentation seule/ZYBO_HDMI_MGA/project_1/project_1.ip_user_files/bd/HDMI_bd/ip/HDMI_bd_xlconstant_0_0/sim/HDMI_bd_xlconstant_0_0.v" into library xil_defaultlib
INFO: [VRFC 10-311] analyzing module HDMI_bd_xlconstant_0_0
INFO: [VRFC 10-2263] Analyzing Verilog file "E:/VLSI/Projet/Segmentation seule/ZYBO_HDMI_MGA/project_1/project_1.ip_user_files/bd/HDMI_bd/ip/HDMI_bd_xlconstant_1_0/sim/HDMI_bd_xlconstant_1_0.v" into library xil_defaultlib
INFO: [VRFC 10-311] analyzing module HDMI_bd_xlconstant_1_0
INFO: [VRFC 10-2263] Analyzing Verilog file "E:/VLSI/Projet/Segmentation seule/ZYBO_HDMI_MGA/project_1/project_1.sim/sim_1/behav/xsim/glbl.v" into library xil_defaultlib
INFO: [VRFC 10-311] analyzing module glbl
INFO: [VRFC 10-163] Analyzing VHDL file "E:/VLSI/Projet/Segmentation seule/ZYBO_HDMI_MGA/project_1/project_1.srcs/sources_1/imports/sources_1/new/Right_shift_8bits.vhd" into library xil_defaultlib
INFO: [VRFC 10-307] analyzing entity Right_shift_8bits
INFO: [VRFC 10-163] Analyzing VHDL file "E:/VLSI/Projet/Segmentation seule/ZYBO_HDMI_MGA/project_1/project_1.srcs/sources_1/imports/sources_1/imports/new/rdc_1bit.vhd" into library xil_defaultlib
INFO: [VRFC 10-307] analyzing entity rdc_1bit
INFO: [VRFC 10-163] Analyzing VHDL file "E:/VLSI/Projet/Segmentation seule/ZYBO_HDMI_MGA/project_1/project_1.srcs/sources_1/imports/sources_1/new/rdc_8bits_parallele.vhd" into library xil_defaultlib
INFO: [VRFC 10-307] analyzing entity rdc_8bits_parallele
INFO: [VRFC 10-163] Analyzing VHDL file "E:/VLSI/Projet/Segmentation seule/ZYBO_HDMI_MGA/project_1/project_1.srcs/sources_1/imports/sources_1/new/Derivee_3_1_horizontale.vhd" into library xil_defaultlib
INFO: [VRFC 10-307] analyzing entity Derivee_horizontale_3x1
INFO: [VRFC 10-163] Analyzing VHDL file "E:/VLSI/Projet/Segmentation seule/ZYBO_HDMI_MGA/project_1/project_1.srcs/sources_1/imports/sources_1/new/RGB_to_Y.vhd" into library xil_defaultlib
INFO: [VRFC 10-307] analyzing entity RGB_to_Y
INFO: [VRFC 10-163] Analyzing VHDL file "E:/VLSI/Projet/Segmentation seule/ZYBO_HDMI_MGA/project_1/project_1.srcs/sources_1/new/Moyenneur_3x1.vhd" into library xil_defaultlib
INFO: [VRFC 10-307] analyzing entity Moyenneur_3x1
INFO: [VRFC 10-163] Analyzing VHDL file "E:/VLSI/Projet/Segmentation seule/ZYBO_HDMI_MGA/project_1/project_1.srcs/sources_1/new/Seuillage.vhd" into library xil_defaultlib
INFO: [VRFC 10-307] analyzing entity Seuillage
INFO: [VRFC 10-163] Analyzing VHDL file "E:/VLSI/Projet/Segmentation seule/ZYBO_HDMI_MGA/project_1/project_1.srcs/sources_1/new/Filtrage.vhd" into library xil_defaultlib
INFO: [VRFC 10-307] analyzing entity Filtrage
INFO: [VRFC 10-163] Analyzing VHDL file "E:/VLSI/Projet/Segmentation seule/ZYBO_HDMI_MGA/project_1/project_1.ip_user_files/bd/HDMI_bd/sim/HDMI_bd.vhd" into library xil_defaultlib
INFO: [VRFC 10-307] analyzing entity HDMI_bd
INFO: [VRFC 10-163] Analyzing VHDL file "E:/VLSI/Projet/Segmentation seule/ZYBO_HDMI_MGA/project_1/project_1.srcs/sources_1/bd/HDMI_bd/ipshared/0387/src/SyncBase.vhd" into library xil_defaultlib
INFO: [VRFC 10-307] analyzing entity SyncBase
ERROR: [VRFC 10-149] 'syncasync' is not compiled in library xil_defaultlib [E:/VLSI/Projet/Segmentation seule/ZYBO_HDMI_MGA/project_1/project_1.srcs/sources_1/bd/HDMI_bd/ipshared/0387/src/SyncBase.vhd:90]
ERROR: [VRFC 10-1504] unit behavioral ignored due to previous errors [E:/VLSI/Projet/Segmentation seule/ZYBO_HDMI_MGA/project_1/project_1.srcs/sources_1/bd/HDMI_bd/ipshared/0387/src/SyncBase.vhd:74]
INFO: [VRFC 10-240] VHDL file E:/VLSI/Projet/Segmentation seule/ZYBO_HDMI_MGA/project_1/project_1.srcs/sources_1/bd/HDMI_bd/ipshared/0387/src/SyncBase.vhd ignored due to errors
