
*** Running vivado
    with args -log c_counter_binary_adapt_input_ouput_0_1.vds -m64 -product Vivado -mode batch -messageDb vivado.pb -notrace -source c_counter_binary_adapt_input_ouput_0_1.tcl


****** Vivado v2018.2.1 (64-bit)
  **** SW Build 2288692 on Thu Jul 26 18:24:02 MDT 2018
  **** IP Build 2289599 on Thu Jul 26 21:09:20 MDT 2018
    ** Copyright 1986-2018 Xilinx, Inc. All Rights Reserved.

source c_counter_binary_adapt_input_ouput_0_1.tcl -notrace
Command: synth_design -top c_counter_binary_adapt_input_ouput_0_1 -part xc7z020clg400-1 -mode out_of_context
Starting synth_design
Attempting to get a license for feature 'Synthesis' and/or device 'xc7z020'
INFO: [Common 17-349] Got license for feature 'Synthesis' and/or device 'xc7z020'
INFO: Launching helper process for spawning children vivado processes
INFO: Helper process launched with PID 12248 
---------------------------------------------------------------------------------
Starting Synthesize : Time (s): cpu = 00:00:03 ; elapsed = 00:00:04 . Memory (MB): peak = 391.148 ; gain = 102.016
---------------------------------------------------------------------------------
INFO: [Synth 8-638] synthesizing module 'c_counter_binary_adapt_input_ouput_0_1' [e:/VLSI/Segmentation+detectionCentre/ZYBO_HDMI_MGA/project_1/project_1.srcs/sources_1/bd/c_counter_binary/ip/c_counter_binary_adapt_input_ouput_0_1/synth/c_counter_binary_adapt_input_ouput_0_1.vhd:63]
	Parameter N bound to: 18 - type: integer 
	Parameter M bound to: 24 - type: integer 
INFO: [Synth 8-3491] module 'adapt_input_ouput' declared at 'E:/VLSI/Segmentation+detectionCentre/ZYBO_HDMI_MGA/project_1/project_1.srcs/sources_1/new/adapt_input_ouput.vhd:34' bound to instance 'U0' of component 'adapt_input_ouput' [e:/VLSI/Segmentation+detectionCentre/ZYBO_HDMI_MGA/project_1/project_1.srcs/sources_1/bd/c_counter_binary/ip/c_counter_binary_adapt_input_ouput_0_1/synth/c_counter_binary_adapt_input_ouput_0_1.vhd:85]
INFO: [Synth 8-638] synthesizing module 'adapt_input_ouput' [E:/VLSI/Segmentation+detectionCentre/ZYBO_HDMI_MGA/project_1/project_1.srcs/sources_1/new/adapt_input_ouput.vhd:41]
	Parameter N bound to: 18 - type: integer 
	Parameter M bound to: 24 - type: integer 
INFO: [Synth 8-256] done synthesizing module 'adapt_input_ouput' (1#1) [E:/VLSI/Segmentation+detectionCentre/ZYBO_HDMI_MGA/project_1/project_1.srcs/sources_1/new/adapt_input_ouput.vhd:41]
INFO: [Synth 8-256] done synthesizing module 'c_counter_binary_adapt_input_ouput_0_1' (2#1) [e:/VLSI/Segmentation+detectionCentre/ZYBO_HDMI_MGA/project_1/project_1.srcs/sources_1/bd/c_counter_binary/ip/c_counter_binary_adapt_input_ouput_0_1/synth/c_counter_binary_adapt_input_ouput_0_1.vhd:63]
---------------------------------------------------------------------------------
Finished Synthesize : Time (s): cpu = 00:00:04 ; elapsed = 00:00:35 . Memory (MB): peak = 446.074 ; gain = 156.941
---------------------------------------------------------------------------------
---------------------------------------------------------------------------------
Finished Constraint Validation : Time (s): cpu = 00:00:04 ; elapsed = 00:00:48 . Memory (MB): peak = 446.074 ; gain = 156.941
---------------------------------------------------------------------------------
---------------------------------------------------------------------------------
Start Loading Part and Timing Information
---------------------------------------------------------------------------------
Loading part: xc7z020clg400-1
---------------------------------------------------------------------------------
Finished Loading Part and Timing Information : Time (s): cpu = 00:00:04 ; elapsed = 00:00:48 . Memory (MB): peak = 446.074 ; gain = 156.941
---------------------------------------------------------------------------------
INFO: [Device 21-403] Loading part xc7z020clg400-1
---------------------------------------------------------------------------------
Finished RTL Optimization Phase 2 : Time (s): cpu = 00:00:08 ; elapsed = 00:01:06 . Memory (MB): peak = 574.941 ; gain = 285.809
---------------------------------------------------------------------------------

Report RTL Partitions: 
+-+--------------+------------+----------+
| |RTL Partition |Replication |Instances |
+-+--------------+------------+----------+
+-+--------------+------------+----------+
No constraint files found.
---------------------------------------------------------------------------------
Start RTL Component Statistics 
---------------------------------------------------------------------------------
Detailed RTL Component Info : 
---------------------------------------------------------------------------------
Finished RTL Component Statistics 
---------------------------------------------------------------------------------
---------------------------------------------------------------------------------
Start RTL Hierarchical Component Statistics 
---------------------------------------------------------------------------------
Hierarchical RTL Component report 
---------------------------------------------------------------------------------
Finished RTL Hierarchical Component Statistics
---------------------------------------------------------------------------------
---------------------------------------------------------------------------------
Start Part Resource Summary
---------------------------------------------------------------------------------
Part Resources:
DSPs: 220 (col length:60)
BRAMs: 280 (col length: RAMB18 60 RAMB36 30)
---------------------------------------------------------------------------------
Finished Part Resource Summary
---------------------------------------------------------------------------------
No constraint files found.
---------------------------------------------------------------------------------
Start Cross Boundary and Area Optimization
---------------------------------------------------------------------------------
Warning: Parallel synthesis criteria is not met 
WARNING: [Synth 8-3330] design c_counter_binary_adapt_input_ouput_0_1 has an empty top module
INFO: [Synth 8-3917] design c_counter_binary_adapt_input_ouput_0_1 has port sortie[23] driven by constant 0
INFO: [Synth 8-3917] design c_counter_binary_adapt_input_ouput_0_1 has port sortie[22] driven by constant 0
INFO: [Synth 8-3917] design c_counter_binary_adapt_input_ouput_0_1 has port sortie[21] driven by constant 0
INFO: [Synth 8-3917] design c_counter_binary_adapt_input_ouput_0_1 has port sortie[20] driven by constant 0
INFO: [Synth 8-3917] design c_counter_binary_adapt_input_ouput_0_1 has port sortie[19] driven by constant 0
INFO: [Synth 8-3917] design c_counter_binary_adapt_input_ouput_0_1 has port sortie[18] driven by constant 0
---------------------------------------------------------------------------------
Finished Cross Boundary and Area Optimization : Time (s): cpu = 00:00:08 ; elapsed = 00:03:24 . Memory (MB): peak = 574.941 ; gain = 285.809
---------------------------------------------------------------------------------

Report RTL Partitions: 
+-+--------------+------------+----------+
| |RTL Partition |Replication |Instances |
+-+--------------+------------+----------+
+-+--------------+------------+----------+
No constraint files found.
---------------------------------------------------------------------------------
Start Timing Optimization
---------------------------------------------------------------------------------
---------------------------------------------------------------------------------
Finished Timing Optimization : Time (s): cpu = 00:00:08 ; elapsed = 00:03:24 . Memory (MB): peak = 574.941 ; gain = 285.809
---------------------------------------------------------------------------------

Report RTL Partitions: 
+-+--------------+------------+----------+
| |RTL Partition |Replication |Instances |
+-+--------------+------------+----------+
+-+--------------+------------+----------+
---------------------------------------------------------------------------------
Start Technology Mapping
---------------------------------------------------------------------------------
---------------------------------------------------------------------------------
Finished Technology Mapping : Time (s): cpu = 00:00:08 ; elapsed = 00:03:24 . Memory (MB): peak = 574.941 ; gain = 285.809
---------------------------------------------------------------------------------

Report RTL Partitions: 
+-+--------------+------------+----------+
| |RTL Partition |Replication |Instances |
+-+--------------+------------+----------+
+-+--------------+------------+----------+
---------------------------------------------------------------------------------
Start IO Insertion
---------------------------------------------------------------------------------
---------------------------------------------------------------------------------
Start Flattening Before IO Insertion
---------------------------------------------------------------------------------
---------------------------------------------------------------------------------
Finished Flattening Before IO Insertion
---------------------------------------------------------------------------------
---------------------------------------------------------------------------------
Start Final Netlist Cleanup
---------------------------------------------------------------------------------
---------------------------------------------------------------------------------
Finished Final Netlist Cleanup
---------------------------------------------------------------------------------
---------------------------------------------------------------------------------
Finished IO Insertion : Time (s): cpu = 00:00:09 ; elapsed = 00:03:25 . Memory (MB): peak = 574.941 ; gain = 285.809
---------------------------------------------------------------------------------

Report Check Netlist: 
+------+------------------+-------+---------+-------+------------------+
|      |Item              |Errors |Warnings |Status |Description       |
+------+------------------+-------+---------+-------+------------------+
|1     |multi_driven_nets |      0|        0|Passed |Multi driven nets |
+------+------------------+-------+---------+-------+------------------+
---------------------------------------------------------------------------------
Start Renaming Generated Instances
---------------------------------------------------------------------------------
---------------------------------------------------------------------------------
Finished Renaming Generated Instances : Time (s): cpu = 00:00:09 ; elapsed = 00:03:25 . Memory (MB): peak = 574.941 ; gain = 285.809
---------------------------------------------------------------------------------

Report RTL Partitions: 
+-+--------------+------------+----------+
| |RTL Partition |Replication |Instances |
+-+--------------+------------+----------+
+-+--------------+------------+----------+
---------------------------------------------------------------------------------
Start Rebuilding User Hierarchy
---------------------------------------------------------------------------------
---------------------------------------------------------------------------------
Finished Rebuilding User Hierarchy : Time (s): cpu = 00:00:09 ; elapsed = 00:03:25 . Memory (MB): peak = 574.941 ; gain = 285.809
---------------------------------------------------------------------------------
---------------------------------------------------------------------------------
Start Renaming Generated Ports
---------------------------------------------------------------------------------
---------------------------------------------------------------------------------
Finished Renaming Generated Ports : Time (s): cpu = 00:00:09 ; elapsed = 00:03:25 . Memory (MB): peak = 574.941 ; gain = 285.809
---------------------------------------------------------------------------------
---------------------------------------------------------------------------------
Start Handling Custom Attributes
---------------------------------------------------------------------------------
---------------------------------------------------------------------------------
Finished Handling Custom Attributes : Time (s): cpu = 00:00:09 ; elapsed = 00:03:25 . Memory (MB): peak = 574.941 ; gain = 285.809
---------------------------------------------------------------------------------
---------------------------------------------------------------------------------
Start Renaming Generated Nets
---------------------------------------------------------------------------------
---------------------------------------------------------------------------------
Finished Renaming Generated Nets : Time (s): cpu = 00:00:09 ; elapsed = 00:03:25 . Memory (MB): peak = 574.941 ; gain = 285.809
---------------------------------------------------------------------------------
---------------------------------------------------------------------------------
Start Writing Synthesis Report
---------------------------------------------------------------------------------

Report BlackBoxes: 
+-+--------------+----------+
| |BlackBox name |Instances |
+-+--------------+----------+
+-+--------------+----------+

Report Cell Usage: 
+-+-----+------+
| |Cell |Count |
+-+-----+------+
+-+-----+------+

Report Instance Areas: 
+------+---------+-------+------+
|      |Instance |Module |Cells |
+------+---------+-------+------+
|1     |top      |       |     0|
+------+---------+-------+------+
---------------------------------------------------------------------------------
Finished Writing Synthesis Report : Time (s): cpu = 00:00:09 ; elapsed = 00:03:25 . Memory (MB): peak = 574.941 ; gain = 285.809
---------------------------------------------------------------------------------
Synthesis finished with 0 errors, 0 critical warnings and 1 warnings.
Synthesis Optimization Runtime : Time (s): cpu = 00:00:09 ; elapsed = 00:03:25 . Memory (MB): peak = 574.941 ; gain = 285.809
Synthesis Optimization Complete : Time (s): cpu = 00:00:09 ; elapsed = 00:03:25 . Memory (MB): peak = 574.941 ; gain = 285.809
INFO: [Project 1-571] Translating synthesized netlist
INFO: [Project 1-570] Preparing netlist for logic optimization
INFO: [Opt 31-138] Pushed 0 inverter(s) to 0 load pin(s).
INFO: [Project 1-111] Unisim Transformation Summary:
No Unisim elements were transformed.

INFO: [Common 17-83] Releasing license: Synthesis
18 Infos, 1 Warnings, 0 Critical Warnings and 0 Errors encountered.
synth_design completed successfully
synth_design: Time (s): cpu = 00:00:14 ; elapsed = 00:03:35 . Memory (MB): peak = 700.031 ; gain = 423.727
WARNING: [Constraints 18-5210] No constraint will be written out.
INFO: [Timing 38-35] Done setting XDC timing constraints.
INFO: [Common 17-1381] The checkpoint 'E:/VLSI/Segmentation+detectionCentre/ZYBO_HDMI_MGA/project_1/project_1.runs/c_counter_binary_adapt_input_ouput_0_1_synth_1/c_counter_binary_adapt_input_ouput_0_1.dcp' has been generated.
write_checkpoint: Time (s): cpu = 00:00:15 ; elapsed = 00:00:50 . Memory (MB): peak = 1124.789 ; gain = 424.758
WARNING: [Constraints 18-5210] No constraint will be written out.
INFO: [Common 17-1381] The checkpoint 'E:/VLSI/Segmentation+detectionCentre/ZYBO_HDMI_MGA/project_1/project_1.runs/c_counter_binary_adapt_input_ouput_0_1_synth_1/c_counter_binary_adapt_input_ouput_0_1.dcp' has been generated.
write_checkpoint: Time (s): cpu = 00:00:00 ; elapsed = 00:00:07 . Memory (MB): peak = 1124.789 ; gain = 0.000
INFO: [runtcl-4] Executing : report_utilization -file c_counter_binary_adapt_input_ouput_0_1_utilization_synth.rpt -pb c_counter_binary_adapt_input_ouput_0_1_utilization_synth.pb
report_utilization: Time (s): cpu = 00:00:00 ; elapsed = 00:00:00.269 . Memory (MB): peak = 1124.789 ; gain = 0.000
INFO: [Common 17-206] Exiting Vivado at Sun Dec  2 20:27:53 2018...
