
*** Running vivado
    with args -log HDMI_bd_wrapper.vdi -applog -m64 -product Vivado -messageDb vivado.pb -mode batch -source HDMI_bd_wrapper.tcl -notrace


****** Vivado v2018.2.1 (64-bit)
  **** SW Build 2288692 on Thu Jul 26 18:24:02 MDT 2018
  **** IP Build 2289599 on Thu Jul 26 21:09:20 MDT 2018
    ** Copyright 1986-2018 Xilinx, Inc. All Rights Reserved.

source HDMI_bd_wrapper.tcl -notrace
INFO: [IP_Flow 19-234] Refreshing IP repositories
INFO: [IP_Flow 19-1700] Loaded user IP repository 'c:/Users/NMLEM1/Desktop/Segmentation+detectionCentre/ZYBO_HDMI_MGA/repo'.
INFO: [IP_Flow 19-2313] Loaded Vivado IP repository 'C:/Programs/Xilinx/Vivado/2018.2/data/ip'.
add_files: Time (s): cpu = 00:00:05 ; elapsed = 00:01:31 . Memory (MB): peak = 350.930 ; gain = 104.445
Command: link_design -top HDMI_bd_wrapper -part xc7z020clg400-1
Design is defaulting to srcset: sources_1
Design is defaulting to constrset: constrs_1
INFO: [Project 1-454] Reading design checkpoint 'c:/Users/NMLEM1/Desktop/Segmentation+detectionCentre/ZYBO_HDMI_MGA/project_1/project_1.srcs/sources_1/bd/HDMI_bd/ip/HDMI_bd_RGB_to_Y_0_0/HDMI_bd_RGB_to_Y_0_0.dcp' for cell 'HDMI_bd_i/RGB_to_Y_0'
INFO: [Project 1-454] Reading design checkpoint 'c:/Users/NMLEM1/Desktop/Segmentation+detectionCentre/ZYBO_HDMI_MGA/project_1/project_1.srcs/sources_1/bd/HDMI_bd/ip/HDMI_bd_xlconstant_0_1/HDMI_bd_xlconstant_0_1.dcp' for cell 'HDMI_bd_i/VDD'
INFO: [Project 1-454] Reading design checkpoint 'c:/Users/NMLEM1/Desktop/Segmentation+detectionCentre/ZYBO_HDMI_MGA/project_1/project_1.srcs/sources_1/bd/HDMI_bd/ip/HDMI_bd_affiche_centre_0_0/HDMI_bd_affiche_centre_0_0.dcp' for cell 'HDMI_bd_i/affiche_centre_0'
INFO: [Project 1-454] Reading design checkpoint 'c:/Users/NMLEM1/Desktop/Segmentation+detectionCentre/ZYBO_HDMI_MGA/project_1/project_1.srcs/sources_1/bd/HDMI_bd/ip/HDMI_bd_clk_wiz_0_0/HDMI_bd_clk_wiz_0_0.dcp' for cell 'HDMI_bd_i/clk_wiz_0'
INFO: [Project 1-454] Reading design checkpoint 'c:/Users/NMLEM1/Desktop/Segmentation+detectionCentre/ZYBO_HDMI_MGA/project_1/project_1.srcs/sources_1/bd/HDMI_bd/ip/HDMI_bd_dvi2rgb_0_1/HDMI_bd_dvi2rgb_0_1.dcp' for cell 'HDMI_bd_i/dvi2rgb_0'
INFO: [Project 1-454] Reading design checkpoint 'c:/Users/NMLEM1/Desktop/Segmentation+detectionCentre/ZYBO_HDMI_MGA/project_1/project_1.srcs/sources_1/bd/HDMI_bd/ip/HDMI_bd_rgb2dvi_0_1/HDMI_bd_rgb2dvi_0_1.dcp' for cell 'HDMI_bd_i/rgb2dvi_0'
INFO: [Project 1-454] Reading design checkpoint 'c:/Users/NMLEM1/Desktop/Segmentation+detectionCentre/ZYBO_HDMI_MGA/project_1/project_1.srcs/sources_1/bd/HDMI_bd/ip/HDMI_bd_Additionneur_Nbits_0_0/HDMI_bd_Additionneur_Nbits_0_0.dcp' for cell 'HDMI_bd_i/Detect_centre/Additionneur_Nbits_0'
INFO: [Project 1-454] Reading design checkpoint 'c:/Users/NMLEM1/Desktop/Segmentation+detectionCentre/ZYBO_HDMI_MGA/project_1/project_1.srcs/sources_1/bd/HDMI_bd/ip/HDMI_bd_Additionneur_Nbits_1_0/HDMI_bd_Additionneur_Nbits_1_0.dcp' for cell 'HDMI_bd_i/Detect_centre/Additionneur_Nbits_1'
INFO: [Project 1-454] Reading design checkpoint 'c:/Users/NMLEM1/Desktop/Segmentation+detectionCentre/ZYBO_HDMI_MGA/project_1/project_1.srcs/sources_1/bd/HDMI_bd/ip/HDMI_bd_Blank_pixel_counter_1/HDMI_bd_Blank_pixel_counter_1.dcp' for cell 'HDMI_bd_i/Detect_centre/Blank_pixel_counter'
INFO: [Project 1-454] Reading design checkpoint 'c:/Users/NMLEM1/Desktop/Segmentation+detectionCentre/ZYBO_HDMI_MGA/project_1/project_1.srcs/sources_1/bd/HDMI_bd/ip/HDMI_bd_adapt_input_ouput_0_1_1/HDMI_bd_adapt_input_ouput_0_1.dcp' for cell 'HDMI_bd_i/Detect_centre/adapt_input_ouput_0'
INFO: [Project 1-454] Reading design checkpoint 'c:/Users/NMLEM1/Desktop/Segmentation+detectionCentre/ZYBO_HDMI_MGA/project_1/project_1.srcs/sources_1/bd/HDMI_bd/ip/HDMI_bd_adapt_input_ouput_1_1_1/HDMI_bd_adapt_input_ouput_1_1.dcp' for cell 'HDMI_bd_i/Detect_centre/adapt_input_ouput_1'
INFO: [Project 1-454] Reading design checkpoint 'c:/Users/NMLEM1/Desktop/Segmentation+detectionCentre/ZYBO_HDMI_MGA/project_1/project_1.srcs/sources_1/bd/HDMI_bd/ip/HDMI_bd_adapt_input_ouput_2_1_1/HDMI_bd_adapt_input_ouput_2_1.dcp' for cell 'HDMI_bd_i/Detect_centre/adapt_input_ouput_2'
INFO: [Project 1-454] Reading design checkpoint 'c:/Users/NMLEM1/Desktop/Segmentation+detectionCentre/ZYBO_HDMI_MGA/project_1/project_1.srcs/sources_1/bd/HDMI_bd/ip/HDMI_bd_adapt_input_ouput_3_0/HDMI_bd_adapt_input_ouput_3_0.dcp' for cell 'HDMI_bd_i/Detect_centre/adapt_input_ouput_3'
INFO: [Project 1-454] Reading design checkpoint 'c:/Users/NMLEM1/Desktop/Segmentation+detectionCentre/ZYBO_HDMI_MGA/project_1/project_1.srcs/sources_1/bd/HDMI_bd/ip/HDMI_bd_adapt_input_ouput_4_0/HDMI_bd_adapt_input_ouput_4_0.dcp' for cell 'HDMI_bd_i/Detect_centre/adapt_input_ouput_4'
INFO: [Project 1-454] Reading design checkpoint 'c:/Users/NMLEM1/Desktop/Segmentation+detectionCentre/ZYBO_HDMI_MGA/project_1/project_1.srcs/sources_1/bd/HDMI_bd/ip/HDMI_bd_column_counter_0/HDMI_bd_column_counter_0.dcp' for cell 'HDMI_bd_i/Detect_centre/column_counter1'
INFO: [Project 1-454] Reading design checkpoint 'c:/Users/NMLEM1/Desktop/Segmentation+detectionCentre/ZYBO_HDMI_MGA/project_1/project_1.srcs/sources_1/bd/HDMI_bd/ip/HDMI_bd_div_xAxis_1_1/HDMI_bd_div_xAxis_1.dcp' for cell 'HDMI_bd_i/Detect_centre/div_xAxis'
INFO: [Project 1-454] Reading design checkpoint 'c:/Users/NMLEM1/Desktop/Segmentation+detectionCentre/ZYBO_HDMI_MGA/project_1/project_1.srcs/sources_1/bd/HDMI_bd/ip/HDMI_bd_div_yAxis_1_1/HDMI_bd_div_yAxis_1.dcp' for cell 'HDMI_bd_i/Detect_centre/div_yAxis'
INFO: [Project 1-454] Reading design checkpoint 'c:/Users/NMLEM1/Desktop/Segmentation+detectionCentre/ZYBO_HDMI_MGA/project_1/project_1.srcs/sources_1/bd/HDMI_bd/ip/HDMI_bd_divideur_select_outp_0_1_1/HDMI_bd_divideur_select_outp_0_1.dcp' for cell 'HDMI_bd_i/Detect_centre/divideur_select_outp_0'
INFO: [Project 1-454] Reading design checkpoint 'c:/Users/NMLEM1/Desktop/Segmentation+detectionCentre/ZYBO_HDMI_MGA/project_1/project_1.srcs/sources_1/bd/HDMI_bd/ip/HDMI_bd_divideur_select_outp_1_1_1/HDMI_bd_divideur_select_outp_1_1.dcp' for cell 'HDMI_bd_i/Detect_centre/divideur_select_outp_1'
INFO: [Project 1-454] Reading design checkpoint 'c:/Users/NMLEM1/Desktop/Segmentation+detectionCentre/ZYBO_HDMI_MGA/project_1/project_1.srcs/sources_1/bd/HDMI_bd/ip/HDMI_bd_ligne_counter_0/HDMI_bd_ligne_counter_0.dcp' for cell 'HDMI_bd_i/Detect_centre/ligne_counter1'
INFO: [Project 1-454] Reading design checkpoint 'c:/Users/NMLEM1/Desktop/Segmentation+detectionCentre/ZYBO_HDMI_MGA/project_1/project_1.srcs/sources_1/bd/HDMI_bd/ip/HDMI_bd_not_1bit_0_0/HDMI_bd_not_1bit_0_0.dcp' for cell 'HDMI_bd_i/Detect_centre/not_1bit_0'
INFO: [Project 1-454] Reading design checkpoint 'c:/Users/NMLEM1/Desktop/Segmentation+detectionCentre/ZYBO_HDMI_MGA/project_1/project_1.srcs/sources_1/bd/HDMI_bd/ip/HDMI_bd_xlconstant_0_2/HDMI_bd_xlconstant_0_2.dcp' for cell 'HDMI_bd_i/Detect_centre/xlconstant_0'
INFO: [Project 1-454] Reading design checkpoint 'c:/Users/NMLEM1/Desktop/Segmentation+detectionCentre/ZYBO_HDMI_MGA/project_1/project_1.srcs/sources_1/bd/HDMI_bd/ip/HDMI_bd_xlconstant_1_0_2/HDMI_bd_xlconstant_1_0.dcp' for cell 'HDMI_bd_i/Detect_centre/xlconstant_1'
INFO: [Project 1-454] Reading design checkpoint 'c:/Users/NMLEM1/Desktop/Segmentation+detectionCentre/ZYBO_HDMI_MGA/project_1/project_1.srcs/sources_1/bd/HDMI_bd/ip/HDMI_bd_xlconstant_1_2/HDMI_bd_xlconstant_1_2.dcp' for cell 'HDMI_bd_i/Moyenneur/ENABLE'
INFO: [Project 1-454] Reading design checkpoint 'c:/Users/NMLEM1/Desktop/Segmentation+detectionCentre/ZYBO_HDMI_MGA/project_1/project_1.srcs/sources_1/bd/HDMI_bd/ip/HDMI_bd_c_addsub_0_0/HDMI_bd_c_addsub_0_0.dcp' for cell 'HDMI_bd_i/Moyenneur/c_addsub_0'
INFO: [Project 1-454] Reading design checkpoint 'c:/Users/NMLEM1/Desktop/Segmentation+detectionCentre/ZYBO_HDMI_MGA/project_1/project_1.srcs/sources_1/bd/HDMI_bd/ip/HDMI_bd_c_addsub_0_1/HDMI_bd_c_addsub_0_1.dcp' for cell 'HDMI_bd_i/Moyenneur/c_addsub_1'
INFO: [Project 1-454] Reading design checkpoint 'c:/Users/NMLEM1/Desktop/Segmentation+detectionCentre/ZYBO_HDMI_MGA/project_1/project_1.srcs/sources_1/bd/HDMI_bd/ip/HDMI_bd_c_addsub_0_2/HDMI_bd_c_addsub_0_2.dcp' for cell 'HDMI_bd_i/Moyenneur/c_addsub_2'
INFO: [Project 1-454] Reading design checkpoint 'c:/Users/NMLEM1/Desktop/Segmentation+detectionCentre/ZYBO_HDMI_MGA/project_1/project_1.srcs/sources_1/bd/HDMI_bd/ip/HDMI_bd_c_addsub_2_0/HDMI_bd_c_addsub_2_0.dcp' for cell 'HDMI_bd_i/Moyenneur/c_addsub_3'
INFO: [Project 1-454] Reading design checkpoint 'c:/Users/NMLEM1/Desktop/Segmentation+detectionCentre/ZYBO_HDMI_MGA/project_1/project_1.srcs/sources_1/bd/HDMI_bd/ip/HDMI_bd_div_16_0_0/HDMI_bd_div_16_0_0.dcp' for cell 'HDMI_bd_i/Moyenneur/div_16_0'
INFO: [Project 1-454] Reading design checkpoint 'c:/Users/NMLEM1/Desktop/Segmentation+detectionCentre/ZYBO_HDMI_MGA/project_1/project_1.srcs/sources_1/bd/HDMI_bd/ip/HDMI_bd_mult_gen_0_0/HDMI_bd_mult_gen_0_0.dcp' for cell 'HDMI_bd_i/Moyenneur/mult_gen_0'
INFO: [Project 1-454] Reading design checkpoint 'c:/Users/NMLEM1/Desktop/Segmentation+detectionCentre/ZYBO_HDMI_MGA/project_1/project_1.srcs/sources_1/bd/HDMI_bd/ip/HDMI_bd_mult_gen_0_2/HDMI_bd_mult_gen_0_2.dcp' for cell 'HDMI_bd_i/Moyenneur/mult_gen_1'
INFO: [Project 1-454] Reading design checkpoint 'c:/Users/NMLEM1/Desktop/Segmentation+detectionCentre/ZYBO_HDMI_MGA/project_1/project_1.srcs/sources_1/bd/HDMI_bd/ip/HDMI_bd_mult_gen_0_3/HDMI_bd_mult_gen_0_3.dcp' for cell 'HDMI_bd_i/Moyenneur/mult_gen_2'
INFO: [Project 1-454] Reading design checkpoint 'c:/Users/NMLEM1/Desktop/Segmentation+detectionCentre/ZYBO_HDMI_MGA/project_1/project_1.srcs/sources_1/bd/HDMI_bd/ip/HDMI_bd_reg_Nbits_0_0/HDMI_bd_reg_Nbits_0_0.dcp' for cell 'HDMI_bd_i/Moyenneur/reg_Nbits_0'
INFO: [Project 1-454] Reading design checkpoint 'c:/Users/NMLEM1/Desktop/Segmentation+detectionCentre/ZYBO_HDMI_MGA/project_1/project_1.srcs/sources_1/bd/HDMI_bd/ip/HDMI_bd_reg_Nbits_0_1/HDMI_bd_reg_Nbits_0_1.dcp' for cell 'HDMI_bd_i/Moyenneur/reg_Nbits_1'
INFO: [Project 1-454] Reading design checkpoint 'c:/Users/NMLEM1/Desktop/Segmentation+detectionCentre/ZYBO_HDMI_MGA/project_1/project_1.srcs/sources_1/bd/HDMI_bd/ip/HDMI_bd_reg_Nbits_0_2/HDMI_bd_reg_Nbits_0_2.dcp' for cell 'HDMI_bd_i/Moyenneur/reg_Nbits_2'
INFO: [Project 1-454] Reading design checkpoint 'c:/Users/NMLEM1/Desktop/Segmentation+detectionCentre/ZYBO_HDMI_MGA/project_1/project_1.srcs/sources_1/bd/HDMI_bd/ip/HDMI_bd_reg_Nbits_0_3/HDMI_bd_reg_Nbits_0_3.dcp' for cell 'HDMI_bd_i/Moyenneur/reg_Nbits_3'
INFO: [Project 1-454] Reading design checkpoint 'c:/Users/NMLEM1/Desktop/Segmentation+detectionCentre/ZYBO_HDMI_MGA/project_1/project_1.srcs/sources_1/bd/HDMI_bd/ip/HDMI_bd_xlconstant_0_3/HDMI_bd_xlconstant_0_3.dcp' for cell 'HDMI_bd_i/Segmentation/ENABLE'
INFO: [Project 1-454] Reading design checkpoint 'c:/Users/NMLEM1/Desktop/Segmentation+detectionCentre/ZYBO_HDMI_MGA/project_1/project_1.srcs/sources_1/bd/HDMI_bd/ip/HDMI_bd_Seuillage_0_3/HDMI_bd_Seuillage_0_3.dcp' for cell 'HDMI_bd_i/Segmentation/Seuillage_0'
INFO: [Project 1-454] Reading design checkpoint 'c:/Users/NMLEM1/Desktop/Segmentation+detectionCentre/ZYBO_HDMI_MGA/project_1/project_1.srcs/sources_1/bd/HDMI_bd/ip/HDMI_bd_abs_8bits_signed_0_0/HDMI_bd_abs_8bits_signed_0_0.dcp' for cell 'HDMI_bd_i/Segmentation/abs_8bits_signed_0'
INFO: [Project 1-454] Reading design checkpoint 'c:/Users/NMLEM1/Desktop/Segmentation+detectionCentre/ZYBO_HDMI_MGA/project_1/project_1.srcs/sources_1/bd/HDMI_bd/ip/HDMI_bd_c_addsub_0_4/HDMI_bd_c_addsub_0_4.dcp' for cell 'HDMI_bd_i/Segmentation/c_addsub_1'
INFO: [Project 1-454] Reading design checkpoint 'c:/Users/NMLEM1/Desktop/Segmentation+detectionCentre/ZYBO_HDMI_MGA/project_1/project_1.srcs/sources_1/bd/HDMI_bd/ip/HDMI_bd_reg_Nbits_0_4/HDMI_bd_reg_Nbits_0_4.dcp' for cell 'HDMI_bd_i/Segmentation/reg_Nbits_0'
INFO: [Project 1-454] Reading design checkpoint 'c:/Users/NMLEM1/Desktop/Segmentation+detectionCentre/ZYBO_HDMI_MGA/project_1/project_1.srcs/sources_1/bd/HDMI_bd/ip/HDMI_bd_reg_Nbits_0_5/HDMI_bd_reg_Nbits_0_5.dcp' for cell 'HDMI_bd_i/Segmentation/reg_Nbits_1'
INFO: [Project 1-454] Reading design checkpoint 'c:/Users/NMLEM1/Desktop/Segmentation+detectionCentre/ZYBO_HDMI_MGA/project_1/project_1.srcs/sources_1/bd/HDMI_bd/ip/HDMI_bd_reg_Nbits_1_0/HDMI_bd_reg_Nbits_1_0.dcp' for cell 'HDMI_bd_i/Segmentation/reg_Nbits_2'
INFO: [Project 1-454] Reading design checkpoint 'c:/Users/NMLEM1/Desktop/Segmentation+detectionCentre/ZYBO_HDMI_MGA/project_1/project_1.srcs/sources_1/bd/HDMI_bd/ip/HDMI_bd_ET_logique_5entree_0_0/HDMI_bd_ET_logique_5entree_0_0.dcp' for cell 'HDMI_bd_i/filtrage_intensif/ET_logique_5entree_0'
INFO: [Project 1-454] Reading design checkpoint 'c:/Users/NMLEM1/Desktop/Segmentation+detectionCentre/ZYBO_HDMI_MGA/project_1/project_1.srcs/sources_1/bd/HDMI_bd/ip/HDMI_bd_reg_1bit_0_0/HDMI_bd_reg_1bit_0_0.dcp' for cell 'HDMI_bd_i/filtrage_intensif/reg_1bit_0'
INFO: [Project 1-454] Reading design checkpoint 'c:/Users/NMLEM1/Desktop/Segmentation+detectionCentre/ZYBO_HDMI_MGA/project_1/project_1.srcs/sources_1/bd/HDMI_bd/ip/HDMI_bd_reg_1bit_0_1/HDMI_bd_reg_1bit_0_1.dcp' for cell 'HDMI_bd_i/filtrage_intensif/reg_1bit_1'
INFO: [Project 1-454] Reading design checkpoint 'c:/Users/NMLEM1/Desktop/Segmentation+detectionCentre/ZYBO_HDMI_MGA/project_1/project_1.srcs/sources_1/bd/HDMI_bd/ip/HDMI_bd_reg_1bit_0_2/HDMI_bd_reg_1bit_0_2.dcp' for cell 'HDMI_bd_i/filtrage_intensif/reg_1bit_2'
INFO: [Project 1-454] Reading design checkpoint 'c:/Users/NMLEM1/Desktop/Segmentation+detectionCentre/ZYBO_HDMI_MGA/project_1/project_1.srcs/sources_1/bd/HDMI_bd/ip/HDMI_bd_reg_1bit_2_0/HDMI_bd_reg_1bit_2_0.dcp' for cell 'HDMI_bd_i/filtrage_intensif/reg_1bit_3'
INFO: [Project 1-454] Reading design checkpoint 'c:/Users/NMLEM1/Desktop/Segmentation+detectionCentre/ZYBO_HDMI_MGA/project_1/project_1.srcs/sources_1/bd/HDMI_bd/ip/HDMI_bd_reg_1bit_3_0/HDMI_bd_reg_1bit_3_0.dcp' for cell 'HDMI_bd_i/filtrage_intensif/reg_1bit_4'
INFO: [Project 1-454] Reading design checkpoint 'c:/Users/NMLEM1/Desktop/Segmentation+detectionCentre/ZYBO_HDMI_MGA/project_1/project_1.srcs/sources_1/bd/HDMI_bd/ip/HDMI_bd_reg_1bit_4_0/HDMI_bd_reg_1bit_4_0.dcp' for cell 'HDMI_bd_i/filtrage_intensif/reg_1bit_5'
INFO: [Project 1-454] Reading design checkpoint 'c:/Users/NMLEM1/Desktop/Segmentation+detectionCentre/ZYBO_HDMI_MGA/project_1/project_1.srcs/sources_1/bd/HDMI_bd/ip/HDMI_bd_xlconstant_0_0_1/HDMI_bd_xlconstant_0_0.dcp' for cell 'HDMI_bd_i/filtrage_intensif/xlconstant_0'
INFO: [Netlist 29-17] Analyzing 194 Unisim elements for replacement
INFO: [Netlist 29-28] Unisim Transformation completed in 0 CPU seconds
INFO: [Project 1-479] Netlist was created with Vivado 2018.2.1
INFO: [Device 21-403] Loading part xc7z020clg400-1
INFO: [Project 1-570] Preparing netlist for logic optimization
Parsing XDC File [c:/Users/NMLEM1/Desktop/Segmentation+detectionCentre/ZYBO_HDMI_MGA/project_1/project_1.srcs/sources_1/bd/HDMI_bd/ip/HDMI_bd_clk_wiz_0_0/HDMI_bd_clk_wiz_0_0_board.xdc] for cell 'HDMI_bd_i/clk_wiz_0/inst'
Finished Parsing XDC File [c:/Users/NMLEM1/Desktop/Segmentation+detectionCentre/ZYBO_HDMI_MGA/project_1/project_1.srcs/sources_1/bd/HDMI_bd/ip/HDMI_bd_clk_wiz_0_0/HDMI_bd_clk_wiz_0_0_board.xdc] for cell 'HDMI_bd_i/clk_wiz_0/inst'
Parsing XDC File [c:/Users/NMLEM1/Desktop/Segmentation+detectionCentre/ZYBO_HDMI_MGA/project_1/project_1.srcs/sources_1/bd/HDMI_bd/ip/HDMI_bd_clk_wiz_0_0/HDMI_bd_clk_wiz_0_0.xdc] for cell 'HDMI_bd_i/clk_wiz_0/inst'
INFO: [Timing 38-35] Done setting XDC timing constraints. [c:/Users/NMLEM1/Desktop/Segmentation+detectionCentre/ZYBO_HDMI_MGA/project_1/project_1.srcs/sources_1/bd/HDMI_bd/ip/HDMI_bd_clk_wiz_0_0/HDMI_bd_clk_wiz_0_0.xdc:57]
INFO: [Timing 38-2] Deriving generated clocks [c:/Users/NMLEM1/Desktop/Segmentation+detectionCentre/ZYBO_HDMI_MGA/project_1/project_1.srcs/sources_1/bd/HDMI_bd/ip/HDMI_bd_clk_wiz_0_0/HDMI_bd_clk_wiz_0_0.xdc:57]
get_clocks: Time (s): cpu = 00:00:09 ; elapsed = 00:00:11 . Memory (MB): peak = 1292.785 ; gain = 536.395
Finished Parsing XDC File [c:/Users/NMLEM1/Desktop/Segmentation+detectionCentre/ZYBO_HDMI_MGA/project_1/project_1.srcs/sources_1/bd/HDMI_bd/ip/HDMI_bd_clk_wiz_0_0/HDMI_bd_clk_wiz_0_0.xdc] for cell 'HDMI_bd_i/clk_wiz_0/inst'
Parsing XDC File [c:/Users/NMLEM1/Desktop/Segmentation+detectionCentre/ZYBO_HDMI_MGA/project_1/project_1.srcs/sources_1/bd/HDMI_bd/ip/HDMI_bd_dvi2rgb_0_1/src/dvi2rgb.xdc] for cell 'HDMI_bd_i/dvi2rgb_0/U0'
Finished Parsing XDC File [c:/Users/NMLEM1/Desktop/Segmentation+detectionCentre/ZYBO_HDMI_MGA/project_1/project_1.srcs/sources_1/bd/HDMI_bd/ip/HDMI_bd_dvi2rgb_0_1/src/dvi2rgb.xdc] for cell 'HDMI_bd_i/dvi2rgb_0/U0'
Parsing XDC File [c:/Users/NMLEM1/Desktop/Segmentation+detectionCentre/ZYBO_HDMI_MGA/project_1/project_1.srcs/sources_1/bd/HDMI_bd/ip/HDMI_bd_rgb2dvi_0_1/src/rgb2dvi.xdc] for cell 'HDMI_bd_i/rgb2dvi_0/U0'
Finished Parsing XDC File [c:/Users/NMLEM1/Desktop/Segmentation+detectionCentre/ZYBO_HDMI_MGA/project_1/project_1.srcs/sources_1/bd/HDMI_bd/ip/HDMI_bd_rgb2dvi_0_1/src/rgb2dvi.xdc] for cell 'HDMI_bd_i/rgb2dvi_0/U0'
Parsing XDC File [C:/Users/NMLEM1/Desktop/Segmentation+detectionCentre/ZYBO_HDMI_MGA/project_1/project_1.srcs/constrs_1/imports/constraints/Zybo-Z7-Master.xdc]
WARNING: [Vivado 12-584] No ports matched 'LED[3]'. [C:/Users/NMLEM1/Desktop/Segmentation+detectionCentre/ZYBO_HDMI_MGA/project_1/project_1.srcs/constrs_1/imports/constraints/Zybo-Z7-Master.xdc:209]
CRITICAL WARNING: [Common 17-55] 'set_property' expects at least one object. [C:/Users/NMLEM1/Desktop/Segmentation+detectionCentre/ZYBO_HDMI_MGA/project_1/project_1.srcs/constrs_1/imports/constraints/Zybo-Z7-Master.xdc:209]
Resolution: If [get_<value>] was used to populate the object, check to make sure this command returns at least one valid object.
WARNING: [Vivado 12-584] No ports matched 'LED[2]'. [C:/Users/NMLEM1/Desktop/Segmentation+detectionCentre/ZYBO_HDMI_MGA/project_1/project_1.srcs/constrs_1/imports/constraints/Zybo-Z7-Master.xdc:210]
CRITICAL WARNING: [Common 17-55] 'set_property' expects at least one object. [C:/Users/NMLEM1/Desktop/Segmentation+detectionCentre/ZYBO_HDMI_MGA/project_1/project_1.srcs/constrs_1/imports/constraints/Zybo-Z7-Master.xdc:210]
Resolution: If [get_<value>] was used to populate the object, check to make sure this command returns at least one valid object.
WARNING: [Vivado 12-584] No ports matched 'LED[1]'. [C:/Users/NMLEM1/Desktop/Segmentation+detectionCentre/ZYBO_HDMI_MGA/project_1/project_1.srcs/constrs_1/imports/constraints/Zybo-Z7-Master.xdc:211]
CRITICAL WARNING: [Common 17-55] 'set_property' expects at least one object. [C:/Users/NMLEM1/Desktop/Segmentation+detectionCentre/ZYBO_HDMI_MGA/project_1/project_1.srcs/constrs_1/imports/constraints/Zybo-Z7-Master.xdc:211]
Resolution: If [get_<value>] was used to populate the object, check to make sure this command returns at least one valid object.
WARNING: [Vivado 12-584] No ports matched 'LED[0]'. [C:/Users/NMLEM1/Desktop/Segmentation+detectionCentre/ZYBO_HDMI_MGA/project_1/project_1.srcs/constrs_1/imports/constraints/Zybo-Z7-Master.xdc:212]
CRITICAL WARNING: [Common 17-55] 'set_property' expects at least one object. [C:/Users/NMLEM1/Desktop/Segmentation+detectionCentre/ZYBO_HDMI_MGA/project_1/project_1.srcs/constrs_1/imports/constraints/Zybo-Z7-Master.xdc:212]
Resolution: If [get_<value>] was used to populate the object, check to make sure this command returns at least one valid object.
WARNING: [Vivado 12-584] No ports matched 'LED[3]'. [C:/Users/NMLEM1/Desktop/Segmentation+detectionCentre/ZYBO_HDMI_MGA/project_1/project_1.srcs/constrs_1/imports/constraints/Zybo-Z7-Master.xdc:213]
CRITICAL WARNING: [Common 17-55] 'set_property' expects at least one object. [C:/Users/NMLEM1/Desktop/Segmentation+detectionCentre/ZYBO_HDMI_MGA/project_1/project_1.srcs/constrs_1/imports/constraints/Zybo-Z7-Master.xdc:213]
Resolution: If [get_<value>] was used to populate the object, check to make sure this command returns at least one valid object.
WARNING: [Vivado 12-584] No ports matched 'LED[2]'. [C:/Users/NMLEM1/Desktop/Segmentation+detectionCentre/ZYBO_HDMI_MGA/project_1/project_1.srcs/constrs_1/imports/constraints/Zybo-Z7-Master.xdc:214]
CRITICAL WARNING: [Common 17-55] 'set_property' expects at least one object. [C:/Users/NMLEM1/Desktop/Segmentation+detectionCentre/ZYBO_HDMI_MGA/project_1/project_1.srcs/constrs_1/imports/constraints/Zybo-Z7-Master.xdc:214]
Resolution: If [get_<value>] was used to populate the object, check to make sure this command returns at least one valid object.
WARNING: [Vivado 12-584] No ports matched 'LED[1]'. [C:/Users/NMLEM1/Desktop/Segmentation+detectionCentre/ZYBO_HDMI_MGA/project_1/project_1.srcs/constrs_1/imports/constraints/Zybo-Z7-Master.xdc:215]
CRITICAL WARNING: [Common 17-55] 'set_property' expects at least one object. [C:/Users/NMLEM1/Desktop/Segmentation+detectionCentre/ZYBO_HDMI_MGA/project_1/project_1.srcs/constrs_1/imports/constraints/Zybo-Z7-Master.xdc:215]
Resolution: If [get_<value>] was used to populate the object, check to make sure this command returns at least one valid object.
WARNING: [Vivado 12-584] No ports matched 'LED[0]'. [C:/Users/NMLEM1/Desktop/Segmentation+detectionCentre/ZYBO_HDMI_MGA/project_1/project_1.srcs/constrs_1/imports/constraints/Zybo-Z7-Master.xdc:216]
CRITICAL WARNING: [Common 17-55] 'set_property' expects at least one object. [C:/Users/NMLEM1/Desktop/Segmentation+detectionCentre/ZYBO_HDMI_MGA/project_1/project_1.srcs/constrs_1/imports/constraints/Zybo-Z7-Master.xdc:216]
Resolution: If [get_<value>] was used to populate the object, check to make sure this command returns at least one valid object.
Finished Parsing XDC File [C:/Users/NMLEM1/Desktop/Segmentation+detectionCentre/ZYBO_HDMI_MGA/project_1/project_1.srcs/constrs_1/imports/constraints/Zybo-Z7-Master.xdc]
Parsing XDC File [c:/Users/NMLEM1/Desktop/Segmentation+detectionCentre/ZYBO_HDMI_MGA/project_1/project_1.srcs/sources_1/bd/HDMI_bd/ip/HDMI_bd_rgb2dvi_0_1/src/rgb2dvi_clocks.xdc] for cell 'HDMI_bd_i/rgb2dvi_0/U0'
Finished Parsing XDC File [c:/Users/NMLEM1/Desktop/Segmentation+detectionCentre/ZYBO_HDMI_MGA/project_1/project_1.srcs/sources_1/bd/HDMI_bd/ip/HDMI_bd_rgb2dvi_0_1/src/rgb2dvi_clocks.xdc] for cell 'HDMI_bd_i/rgb2dvi_0/U0'
INFO: [Opt 31-138] Pushed 0 inverter(s) to 0 load pin(s).
INFO: [Project 1-111] Unisim Transformation Summary:
  A total of 8 instances were transformed.
  IOBUF => IOBUF (IBUF, OBUFT): 2 instances
  RAM32M => RAM32M (RAMD32, RAMD32, RAMD32, RAMD32, RAMD32, RAMD32, RAMS32, RAMS32): 6 instances

63 Infos, 8 Warnings, 8 Critical Warnings and 0 Errors encountered.
link_design completed successfully
link_design: Time (s): cpu = 00:00:18 ; elapsed = 00:00:22 . Memory (MB): peak = 1294.180 ; gain = 943.250
Command: opt_design
Attempting to get a license for feature 'Implementation' and/or device 'xc7z020'
INFO: [Common 17-349] Got license for feature 'Implementation' and/or device 'xc7z020'
Running DRC as a precondition to command opt_design

Starting DRC Task
INFO: [DRC 23-27] Running DRC with 2 threads
INFO: [Project 1-461] DRC finished with 0 Errors
INFO: [Project 1-462] Please refer to the DRC report (report_drc) for more information.

Time (s): cpu = 00:00:02 ; elapsed = 00:00:00.864 . Memory (MB): peak = 1294.180 ; gain = 0.000

Starting Cache Timing Information Task
INFO: [Timing 38-35] Done setting XDC timing constraints.
Ending Cache Timing Information Task | Checksum: 1428ef8ba

Time (s): cpu = 00:00:00 ; elapsed = 00:00:00.280 . Memory (MB): peak = 1307.535 ; gain = 13.355

Starting Logic Optimization Task

Phase 1 Retarget
INFO: [Opt 31-138] Pushed 2 inverter(s) to 4 load pin(s).
INFO: [Opt 31-49] Retargeted 0 cell(s).
Phase 1 Retarget | Checksum: 19ac3bbf6

Time (s): cpu = 00:00:00 ; elapsed = 00:00:00.320 . Memory (MB): peak = 1307.535 ; gain = 0.000
INFO: [Opt 31-389] Phase Retarget created 0 cells and removed 0 cells

Phase 2 Constant propagation
INFO: [Opt 31-138] Pushed 3 inverter(s) to 22 load pin(s).
Phase 2 Constant propagation | Checksum: 10aaf1d5a

Time (s): cpu = 00:00:01 ; elapsed = 00:00:00.532 . Memory (MB): peak = 1307.535 ; gain = 0.000
INFO: [Opt 31-389] Phase Constant propagation created 6 cells and removed 312 cells

Phase 3 Sweep
Phase 3 Sweep | Checksum: 1aad32adc

Time (s): cpu = 00:00:01 ; elapsed = 00:00:01 . Memory (MB): peak = 1307.535 ; gain = 0.000
INFO: [Opt 31-389] Phase Sweep created 0 cells and removed 654 cells

Phase 4 BUFG optimization
Phase 4 BUFG optimization | Checksum: 1aad32adc

Time (s): cpu = 00:00:01 ; elapsed = 00:00:01 . Memory (MB): peak = 1307.535 ; gain = 0.000
INFO: [Opt 31-662] Phase BUFG optimization created 0 cells of which 0 are BUFGs and removed 0 cells.

Phase 5 Shift Register Optimization
Phase 5 Shift Register Optimization | Checksum: 14a1409f0

Time (s): cpu = 00:00:01 ; elapsed = 00:00:01 . Memory (MB): peak = 1307.535 ; gain = 0.000
INFO: [Opt 31-389] Phase Shift Register Optimization created 2 cells and removed 8 cells

Phase 6 Post Processing Netlist
Phase 6 Post Processing Netlist | Checksum: 100b2183c

Time (s): cpu = 00:00:02 ; elapsed = 00:00:01 . Memory (MB): peak = 1307.535 ; gain = 0.000
INFO: [Opt 31-389] Phase Post Processing Netlist created 0 cells and removed 0 cells

Starting Connectivity Check Task

Time (s): cpu = 00:00:00 ; elapsed = 00:00:00.006 . Memory (MB): peak = 1307.535 ; gain = 0.000
Ending Logic Optimization Task | Checksum: 19050d6b4

Time (s): cpu = 00:00:02 ; elapsed = 00:00:01 . Memory (MB): peak = 1307.535 ; gain = 0.000

Starting Power Optimization Task
INFO: [Pwropt 34-132] Skipping clock gating for clocks with a period < 2.00 ns.
INFO: [Pwropt 34-9] Applying IDT optimizations ...
INFO: [Pwropt 34-10] Applying ODC optimizations ...
INFO: [Timing 38-35] Done setting XDC timing constraints.
INFO: [Physopt 32-619] Estimated Timing Summary | WNS=1.029 | TNS=0.000 |
Running Vector-less Activity Propagation...

Finished Running Vector-less Activity Propagation


Starting PowerOpt Patch Enables Task
INFO: [Pwropt 34-162] WRITE_MODE attribute of 0 BRAM(s) out of a total of 2 has been updated to save power. Run report_power_opt to get a complete listing of the BRAMs updated.
INFO: [Pwropt 34-201] Structural ODC has moved 0 WE to EN ports
Number of BRAM Ports augmented: 0 newly gated: 0 Total Ports: 4
Ending PowerOpt Patch Enables Task | Checksum: 19050d6b4

Time (s): cpu = 00:00:00 ; elapsed = 00:00:00.021 . Memory (MB): peak = 1515.574 ; gain = 0.000
Ending Power Optimization Task | Checksum: 19050d6b4

Time (s): cpu = 00:00:02 ; elapsed = 00:00:02 . Memory (MB): peak = 1515.574 ; gain = 208.039

Starting Final Cleanup Task
Ending Final Cleanup Task | Checksum: 19050d6b4

Time (s): cpu = 00:00:00 ; elapsed = 00:00:00 . Memory (MB): peak = 1515.574 ; gain = 0.000
INFO: [Common 17-83] Releasing license: Implementation
85 Infos, 8 Warnings, 8 Critical Warnings and 0 Errors encountered.
opt_design completed successfully
INFO: [Timing 38-480] Writing timing data to binary archive.
Writing placer database...
Writing XDEF routing.
Writing XDEF routing logical nets.
Writing XDEF routing special nets.
Write XDEF Complete: Time (s): cpu = 00:00:00 ; elapsed = 00:00:00.067 . Memory (MB): peak = 1515.574 ; gain = 0.000
INFO: [Common 17-1381] The checkpoint 'C:/Users/NMLEM1/Desktop/Segmentation+detectionCentre/ZYBO_HDMI_MGA/project_1/project_1.runs/impl_1/HDMI_bd_wrapper_opt.dcp' has been generated.
INFO: [runtcl-4] Executing : report_drc -file HDMI_bd_wrapper_drc_opted.rpt -pb HDMI_bd_wrapper_drc_opted.pb -rpx HDMI_bd_wrapper_drc_opted.rpx
Command: report_drc -file HDMI_bd_wrapper_drc_opted.rpt -pb HDMI_bd_wrapper_drc_opted.pb -rpx HDMI_bd_wrapper_drc_opted.rpx
INFO: [DRC 23-27] Running DRC with 2 threads
INFO: [Coretcl 2-168] The results of DRC are in file C:/Users/NMLEM1/Desktop/Segmentation+detectionCentre/ZYBO_HDMI_MGA/project_1/project_1.runs/impl_1/HDMI_bd_wrapper_drc_opted.rpt.
report_drc completed successfully
Command: place_design
Attempting to get a license for feature 'Implementation' and/or device 'xc7z020'
INFO: [Common 17-349] Got license for feature 'Implementation' and/or device 'xc7z020'
INFO: [DRC 23-27] Running DRC with 2 threads
INFO: [Vivado_Tcl 4-198] DRC finished with 0 Errors
INFO: [Vivado_Tcl 4-199] Please refer to the DRC report (report_drc) for more information.
Running DRC as a precondition to command place_design
INFO: [DRC 23-27] Running DRC with 2 threads
INFO: [Vivado_Tcl 4-198] DRC finished with 0 Errors
INFO: [Vivado_Tcl 4-199] Please refer to the DRC report (report_drc) for more information.

Starting Placer Task
INFO: [Place 30-611] Multithreading enabled for place_design using a maximum of 2 CPUs

Phase 1 Placer Initialization

Phase 1.1 Placer Initialization Netlist Sorting
Netlist sorting complete. Time (s): cpu = 00:00:00 ; elapsed = 00:00:00.010 . Memory (MB): peak = 1515.574 ; gain = 0.000
Phase 1.1 Placer Initialization Netlist Sorting | Checksum: ee8f7a77

Time (s): cpu = 00:00:00 ; elapsed = 00:00:00.013 . Memory (MB): peak = 1515.574 ; gain = 0.000
INFO: [Timing 38-35] Done setting XDC timing constraints.
INFO: [Opt 31-138] Pushed 0 inverter(s) to 0 load pin(s).
Netlist sorting complete. Time (s): cpu = 00:00:00 ; elapsed = 00:00:00.009 . Memory (MB): peak = 1515.574 ; gain = 0.000

Phase 1.2 IO Placement/ Clock Placement/ Build Placer Device
INFO: [Timing 38-35] Done setting XDC timing constraints.
Phase 1.2 IO Placement/ Clock Placement/ Build Placer Device | Checksum: 14d588ab3

Time (s): cpu = 00:00:02 ; elapsed = 00:00:02 . Memory (MB): peak = 1515.574 ; gain = 0.000

Phase 1.3 Build Placer Netlist Model
Phase 1.3 Build Placer Netlist Model | Checksum: 22580b655

Time (s): cpu = 00:00:03 ; elapsed = 00:00:02 . Memory (MB): peak = 1515.574 ; gain = 0.000

Phase 1.4 Constrain Clocks/Macros
Phase 1.4 Constrain Clocks/Macros | Checksum: 22580b655

Time (s): cpu = 00:00:03 ; elapsed = 00:00:02 . Memory (MB): peak = 1515.574 ; gain = 0.000
Phase 1 Placer Initialization | Checksum: 22580b655

Time (s): cpu = 00:00:03 ; elapsed = 00:00:02 . Memory (MB): peak = 1515.574 ; gain = 0.000

Phase 2 Global Placement

Phase 2.1 Floorplanning
Phase 2.1 Floorplanning | Checksum: 1bfa7777f

Time (s): cpu = 00:00:03 ; elapsed = 00:00:02 . Memory (MB): peak = 1515.574 ; gain = 0.000

Phase 2.2 Physical Synthesis In Placer
INFO: [Physopt 32-65] No nets found for high-fanout optimization.
INFO: [Physopt 32-232] Optimized 0 net. Created 0 new instance.
INFO: [Physopt 32-775] End 1 Pass. Optimized 0 net or cell. Created 0 new cell, deleted 0 existing cell and moved 0 existing cell
Netlist sorting complete. Time (s): cpu = 00:00:00 ; elapsed = 00:00:00.012 . Memory (MB): peak = 1515.574 ; gain = 0.000

Summary of Physical Synthesis Optimizations
============================================


-----------------------------------------------------------------------------------------------------------------------------
|  Optimization       |  Added Cells  |  Removed Cells  |  Optimized Cells/Nets  |  Dont Touch  |  Iterations  |  Elapsed   |
-----------------------------------------------------------------------------------------------------------------------------
|  Very High Fanout   |            0  |              0  |                     0  |           0  |           1  |  00:00:00  |
|  Total              |            0  |              0  |                     0  |           0  |           1  |  00:00:00  |
-----------------------------------------------------------------------------------------------------------------------------


Phase 2.2 Physical Synthesis In Placer | Checksum: 134d75ff1

Time (s): cpu = 00:00:08 ; elapsed = 00:00:05 . Memory (MB): peak = 1515.574 ; gain = 0.000
Phase 2 Global Placement | Checksum: 1bd93b1ef

Time (s): cpu = 00:00:08 ; elapsed = 00:00:05 . Memory (MB): peak = 1515.574 ; gain = 0.000

Phase 3 Detail Placement

Phase 3.1 Commit Multi Column Macros
Phase 3.1 Commit Multi Column Macros | Checksum: 1bd93b1ef

Time (s): cpu = 00:00:08 ; elapsed = 00:00:05 . Memory (MB): peak = 1515.574 ; gain = 0.000

Phase 3.2 Commit Most Macros & LUTRAMs
Phase 3.2 Commit Most Macros & LUTRAMs | Checksum: 1579cffd0

Time (s): cpu = 00:00:08 ; elapsed = 00:00:05 . Memory (MB): peak = 1515.574 ; gain = 0.000

Phase 3.3 Area Swap Optimization
Phase 3.3 Area Swap Optimization | Checksum: 1cf83d21f

Time (s): cpu = 00:00:08 ; elapsed = 00:00:05 . Memory (MB): peak = 1515.574 ; gain = 0.000

Phase 3.4 Pipeline Register Optimization
Phase 3.4 Pipeline Register Optimization | Checksum: 17b4e3d73

Time (s): cpu = 00:00:08 ; elapsed = 00:00:05 . Memory (MB): peak = 1515.574 ; gain = 0.000

Phase 3.5 Small Shape Detail Placement
Phase 3.5 Small Shape Detail Placement | Checksum: 1f6e568df

Time (s): cpu = 00:00:09 ; elapsed = 00:00:06 . Memory (MB): peak = 1515.574 ; gain = 0.000

Phase 3.6 Re-assign LUT pins
Phase 3.6 Re-assign LUT pins | Checksum: 24ab2119a

Time (s): cpu = 00:00:09 ; elapsed = 00:00:06 . Memory (MB): peak = 1515.574 ; gain = 0.000

Phase 3.7 Pipeline Register Optimization
Phase 3.7 Pipeline Register Optimization | Checksum: 24ab2119a

Time (s): cpu = 00:00:09 ; elapsed = 00:00:06 . Memory (MB): peak = 1515.574 ; gain = 0.000
Phase 3 Detail Placement | Checksum: 24ab2119a

Time (s): cpu = 00:00:09 ; elapsed = 00:00:06 . Memory (MB): peak = 1515.574 ; gain = 0.000

Phase 4 Post Placement Optimization and Clean-Up

Phase 4.1 Post Commit Optimization
INFO: [Timing 38-35] Done setting XDC timing constraints.

Phase 4.1.1 Post Placement Optimization
Post Placement Optimization Initialization | Checksum: 121acf023

Phase 4.1.1.1 BUFG Insertion
INFO: [Place 46-31] BUFG insertion identified 0 candidate nets, 0 success, 0 skipped for placement/routing, 0 skipped for timing, 0 skipped for netlist change reason.
Phase 4.1.1.1 BUFG Insertion | Checksum: 121acf023

Time (s): cpu = 00:00:10 ; elapsed = 00:00:07 . Memory (MB): peak = 1515.574 ; gain = 0.000
INFO: [Place 30-746] Post Placement Timing Summary WNS=1.039. For the most accurate timing information please run report_timing.
Phase 4.1.1 Post Placement Optimization | Checksum: 1987504a8

Time (s): cpu = 00:00:10 ; elapsed = 00:00:07 . Memory (MB): peak = 1515.574 ; gain = 0.000
Phase 4.1 Post Commit Optimization | Checksum: 1987504a8

Time (s): cpu = 00:00:10 ; elapsed = 00:00:07 . Memory (MB): peak = 1515.574 ; gain = 0.000

Phase 4.2 Post Placement Cleanup
Phase 4.2 Post Placement Cleanup | Checksum: 1987504a8

Time (s): cpu = 00:00:10 ; elapsed = 00:00:07 . Memory (MB): peak = 1515.574 ; gain = 0.000

Phase 4.3 Placer Reporting
Phase 4.3 Placer Reporting | Checksum: 1987504a8

Time (s): cpu = 00:00:10 ; elapsed = 00:00:07 . Memory (MB): peak = 1515.574 ; gain = 0.000

Phase 4.4 Final Placement Cleanup
Phase 4.4 Final Placement Cleanup | Checksum: 1f07e42f4

Time (s): cpu = 00:00:10 ; elapsed = 00:00:07 . Memory (MB): peak = 1515.574 ; gain = 0.000
Phase 4 Post Placement Optimization and Clean-Up | Checksum: 1f07e42f4

Time (s): cpu = 00:00:10 ; elapsed = 00:00:07 . Memory (MB): peak = 1515.574 ; gain = 0.000
Ending Placer Task | Checksum: 14d47e178

Time (s): cpu = 00:00:10 ; elapsed = 00:00:07 . Memory (MB): peak = 1515.574 ; gain = 0.000
INFO: [Common 17-83] Releasing license: Implementation
108 Infos, 8 Warnings, 8 Critical Warnings and 0 Errors encountered.
place_design completed successfully
place_design: Time (s): cpu = 00:00:13 ; elapsed = 00:00:08 . Memory (MB): peak = 1515.574 ; gain = 0.000
INFO: [Timing 38-480] Writing timing data to binary archive.
Writing placer database...
Writing XDEF routing.
Writing XDEF routing logical nets.
Writing XDEF routing special nets.
Write XDEF Complete: Time (s): cpu = 00:00:01 ; elapsed = 00:00:00.344 . Memory (MB): peak = 1515.574 ; gain = 0.000
INFO: [Common 17-1381] The checkpoint 'C:/Users/NMLEM1/Desktop/Segmentation+detectionCentre/ZYBO_HDMI_MGA/project_1/project_1.runs/impl_1/HDMI_bd_wrapper_placed.dcp' has been generated.
INFO: [runtcl-4] Executing : report_io -file HDMI_bd_wrapper_io_placed.rpt
report_io: Time (s): cpu = 00:00:00 ; elapsed = 00:00:00.052 . Memory (MB): peak = 1515.574 ; gain = 0.000
INFO: [runtcl-4] Executing : report_utilization -file HDMI_bd_wrapper_utilization_placed.rpt -pb HDMI_bd_wrapper_utilization_placed.pb
report_utilization: Time (s): cpu = 00:00:00 ; elapsed = 00:00:00.072 . Memory (MB): peak = 1515.574 ; gain = 0.000
INFO: [runtcl-4] Executing : report_control_sets -verbose -file HDMI_bd_wrapper_control_sets_placed.rpt
report_control_sets: Time (s): cpu = 00:00:00 ; elapsed = 00:00:00.021 . Memory (MB): peak = 1515.574 ; gain = 0.000
Command: route_design
Attempting to get a license for feature 'Implementation' and/or device 'xc7z020'
INFO: [Common 17-349] Got license for feature 'Implementation' and/or device 'xc7z020'
Running DRC as a precondition to command route_design
INFO: [DRC 23-27] Running DRC with 2 threads
INFO: [Vivado_Tcl 4-198] DRC finished with 0 Errors
INFO: [Vivado_Tcl 4-199] Please refer to the DRC report (report_drc) for more information.


Starting Routing Task
INFO: [Route 35-254] Multithreading enabled for route_design using a maximum of 2 CPUs
Checksum: PlaceDB: c5dc4727 ConstDB: 0 ShapeSum: 876b9a51 RouteDB: 0

Phase 1 Build RT Design
Phase 1 Build RT Design | Checksum: 74c40dc3

Time (s): cpu = 00:00:25 ; elapsed = 00:00:23 . Memory (MB): peak = 1515.574 ; gain = 0.000
Post Restoration Checksum: NetGraph: 6e7298f8 NumContArr: 65174cb Constraints: 0 Timing: 0

Phase 2 Router Initialization

Phase 2.1 Create Timer
Phase 2.1 Create Timer | Checksum: 74c40dc3

Time (s): cpu = 00:00:25 ; elapsed = 00:00:23 . Memory (MB): peak = 1515.574 ; gain = 0.000

Phase 2.2 Fix Topology Constraints
Phase 2.2 Fix Topology Constraints | Checksum: 74c40dc3

Time (s): cpu = 00:00:25 ; elapsed = 00:00:23 . Memory (MB): peak = 1515.574 ; gain = 0.000

Phase 2.3 Pre Route Cleanup
Phase 2.3 Pre Route Cleanup | Checksum: 74c40dc3

Time (s): cpu = 00:00:25 ; elapsed = 00:00:23 . Memory (MB): peak = 1515.574 ; gain = 0.000
 Number of Nodes with overlaps = 0

Phase 2.4 Update Timing
Phase 2.4 Update Timing | Checksum: 1c661b2cf

Time (s): cpu = 00:00:26 ; elapsed = 00:00:24 . Memory (MB): peak = 1515.574 ; gain = 0.000
INFO: [Route 35-416] Intermediate Timing Summary | WNS=0.912  | TNS=0.000  | WHS=-0.137 | THS=-2.821 |

Phase 2 Router Initialization | Checksum: 16cdfc701

Time (s): cpu = 00:00:27 ; elapsed = 00:00:24 . Memory (MB): peak = 1515.574 ; gain = 0.000

Phase 3 Initial Routing
Phase 3 Initial Routing | Checksum: 1f8fdd4c0

Time (s): cpu = 00:00:27 ; elapsed = 00:00:24 . Memory (MB): peak = 1515.574 ; gain = 0.000

Phase 4 Rip-up And Reroute

Phase 4.1 Global Iteration 0
 Number of Nodes with overlaps = 198
 Number of Nodes with overlaps = 9
 Number of Nodes with overlaps = 6
 Number of Nodes with overlaps = 3
 Number of Nodes with overlaps = 1
 Number of Nodes with overlaps = 0
INFO: [Route 35-416] Intermediate Timing Summary | WNS=1.217  | TNS=0.000  | WHS=N/A    | THS=N/A    |

Phase 4.1 Global Iteration 0 | Checksum: 22789c530

Time (s): cpu = 00:00:28 ; elapsed = 00:00:25 . Memory (MB): peak = 1515.574 ; gain = 0.000
Phase 4 Rip-up And Reroute | Checksum: 22789c530

Time (s): cpu = 00:00:28 ; elapsed = 00:00:25 . Memory (MB): peak = 1515.574 ; gain = 0.000

Phase 5 Delay and Skew Optimization

Phase 5.1 Delay CleanUp

Phase 5.1.1 Update Timing
Phase 5.1.1 Update Timing | Checksum: 25058d973

Time (s): cpu = 00:00:28 ; elapsed = 00:00:25 . Memory (MB): peak = 1515.574 ; gain = 0.000
INFO: [Route 35-416] Intermediate Timing Summary | WNS=1.372  | TNS=0.000  | WHS=N/A    | THS=N/A    |

Phase 5.1 Delay CleanUp | Checksum: 25058d973

Time (s): cpu = 00:00:28 ; elapsed = 00:00:25 . Memory (MB): peak = 1515.574 ; gain = 0.000

Phase 5.2 Clock Skew Optimization
Phase 5.2 Clock Skew Optimization | Checksum: 25058d973

Time (s): cpu = 00:00:28 ; elapsed = 00:00:25 . Memory (MB): peak = 1515.574 ; gain = 0.000
Phase 5 Delay and Skew Optimization | Checksum: 25058d973

Time (s): cpu = 00:00:28 ; elapsed = 00:00:25 . Memory (MB): peak = 1515.574 ; gain = 0.000

Phase 6 Post Hold Fix

Phase 6.1 Hold Fix Iter

Phase 6.1.1 Update Timing
Phase 6.1.1 Update Timing | Checksum: 23d7c2864

Time (s): cpu = 00:00:28 ; elapsed = 00:00:25 . Memory (MB): peak = 1515.574 ; gain = 0.000
INFO: [Route 35-416] Intermediate Timing Summary | WNS=1.372  | TNS=0.000  | WHS=0.104  | THS=0.000  |

Phase 6.1 Hold Fix Iter | Checksum: 1f821ff18

Time (s): cpu = 00:00:28 ; elapsed = 00:00:25 . Memory (MB): peak = 1515.574 ; gain = 0.000
Phase 6 Post Hold Fix | Checksum: 1f821ff18

Time (s): cpu = 00:00:28 ; elapsed = 00:00:25 . Memory (MB): peak = 1515.574 ; gain = 0.000

Phase 7 Route finalize

Router Utilization Summary
  Global Vertical Routing Utilization    = 0.440665 %
  Global Horizontal Routing Utilization  = 0.384043 %
  Routable Net Status*
  *Does not include unroutable nets such as driverless and loadless.
  Run report_route_status for detailed report.
  Number of Failed Nets               = 0
  Number of Unrouted Nets             = 0
  Number of Partially Routed Nets     = 0
  Number of Node Overlaps             = 0

Phase 7 Route finalize | Checksum: 1e59ce150

Time (s): cpu = 00:00:28 ; elapsed = 00:00:25 . Memory (MB): peak = 1515.574 ; gain = 0.000

Phase 8 Verifying routed nets

 Verification completed successfully
Phase 8 Verifying routed nets | Checksum: 1e59ce150

Time (s): cpu = 00:00:28 ; elapsed = 00:00:25 . Memory (MB): peak = 1515.574 ; gain = 0.000

Phase 9 Depositing Routes
Phase 9 Depositing Routes | Checksum: 1c60b45a6

Time (s): cpu = 00:00:29 ; elapsed = 00:00:25 . Memory (MB): peak = 1515.574 ; gain = 0.000

Phase 10 Post Router Timing
INFO: [Route 35-57] Estimated Timing Summary | WNS=1.372  | TNS=0.000  | WHS=0.104  | THS=0.000  |

INFO: [Route 35-327] The final timing numbers are based on the router estimated timing analysis. For a complete and accurate timing signoff, please run report_timing_summary.
Phase 10 Post Router Timing | Checksum: 1c60b45a6

Time (s): cpu = 00:00:29 ; elapsed = 00:00:25 . Memory (MB): peak = 1515.574 ; gain = 0.000
INFO: [Route 35-16] Router Completed Successfully

Time (s): cpu = 00:00:29 ; elapsed = 00:00:25 . Memory (MB): peak = 1515.574 ; gain = 0.000

Routing Is Done.
INFO: [Common 17-83] Releasing license: Implementation
126 Infos, 8 Warnings, 8 Critical Warnings and 0 Errors encountered.
route_design completed successfully
route_design: Time (s): cpu = 00:00:32 ; elapsed = 00:00:26 . Memory (MB): peak = 1515.574 ; gain = 0.000
INFO: [Timing 38-480] Writing timing data to binary archive.
Writing placer database...
Writing XDEF routing.
Writing XDEF routing logical nets.
Writing XDEF routing special nets.
Write XDEF Complete: Time (s): cpu = 00:00:01 ; elapsed = 00:00:00.299 . Memory (MB): peak = 1515.574 ; gain = 0.000
INFO: [Common 17-1381] The checkpoint 'C:/Users/NMLEM1/Desktop/Segmentation+detectionCentre/ZYBO_HDMI_MGA/project_1/project_1.runs/impl_1/HDMI_bd_wrapper_routed.dcp' has been generated.
INFO: [runtcl-4] Executing : report_drc -file HDMI_bd_wrapper_drc_routed.rpt -pb HDMI_bd_wrapper_drc_routed.pb -rpx HDMI_bd_wrapper_drc_routed.rpx
Command: report_drc -file HDMI_bd_wrapper_drc_routed.rpt -pb HDMI_bd_wrapper_drc_routed.pb -rpx HDMI_bd_wrapper_drc_routed.rpx
INFO: [DRC 23-27] Running DRC with 2 threads
INFO: [Coretcl 2-168] The results of DRC are in file C:/Users/NMLEM1/Desktop/Segmentation+detectionCentre/ZYBO_HDMI_MGA/project_1/project_1.runs/impl_1/HDMI_bd_wrapper_drc_routed.rpt.
report_drc completed successfully
INFO: [runtcl-4] Executing : report_methodology -file HDMI_bd_wrapper_methodology_drc_routed.rpt -pb HDMI_bd_wrapper_methodology_drc_routed.pb -rpx HDMI_bd_wrapper_methodology_drc_routed.rpx
Command: report_methodology -file HDMI_bd_wrapper_methodology_drc_routed.rpt -pb HDMI_bd_wrapper_methodology_drc_routed.pb -rpx HDMI_bd_wrapper_methodology_drc_routed.rpx
INFO: [Timing 38-35] Done setting XDC timing constraints.
INFO: [Timing 38-35] Done setting XDC timing constraints.
INFO: [DRC 23-133] Running Methodology with 2 threads
INFO: [Coretcl 2-1520] The results of Report Methodology are in file C:/Users/NMLEM1/Desktop/Segmentation+detectionCentre/ZYBO_HDMI_MGA/project_1/project_1.runs/impl_1/HDMI_bd_wrapper_methodology_drc_routed.rpt.
report_methodology completed successfully
INFO: [runtcl-4] Executing : report_power -file HDMI_bd_wrapper_power_routed.rpt -pb HDMI_bd_wrapper_power_summary_routed.pb -rpx HDMI_bd_wrapper_power_routed.rpx
Command: report_power -file HDMI_bd_wrapper_power_routed.rpt -pb HDMI_bd_wrapper_power_summary_routed.pb -rpx HDMI_bd_wrapper_power_routed.rpx
INFO: [Timing 38-35] Done setting XDC timing constraints.
Running Vector-less Activity Propagation...

Finished Running Vector-less Activity Propagation
138 Infos, 8 Warnings, 8 Critical Warnings and 0 Errors encountered.
report_power completed successfully
INFO: [runtcl-4] Executing : report_route_status -file HDMI_bd_wrapper_route_status.rpt -pb HDMI_bd_wrapper_route_status.pb
INFO: [runtcl-4] Executing : report_timing_summary -max_paths 10 -file HDMI_bd_wrapper_timing_summary_routed.rpt -pb HDMI_bd_wrapper_timing_summary_routed.pb -rpx HDMI_bd_wrapper_timing_summary_routed.rpx -warn_on_violation 
INFO: [Timing 38-91] UpdateTimingParams: Speed grade: -1, Delay Type: min_max, Timing Stage: Requireds.
INFO: [Timing 38-191] Multithreading enabled for timing update using a maximum of 2 CPUs
INFO: [runtcl-4] Executing : report_incremental_reuse -file HDMI_bd_wrapper_incremental_reuse_routed.rpt
INFO: [Vivado_Tcl 4-545] No incremental reuse to report, no incremental placement and routing data was found.
INFO: [runtcl-4] Executing : report_clock_utilization -file HDMI_bd_wrapper_clock_utilization_routed.rpt
INFO: [runtcl-4] Executing : report_bus_skew -warn_on_violation -file HDMI_bd_wrapper_bus_skew_routed.rpt -pb HDMI_bd_wrapper_bus_skew_routed.pb -rpx HDMI_bd_wrapper_bus_skew_routed.rpx
INFO: [Timing 38-91] UpdateTimingParams: Speed grade: -1, Delay Type: min_max, Timing Stage: Requireds.
INFO: [Timing 38-191] Multithreading enabled for timing update using a maximum of 2 CPUs
Command: write_bitstream -force HDMI_bd_wrapper.bit
Attempting to get a license for feature 'Implementation' and/or device 'xc7z020'
INFO: [Common 17-349] Got license for feature 'Implementation' and/or device 'xc7z020'
Running DRC as a precondition to command write_bitstream
INFO: [DRC 23-27] Running DRC with 2 threads
WARNING: [DRC ZPS7-1] PS7 block required: The PS7 cell must be used in this Zynq design in order to enable correct default configuration.
INFO: [DRC AVAL-4] enum_USE_DPORT_FALSE_enum_DREG_ADREG_0_connects_CED_CEAD_RSTD_GND: HDMI_bd_i/Detect_centre/div_xAxis/U0/i_synth/i_zero_fract.i_synth/opt_high_radix.i_zero_fract.i_high_radix/i_estimator/i_multadd/i_synth_option.i_synth_model/opt_vx7.i_uniwrap/i_primitive: DSP48E1 is not using the D port (USE_DPORT = FALSE). For improved power characteristics, set DREG and ADREG to '1', tie CED, CEAD, and RSTD to logic '0'.
INFO: [DRC AVAL-4] enum_USE_DPORT_FALSE_enum_DREG_ADREG_0_connects_CED_CEAD_RSTD_GND: HDMI_bd_i/Detect_centre/div_xAxis/U0/i_synth/i_zero_fract.i_synth/opt_high_radix.i_zero_fract.i_high_radix/i_iterative_unit/i_extra_digits.i_add/i_synth_option.i_synth_model/opt_vx7.i_uniwrap/i_primitive: DSP48E1 is not using the D port (USE_DPORT = FALSE). For improved power characteristics, set DREG and ADREG to '1', tie CED, CEAD, and RSTD to logic '0'.
INFO: [DRC AVAL-4] enum_USE_DPORT_FALSE_enum_DREG_ADREG_0_connects_CED_CEAD_RSTD_GND: HDMI_bd_i/Detect_centre/div_xAxis/U0/i_synth/i_zero_fract.i_synth/opt_high_radix.i_zero_fract.i_high_radix/i_iterative_unit/i_extra_digits.i_multadd/i_synth_option.i_synth_model/opt_vx7.i_uniwrap/i_primitive: DSP48E1 is not using the D port (USE_DPORT = FALSE). For improved power characteristics, set DREG and ADREG to '1', tie CED, CEAD, and RSTD to logic '0'.
INFO: [DRC AVAL-4] enum_USE_DPORT_FALSE_enum_DREG_ADREG_0_connects_CED_CEAD_RSTD_GND: HDMI_bd_i/Detect_centre/div_xAxis/U0/i_synth/i_zero_fract.i_synth/opt_high_radix.i_zero_fract.i_high_radix/i_iterative_unit/i_splice[1].i_add/i_synth_option.i_synth_model/opt_vx7.i_uniwrap/i_primitive: DSP48E1 is not using the D port (USE_DPORT = FALSE). For improved power characteristics, set DREG and ADREG to '1', tie CED, CEAD, and RSTD to logic '0'.
INFO: [DRC AVAL-4] enum_USE_DPORT_FALSE_enum_DREG_ADREG_0_connects_CED_CEAD_RSTD_GND: HDMI_bd_i/Detect_centre/div_xAxis/U0/i_synth/i_zero_fract.i_synth/opt_high_radix.i_zero_fract.i_high_radix/i_iterative_unit/i_splice[1].i_mult/i_synth_option.i_synth_model/opt_vx7.i_uniwrap/i_primitive: DSP48E1 is not using the D port (USE_DPORT = FALSE). For improved power characteristics, set DREG and ADREG to '1', tie CED, CEAD, and RSTD to logic '0'.
INFO: [DRC AVAL-4] enum_USE_DPORT_FALSE_enum_DREG_ADREG_0_connects_CED_CEAD_RSTD_GND: HDMI_bd_i/Detect_centre/div_xAxis/U0/i_synth/i_zero_fract.i_synth/opt_high_radix.i_zero_fract.i_high_radix/i_quotient_collector/i_typical_case.i_addsub/i_vx5_sp3.i_trivial.i_addsub/i_synth_option.i_synth_model/opt_vx7.i_uniwrap/i_primitive: DSP48E1 is not using the D port (USE_DPORT = FALSE). For improved power characteristics, set DREG and ADREG to '1', tie CED, CEAD, and RSTD to logic '0'.
INFO: [DRC AVAL-4] enum_USE_DPORT_FALSE_enum_DREG_ADREG_0_connects_CED_CEAD_RSTD_GND: HDMI_bd_i/Detect_centre/div_yAxis/U0/i_synth/i_zero_fract.i_synth/opt_high_radix.i_zero_fract.i_high_radix/i_estimator/i_multadd/i_synth_option.i_synth_model/opt_vx7.i_uniwrap/i_primitive: DSP48E1 is not using the D port (USE_DPORT = FALSE). For improved power characteristics, set DREG and ADREG to '1', tie CED, CEAD, and RSTD to logic '0'.
INFO: [DRC AVAL-4] enum_USE_DPORT_FALSE_enum_DREG_ADREG_0_connects_CED_CEAD_RSTD_GND: HDMI_bd_i/Detect_centre/div_yAxis/U0/i_synth/i_zero_fract.i_synth/opt_high_radix.i_zero_fract.i_high_radix/i_iterative_unit/i_extra_digits.i_add/i_synth_option.i_synth_model/opt_vx7.i_uniwrap/i_primitive: DSP48E1 is not using the D port (USE_DPORT = FALSE). For improved power characteristics, set DREG and ADREG to '1', tie CED, CEAD, and RSTD to logic '0'.
INFO: [DRC AVAL-4] enum_USE_DPORT_FALSE_enum_DREG_ADREG_0_connects_CED_CEAD_RSTD_GND: HDMI_bd_i/Detect_centre/div_yAxis/U0/i_synth/i_zero_fract.i_synth/opt_high_radix.i_zero_fract.i_high_radix/i_iterative_unit/i_extra_digits.i_multadd/i_synth_option.i_synth_model/opt_vx7.i_uniwrap/i_primitive: DSP48E1 is not using the D port (USE_DPORT = FALSE). For improved power characteristics, set DREG and ADREG to '1', tie CED, CEAD, and RSTD to logic '0'.
INFO: [DRC AVAL-4] enum_USE_DPORT_FALSE_enum_DREG_ADREG_0_connects_CED_CEAD_RSTD_GND: HDMI_bd_i/Detect_centre/div_yAxis/U0/i_synth/i_zero_fract.i_synth/opt_high_radix.i_zero_fract.i_high_radix/i_iterative_unit/i_splice[1].i_add/i_synth_option.i_synth_model/opt_vx7.i_uniwrap/i_primitive: DSP48E1 is not using the D port (USE_DPORT = FALSE). For improved power characteristics, set DREG and ADREG to '1', tie CED, CEAD, and RSTD to logic '0'.
INFO: [DRC AVAL-4] enum_USE_DPORT_FALSE_enum_DREG_ADREG_0_connects_CED_CEAD_RSTD_GND: HDMI_bd_i/Detect_centre/div_yAxis/U0/i_synth/i_zero_fract.i_synth/opt_high_radix.i_zero_fract.i_high_radix/i_iterative_unit/i_splice[1].i_mult/i_synth_option.i_synth_model/opt_vx7.i_uniwrap/i_primitive: DSP48E1 is not using the D port (USE_DPORT = FALSE). For improved power characteristics, set DREG and ADREG to '1', tie CED, CEAD, and RSTD to logic '0'.
INFO: [DRC AVAL-4] enum_USE_DPORT_FALSE_enum_DREG_ADREG_0_connects_CED_CEAD_RSTD_GND: HDMI_bd_i/Detect_centre/div_yAxis/U0/i_synth/i_zero_fract.i_synth/opt_high_radix.i_zero_fract.i_high_radix/i_quotient_collector/i_typical_case.i_addsub/i_vx5_sp3.i_trivial.i_addsub/i_synth_option.i_synth_model/opt_vx7.i_uniwrap/i_primitive: DSP48E1 is not using the D port (USE_DPORT = FALSE). For improved power characteristics, set DREG and ADREG to '1', tie CED, CEAD, and RSTD to logic '0'.
INFO: [DRC AVAL-5] enum_USE_MULT_NONE_enum_DREG_ADREG_0_connects_CED_CEAD_RSTD_GND: HDMI_bd_i/Detect_centre/div_xAxis/U0/i_synth/i_zero_fract.i_synth/opt_high_radix.i_zero_fract.i_high_radix/i_iterative_unit/i_extra_digits.i_add/i_synth_option.i_synth_model/opt_vx7.i_uniwrap/i_primitive: DSP48E1 is not using the Multiplier (USE_MULT = NONE). For improved power characteristics, set DREG and ADREG to '1', tie CED, CEAD, and RSTD to logic '0'.
INFO: [DRC AVAL-5] enum_USE_MULT_NONE_enum_DREG_ADREG_0_connects_CED_CEAD_RSTD_GND: HDMI_bd_i/Detect_centre/div_xAxis/U0/i_synth/i_zero_fract.i_synth/opt_high_radix.i_zero_fract.i_high_radix/i_iterative_unit/i_splice[1].i_add/i_synth_option.i_synth_model/opt_vx7.i_uniwrap/i_primitive: DSP48E1 is not using the Multiplier (USE_MULT = NONE). For improved power characteristics, set DREG and ADREG to '1', tie CED, CEAD, and RSTD to logic '0'.
INFO: [DRC AVAL-5] enum_USE_MULT_NONE_enum_DREG_ADREG_0_connects_CED_CEAD_RSTD_GND: HDMI_bd_i/Detect_centre/div_xAxis/U0/i_synth/i_zero_fract.i_synth/opt_high_radix.i_zero_fract.i_high_radix/i_quotient_collector/i_typical_case.i_addsub/i_vx5_sp3.i_trivial.i_addsub/i_synth_option.i_synth_model/opt_vx7.i_uniwrap/i_primitive: DSP48E1 is not using the Multiplier (USE_MULT = NONE). For improved power characteristics, set DREG and ADREG to '1', tie CED, CEAD, and RSTD to logic '0'.
INFO: [DRC AVAL-5] enum_USE_MULT_NONE_enum_DREG_ADREG_0_connects_CED_CEAD_RSTD_GND: HDMI_bd_i/Detect_centre/div_yAxis/U0/i_synth/i_zero_fract.i_synth/opt_high_radix.i_zero_fract.i_high_radix/i_iterative_unit/i_extra_digits.i_add/i_synth_option.i_synth_model/opt_vx7.i_uniwrap/i_primitive: DSP48E1 is not using the Multiplier (USE_MULT = NONE). For improved power characteristics, set DREG and ADREG to '1', tie CED, CEAD, and RSTD to logic '0'.
INFO: [DRC AVAL-5] enum_USE_MULT_NONE_enum_DREG_ADREG_0_connects_CED_CEAD_RSTD_GND: HDMI_bd_i/Detect_centre/div_yAxis/U0/i_synth/i_zero_fract.i_synth/opt_high_radix.i_zero_fract.i_high_radix/i_iterative_unit/i_splice[1].i_add/i_synth_option.i_synth_model/opt_vx7.i_uniwrap/i_primitive: DSP48E1 is not using the Multiplier (USE_MULT = NONE). For improved power characteristics, set DREG and ADREG to '1', tie CED, CEAD, and RSTD to logic '0'.
INFO: [DRC AVAL-5] enum_USE_MULT_NONE_enum_DREG_ADREG_0_connects_CED_CEAD_RSTD_GND: HDMI_bd_i/Detect_centre/div_yAxis/U0/i_synth/i_zero_fract.i_synth/opt_high_radix.i_zero_fract.i_high_radix/i_quotient_collector/i_typical_case.i_addsub/i_vx5_sp3.i_trivial.i_addsub/i_synth_option.i_synth_model/opt_vx7.i_uniwrap/i_primitive: DSP48E1 is not using the Multiplier (USE_MULT = NONE). For improved power characteristics, set DREG and ADREG to '1', tie CED, CEAD, and RSTD to logic '0'.
INFO: [Vivado 12-3199] DRC finished with 0 Errors, 1 Warnings, 18 Advisories
INFO: [Vivado 12-3200] Please refer to the DRC report (report_drc) for more information.
INFO: [Designutils 20-2272] Running write_bitstream with 2 threads.
Loading data files...
Loading site data...
Loading route data...
Processing options...
Creating bitmap...
Creating bitstream...
Writing bitstream ./HDMI_bd_wrapper.bit...
INFO: [Vivado 12-1842] Bitgen Completed Successfully.
INFO: [Common 17-83] Releasing license: Implementation
173 Infos, 9 Warnings, 8 Critical Warnings and 0 Errors encountered.
write_bitstream completed successfully
write_bitstream: Time (s): cpu = 00:00:15 ; elapsed = 00:00:13 . Memory (MB): peak = 1948.285 ; gain = 423.695
INFO: [Common 17-206] Exiting Vivado at Sun Dec  9 19:09:01 2018...
