#
# A fatal error has been detected by the Java Runtime Environment:
#
#  EXCEPTION_ACCESS_VIOLATION (0xc0000005) at pc=0x00007fff1fecd52f, pid=7680, tid=0x0000000000001ca0
#
# JRE version: Java(TM) SE Runtime Environment (8.0_112-b15) (build 1.8.0_112-b15)
# Java VM: Java HotSpot(TM) 64-Bit Server VM (25.112-b15 mixed mode windows-amd64 compressed oops)
# Problematic frame:
# C  [librdi_device.dll+0x5bd52f]
#
# Failed to write core dump. Minidumps are not enabled by default on client versions of Windows
#
# If you would like to submit a bug report, please visit:
#   http://bugreport.java.com/bugreport/crash.jsp
# The crash happened outside the Java Virtual Machine in native code.
# See problematic frame for where to report the bug.
#

---------------  T H R E A D  ---------------

Current thread (0x000001be78bc1000):  JavaThread "AWT-EventQueue-1" [_thread_in_native, id=7328, stack(0x0000006839a00000,0x0000006839f00000)]

siginfo: ExceptionCode=0xc0000005, reading address 0x0000000000000000

Registers:
RAX=0x00007fff2d924890, RBX=0x000001be596094c0, RCX=0x0000000000000000, RDX=0x00007fff2d924890
RSP=0x0000006839efcd70, RBP=0x0000000000000000, RSI=0x000001be593530c0, RDI=0x0000000000000000
R8 =0x0000000000000000, R9 =0x0000000000000018, R10=0x0000414959c97909, R11=0x000001be59786010
R12=0x0000000000000000, R13=0x0000000000000040, R14=0x0000006839efd128, R15=0x000001be5593ef30
RIP=0x00007fff1fecd52f, EFLAGS=0x0000000000010246

Top of Stack: (sp=0x0000006839efcd70)
0x0000006839efcd70:   000001be59694760 00007fff6ece0428
0x0000006839efcd80:   000001be59694760 00007fff6ece0428
0x0000006839efcd90:   fffffffffffffffe 000000006ece0101
0x0000006839efcda0:   0000006839efd128 000001be596094c0
0x0000006839efcdb0:   000001be593530c0 00007fff1feb6a02
0x0000006839efcdc0:   000001be596094c0 000001be59722e70
0x0000006839efcdd0:   0000000000000000 0000000159397ea0
0x0000006839efcde0:   fffffffffffffffe 000001be593530c0
0x0000006839efcdf0:   000001be593530c0 00007fff1feb6f51
0x0000006839efce00:   000001be590fe950 000001be59397e50
0x0000006839efce10:   0000000000000000 0000000000000012
0x0000006839efce20:   fffffffffffffffe 000001be59352580
0x0000006839efce30:   000001be593530c0 00007fff1fecf4ee
0x0000006839efce40:   000001be594454c0 00007fff6ece0428
0x0000006839efce50:   000001be596094c0 000001be593530c0
0x0000006839efce60:   fffffffffffffffe 000001be59353540 

Instructions: (pc=0x00007fff1fecd52f)
0x00007fff1fecd50f:   e8 2c fe ff ff 48 8b d0 48 8b cb 48 c1 e9 03 48
0x00007fff1fecd51f:   03 cb 48 23 48 30 4c 8b 40 18 48 8b f9 48 03 ff
0x00007fff1fecd52f:   49 8b 3c f8 48 03 c9 4c 8d 0c cd 08 00 00 00 4d
0x00007fff1fecd53f:   8b 14 c8 4c 3b 52 08 75 06 48 8b 42 08 eb 07 4b 


Register to memory mapping:

RAX=0x00007fff2d924890 is an unknown value
RBX=0x000001be596094c0 is an unknown value
RCX=0x0000000000000000 is an unknown value
RDX=0x00007fff2d924890 is an unknown value
RSP=0x0000006839efcd70 is pointing into the stack for thread: 0x000001be78bc1000
RBP=0x0000000000000000 is an unknown value
RSI=0x000001be593530c0 is an unknown value
RDI=0x0000000000000000 is an unknown value
R8 =0x0000000000000000 is an unknown value
R9 =0x0000000000000018 is an unknown value
R10=0x0000414959c97909 is an unknown value
R11=0x000001be59786010 is an unknown value
R12=0x0000000000000000 is an unknown value
R13=0x0000000000000040 is an unknown value
R14=0x0000006839efd128 is pointing into the stack for thread: 0x000001be78bc1000
R15=0x000001be5593ef30 is an unknown value


Stack: [0x0000006839a00000,0x0000006839f00000],  sp=0x0000006839efcd70,  free space=5107k
Native frames: (J=compiled Java code, j=interpreted, Vv=VM code, C=native code)

Java frames: (J=compiled Java code, j=interpreted, Vv=VM code)
j  ui.frmwork.tcltasksi.abortNow()V+0
j  ui.bk.b(Ljava/awt/Component;)Z+72
j  ui.ce.windowClosing(Ljava/awt/event/WindowEvent;)V+79
j  java.awt.AWTEventMulticaster.windowClosing(Ljava/awt/event/WindowEvent;)V+21
j  java.awt.AWTEventMulticaster.windowClosing(Ljava/awt/event/WindowEvent;)V+8
j  java.awt.AWTEventMulticaster.windowClosing(Ljava/awt/event/WindowEvent;)V+8
j  java.awt.AWTEventMulticaster.windowClosing(Ljava/awt/event/WindowEvent;)V+8
J 23073 C1 java.awt.Window.processWindowEvent(Ljava/awt/event/WindowEvent;)V (127 bytes) @ 0x000001be5f2fa69c [0x000001be5f2fa080+0x61c]
J 30155 C1 javax.swing.JFrame.processWindowEvent(Ljava/awt/event/WindowEvent;)V (71 bytes) @ 0x000001be5f9bcd74 [0x000001be5f9bcce0+0x94]
J 19376 C1 java.awt.Window.processEvent(Ljava/awt/AWTEvent;)V (101 bytes) @ 0x000001be5ec4c34c [0x000001be5ec4bc40+0x70c]
J 21693 C2 java.awt.Component.dispatchEventImpl(Ljava/awt/AWTEvent;)V (883 bytes) @ 0x000001be61754fd4 [0x000001be617546c0+0x914]
J 20859 C2 java.awt.Container.dispatchEventImpl(Ljava/awt/AWTEvent;)V (129 bytes) @ 0x000001be5f88a8c4 [0x000001be5f88a860+0x64]
J 17006 C2 java.awt.Window.dispatchEventImpl(Ljava/awt/AWTEvent;)V (23 bytes) @ 0x000001be5ea5320c [0x000001be5ea531c0+0x4c]
J 11570 C2 java.awt.EventQueue$3.run()Ljava/lang/Object; (5 bytes) @ 0x000001be5fad1168 [0x000001be5fad0d80+0x3e8]
v  ~StubRoutines::call_stub
J 2438  java.security.AccessController.doPrivileged(Ljava/security/PrivilegedAction;Ljava/security/AccessControlContext;)Ljava/lang/Object; (0 bytes) @ 0x000001be5e0b3f26 [0x000001be5e0b3ec0+0x66]
J 16432 C2 java.awt.EventQueue$4.run()Ljava/lang/Object; (5 bytes) @ 0x000001be5fe4f4a8 [0x000001be5fe4f320+0x188]
v  ~StubRoutines::call_stub
J 2438  java.security.AccessController.doPrivileged(Ljava/security/PrivilegedAction;Ljava/security/AccessControlContext;)Ljava/lang/Object; (0 bytes) @ 0x000001be5e0b3f26 [0x000001be5e0b3ec0+0x66]
J 11513 C2 ui.frmwork.b.d.dispatchEvent(Ljava/awt/AWTEvent;)V (45 bytes) @ 0x000001be5fa79978 [0x000001be5fa796c0+0x2b8]
J 28018 C2 java.awt.EventDispatchThread.pumpOneEventForFilters(I)V (295 bytes) @ 0x000001be6291cc8c [0x000001be6291c940+0x34c]
J 19325% C2 java.awt.EventDispatchThread.pumpEventsForFilter(ILjava/awt/Conditional;Ljava/awt/EventFilter;)V (47 bytes) @ 0x000001be5ef32d60 [0x000001be5ef32c60+0x100]
j  java.awt.EventDispatchThread.pumpEventsForHierarchy(ILjava/awt/Conditional;Ljava/awt/Component;)V+11
j  java.awt.EventDispatchThread.pumpEvents(ILjava/awt/Conditional;)V+4
j  java.awt.EventDispatchThread.pumpEvents(Ljava/awt/Conditional;)V+3
j  java.awt.EventDispatchThread.run()V+9
v  ~StubRoutines::call_stub

---------------  P R O C E S S  ---------------

Java Threads: ( => current thread )
  0x000001be7b0a5000 JavaThread "Resetting Runs" [_thread_in_native, id=3232, stack(0x0000006839f00000,0x000000683a400000)]
  0x000001be7a7fe000 JavaThread "Thread-2572" [_thread_in_native, id=7496, stack(0x0000006833600000,0x0000006833700000)]
  0x000001be7a7fb800 JavaThread "Image Animator 0" daemon [_thread_blocked, id=32, stack(0x0000006843c00000,0x0000006844100000)]
  0x000001be7a7f3800 JavaThread "Update Runs Swing Worker" [_thread_blocked, id=4880, stack(0x0000006843200000,0x0000006843700000)]
  0x000001be7a7f2800 JavaThread "Thread-2554" [_thread_in_native, id=10344, stack(0x000000683ed00000,0x000000683ee00000)]
  0x000001be7a7f8800 JavaThread "Thread-2528" [_thread_in_native, id=544, stack(0x0000006840e00000,0x0000006840f00000)]
  0x000001be7a7f5000 JavaThread "Thread-2517" [_thread_in_native, id=10856, stack(0x0000006841f00000,0x0000006842000000)]
  0x000001be7a7f1000 JavaThread "Thread-2511" [_thread_in_native, id=10328, stack(0x0000006833500000,0x0000006833600000)]
  0x000001be7a7f7000 JavaThread "Thread-2406" [_thread_in_native, id=10536, stack(0x000000683b600000,0x000000683b700000)]
  0x000001be7a7f6800 JavaThread "Thread-2405" [_thread_in_native, id=11124, stack(0x000000683e000000,0x000000683e100000)]
  0x000001be7a7f5800 JavaThread "Thread-2401" [_thread_in_native, id=7764, stack(0x000000683d300000,0x000000683d400000)]
  0x000001be79551000 JavaThread "Thread-2340" [_thread_in_native, id=1584, stack(0x000000683b900000,0x000000683ba00000)]
  0x000001be7b0a6800 JavaThread "Thread-2336" [_thread_in_native, id=1940, stack(0x000000683c500000,0x000000683c600000)]
  0x000001be7b0aa000 JavaThread "Thread-2335" [_thread_in_native, id=5788, stack(0x000000683d600000,0x000000683d700000)]
  0x000001be7b0a8800 JavaThread "Thread-2320" [_thread_in_native, id=4324, stack(0x000000683b800000,0x000000683b900000)]
  0x000001be7b0a7000 JavaThread "Thread-2288" [_thread_in_native, id=5172, stack(0x000000683d700000,0x000000683d800000)]
  0x000001be7b0a3800 JavaThread "Thread-2284" [_thread_in_native, id=9208, stack(0x000000683db00000,0x000000683dc00000)]
  0x000001be7b09d800 JavaThread "Thread-2262" [_thread_in_native, id=5772, stack(0x0000006833500000,0x0000006833600000)]
  0x000001be7b0a4000 JavaThread "Thread-2261" [_thread_in_native, id=7512, stack(0x000000683dc00000,0x000000683dd00000)]
  0x000001be7b0a2800 JavaThread "Monitor File Timestamp Swing Worker" [_thread_blocked, id=1040, stack(0x0000006841200000,0x0000006841700000)]
  0x000001be7b09b000 JavaThread "Timer-15" [_thread_blocked, id=4820, stack(0x0000006840300000,0x0000006840800000)]
  0x000001be7b0a1000 JavaThread "Thread-2030" [_thread_in_native, id=1944, stack(0x000000683d200000,0x000000683d300000)]
  0x000001be7b09c000 JavaThread "Thread-1961" [_thread_in_native, id=2476, stack(0x000000683cf00000,0x000000683d000000)]
  0x000001be7b09c800 JavaThread "Thread-1960" [_thread_in_native, id=8200, stack(0x000000683d000000,0x000000683d100000)]
  0x000001be7d95a800 JavaThread "Monitor File Timestamp Swing Worker" [_thread_blocked, id=6488, stack(0x0000006840800000,0x0000006840d00000)]
  0x000001be79555800 JavaThread "Timer-12" [_thread_blocked, id=5196, stack(0x000000683fe00000,0x0000006840300000)]
  0x000001be78a2e000 JavaThread "Thread-1531" [_thread_in_native, id=5608, stack(0x000000683d000000,0x000000683d100000)]
  0x000001be79554000 JavaThread "SyntheticaAnimation 50" daemon [_thread_blocked, id=8692, stack(0x000000683f900000,0x000000683fe00000)]
  0x000001be78a27000 JavaThread "Thread-1436" [_thread_in_native, id=4980, stack(0x000000683d700000,0x000000683d800000)]
  0x000001be7d95c000 JavaThread "Thread-1405" [_thread_in_native, id=2364, stack(0x000000683c500000,0x000000683c600000)]
  0x000001be7d95b800 JavaThread "Thread-1396" [_thread_in_native, id=2876, stack(0x000000683da00000,0x000000683db00000)]
  0x000001be7d95d800 JavaThread "Thread-1381" [_thread_in_native, id=8936, stack(0x000000683b800000,0x000000683b900000)]
  0x000001be7d958800 JavaThread "Thread-1352" [_thread_in_native, id=8324, stack(0x000000683b600000,0x000000683b700000)]
  0x000001be78a28000 JavaThread "Thread-1338" [_thread_in_native, id=7212, stack(0x000000683d100000,0x000000683d200000)]
  0x000001be78a21000 JavaThread "Thread-1333" [_thread_in_native, id=4736, stack(0x000000683c900000,0x000000683ca00000)]
  0x000001be78a26800 JavaThread "Thread-1302" [_thread_in_native, id=8356, stack(0x000000683b900000,0x000000683ba00000)]
  0x000001be7d957800 JavaThread "Swing-Shell" daemon [_thread_blocked, id=1396, stack(0x000000683f400000,0x000000683f900000)]
  0x000001be7d957000 JavaThread "Monitor File Timestamp Swing Worker" [_thread_blocked, id=4920, stack(0x000000683e600000,0x000000683eb00000)]
  0x000001be7d955800 JavaThread "Timer-10" [_thread_blocked, id=8120, stack(0x000000683e100000,0x000000683e600000)]
  0x000001be7d95a000 JavaThread "Thread-764" [_thread_in_native, id=3592, stack(0x000000683db00000,0x000000683dc00000)]
  0x000001be7d94f800 JavaThread "Thread-741" [_thread_in_native, id=5224, stack(0x000000683d300000,0x000000683d400000)]
  0x000001be7d951000 JavaThread "Thread-732" [_thread_in_native, id=9184, stack(0x000000683aa00000,0x000000683ab00000)]
  0x000001be7d956000 JavaThread "Thread-669" [_thread_in_native, id=3456, stack(0x000000683b700000,0x000000683b800000)]
  0x000001be7d952800 JavaThread "Thread-665" [_thread_in_native, id=4000, stack(0x0000006833600000,0x0000006833700000)]
  0x000001be7d954000 JavaThread "Thread-664" [_thread_in_native, id=8104, stack(0x0000006833500000,0x0000006833600000)]
  0x000001be7d94e800 JavaThread "Thread-431" [_thread_in_native, id=10720, stack(0x000000683de00000,0x000000683df00000)]
  0x000001be7d954800 JavaThread "Thread-353" [_thread_in_native, id=6784, stack(0x000000683b800000,0x000000683b900000)]
  0x000001be7d953000 JavaThread "Thread-333" [_thread_in_native, id=6848, stack(0x0000006833500000,0x0000006833600000)]
  0x000001be78a2e800 JavaThread "Thread-267" [_thread_in_native, id=10316, stack(0x000000683d200000,0x000000683d300000)]
  0x000001be79552800 JavaThread "Thread-189" [_thread_in_native, id=808, stack(0x000000683dd00000,0x000000683de00000)]
  0x000001be78a2f800 JavaThread "Thread-161" [_thread_in_native, id=9812, stack(0x000000683b700000,0x000000683b800000)]
  0x000001be78a2a000 JavaThread "Image Animator 0" daemon [_thread_blocked, id=4376, stack(0x000000683ef00000,0x000000683f400000)]
  0x000001be78a2b000 JavaThread "Thread-53" [_thread_in_native, id=6348, stack(0x000000683c800000,0x000000683c900000)]
  0x000001be78a22800 JavaThread "SyntheticaAnimation 50" daemon [_thread_blocked, id=5704, stack(0x000000683ca00000,0x000000683cf00000)]
  0x000001be78a22000 JavaThread "Thread-23" [_thread_in_native, id=10072, stack(0x000000683d000000,0x000000683d100000)]
  0x000001be78a28800 JavaThread "Thread-22" [_thread_in_native, id=9600, stack(0x000000683cf00000,0x000000683d000000)]
  0x000001be78a25800 JavaThread "hw_ila_monitor" [_thread_blocked, id=8708, stack(0x000000683c000000,0x000000683c500000)]
  0x000001be78a25000 JavaThread "Refresh Filesets Swing Worker" [_thread_blocked, id=5724, stack(0x0000006838b00000,0x0000006839000000)]
  0x000001be79554800 JavaThread "SyntheticaAnimation 70" daemon [_thread_blocked, id=4988, stack(0x000000683bb00000,0x000000683c000000)]
  0x000001be79553000 JavaThread "SyntheticaAnimation 25" daemon [_thread_blocked, id=10468, stack(0x000000683b100000,0x000000683b600000)]
  0x000001be79551800 JavaThread "SyntheticaAnimation 50" daemon [_thread_blocked, id=8292, stack(0x000000683ac00000,0x000000683b100000)]
  0x000001be79550000 JavaThread "SyntheticaCleanerThread" daemon [_thread_blocked, id=9748, stack(0x000000683a400000,0x000000683a900000)]
  0x000001be79225000 JavaThread "Batik CleanerThread" daemon [_thread_blocked, id=6684, stack(0x0000006839000000,0x0000006839500000)]
=>0x000001be78bc1000 JavaThread "AWT-EventQueue-1" [_thread_in_native, id=7328, stack(0x0000006839a00000,0x0000006839f00000)]
  0x000001be78bbf000 JavaThread "Process Messages" [_thread_blocked, id=3328, stack(0x0000006839500000,0x0000006839a00000)]
  0x000001be79066800 JavaThread "Thread-3" [_thread_in_native, id=2076, stack(0x0000006833800000,0x0000006834c00000)]
  0x000001be76f64000 JavaThread "AWT-Windows" daemon [_thread_in_native, id=9500, stack(0x0000006838600000,0x0000006838b00000)]
  0x000001be76f63000 JavaThread "AWT-Shutdown" [_thread_blocked, id=10684, stack(0x0000006838100000,0x0000006838600000)]
  0x000001be76f77800 JavaThread "Java2D Disposer" daemon [_thread_blocked, id=940, stack(0x0000006837c00000,0x0000006838100000)]
  0x000001be76f57800 JavaThread "TimerQueue" daemon [_thread_blocked, id=10816, stack(0x0000006837700000,0x0000006837c00000)]
  0x000001be74a01000 JavaThread "Service Thread" daemon [_thread_blocked, id=944, stack(0x0000006837100000,0x0000006837600000)]
  0x000001be749f4000 JavaThread "C1 CompilerThread3" daemon [_thread_blocked, id=2056, stack(0x0000006837000000,0x0000006837100000)]
  0x000001be749f0000 JavaThread "C2 CompilerThread2" daemon [_thread_blocked, id=11196, stack(0x0000006836f00000,0x0000006837000000)]
  0x000001be749ed000 JavaThread "C2 CompilerThread1" daemon [_thread_blocked, id=3300, stack(0x0000006836e00000,0x0000006836f00000)]
  0x000001be749eb800 JavaThread "C2 CompilerThread0" daemon [_thread_blocked, id=10336, stack(0x0000006836d00000,0x0000006836e00000)]
  0x000001be749ea800 JavaThread "Attach Listener" daemon [_thread_blocked, id=2944, stack(0x0000006836800000,0x0000006836d00000)]
  0x000001be749e9000 JavaThread "Signal Dispatcher" daemon [_thread_blocked, id=10044, stack(0x0000006836300000,0x0000006836800000)]
  0x000001be749c8800 JavaThread "Finalizer" daemon [_thread_blocked, id=4592, stack(0x0000006835e00000,0x0000006836300000)]
  0x000001be749a5000 JavaThread "Reference Handler" daemon [_thread_blocked, id=5036, stack(0x0000006835900000,0x0000006835e00000)]
  0x000001be5d795000 JavaThread "main" [_thread_blocked, id=1172, stack(0x0000006834f00000,0x0000006835000000)]

Other Threads:
  0x000001be5d88d800 VMThread [stack: 0x0000006835800000,0x0000006835900000] [id=4540]
  0x000001be74a2c000 WatcherThread [stack: 0x0000006837600000,0x0000006837700000] [id=768]

VM state:not at safepoint (normal execution)

VM Mutex/Monitor currently owned by a thread: None

Heap:
 PSYoungGen      total 40960K, used 12819K [0x00000007bc400000, 0x00000007c0000000, 0x00000007c0000000)
  eden space 20480K, 52% used [0x00000007bc400000,0x00000007bce77098,0x00000007bd800000)
  from space 20480K, 10% used [0x00000007bec00000,0x00000007bee0deb0,0x00000007c0000000)
  to   space 20480K, 0% used [0x00000007bd800000,0x00000007bd800000,0x00000007bec00000)
 ParOldGen       total 454144K, used 418025K [0x0000000700000000, 0x000000071bb80000, 0x00000007bc400000)
  object space 454144K, 92% used [0x0000000700000000,0x000000071983a520,0x000000071bb80000)
 Metaspace       used 91922K, capacity 92975K, committed 93696K, reserved 1128448K
  class space    used 13555K, capacity 13768K, committed 13824K, reserved 1048576K

Card table byte_map: [0x000001be6cc50000,0x000001be6d260000] byte_map_base: 0x000001be69450000

Marking Bits: (ParMarkBitMap*) 0x00000000629aa6d0
 Begin Bits: [0x000001be6d850000, 0x000001be70850000)
 End Bits:   [0x000001be70850000, 0x000001be73850000)

Polling page: 0x000001be53d90000

CodeCache: size=245760Kb used=92015Kb max_used=93956Kb free=153744Kb
 bounds [0x000001be5d890000, 0x000001be63580000, 0x000001be6c890000]
 total_blobs=23742 nmethods=22689 adapters=955
 compilation: enabled

Compilation events (10 events):
Event: 12603.696 Thread 0x000001be749f4000 32360       3       com.jidesoft.grid.AutoFilterTableHeader::columnMarginChanged (94 bytes)
Event: 12603.697 Thread 0x000001be749f4000 nmethod 32360 0x000001be6046a090 code [0x000001be6046a360, 0x000001be6046bfc0]
Event: 12603.783 Thread 0x000001be749ed000 32361       4       com.jidesoft.grid.QuickTableFilterField::shouldColumnBeIncluded (172 bytes)
Event: 12603.788 Thread 0x000001be749ed000 nmethod 32361 0x000001be62629410 code [0x000001be62629580, 0x000001be62629d98]
Event: 12604.630 Thread 0x000001be749f0000 32362       4       com.jidesoft.grid.CellSpanTable::columnAdded (23 bytes)
Event: 12604.632 Thread 0x000001be749f0000 nmethod 32362 0x000001be5e15d050 code [0x000001be5e15d1a0, 0x000001be5e15d2b8]
Event: 12604.637 Thread 0x000001be749f4000 32363       3       com.jidesoft.utils.TypeUtils::isPrimitiveWrapper (37 bytes)
Event: 12604.637 Thread 0x000001be749f4000 nmethod 32363 0x000001be62d96050 code [0x000001be62d961c0, 0x000001be62d96458]
Event: 12604.914 Thread 0x000001be749f4000 32364   !   3       com.jidesoft.grid.JideTable::tableChanged (808 bytes)
Event: 12604.918 Thread 0x000001be749f4000 nmethod 32364 0x000001be61b336d0 code [0x000001be61b33d80, 0x000001be61b3a120]

GC Heap History (10 events):
Event: 12595.880 GC heap before
{Heap before GC invocations=1447 (full 39):
 PSYoungGen      total 40960K, used 38244K [0x00000007bc400000, 0x00000007c0000000, 0x00000007c0000000)
  eden space 20480K, 100% used [0x00000007bc400000,0x00000007bd800000,0x00000007bd800000)
  from space 20480K, 86% used [0x00000007bd800000,0x00000007be959278,0x00000007bec00000)
  to   space 20480K, 0% used [0x00000007bec00000,0x00000007bec00000,0x00000007c0000000)
 ParOldGen       total 454144K, used 376912K [0x0000000700000000, 0x000000071bb80000, 0x00000007bc400000)
  object space 454144K, 82% used [0x0000000700000000,0x00000007170142c0,0x000000071bb80000)
 Metaspace       used 91914K, capacity 92975K, committed 93696K, reserved 1128448K
  class space    used 13555K, capacity 13768K, committed 13824K, reserved 1048576K
Event: 12595.889 GC heap after
Heap after GC invocations=1447 (full 39):
 PSYoungGen      total 40960K, used 16948K [0x00000007bc400000, 0x00000007c0000000, 0x00000007c0000000)
  eden space 20480K, 0% used [0x00000007bc400000,0x00000007bc400000,0x00000007bd800000)
  from space 20480K, 82% used [0x00000007bec00000,0x00000007bfc8d2f8,0x00000007c0000000)
  to   space 20480K, 0% used [0x00000007bd800000,0x00000007bd800000,0x00000007bec00000)
 ParOldGen       total 454144K, used 385568K [0x0000000700000000, 0x000000071bb80000, 0x00000007bc400000)
  object space 454144K, 84% used [0x0000000700000000,0x00000007178883a0,0x000000071bb80000)
 Metaspace       used 91914K, capacity 92975K, committed 93696K, reserved 1128448K
  class space    used 13555K, capacity 13768K, committed 13824K, reserved 1048576K
}
Event: 12600.506 GC heap before
{Heap before GC invocations=1448 (full 39):
 PSYoungGen      total 40960K, used 37428K [0x00000007bc400000, 0x00000007c0000000, 0x00000007c0000000)
  eden space 20480K, 100% used [0x00000007bc400000,0x00000007bd800000,0x00000007bd800000)
  from space 20480K, 82% used [0x00000007bec00000,0x00000007bfc8d2f8,0x00000007c0000000)
  to   space 20480K, 0% used [0x00000007bd800000,0x00000007bd800000,0x00000007bec00000)
 ParOldGen       total 454144K, used 385568K [0x0000000700000000, 0x000000071bb80000, 0x00000007bc400000)
  object space 454144K, 84% used [0x0000000700000000,0x00000007178883a0,0x000000071bb80000)
 Metaspace       used 91915K, capacity 92975K, committed 93696K, reserved 1128448K
  class space    used 13555K, capacity 13768K, committed 13824K, reserved 1048576K
Event: 12600.513 GC heap after
Heap after GC invocations=1448 (full 39):
 PSYoungGen      total 40960K, used 17100K [0x00000007bc400000, 0x00000007c0000000, 0x00000007c0000000)
  eden space 20480K, 0% used [0x00000007bc400000,0x00000007bc400000,0x00000007bd800000)
  from space 20480K, 83% used [0x00000007bd800000,0x00000007be8b30a0,0x00000007bec00000)
  to   space 20480K, 0% used [0x00000007bec00000,0x00000007bec00000,0x00000007c0000000)
 ParOldGen       total 454144K, used 393567K [0x0000000700000000, 0x000000071bb80000, 0x00000007bc400000)
  object space 454144K, 86% used [0x0000000700000000,0x0000000718057ed8,0x000000071bb80000)
 Metaspace       used 91915K, capacity 92975K, committed 93696K, reserved 1128448K
  class space    used 13555K, capacity 13768K, committed 13824K, reserved 1048576K
}
Event: 12600.917 GC heap before
{Heap before GC invocations=1449 (full 39):
 PSYoungGen      total 40960K, used 37580K [0x00000007bc400000, 0x00000007c0000000, 0x00000007c0000000)
  eden space 20480K, 100% used [0x00000007bc400000,0x00000007bd800000,0x00000007bd800000)
  from space 20480K, 83% used [0x00000007bd800000,0x00000007be8b30a0,0x00000007bec00000)
  to   space 20480K, 0% used [0x00000007bec00000,0x00000007bec00000,0x00000007c0000000)
 ParOldGen       total 454144K, used 393567K [0x0000000700000000, 0x000000071bb80000, 0x00000007bc400000)
  object space 454144K, 86% used [0x0000000700000000,0x0000000718057ed8,0x000000071bb80000)
 Metaspace       used 91915K, capacity 92975K, committed 93696K, reserved 1128448K
  class space    used 13555K, capacity 13768K, committed 13824K, reserved 1048576K
Event: 12600.922 GC heap after
Heap after GC invocations=1449 (full 39):
 PSYoungGen      total 40960K, used 1139K [0x00000007bc400000, 0x00000007c0000000, 0x00000007c0000000)
  eden space 20480K, 0% used [0x00000007bc400000,0x00000007bc400000,0x00000007bd800000)
  from space 20480K, 5% used [0x00000007bec00000,0x00000007bed1ce90,0x00000007c0000000)
  to   space 20480K, 0% used [0x00000007bd800000,0x00000007bd800000,0x00000007bec00000)
 ParOldGen       total 454144K, used 417431K [0x0000000700000000, 0x000000071bb80000, 0x00000007bc400000)
  object space 454144K, 91% used [0x0000000700000000,0x00000007197a5f08,0x000000071bb80000)
 Metaspace       used 91915K, capacity 92975K, committed 93696K, reserved 1128448K
  class space    used 13555K, capacity 13768K, committed 13824K, reserved 1048576K
}
Event: 12602.249 GC heap before
{Heap before GC invocations=1450 (full 39):
 PSYoungGen      total 40960K, used 21619K [0x00000007bc400000, 0x00000007c0000000, 0x00000007c0000000)
  eden space 20480K, 100% used [0x00000007bc400000,0x00000007bd800000,0x00000007bd800000)
  from space 20480K, 5% used [0x00000007bec00000,0x00000007bed1ce90,0x00000007c0000000)
  to   space 20480K, 0% used [0x00000007bd800000,0x00000007bd800000,0x00000007bec00000)
 ParOldGen       total 454144K, used 417431K [0x0000000700000000, 0x000000071bb80000, 0x00000007bc400000)
  object space 454144K, 91% used [0x0000000700000000,0x00000007197a5f08,0x000000071bb80000)
 Metaspace       used 91922K, capacity 92975K, committed 93696K, reserved 1128448K
  class space    used 13555K, capacity 13768K, committed 13824K, reserved 1048576K
Event: 12602.253 GC heap after
Heap after GC invocations=1450 (full 39):
 PSYoungGen      total 40960K, used 1431K [0x00000007bc400000, 0x00000007c0000000, 0x00000007c0000000)
  eden space 20480K, 0% used [0x00000007bc400000,0x00000007bc400000,0x00000007bd800000)
  from space 20480K, 6% used [0x00000007bd800000,0x00000007bd965eb0,0x00000007bec00000)
  to   space 20480K, 0% used [0x00000007bec00000,0x00000007bec00000,0x00000007c0000000)
 ParOldGen       total 454144K, used 417677K [0x0000000700000000, 0x000000071bb80000, 0x00000007bc400000)
  object space 454144K, 91% used [0x0000000700000000,0x00000007197e3528,0x000000071bb80000)
 Metaspace       used 91922K, capacity 92975K, committed 93696K, reserved 1128448K
  class space    used 13555K, capacity 13768K, committed 13824K, reserved 1048576K
}
Event: 12604.371 GC heap before
{Heap before GC invocations=1451 (full 39):
 PSYoungGen      total 40960K, used 21911K [0x00000007bc400000, 0x00000007c0000000, 0x00000007c0000000)
  eden space 20480K, 100% used [0x00000007bc400000,0x00000007bd800000,0x00000007bd800000)
  from space 20480K, 6% used [0x00000007bd800000,0x00000007bd965eb0,0x00000007bec00000)
  to   space 20480K, 0% used [0x00000007bec00000,0x00000007bec00000,0x00000007c0000000)
 ParOldGen       total 454144K, used 417677K [0x0000000700000000, 0x000000071bb80000, 0x00000007bc400000)
  object space 454144K, 91% used [0x0000000700000000,0x00000007197e3528,0x000000071bb80000)
 Metaspace       used 91922K, capacity 92975K, committed 93696K, reserved 1128448K
  class space    used 13555K, capacity 13768K, committed 13824K, reserved 1048576K
Event: 12604.376 GC heap after
Heap after GC invocations=1451 (full 39):
 PSYoungGen      total 40960K, used 2103K [0x00000007bc400000, 0x00000007c0000000, 0x00000007c0000000)
  eden space 20480K, 0% used [0x00000007bc400000,0x00000007bc400000,0x00000007bd800000)
  from space 20480K, 10% used [0x00000007bec00000,0x00000007bee0deb0,0x00000007c0000000)
  to   space 20480K, 0% used [0x00000007bd800000,0x00000007bd800000,0x00000007bec00000)
 ParOldGen       total 454144K, used 418025K [0x0000000700000000, 0x000000071bb80000, 0x00000007bc400000)
  object space 454144K, 92% used [0x0000000700000000,0x000000071983a520,0x000000071bb80000)
 Metaspace       used 91922K, capacity 92975K, committed 93696K, reserved 1128448K
  class space    used 13555K, capacity 13768K, committed 13824K, reserved 1048576K
}

Deoptimization events (10 events):
Event: 12487.847 Thread 0x000001be78bc1000 Uncommon trap: reason=class_check action=maybe_recompile pc=0x000001be60c2f308 method=com.sun.org.apache.xml.internal.serialize.IndentPrinter.breakLine(Z)V @ 81
Event: 12487.847 Thread 0x000001be78bc1000 Uncommon trap: reason=class_check action=maybe_recompile pc=0x000001be5f4c5930 method=com.sun.org.apache.xml.internal.serialize.IndentPrinter.flushLine(Z)V @ 105
Event: 12487.847 Thread 0x000001be78bc1000 Uncommon trap: reason=class_check action=maybe_recompile pc=0x000001be60c2f308 method=com.sun.org.apache.xml.internal.serialize.IndentPrinter.breakLine(Z)V @ 81
Event: 12487.852 Thread 0x000001be78bc1000 Uncommon trap: reason=bimorphic action=maybe_recompile pc=0x000001be5e2e4fe8 method=java.util.regex.Pattern$5.isSatisfiedBy(I)Z @ 16
Event: 12487.852 Thread 0x000001be78bc1000 Uncommon trap: reason=bimorphic action=maybe_recompile pc=0x000001be5e2e4fe8 method=java.util.regex.Pattern$5.isSatisfiedBy(I)Z @ 16
Event: 12487.862 Thread 0x000001be78bc1000 Uncommon trap: reason=bimorphic action=maybe_recompile pc=0x000001be5e2e4fe8 method=java.util.regex.Pattern$5.isSatisfiedBy(I)Z @ 16
Event: 12487.862 Thread 0x000001be78bc1000 Uncommon trap: reason=bimorphic action=maybe_recompile pc=0x000001be5e2e4fe8 method=java.util.regex.Pattern$5.isSatisfiedBy(I)Z @ 16
Event: 12492.109 Thread 0x000001be78bc1000 Uncommon trap: reason=bimorphic action=maybe_recompile pc=0x000001be5fab4834 method=javax.swing.text.html.parser.DocumentParser.parse(Ljava/io/Reader;Ljavax/swing/text/html/HTMLEditorKit$ParserCallback;Z)V @ 20
Event: 12496.353 Thread 0x000001be78bc1000 Uncommon trap: reason=null_check action=make_not_entrant pc=0x000001be62c2cff4 method=javax.swing.RepaintManager.currentManager(Lsun/awt/AppContext;)Ljavax/swing/RepaintManager; @ 7
Event: 12601.116 Thread 0x000001be78bc1000 Uncommon trap: reason=bimorphic action=maybe_recompile pc=0x000001be5fab4834 method=javax.swing.text.html.parser.DocumentParser.parse(Ljava/io/Reader;Ljavax/swing/text/html/HTMLEditorKit$ParserCallback;Z)V @ 20

Internal exceptions (10 events):
Event: 12589.877 Thread 0x000001be78bc1000 Exception <a 'ui/frmwork/CommandFailedException'> (0x00000007bc666ed8) thrown at [C:\re\workspace\8-2-build-windows-amd64-cygwin\jdk8u112\7884\hotspot\src\share\vm\prims\jni.cpp, line 709]
Event: 12593.877 Thread 0x000001be78bc1000 Exception <a 'java/io/FileNotFoundException'> (0x00000007bd207168) thrown at [C:\re\workspace\8-2-build-windows-amd64-cygwin\jdk8u112\7884\hotspot\src\share\vm\prims\jni.cpp, line 709]
Event: 12594.454 Thread 0x000001be78bc1000 Exception <a 'java/io/FileNotFoundException'> (0x00000007bd2edc10) thrown at [C:\re\workspace\8-2-build-windows-amd64-cygwin\jdk8u112\7884\hotspot\src\share\vm\prims\jni.cpp, line 709]
Event: 12595.443 Thread 0x000001be78bc1000 Exception <a 'java/io/FileNotFoundException'> (0x00000007bd639548) thrown at [C:\re\workspace\8-2-build-windows-amd64-cygwin\jdk8u112\7884\hotspot\src\share\vm\prims\jni.cpp, line 709]
Event: 12595.699 Thread 0x000001be78bc1000 Exception <a 'java/io/FileNotFoundException'> (0x00000007bd6eda90) thrown at [C:\re\workspace\8-2-build-windows-amd64-cygwin\jdk8u112\7884\hotspot\src\share\vm\prims\jni.cpp, line 709]
Event: 12596.019 Thread 0x000001be78bc1000 Exception <a 'java/io/FileNotFoundException'> (0x00000007bc4c3dc0) thrown at [C:\re\workspace\8-2-build-windows-amd64-cygwin\jdk8u112\7884\hotspot\src\share\vm\prims\jni.cpp, line 709]
Event: 12599.388 Thread 0x000001be78bc1000 Exception <a 'java/io/FileNotFoundException'> (0x00000007bce6fb10) thrown at [C:\re\workspace\8-2-build-windows-amd64-cygwin\jdk8u112\7884\hotspot\src\share\vm\prims\jni.cpp, line 709]
Event: 12601.710 Thread 0x000001be78bc1000 Exception <a 'java/io/FileNotFoundException'> (0x00000007bd3eaf70) thrown at [C:\re\workspace\8-2-build-windows-amd64-cygwin\jdk8u112\7884\hotspot\src\share\vm\prims\jni.cpp, line 709]
Event: 12604.046 Thread 0x000001be78bc1000 Exception <a 'java/io/FileNotFoundException'> (0x00000007bd6203d0) thrown at [C:\re\workspace\8-2-build-windows-amd64-cygwin\jdk8u112\7884\hotspot\src\share\vm\prims\jni.cpp, line 709]
Event: 12604.608 Thread 0x000001be78bc1000 Exception <a 'java/io/FileNotFoundException'> (0x00000007bc434850) thrown at [C:\re\workspace\8-2-build-windows-amd64-cygwin\jdk8u112\7884\hotspot\src\share\vm\prims\jni.cpp, line 709]

Events (10 events):
Event: 12601.119 Thread 0x000001be749f4000 flushing nmethod 0x000001be608cac10
Event: 12601.121 Thread 0x000001be749f4000 flushing nmethod 0x000001be60c2e450
Event: 12601.121 Thread 0x000001be749f4000 flushing nmethod 0x000001be60c3f010
Event: 12601.144 Thread 0x000001be749f4000 flushing nmethod 0x000001be62c1a990
Event: 12601.145 Thread 0x000001be749f4000 flushing nmethod 0x000001be62d96050
Event: 12601.145 Thread 0x000001be749f4000 flushing nmethod 0x000001be63164d50
Event: 12602.249 Executing VM operation: ParallelGCFailedAllocation
Event: 12602.253 Executing VM operation: ParallelGCFailedAllocation done
Event: 12604.371 Executing VM operation: ParallelGCFailedAllocation
Event: 12604.376 Executing VM operation: ParallelGCFailedAllocation done


Dynamic libraries:
0x00007ff6cf800000 - 0x00007ff6cf830000 	C:\Programs\Xilinx\Vivado\2018.2\bin\unwrapped\win64.o\vivado.exe
0x00007fff6ecd0000 - 0x00007fff6eeb1000 	C:\Windows\SYSTEM32\ntdll.dll
0x00007fff6e400000 - 0x00007fff6e4b2000 	C:\Windows\System32\KERNEL32.DLL
0x00007fff6b0a0000 - 0x00007fff6b313000 	C:\Windows\System32\KERNELBASE.dll
0x00007fff6c060000 - 0x00007fff6c15a000 	C:\Windows\System32\ucrtbase.dll
0x00007fff53de0000 - 0x00007fff53e8a000 	C:\Windows\SYSTEM32\MSVCP140.dll
0x00007fff5de10000 - 0x00007fff5de26000 	C:\Windows\SYSTEM32\VCRUNTIME140.dll
0x00007fff5c8f0000 - 0x00007fff5c904000 	C:\Programs\Xilinx\Vivado\2018.2\lib\win64.o\libboost_signals.dll
0x00007fff563f0000 - 0x00007fff56404000 	C:\Programs\Xilinx\Vivado\2018.2\lib\win64.o\librdi_commonmain.dll
0x00007fff608d0000 - 0x00007fff608da000 	C:\Programs\Xilinx\Vivado\2018.2\lib\win64.o\librdi_commonversion.dll
0x00007fff55060000 - 0x00007fff55086000 	C:\Programs\Xilinx\Vivado\2018.2\lib\win64.o\libboost_filesystem.dll
0x00007fff6e2f0000 - 0x00007fff6e391000 	C:\Windows\System32\ADVAPI32.dll
0x00007fff6c850000 - 0x00007fff6c8ee000 	C:\Windows\System32\msvcrt.dll
0x00007fff6c930000 - 0x00007fff6c98b000 	C:\Windows\System32\sechost.dll
0x00007fff6e4c0000 - 0x00007fff6e5e4000 	C:\Windows\System32\RPCRT4.dll
0x00007fff42090000 - 0x00007fff421b1000 	C:\Programs\Xilinx\Vivado\2018.2\lib\win64.o\librdi_commonxillic.dll
0x00007fff6c530000 - 0x00007fff6c6c0000 	C:\Windows\System32\USER32.dll
0x00007fff6b320000 - 0x00007fff6b340000 	C:\Windows\System32\win32u.dll
0x00007fff6e920000 - 0x00007fff6e948000 	C:\Windows\System32\GDI32.dll
0x00007fff6b5d0000 - 0x00007fff6b762000 	C:\Windows\System32\gdi32full.dll
0x00007fff6b530000 - 0x00007fff6b5cf000 	C:\Windows\System32\msvcp_win.dll
0x0000000062a30000 - 0x0000000062b5b000 	C:\Programs\Xilinx\Vivado\2018.2\lib\win64.o\tcl85t.dll
0x00007fff6c990000 - 0x00007fff6c9fc000 	C:\Windows\System32\WS2_32.dll
0x00007fff3e530000 - 0x00007fff3f349000 	C:\Programs\Xilinx\Vivado\2018.2\lib\win64.o\librdi_common.dll
0x00007fff6ca60000 - 0x00007fff6de9f000 	C:\Windows\System32\SHELL32.dll
0x00007fff6b7d0000 - 0x00007fff6b819000 	C:\Windows\System32\cfgmgr32.dll
0x00007fff6eb20000 - 0x00007fff6ebc9000 	C:\Windows\System32\shcore.dll
0x00007fff6e5f0000 - 0x00007fff6e913000 	C:\Windows\System32\combase.dll
0x00007fff6bfe0000 - 0x00007fff6c05a000 	C:\Windows\System32\bcryptPrimitives.dll
0x00007fff6b8d0000 - 0x00007fff6bfdd000 	C:\Windows\System32\windows.storage.dll
0x00007fff6c2f0000 - 0x00007fff6c341000 	C:\Windows\System32\shlwapi.dll
0x00007fff6b010000 - 0x00007fff6b021000 	C:\Windows\System32\kernel.appcore.dll
0x00007fff6b030000 - 0x00007fff6b04f000 	C:\Windows\System32\profapi.dll
0x00007fff6b050000 - 0x00007fff6b09c000 	C:\Windows\System32\powrprof.dll
0x00007fff6afe0000 - 0x00007fff6afea000 	C:\Windows\System32\FLTLIB.DLL
0x00007fff5e870000 - 0x00007fff5e87b000 	C:\Programs\Xilinx\Vivado\2018.2\lib\win64.o\libboost_system.dll
0x00007fff41910000 - 0x00007fff41bc5000 	C:\Programs\Xilinx\Vivado\2018.2\lib\win64.o\libXil_lmgr11.dll
0x00007fff6c200000 - 0x00007fff6c2ed000 	C:\Windows\System32\COMDLG32.dll
0x00007fff6ebd0000 - 0x00007fff6ec92000 	C:\Windows\System32\OLEAUT32.dll
0x00007fff6c350000 - 0x00007fff6c4a1000 	C:\Windows\System32\ole32.dll
0x00007fff6b770000 - 0x00007fff6b7c7000 	C:\Windows\System32\WINTRUST.dll
0x00007fff6aff0000 - 0x00007fff6b002000 	C:\Windows\System32\MSASN1.dll
0x00007fff6b340000 - 0x00007fff6b522000 	C:\Windows\System32\CRYPT32.dll
0x00007fff417f0000 - 0x00007fff41904000 	C:\Programs\Xilinx\Vivado\2018.2\lib\win64.o\libboost_regex.dll
0x00007fff41480000 - 0x00007fff417ee000 	C:\Programs\Xilinx\Vivado\2018.2\lib\win64.o\libCOIN-all.dll
0x00007fff552f0000 - 0x00007fff55304000 	C:\Programs\Xilinx\Vivado\2018.2\lib\win64.o\libboost_date_time.dll
0x00007fff4c540000 - 0x00007fff4c561000 	C:\Programs\Xilinx\Vivado\2018.2\lib\win64.o\libboost_thread.dll
0x00007fff49f60000 - 0x00007fff49fdf000 	C:\Programs\Xilinx\Vivado\2018.2\lib\win64.o\libboost_program_options.dll
0x00007fff5e680000 - 0x00007fff5e68f000 	C:\Programs\Xilinx\Vivado\2018.2\lib\win64.o\libboost_xilinx.dll
0x00007fff42000000 - 0x00007fff42082000 	C:\Programs\Xilinx\Vivado\2018.2\lib\win64.o\libhdlpsolve.dll
0x0000000062190000 - 0x0000000062a2a000 	C:\Programs\Xilinx\Vivado\2018.2\tps\win64\jre\bin\server\jvm.dll
0x00007fff6c6c0000 - 0x00007fff6c6c8000 	C:\Windows\System32\PSAPI.DLL
0x00007fff4adf0000 - 0x00007fff4ae1e000 	C:\Programs\Xilinx\Vivado\2018.2\lib\win64.o\libisl_sysinfo.dll
0x00007fff413d0000 - 0x00007fff41475000 	C:\Programs\Xilinx\Vivado\2018.2\lib\win64.o\libhdxml.dll
0x00007fff41f90000 - 0x00007fff41ff5000 	C:\Programs\Xilinx\Vivado\2018.2\lib\win64.o\liblmx6.0.dll
0x00007fff41270000 - 0x00007fff413c1000 	C:\Programs\Xilinx\Vivado\2018.2\lib\win64.o\librdi_curl.dll
0x00007fff54a20000 - 0x00007fff54a3a000 	C:\Programs\Xilinx\Vivado\2018.2\lib\win64.o\pthreadVC2.dll
0x00007fff4c520000 - 0x00007fff4c53c000 	C:\Programs\Xilinx\Vivado\2018.2\lib\win64.o\librdiconfig.dll
0x00007fff56860000 - 0x00007fff56ccf000 	C:\Windows\SYSTEM32\WININET.dll
0x00007fff68410000 - 0x00007fff684ec000 	C:\Windows\SYSTEM32\WINHTTP.dll
0x00007fff61340000 - 0x00007fff61508000 	C:\Windows\SYSTEM32\urlmon.dll
0x00007fff4adc0000 - 0x00007fff4ade1000 	C:\Programs\Xilinx\Vivado\2018.2\lib\win64.o\librdizlib.dll
0x00007fff5e5e0000 - 0x00007fff5e5e9000 	C:\Windows\SYSTEM32\WSOCK32.dll
0x00007fff49f30000 - 0x00007fff49f58000 	C:\Windows\SYSTEM32\VCOMP140.DLL
0x00007fff68060000 - 0x00007fff68077000 	C:\Windows\SYSTEM32\NETAPI32.dll
0x00007fff411c0000 - 0x00007fff41267000 	C:\Windows\WinSxS\amd64_microsoft.windows.common-controls_6595b64144ccf1df_5.82.17134.376_none_f9552fd530932a6f\COMCTL32.dll
0x00007fff68330000 - 0x00007fff6834a000 	C:\Windows\SYSTEM32\dhcpcsvc.DLL
0x00007fff6e950000 - 0x00007fff6e958000 	C:\Windows\System32\NSI.dll
0x00007fff5e430000 - 0x00007fff5e43d000 	C:\Programs\Xilinx\Vivado\2018.2\lib\win64.o\libboost_chrono.dll
0x00007fff68ee0000 - 0x00007fff68f03000 	C:\Windows\SYSTEM32\WINMM.dll
0x00007fff62410000 - 0x00007fff6241a000 	C:\Windows\SYSTEM32\VERSION.dll
0x0000000062fb0000 - 0x0000000063082000 	C:\Windows\SYSTEM32\MSVCR100.dll
0x00007fff60f10000 - 0x00007fff611b5000 	C:\Windows\SYSTEM32\iertutil.dll
0x00007fff68eb0000 - 0x00007fff68eda000 	C:\Windows\SYSTEM32\WINMMBASE.dll
0x00007fff6aa30000 - 0x00007fff6aa3b000 	C:\Windows\SYSTEM32\CRYPTBASE.DLL
0x0000000012000000 - 0x0000000012272000 	C:\Programs\Xilinx\Vivado\2018.2\lib\win64.o\xerces-c_3_1.dll
0x00007fff3d690000 - 0x00007fff3e521000 	C:\Programs\Xilinx\Vivado\2018.2\lib\win64.o\gurobi65.dll
0x00007fff3bf40000 - 0x00007fff3c7f3c00 	C:\Programs\Xilinx\Vivado\2018.2\lib\win64.o\libisl_iostreams.dll
0x00007fff47260000 - 0x00007fff47285000 	C:\Programs\Xilinx\Vivado\2018.2\lib\win64.o\libisl_iosutils.dll
0x00007fff49f10000 - 0x00007fff49f2b000 	C:\Programs\Xilinx\Vivado\2018.2\lib\win64.o\libboost_iostreams.dll
0x00007fff6c900000 - 0x00007fff6c92d000 	C:\Windows\System32\IMM32.DLL
0x00007fff3bab0000 - 0x00007fff3bf3c000 	C:\Programs\Xilinx\Vivado\2018.2\lib\win64.o\librdi_commontasks.dll
0x00007fff3d410000 - 0x00007fff3d687000 	C:\Programs\Xilinx\Vivado\2018.2\lib\win64.o\librdi_sio.dll
0x00007fff6a5e0000 - 0x00007fff6a618000 	C:\Windows\SYSTEM32\IPHLPAPI.DLL
0x00007fff38c90000 - 0x00007fff3ae8f000 	C:\Programs\Xilinx\Vivado\2018.2\lib\win64.o\librdi_tcltasks.dll
0x00007fff41150000 - 0x00007fff411ba000 	C:\Programs\Xilinx\Vivado\2018.2\lib\win64.o\librdi_boarddep.dll
0x00007fff40fd0000 - 0x00007fff4114e000 	C:\Programs\Xilinx\Vivado\2018.2\lib\win64.o\librdi_board.dll
0x00007fff3b6d0000 - 0x00007fff3baa5000 	C:\Programs\Xilinx\Vivado\2018.2\lib\win64.o\librdi_bitstream.dll
0x00007fff3b480000 - 0x00007fff3b6c7000 	C:\Programs\Xilinx\Vivado\2018.2\lib\win64.o\librdi_chipscope.dll
0x00007fff3d2e0000 - 0x00007fff3d408000 	C:\Programs\Xilinx\Vivado\2018.2\lib\win64.o\librdi_containers.dll
0x00007fff37430000 - 0x00007fff38c89000 	C:\Programs\Xilinx\Vivado\2018.2\lib\win64.o\librdi_constraints.dll
0x00007fff36d50000 - 0x00007fff37429000 	C:\Programs\Xilinx\Vivado\2018.2\lib\win64.o\librdi_coregenipxact.dll
0x00007fff35030000 - 0x00007fff36d41000 	C:\Programs\Xilinx\Vivado\2018.2\lib\win64.o\librdi_coregen.dll
0x00007fff312d0000 - 0x00007fff35030000 	C:\Programs\Xilinx\Vivado\2018.2\lib\win64.o\librdi_designutils.dll
0x00007fff1f910000 - 0x00007fff2e108000 	C:\Programs\Xilinx\Vivado\2018.2\lib\win64.o\librdi_device.dll
0x00007fff3b160000 - 0x00007fff3b478000 	C:\Programs\Xilinx\Vivado\2018.2\lib\win64.o\librdi_dlyest.dll
0x00007fff30d80000 - 0x00007fff312c1000 	C:\Programs\Xilinx\Vivado\2018.2\lib\win64.o\librdi_drc.dll
0x00007fff3b090000 - 0x00007fff3b152000 	C:\Programs\Xilinx\Vivado\2018.2\lib\win64.o\librdi_dsp.dll
0x00007fff30740000 - 0x00007fff30d71000 	C:\Programs\Xilinx\Vivado\2018.2\lib\win64.o\librdi_filemgmt.dll
0x00007fff30460000 - 0x00007fff30731000 	C:\Programs\Xilinx\Vivado\2018.2\lib\win64.o\librdi_guitools.dll
0x00007fff45590000 - 0x00007fff455e8000 	C:\Programs\Xilinx\Vivado\2018.2\lib\win64.o\librdi_hdf.dll
0x00007fff2fe00000 - 0x00007fff30451000 	C:\Programs\Xilinx\Vivado\2018.2\lib\win64.o\librdi_memdata.dll
0x00007fff1c100000 - 0x00007fff1f90a000 	C:\Programs\Xilinx\Vivado\2018.2\lib\win64.o\librdi_mig.dll
0x00007fff2ebc0000 - 0x00007fff2fdf4000 	C:\Programs\Xilinx\Vivado\2018.2\lib\win64.o\librdi_implflow.dll
0x00007fff2e710000 - 0x00007fff2ebb2000 	C:\Programs\Xilinx\Vivado\2018.2\lib\win64.o\librdi_netlist.dll
0x00007fff40f80000 - 0x00007fff40fc9000 	C:\Programs\Xilinx\Vivado\2018.2\lib\win64.o\librdi_pfi.dll
0x00007fff2e480000 - 0x00007fff2e70a000 	C:\Programs\Xilinx\Vivado\2018.2\lib\win64.o\librdi_platform.dll
0x00007fff1ba10000 - 0x00007fff1c0fc000 	C:\Programs\Xilinx\Vivado\2018.2\lib\win64.o\librdi_power.dll
0x00007fff19670000 - 0x00007fff1ba0e000 	C:\Programs\Xilinx\Vivado\2018.2\lib\win64.o\librdi_place.dll
0x00007fff19130000 - 0x00007fff1966d000 	C:\Programs\Xilinx\Vivado\2018.2\lib\win64.o\librdi_project.dll
0x00007fff18a40000 - 0x00007fff19121000 	C:\Programs\Xilinx\Vivado\2018.2\lib\win64.o\librdi_psta.dll
0x00007fff18400000 - 0x00007fff18a3e000 	C:\Programs\Xilinx\Vivado\2018.2\lib\win64.o\librdi_rsb.dll
0x00007fff3afb0000 - 0x00007fff3b087000 	C:\Programs\Xilinx\Vivado\2018.2\lib\win64.o\librdi_runsbase.dll
0x00007fff2e250000 - 0x00007fff2e476000 	C:\Programs\Xilinx\Vivado\2018.2\lib\win64.o\librdi_simdata.dll
0x00007fff18030000 - 0x00007fff183f3000 	C:\Programs\Xilinx\Vivado\2018.2\lib\win64.o\librdi_runs.dll
0x00007fff17310000 - 0x00007fff1802d000 	C:\Programs\Xilinx\Vivado\2018.2\lib\win64.o\librdi_timing.dll
0x00007fff3aee0000 - 0x00007fff3afab000 	C:\Programs\Xilinx\Vivado\2018.2\lib\win64.o\librdi_xhub.dll
0x00007fff3d290000 - 0x00007fff3d2dc000 	C:\Programs\Xilinx\Vivado\2018.2\lib\win64.o\libboost_serialization.dll
0x00007fff2e1a0000 - 0x00007fff2e24f000 	C:\Programs\Xilinx\Vivado\2018.2\lib\win64.o\librdi_hip_devdesign.dll
0x00007fff3cbc0000 - 0x00007fff3cc26000 	C:\Programs\Xilinx\Vivado\2018.2\lib\win64.o\librdi_ipconfig_readwrite.dll
0x00007fff3d250000 - 0x00007fff3d288000 	C:\Programs\Xilinx\Vivado\2018.2\lib\win64.o\librdi_noc_frameworks.dll
0x00007fff17280000 - 0x00007fff17308000 	C:\Programs\Xilinx\Vivado\2018.2\lib\win64.o\librdi_hip_config.dll
0x00007fff16d30000 - 0x00007fff1727e000 	C:\Programs\Xilinx\Vivado\2018.2\lib\win64.o\librdi_xdm.dll
0x00007fff16c90000 - 0x00007fff16d2e000 	C:\Programs\Xilinx\Vivado\2018.2\lib\win64.o\libise.dll
0x00007fff16190000 - 0x00007fff16c83000 	C:\Programs\Xilinx\Vivado\2018.2\lib\win64.o\libverific.dll
0x00007fff15be0000 - 0x00007fff16181000 	C:\Programs\Xilinx\Vivado\2018.2\lib\win64.o\librdi_wavedata.dll
0x00007fff3cad0000 - 0x00007fff3cb19000 	C:\Programs\Xilinx\Vivado\2018.2\lib\win64.o\librdi_wavedata_SimpleApi.dll
0x00007fff14ce0000 - 0x00007fff15bd1000 	C:\Programs\Xilinx\Vivado\2018.2\lib\win64.o\librdi_route.dll

VM Arguments:
jvm_args: -Dsun.java2d.pmoffscreen=false -Dsun.java2d.xrender=false -Dsun.java2d.d3d=false -Dsun.awt.nopixfmt=true -Xverify:none -Dswing.aatext=true -XX:-UsePerfData -Djdk.map.althashing.threshold=512 -XX:StringTableSize=4072 -XX:NewSize=60m -XX:MaxNewSize=60m -Xms128m -Xmx3072m -Xss5m 
java_command: <unknown>
java_class_path (initial): C:/Programs/Xilinx/Vivado/2018.2\lib\classes\alloy.jar;C:/Programs/Xilinx/Vivado/2018.2\lib\classes\autopilot.scelaborator.jar;C:/Programs/Xilinx/Vivado/2018.2\lib\classes\autopilot.sourceprocessor.jar;C:/Programs/Xilinx/Vivado/2018.2\lib\classes\autopilot.tbprocessor.jar;C:/Programs/Xilinx/Vivado/2018.2\lib\classes\batik-anim.jar;C:/Programs/Xilinx/Vivado/2018.2\lib\classes\batik-awt-util.jar;C:/Programs/Xilinx/Vivado/2018.2\lib\classes\batik-bridge.jar;C:/Programs/Xilinx/Vivado/2018.2\lib\classes\batik-codec.jar;C:/Programs/Xilinx/Vivado/2018.2\lib\classes\batik-css.jar;C:/Programs/Xilinx/Vivado/2018.2\lib\classes\batik-dom.jar;C:/Programs/Xilinx/Vivado/2018.2\lib\classes\batik-ext.jar;C:/Programs/Xilinx/Vivado/2018.2\lib\classes\batik-gui-util.jar;C:/Programs/Xilinx/Vivado/2018.2\lib\classes\batik-gvt.jar;C:/Programs/Xilinx/Vivado/2018.2\lib\classes\batik-parser.jar;C:/Programs/Xilinx/Vivado/2018.2\lib\classes\batik-script.jar;C:/Programs/Xilinx/Vivado/2018.2\lib\classes\batik-svg-dom.jar;C:/Programs/Xilinx/Vivado/2018.2\lib\classes\batik-swing.jar;C:/Programs/Xilinx/Vivado/2018.2\lib\classes\batik-transcoder.jar;C:/Programs/Xilinx/Vivado/2018.2\lib\classes\batik-util.jar;C:/Programs/Xilinx/Vivado/2018.2\lib\classes\batik-xml.jar;C:/Programs/Xilinx/Vivado/2018.2\lib\classes\com.ibm.icu_4.4.2.v20110208.jar;C:/Programs/Xilinx/Vivado/2018.2\lib\classes\commons-collections4-4.1.jar;C:/Programs/Xilinx/Vivado/2018.2\lib\classes\commons-math-2.2.jar;C:/Programs/Xilinx/Vivado/2018.2\lib\classes\dom4j-1.6.1.jar;C:/Programs/Xilinx/Vivado/2018.2\lib\classes\guava-18.0.jar;C:/Programs/Xilinx/Vivado/2018.2\lib\classes\help.jar;C:/Programs/Xilinx/Vivado/2018.2\lib\classes\hsqldb.jar;C:/Programs/Xilinx/Vivado/2018.2\lib\classes\jargs.jar;C:/Programs/Xilinx/Vivado/2018.2\lib\classes\jh.jar;C:/Programs/Xilinx/Vivado/2018.2\lib\classes\jide-action.jar;C:/Programs/Xilinx/Vivado/2018.2\lib\classes\jide-charts.jar;C:/Programs/Xilinx/Vivado/2018.2\lib\clas
Launcher Type: generic

Environment Variables:
JAVA_HOME=C:\Program Files\Java\jdk-10.0.2
PATH=C:/Programs/Xilinx/Vivado/2018.2/bin;C:/Programs/Xilinx/Vivado/2018.2/lib/win64.o;C:/Programs/Xilinx/Vivado/2018.2/tps/win64/jre/bin/server;C:/Programs/Xilinx/Vivado/2018.2/tps/win64/jre/bin;C:/Programs/Xilinx/SDK/2018.2/bin;C:/Programs/Xilinx/Vivado/2018.2/ids_lite/ISE/bin/nt64;C:/Programs/Xilinx/Vivado/2018.2/ids_lite/ISE/lib/nt64;C:\Programs\MATLAB\R2018a\bin;C:\Programs\MATLAB\R2018a\bin\win64;C:\Program Files (x86)\Common Files\Oracle\Java\javapath;C:\Windows\system32;C:\Windows;C:\Windows\System32\Wbem;C:\Windows\System32\WindowsPowerShell\v1.0\;C:\Windows\System32\OpenSSH\;C:\Programs\MATLAB\R2018a\runtime\win64;C:\Program Files\PuTTY\;C:\Program Files\MiKTeX 2.9\miktex\bin\x64\;C:\Program Files\Microsoft VS Code\bin;C:\Program Files\TortoiseGit\bin;C:\Program Files\TortoiseHg\;C:\Program Files\TortoiseSVN\bin;C:\Program Files (x86)\Windows Kits\8.0\Windows Performance Toolkit\;C:\Program Files\Microsoft SQL Server\110\Tools\Binn\;C:\Users\Administrator\AppData\Local\Microsoft\WindowsApps;C:\Users\NMLEM1\AppData\Local\Microsoft\WindowsApps;;C:/Programs/Xilinx/Vivado/2018.2\tps\mingw\6.2.0\win64.o\nt\bin;C:/Programs/Xilinx/Vivado/2018.2\tps\mingw\6.2.0\win64.o\nt\libexec\gcc\x86_64-w64-mingw32\6.2.0
USERNAME=NMLEM1
OS=Windows_NT
PROCESSOR_IDENTIFIER=Intel64 Family 6 Model 158 Stepping 9, GenuineIntel



---------------  S Y S T E M  ---------------

OS: Windows 10.0 , 64 bit Build 17134 (10.0.17134.1)

CPU:total 8 (4 cores per cpu, 2 threads per core) family 6 model 158 stepping 9, cmov, cx8, fxsr, mmx, sse, sse2, sse3, ssse3, sse4.1, sse4.2, popcnt, avx, avx2, aes, clmul, erms, rtm, 3dnowpref, lzcnt, ht, tsc, tscinvbit, bmi1, bmi2, adx

Memory: 4k page, physical 16635112k(9842276k free), swap 19125480k(11654700k free)

vm_info: Java HotSpot(TM) 64-Bit Server VM (25.112-b15) for windows-amd64 JRE (1.8.0_112-b15), built on Sep 22 2016 21:31:56 by "java_re" with MS VC++ 10.0 (VS2010)

time: Sat Nov 24 00:36:41 2018
elapsed time: 12607 seconds (0d 3h 30m 7s)

