#-----------------------------------------------------------
# Vivado v2018.2.2 (64-bit)
# SW Build 2348494 on Mon Oct  1 18:25:44 MDT 2018
# IP Build 2318053 on Mon Oct  1 21:44:26 MDT 2018
# Start of session at: Fri Dec  7 23:36:34 2018
# Process ID: 10120
# Current directory: E:/VLSI/Segmentation+detectionCentre/ZYBO_HDMI_MGA/project_1
# Command line: vivado.exe -gui_launcher_event rodinguilauncherevent8896 E:\VLSI\Segmentation+detectionCentre\ZYBO_HDMI_MGA\project_1\project_1.xpr
# Log file: E:/VLSI/Segmentation+detectionCentre/ZYBO_HDMI_MGA/project_1/vivado.log
# Journal file: E:/VLSI/Segmentation+detectionCentre/ZYBO_HDMI_MGA/project_1\vivado.jou
#-----------------------------------------------------------
start_gui
open_project E:/VLSI/Segmentation+detectionCentre/ZYBO_HDMI_MGA/project_1/project_1.xpr
INFO: [Project 1-313] Project file moved from 'C:/Users/NMLEM1/Desktop/Segmentation+detectionCentre/ZYBO_HDMI_MGA/project_1' since last save.
Scanning sources...
Finished scanning sources
INFO: [IP_Flow 19-234] Refreshing IP repositories
INFO: [IP_Flow 19-1700] Loaded user IP repository 'e:/VLSI/Segmentation+detectionCentre/ZYBO_HDMI_MGA/repo'.
INFO: [IP_Flow 19-2313] Loaded Vivado IP repository 'D:/Xilinx/Vivado/2018.2/data/ip'.
INFO: [Common 17-41] Interrupt caught. Command should exit soon.
ERROR: [BD 41-69] Error sourcing TCL script: 
    while executing
"namespace eval ::xilinx.com_ip_aximm_1.0 { source -notrace {D:/Xilinx/Vivado/2018.2/data/rsb/busdef/AXIMM/busdef.tcl} }"
ERROR: [BD 41-69] Error sourcing TCL script: 
    while executing
"source -notrace {D:/Xilinx/Vivado/2018.2/data/rsb/busdef/clock_signal/busdef.tcl} "
    (in namespace eval "::xilinx.com_ip_clock_signal_1.0" script line 1)
    invoked from within
"namespace eval ::xilinx.com_ip_clock_signal_1.0 { source -notrace {D:/Xilinx/Vivado/2018.2/data/rsb/busdef/clock_signal/busdef.tcl} }"
INFO: [Common 17-344] 'open_project' was cancelled
exit
INFO: [Common 17-206] Exiting Vivado at Fri Dec  7 23:43:44 2018...
