
*** Running vivado
    with args -log HDMI_bd_div_yAxis_1.vds -m64 -product Vivado -mode batch -messageDb vivado.pb -notrace -source HDMI_bd_div_yAxis_1.tcl


****** Vivado v2018.2 (64-bit)
  **** SW Build 2258646 on Thu Jun 14 20:03:12 MDT 2018
  **** IP Build 2256618 on Thu Jun 14 22:10:49 MDT 2018
    ** Copyright 1986-2018 Xilinx, Inc. All Rights Reserved.

source HDMI_bd_div_yAxis_1.tcl -notrace
INFO: [IP_Flow 19-4838] Using cached IP synthesis design for IP HDMI_bd_div_yAxis_1, cache-ID = 4349790df4c3559f.
INFO: [Common 17-206] Exiting Vivado at Sat Dec  1 17:34:12 2018...

*** Running vivado
    with args -log HDMI_bd_div_yAxis_1.vds -m64 -product Vivado -mode batch -messageDb vivado.pb -notrace -source HDMI_bd_div_yAxis_1.tcl


****** Vivado v2018.2.1 (64-bit)
  **** SW Build 2288692 on Thu Jul 26 18:24:02 MDT 2018
  **** IP Build 2289599 on Thu Jul 26 21:09:20 MDT 2018
    ** Copyright 1986-2018 Xilinx, Inc. All Rights Reserved.

source HDMI_bd_div_yAxis_1.tcl -notrace
Command: synth_design -top HDMI_bd_div_yAxis_1 -part xc7z020clg400-1 -mode out_of_context
Starting synth_design
Attempting to get a license for feature 'Synthesis' and/or device 'xc7z020'
INFO: [Common 17-349] Got license for feature 'Synthesis' and/or device 'xc7z020'
INFO: Launching helper process for spawning children vivado processes
INFO: Helper process launched with PID 2300 
---------------------------------------------------------------------------------
Starting RTL Elaboration : Time (s): cpu = 00:00:05 ; elapsed = 00:00:06 . Memory (MB): peak = 393.395 ; gain = 97.504
---------------------------------------------------------------------------------
INFO: [Synth 8-638] synthesizing module 'HDMI_bd_div_yAxis_1' [c:/Users/NMLEM1/Desktop/Segmentation+detectionCentre/ZYBO_HDMI_MGA/project_1/project_1.srcs/sources_1/bd/HDMI_bd/ip/HDMI_bd_div_yAxis_1_1/synth/HDMI_bd_div_yAxis_1.vhd:74]
	Parameter C_XDEVICEFAMILY bound to: zynq - type: string 
	Parameter C_HAS_ARESETN bound to: 0 - type: integer 
	Parameter C_HAS_ACLKEN bound to: 1 - type: integer 
	Parameter C_LATENCY bound to: 21 - type: integer 
	Parameter ALGORITHM_TYPE bound to: 3 - type: integer 
	Parameter DIVISOR_WIDTH bound to: 11 - type: integer 
	Parameter DIVIDEND_WIDTH bound to: 18 - type: integer 
	Parameter SIGNED_B bound to: 1 - type: integer 
	Parameter DIVCLK_SEL bound to: 1 - type: integer 
	Parameter FRACTIONAL_B bound to: 1 - type: integer 
	Parameter FRACTIONAL_WIDTH bound to: 0 - type: integer 
	Parameter C_HAS_DIV_BY_ZERO bound to: 0 - type: integer 
	Parameter C_THROTTLE_SCHEME bound to: 3 - type: integer 
	Parameter C_TLAST_RESOLUTION bound to: 0 - type: integer 
	Parameter C_HAS_S_AXIS_DIVISOR_TUSER bound to: 0 - type: integer 
	Parameter C_HAS_S_AXIS_DIVISOR_TLAST bound to: 0 - type: integer 
	Parameter C_S_AXIS_DIVISOR_TDATA_WIDTH bound to: 16 - type: integer 
	Parameter C_S_AXIS_DIVISOR_TUSER_WIDTH bound to: 1 - type: integer 
	Parameter C_HAS_S_AXIS_DIVIDEND_TUSER bound to: 0 - type: integer 
	Parameter C_HAS_S_AXIS_DIVIDEND_TLAST bound to: 0 - type: integer 
	Parameter C_S_AXIS_DIVIDEND_TDATA_WIDTH bound to: 24 - type: integer 
	Parameter C_S_AXIS_DIVIDEND_TUSER_WIDTH bound to: 1 - type: integer 
	Parameter C_M_AXIS_DOUT_TDATA_WIDTH bound to: 24 - type: integer 
	Parameter C_M_AXIS_DOUT_TUSER_WIDTH bound to: 1 - type: integer 
INFO: [Synth 8-3491] module 'div_gen_v5_1_13' declared at 'c:/Users/NMLEM1/Desktop/Segmentation+detectionCentre/ZYBO_HDMI_MGA/project_1/project_1.srcs/sources_1/bd/HDMI_bd/ipshared/c2b3/hdl/div_gen_v5_1_vh_rfs.vhd:13849' bound to instance 'U0' of component 'div_gen_v5_1_13' [c:/Users/NMLEM1/Desktop/Segmentation+detectionCentre/ZYBO_HDMI_MGA/project_1/project_1.srcs/sources_1/bd/HDMI_bd/ip/HDMI_bd_div_yAxis_1_1/synth/HDMI_bd_div_yAxis_1.vhd:160]
WARNING: [Synth 8-5974] attribute "use_dsp48" has been deprecated, please use "use_dsp" instead 
INFO: [Synth 8-256] done synthesizing module 'HDMI_bd_div_yAxis_1' (35#1) [c:/Users/NMLEM1/Desktop/Segmentation+detectionCentre/ZYBO_HDMI_MGA/project_1/project_1.srcs/sources_1/bd/HDMI_bd/ip/HDMI_bd_div_yAxis_1_1/synth/HDMI_bd_div_yAxis_1.vhd:74]
WARNING: [Synth 8-3331] design xbip_pipe_v3_0_5_viv__parameterized70 has unconnected port SCLR
WARNING: [Synth 8-3331] design xbip_pipe_v3_0_5_viv__parameterized70 has unconnected port SSET
WARNING: [Synth 8-3331] design xbip_pipe_v3_0_5_viv__parameterized70 has unconnected port SINIT
WARNING: [Synth 8-3331] design xbip_pipe_v3_0_5_viv__parameterized76 has unconnected port SCLR
WARNING: [Synth 8-3331] design xbip_pipe_v3_0_5_viv__parameterized76 has unconnected port SSET
WARNING: [Synth 8-3331] design xbip_pipe_v3_0_5_viv__parameterized76 has unconnected port SINIT
WARNING: [Synth 8-3331] design xbip_pipe_v3_0_5_viv__parameterized74 has unconnected port SCLR
WARNING: [Synth 8-3331] design xbip_pipe_v3_0_5_viv__parameterized74 has unconnected port SSET
WARNING: [Synth 8-3331] design xbip_pipe_v3_0_5_viv__parameterized74 has unconnected port SINIT
WARNING: [Synth 8-3331] design xbip_pipe_v3_0_5_viv__parameterized66 has unconnected port CLK
WARNING: [Synth 8-3331] design xbip_pipe_v3_0_5_viv__parameterized66 has unconnected port CE
WARNING: [Synth 8-3331] design xbip_pipe_v3_0_5_viv__parameterized66 has unconnected port SCLR
WARNING: [Synth 8-3331] design xbip_pipe_v3_0_5_viv__parameterized66 has unconnected port SSET
WARNING: [Synth 8-3331] design xbip_pipe_v3_0_5_viv__parameterized66 has unconnected port SINIT
WARNING: [Synth 8-3331] design xbip_pipe_v3_0_5_viv__parameterized72 has unconnected port CLK
WARNING: [Synth 8-3331] design xbip_pipe_v3_0_5_viv__parameterized72 has unconnected port CE
WARNING: [Synth 8-3331] design xbip_pipe_v3_0_5_viv__parameterized72 has unconnected port SCLR
WARNING: [Synth 8-3331] design xbip_pipe_v3_0_5_viv__parameterized72 has unconnected port SSET
WARNING: [Synth 8-3331] design xbip_pipe_v3_0_5_viv__parameterized72 has unconnected port SINIT
WARNING: [Synth 8-3331] design xbip_pipe_v3_0_5_viv__parameterized68 has unconnected port SCLR
WARNING: [Synth 8-3331] design xbip_pipe_v3_0_5_viv__parameterized68 has unconnected port SSET
WARNING: [Synth 8-3331] design xbip_pipe_v3_0_5_viv__parameterized68 has unconnected port SINIT
WARNING: [Synth 8-3331] design xbip_pipe_v3_0_5_viv__parameterized64 has unconnected port CLK
WARNING: [Synth 8-3331] design xbip_pipe_v3_0_5_viv__parameterized64 has unconnected port CE
WARNING: [Synth 8-3331] design xbip_pipe_v3_0_5_viv__parameterized64 has unconnected port SCLR
WARNING: [Synth 8-3331] design xbip_pipe_v3_0_5_viv__parameterized64 has unconnected port SSET
WARNING: [Synth 8-3331] design xbip_pipe_v3_0_5_viv__parameterized64 has unconnected port SINIT
WARNING: [Synth 8-3331] design xbip_pipe_v3_0_5_viv__parameterized62 has unconnected port SCLR
WARNING: [Synth 8-3331] design xbip_pipe_v3_0_5_viv__parameterized62 has unconnected port SSET
WARNING: [Synth 8-3331] design xbip_pipe_v3_0_5_viv__parameterized62 has unconnected port SINIT
WARNING: [Synth 8-3331] design xbip_pipe_v3_0_5_viv__parameterized48 has unconnected port SCLR
WARNING: [Synth 8-3331] design xbip_pipe_v3_0_5_viv__parameterized48 has unconnected port SSET
WARNING: [Synth 8-3331] design xbip_pipe_v3_0_5_viv__parameterized48 has unconnected port SINIT
WARNING: [Synth 8-3331] design xbip_pipe_v3_0_5_viv__parameterized46 has unconnected port SCLR
WARNING: [Synth 8-3331] design xbip_pipe_v3_0_5_viv__parameterized46 has unconnected port SSET
WARNING: [Synth 8-3331] design xbip_pipe_v3_0_5_viv__parameterized46 has unconnected port SINIT
WARNING: [Synth 8-3331] design xbip_pipe_v3_0_5_viv__parameterized12 has unconnected port SCLR
WARNING: [Synth 8-3331] design xbip_pipe_v3_0_5_viv__parameterized12 has unconnected port SSET
WARNING: [Synth 8-3331] design xbip_pipe_v3_0_5_viv__parameterized12 has unconnected port SINIT
WARNING: [Synth 8-3331] design flt_dec_op has unconnected port DEC_OP_STATE[11]
WARNING: [Synth 8-3331] design flt_dec_op has unconnected port DEC_OP_STATE[10]
WARNING: [Synth 8-3331] design flt_dec_op has unconnected port DEC_OP_STATE[9]
WARNING: [Synth 8-3331] design flt_dec_op has unconnected port DEC_OP_STATE[8]
WARNING: [Synth 8-3331] design flt_dec_op has unconnected port DIVIDE_BY_ZERO_IN
WARNING: [Synth 8-3331] design xbip_pipe_v3_0_5_viv__parameterized32 has unconnected port SCLR
WARNING: [Synth 8-3331] design xbip_pipe_v3_0_5_viv__parameterized32 has unconnected port SSET
WARNING: [Synth 8-3331] design xbip_pipe_v3_0_5_viv__parameterized32 has unconnected port SINIT
WARNING: [Synth 8-3331] design xbip_pipe_v3_0_5_viv__parameterized42 has unconnected port SCLR
WARNING: [Synth 8-3331] design xbip_pipe_v3_0_5_viv__parameterized42 has unconnected port SSET
WARNING: [Synth 8-3331] design xbip_pipe_v3_0_5_viv__parameterized42 has unconnected port SINIT
WARNING: [Synth 8-3331] design xbip_pipe_v3_0_5_viv__parameterized40 has unconnected port SCLR
WARNING: [Synth 8-3331] design xbip_pipe_v3_0_5_viv__parameterized40 has unconnected port SSET
WARNING: [Synth 8-3331] design xbip_pipe_v3_0_5_viv__parameterized40 has unconnected port SINIT
WARNING: [Synth 8-3331] design fix_to_flt_conv_exp has unconnected port A[9]
WARNING: [Synth 8-3331] design fix_to_flt_conv_exp has unconnected port A[8]
WARNING: [Synth 8-3331] design fix_to_flt_conv_exp has unconnected port A[7]
WARNING: [Synth 8-3331] design fix_to_flt_conv_exp has unconnected port A[6]
WARNING: [Synth 8-3331] design fix_to_flt_conv_exp has unconnected port A[5]
WARNING: [Synth 8-3331] design fix_to_flt_conv_exp has unconnected port A[4]
WARNING: [Synth 8-3331] design fix_to_flt_conv_exp has unconnected port A[3]
WARNING: [Synth 8-3331] design fix_to_flt_conv_exp has unconnected port A[2]
WARNING: [Synth 8-3331] design fix_to_flt_conv_exp has unconnected port A[1]
WARNING: [Synth 8-3331] design fix_to_flt_conv_exp has unconnected port A[0]
WARNING: [Synth 8-3331] design xbip_pipe_v3_0_5_viv__parameterized38 has unconnected port SCLR
WARNING: [Synth 8-3331] design xbip_pipe_v3_0_5_viv__parameterized38 has unconnected port SSET
WARNING: [Synth 8-3331] design xbip_pipe_v3_0_5_viv__parameterized38 has unconnected port SINIT
WARNING: [Synth 8-3331] design carry_chain__parameterized4 has unconnected port B[5]
WARNING: [Synth 8-3331] design xbip_pipe_v3_0_5_viv__parameterized4 has unconnected port CLK
WARNING: [Synth 8-3331] design xbip_pipe_v3_0_5_viv__parameterized4 has unconnected port CE
WARNING: [Synth 8-3331] design xbip_pipe_v3_0_5_viv__parameterized4 has unconnected port SCLR
WARNING: [Synth 8-3331] design xbip_pipe_v3_0_5_viv__parameterized4 has unconnected port SSET
WARNING: [Synth 8-3331] design xbip_pipe_v3_0_5_viv__parameterized4 has unconnected port SINIT
WARNING: [Synth 8-3331] design xbip_pipe_v3_0_5_viv__parameterized36 has unconnected port CLK
WARNING: [Synth 8-3331] design xbip_pipe_v3_0_5_viv__parameterized36 has unconnected port CE
WARNING: [Synth 8-3331] design xbip_pipe_v3_0_5_viv__parameterized36 has unconnected port SCLR
WARNING: [Synth 8-3331] design xbip_pipe_v3_0_5_viv__parameterized36 has unconnected port SSET
WARNING: [Synth 8-3331] design xbip_pipe_v3_0_5_viv__parameterized36 has unconnected port SINIT
WARNING: [Synth 8-3331] design xbip_pipe_v3_0_5_viv__parameterized34 has unconnected port CLK
WARNING: [Synth 8-3331] design xbip_pipe_v3_0_5_viv__parameterized34 has unconnected port CE
WARNING: [Synth 8-3331] design xbip_pipe_v3_0_5_viv__parameterized34 has unconnected port SCLR
WARNING: [Synth 8-3331] design xbip_pipe_v3_0_5_viv__parameterized34 has unconnected port SSET
WARNING: [Synth 8-3331] design xbip_pipe_v3_0_5_viv__parameterized34 has unconnected port SINIT
WARNING: [Synth 8-3331] design xbip_pipe_v3_0_5_viv__parameterized30 has unconnected port CLK
WARNING: [Synth 8-3331] design xbip_pipe_v3_0_5_viv__parameterized30 has unconnected port CE
WARNING: [Synth 8-3331] design xbip_pipe_v3_0_5_viv__parameterized30 has unconnected port SCLR
WARNING: [Synth 8-3331] design xbip_pipe_v3_0_5_viv__parameterized30 has unconnected port SSET
WARNING: [Synth 8-3331] design xbip_pipe_v3_0_5_viv__parameterized30 has unconnected port SINIT
WARNING: [Synth 8-3331] design xbip_pipe_v3_0_5_viv__parameterized28 has unconnected port CLK
WARNING: [Synth 8-3331] design xbip_pipe_v3_0_5_viv__parameterized28 has unconnected port CE
WARNING: [Synth 8-3331] design xbip_pipe_v3_0_5_viv__parameterized28 has unconnected port SCLR
WARNING: [Synth 8-3331] design xbip_pipe_v3_0_5_viv__parameterized28 has unconnected port SSET
WARNING: [Synth 8-3331] design xbip_pipe_v3_0_5_viv__parameterized28 has unconnected port SINIT
WARNING: [Synth 8-3331] design flt_round_bit has unconnected port NORMALIZE[1]
WARNING: [Synth 8-3331] design flt_round_bit has unconnected port FIXED_POINT
WARNING: [Synth 8-3331] design flt_round_bit has unconnected port FIX_MANT_SIGN
WARNING: [Synth 8-3331] design flt_round_bit has unconnected port SIGN
WARNING: [Synth 8-3331] design xbip_pipe_v3_0_5_viv__parameterized8 has unconnected port CLK
WARNING: [Synth 8-3331] design xbip_pipe_v3_0_5_viv__parameterized8 has unconnected port CE
WARNING: [Synth 8-3331] design xbip_pipe_v3_0_5_viv__parameterized8 has unconnected port SCLR
WARNING: [Synth 8-3331] design xbip_pipe_v3_0_5_viv__parameterized8 has unconnected port SSET
INFO: [Common 17-14] Message 'Synth 8-3331' appears 100 times and further instances of the messages will be disabled. Use the Tcl command set_msg_config to change the current settings.
---------------------------------------------------------------------------------
Finished RTL Elaboration : Time (s): cpu = 00:00:31 ; elapsed = 00:00:33 . Memory (MB): peak = 703.633 ; gain = 407.742
---------------------------------------------------------------------------------

Report Check Netlist: 
+------+------------------+-------+---------+-------+------------------+
|      |Item              |Errors |Warnings |Status |Description       |
+------+------------------+-------+---------+-------+------------------+
|1     |multi_driven_nets |      0|        0|Passed |Multi driven nets |
+------+------------------+-------+---------+-------+------------------+
---------------------------------------------------------------------------------
Start Handling Custom Attributes
---------------------------------------------------------------------------------
---------------------------------------------------------------------------------
Finished Handling Custom Attributes : Time (s): cpu = 00:00:31 ; elapsed = 00:00:33 . Memory (MB): peak = 703.633 ; gain = 407.742
---------------------------------------------------------------------------------
---------------------------------------------------------------------------------
Finished RTL Optimization Phase 1 : Time (s): cpu = 00:00:31 ; elapsed = 00:00:33 . Memory (MB): peak = 703.633 ; gain = 407.742
---------------------------------------------------------------------------------
INFO: [Netlist 29-17] Analyzing 60 Unisim elements for replacement
INFO: [Netlist 29-28] Unisim Transformation completed in 0 CPU seconds
INFO: [Device 21-403] Loading part xc7z020clg400-1
INFO: [Project 1-570] Preparing netlist for logic optimization

Processing XDC Constraints
Initializing timing engine
Parsing XDC File [c:/Users/NMLEM1/Desktop/Segmentation+detectionCentre/ZYBO_HDMI_MGA/project_1/project_1.srcs/sources_1/bd/HDMI_bd/ip/HDMI_bd_div_yAxis_1_1/HDMI_bd_div_yAxis_1_ooc.xdc] for cell 'U0'
Finished Parsing XDC File [c:/Users/NMLEM1/Desktop/Segmentation+detectionCentre/ZYBO_HDMI_MGA/project_1/project_1.srcs/sources_1/bd/HDMI_bd/ip/HDMI_bd_div_yAxis_1_1/HDMI_bd_div_yAxis_1_ooc.xdc] for cell 'U0'
Parsing XDC File [C:/Users/NMLEM1/Desktop/Segmentation+detectionCentre/ZYBO_HDMI_MGA/project_1/project_1.runs/HDMI_bd_div_yAxis_1_synth_1/dont_touch.xdc]
Finished Parsing XDC File [C:/Users/NMLEM1/Desktop/Segmentation+detectionCentre/ZYBO_HDMI_MGA/project_1/project_1.runs/HDMI_bd_div_yAxis_1_synth_1/dont_touch.xdc]
Completed Processing XDC Constraints

INFO: [Project 1-111] Unisim Transformation Summary:
  A total of 4 instances were transformed.
  FDE => FDRE: 3 instances
  RAMB16 => RAMB18E1: 1 instances

Constraint Validation Runtime : Time (s): cpu = 00:00:00 ; elapsed = 00:00:00.040 . Memory (MB): peak = 794.305 ; gain = 2.172
---------------------------------------------------------------------------------
Finished Constraint Validation : Time (s): cpu = 00:00:40 ; elapsed = 00:00:43 . Memory (MB): peak = 794.305 ; gain = 498.414
---------------------------------------------------------------------------------
---------------------------------------------------------------------------------
Start Loading Part and Timing Information
---------------------------------------------------------------------------------
Loading part: xc7z020clg400-1
---------------------------------------------------------------------------------
Finished Loading Part and Timing Information : Time (s): cpu = 00:00:40 ; elapsed = 00:00:43 . Memory (MB): peak = 794.305 ; gain = 498.414
---------------------------------------------------------------------------------
---------------------------------------------------------------------------------
Start Applying 'set_property' XDC Constraints
---------------------------------------------------------------------------------
Applied set_property DONT_TOUCH = true for U0. (constraint file  C:/Users/NMLEM1/Desktop/Segmentation+detectionCentre/ZYBO_HDMI_MGA/project_1/project_1.runs/HDMI_bd_div_yAxis_1_synth_1/dont_touch.xdc, line 9).
---------------------------------------------------------------------------------
Finished applying 'set_property' XDC Constraints : Time (s): cpu = 00:00:40 ; elapsed = 00:00:43 . Memory (MB): peak = 794.305 ; gain = 498.414
---------------------------------------------------------------------------------
INFO: [Synth 8-5544] ROM "enc_chunk" won't be mapped to Block RAM because address size (4) smaller than threshold (5)
INFO: [Synth 8-5544] ROM "enc_chunk" won't be mapped to Block RAM because address size (4) smaller than threshold (5)
INFO: [Synth 8-5544] ROM "enc_chunk" won't be mapped to Block RAM because address size (4) smaller than threshold (5)
INFO: [Synth 8-5544] ROM "enc_chunk" won't be mapped to Block RAM because address size (4) smaller than threshold (5)
---------------------------------------------------------------------------------
Finished RTL Optimization Phase 2 : Time (s): cpu = 00:00:41 ; elapsed = 00:00:44 . Memory (MB): peak = 794.305 ; gain = 498.414
---------------------------------------------------------------------------------
INFO: [Synth 8-223] decloning instance 'U0/i_synth/i_zero_fract.i_synth/opt_high_radix.i_zero_fract.i_high_radix/i_fixed.i_fix_to_flt/i_fpo/DELAY_INVALID_OP' (delay__parameterized10) to 'U0/i_synth/i_zero_fract.i_synth/opt_high_radix.i_zero_fract.i_high_radix/i_fixed.i_fix_to_flt/i_fpo/DELAY_DIVIDE_BY_ZERO'
INFO: [Synth 8-223] decloning instance 'U0/i_synth/i_zero_fract.i_synth/opt_high_radix.i_zero_fract.i_high_radix/i_fixed.i_fix_to_flt/i_fpo/DELAY_INVALID_OP' (delay__parameterized10) to 'U0/i_synth/i_zero_fract.i_synth/opt_high_radix.i_zero_fract.i_high_radix/i_fixed.i_fix_to_flt/i_fpo/DELAY_OVERFLOW'
INFO: [Synth 8-223] decloning instance 'U0/i_synth/i_zero_fract.i_synth/opt_high_radix.i_zero_fract.i_high_radix/i_fixed.i_fix_to_flt/i_fpo/DELAY_INVALID_OP' (delay__parameterized10) to 'U0/i_synth/i_zero_fract.i_synth/opt_high_radix.i_zero_fract.i_high_radix/i_fixed.i_fix_to_flt/i_fpo/DELAY_UNDERFLOW'
INFO: [Synth 8-223] decloning instance 'U0/i_synth/i_zero_fract.i_synth/opt_high_radix.i_zero_fract.i_high_radix/i_fixed.i_fix_to_flt/i_fpo/DELAY_INVALID_OP' (delay__parameterized10) to 'U0/i_synth/i_zero_fract.i_synth/opt_high_radix.i_zero_fract.i_high_radix/i_fixed.i_fix_to_flt/i_fpo/DELAY_ACCUM_OVERFLOW'
INFO: [Synth 8-223] decloning instance 'U0/i_synth/i_zero_fract.i_synth/opt_high_radix.i_zero_fract.i_high_radix/i_fixed.i_fix_to_flt/i_fpo/DELAY_INVALID_OP' (delay__parameterized10) to 'U0/i_synth/i_zero_fract.i_synth/opt_high_radix.i_zero_fract.i_high_radix/i_fixed.i_fix_to_flt/i_fpo/DELAY_ACCUM_INPUT_OVERFLOW'
INFO: [Synth 8-223] decloning instance 'U0/i_synth/i_zero_fract.i_synth/opt_high_radix.i_zero_fract.i_high_radix/i_fixed.i_fix_to_flt/i_fpo/FIX_TO_FLT_OP.SPD.OP/ROUND/EXTRA_LSB_BIT_DEL' (delay__parameterized10) to 'U0/i_synth/i_zero_fract.i_synth/opt_high_radix.i_zero_fract.i_high_radix/i_fixed.i_fix_to_flt/i_fpo/FIX_TO_FLT_OP.SPD.OP/ROUND/EXTRA_LSB_RND1_DEL'
INFO: [Synth 8-223] decloning instance 'U0/i_synth/i_zero_fract.i_synth/opt_high_radix.i_zero_fract.i_high_radix/i_fixed.i_fix_to_flt/i_fpo/FIX_TO_FLT_OP.SPD.OP/ROUND/EXP_INC_DELAY' (delay__parameterized10) to 'U0/i_synth/i_zero_fract.i_synth/opt_high_radix.i_zero_fract.i_high_radix/i_fixed.i_fix_to_flt/i_fpo/FIX_TO_FLT_OP.SPD.OP/ROUND/EXP_INC_RND1_DELAY'
INFO: [Synth 8-223] decloning instance 'U0/i_synth/i_zero_fract.i_synth/opt_high_radix.i_zero_fract.i_high_radix/i_fixed.i_fix_to_flt/i_fpo/FIX_TO_FLT_OP.SPD.OP/ROUND/NORMALIZE_DEL' (delay__parameterized15) to 'U0/i_synth/i_zero_fract.i_synth/opt_high_radix.i_zero_fract.i_high_radix/i_fixed.i_fix_to_flt/i_fpo/FIX_TO_FLT_OP.SPD.OP/ROUND/NORMALIZE_RND1_DEL'

Report RTL Partitions: 
+-+--------------+------------+----------+
| |RTL Partition |Replication |Instances |
+-+--------------+------------+----------+
+-+--------------+------------+----------+
---------------------------------------------------------------------------------
Start RTL Component Statistics 
---------------------------------------------------------------------------------
---------------------------------------------------------------------------------
Finished RTL Component Statistics 
---------------------------------------------------------------------------------
---------------------------------------------------------------------------------
Start RTL Hierarchical Component Statistics 
---------------------------------------------------------------------------------
---------------------------------------------------------------------------------
Finished RTL Hierarchical Component Statistics
---------------------------------------------------------------------------------
---------------------------------------------------------------------------------
Start Part Resource Summary
---------------------------------------------------------------------------------
Part Resources:
DSPs: 220 (col length:60)
BRAMs: 280 (col length: RAMB18 60 RAMB36 30)
---------------------------------------------------------------------------------
Finished Part Resource Summary
---------------------------------------------------------------------------------
---------------------------------------------------------------------------------
Start Cross Boundary and Area Optimization
---------------------------------------------------------------------------------
Warning: Parallel synthesis criteria is not met 
INFO: [Synth 8-5544] ROM "FIX_TO_FLT_OP.SPD.OP/LZE/enc_chunk" won't be mapped to Block RAM because address size (4) smaller than threshold (5)
INFO: [Synth 8-5544] ROM "FIX_TO_FLT_OP.SPD.OP/LZE/enc_chunk" won't be mapped to Block RAM because address size (4) smaller than threshold (5)
INFO: [Synth 8-5544] ROM "FIX_TO_FLT_OP.SPD.OP/LZE/enc_chunk" won't be mapped to Block RAM because address size (4) smaller than threshold (5)
INFO: [Synth 8-5544] ROM "FIX_TO_FLT_OP.SPD.OP/LZE/enc_chunk" won't be mapped to Block RAM because address size (4) smaller than threshold (5)
WARNING: [Synth 8-115] binding instance 'i_97' in module 'partition' to reference 'logic__244' which has no pins
WARNING: [Synth 8-115] binding instance 'i_98' in module 'partition' to reference 'logic__245' which has no pins
WARNING: [Synth 8-115] binding instance 'i_99' in module 'partition' to reference 'logic__246' which has no pins
WARNING: [Synth 8-115] binding instance 'i_100' in module 'partition' to reference 'logic__247' which has no pins
WARNING: [Synth 8-115] binding instance 'i_101' in module 'partition' to reference 'logic__248' which has no pins
WARNING: [Synth 8-115] binding instance 'i_102' in module 'partition' to reference 'logic__249' which has no pins
INFO: [Synth 8-3333] propagating constant 0 across sequential element (U0/i_synth/\i_zero_fract.i_synth/opt_high_radix.i_zero_fract.i_high_radix/i_denom_est_bypass/opt_has_pipe.first_q_reg[11] )
INFO: [Synth 8-3333] propagating constant 0 across sequential element (U0/i_synth/\i_zero_fract.i_synth/opt_high_radix.i_zero_fract.i_high_radix/i_estimator/i_x_bypass/opt_has_pipe.first_q_reg[0] )
INFO: [Synth 8-3333] propagating constant 0 across sequential element (U0/i_synth/\i_zero_fract.i_synth/opt_high_radix.i_zero_fract.i_high_radix/i_estimator/i_x_bypass/opt_has_pipe.first_q_reg[1] )
INFO: [Synth 8-3333] propagating constant 0 across sequential element (U0/i_synth/\i_zero_fract.i_synth/opt_high_radix.i_zero_fract.i_high_radix/i_estimator/i_x_bypass/opt_has_pipe.first_q_reg[2] )
INFO: [Synth 8-3333] propagating constant 0 across sequential element (U0/i_synth/\i_zero_fract.i_synth/opt_high_radix.i_zero_fract.i_high_radix/i_estimator/i_x_bypass/opt_has_pipe.first_q_reg[3] )
INFO: [Synth 8-3333] propagating constant 0 across sequential element (U0/i_synth/\i_zero_fract.i_synth/opt_high_radix.i_zero_fract.i_high_radix/i_estimator/i_x_bypass/opt_has_pipe.first_q_reg[4] )
INFO: [Synth 8-3333] propagating constant 0 across sequential element (U0/i_synth/\i_zero_fract.i_synth/opt_high_radix.i_zero_fract.i_high_radix/i_estimator/i_x_bypass/opt_has_pipe.first_q_reg[5] )
INFO: [Synth 8-3333] propagating constant 0 across sequential element (U0/i_synth/\i_zero_fract.i_synth/opt_high_radix.i_zero_fract.i_high_radix/i_estimator/i_x_bypass/opt_has_pipe.first_q_reg[6] )
INFO: [Synth 8-3333] propagating constant 0 across sequential element (U0/i_synth/\i_zero_fract.i_synth/opt_high_radix.i_zero_fract.i_high_radix/i_estimator/i_x_bypass/opt_has_pipe.first_q_reg[7] )
INFO: [Synth 8-3333] propagating constant 0 across sequential element (U0/i_synth/\i_zero_fract.i_synth/opt_high_radix.i_zero_fract.i_high_radix/i_estimator/i_x_bypass/opt_has_pipe.first_q_reg[8] )
INFO: [Synth 8-3333] propagating constant 0 across sequential element (U0/i_synth/\i_zero_fract.i_synth/opt_high_radix.i_zero_fract.i_high_radix/i_estimator/i_x_bypass/opt_has_pipe.first_q_reg[9] )
INFO: [Synth 8-3333] propagating constant 0 across sequential element (U0/i_synth/\i_zero_fract.i_synth/opt_high_radix.i_zero_fract.i_high_radix/i_estimator/i_x_bypass/opt_has_pipe.first_q_reg[10] )
INFO: [Synth 8-3333] propagating constant 0 across sequential element (U0/i_synth/\i_zero_fract.i_synth/opt_high_radix.i_zero_fract.i_high_radix/i_estimator/i_x_bypass/opt_has_pipe.first_q_reg[11] )
INFO: [Synth 8-3333] propagating constant 0 across sequential element (U0/i_synth/\i_zero_fract.i_synth/opt_high_radix.i_zero_fract.i_high_radix/i_estimator/i_x_bypass/opt_has_pipe.first_q_reg[12] )
INFO: [Synth 8-3333] propagating constant 0 across sequential element (U0/i_synth/\i_zero_fract.i_synth/opt_high_radix.i_zero_fract.i_high_radix/i_estimator/i_x_bypass/opt_has_pipe.first_q_reg[13] )
INFO: [Synth 8-3333] propagating constant 0 across sequential element (U0/i_synth/\i_zero_fract.i_synth/opt_high_radix.i_zero_fract.i_high_radix/i_estimator/i_x_bypass/opt_has_pipe.first_q_reg[14] )
INFO: [Synth 8-3333] propagating constant 0 across sequential element (U0/i_synth/\i_zero_fract.i_synth/opt_high_radix.i_zero_fract.i_high_radix/i_estimator/i_x_bypass/opt_has_pipe.first_q_reg[15] )
INFO: [Synth 8-3886] merging instance 'U0/i_synth/i_zero_fract.i_synth/opt_high_radix.i_zero_fract.i_high_radix/NEW_CODE.ND_DEL.delay_line_reg[11]' (FD) to 'U0/i_synth/i_zero_fract.i_synth/opt_high_radix.i_zero_fract.i_high_radix/NEW_CODE.ND_DEL.nd_d1_reg'
INFO: [Synth 8-3333] propagating constant 0 across sequential element (U0/i_synth/\i_zero_fract.i_synth/opt_high_radix.i_zero_fract.i_high_radix/i_flow_ctrl/nd_pipe_reg[0] )
INFO: [Synth 8-3886] merging instance 'U0/i_synth/i_zero_fract.i_synth/opt_high_radix.i_zero_fract.i_high_radix/i_denom_est_bypass/opt_has_pipe.i_pipe[2].pipe_reg[2][11]' (FDE) to 'U0/i_synth/i_zero_fract.i_synth/opt_high_radix.i_zero_fract.i_high_radix/i_estimator/i_x_bypass/opt_has_pipe.i_pipe[2].pipe_reg[2][15]'
INFO: [Synth 8-3886] merging instance 'U0/i_synth/i_zero_fract.i_synth/opt_high_radix.i_zero_fract.i_high_radix/i_estimator/i_x_bypass/opt_has_pipe.first_q_reg[0]' (FDE) to 'U0/i_synth/i_zero_fract.i_synth/opt_high_radix.i_zero_fract.i_high_radix/i_estimator/i_x_bypass/opt_has_pipe.i_pipe[2].pipe_reg[2][15]'
INFO: [Synth 8-3886] merging instance 'U0/i_synth/i_zero_fract.i_synth/opt_high_radix.i_zero_fract.i_high_radix/i_estimator/i_x_bypass/opt_has_pipe.first_q_reg[1]' (FDE) to 'U0/i_synth/i_zero_fract.i_synth/opt_high_radix.i_zero_fract.i_high_radix/i_estimator/i_x_bypass/opt_has_pipe.i_pipe[2].pipe_reg[2][15]'
INFO: [Synth 8-3886] merging instance 'U0/i_synth/i_zero_fract.i_synth/opt_high_radix.i_zero_fract.i_high_radix/i_estimator/i_x_bypass/opt_has_pipe.first_q_reg[2]' (FDE) to 'U0/i_synth/i_zero_fract.i_synth/opt_high_radix.i_zero_fract.i_high_radix/i_estimator/i_x_bypass/opt_has_pipe.i_pipe[2].pipe_reg[2][15]'
INFO: [Synth 8-3886] merging instance 'U0/i_synth/i_zero_fract.i_synth/opt_high_radix.i_zero_fract.i_high_radix/i_estimator/i_x_bypass/opt_has_pipe.first_q_reg[3]' (FDE) to 'U0/i_synth/i_zero_fract.i_synth/opt_high_radix.i_zero_fract.i_high_radix/i_estimator/i_x_bypass/opt_has_pipe.i_pipe[2].pipe_reg[2][15]'
INFO: [Synth 8-3886] merging instance 'U0/i_synth/i_zero_fract.i_synth/opt_high_radix.i_zero_fract.i_high_radix/i_estimator/i_x_bypass/opt_has_pipe.first_q_reg[4]' (FDE) to 'U0/i_synth/i_zero_fract.i_synth/opt_high_radix.i_zero_fract.i_high_radix/i_estimator/i_x_bypass/opt_has_pipe.i_pipe[2].pipe_reg[2][15]'
INFO: [Synth 8-3886] merging instance 'U0/i_synth/i_zero_fract.i_synth/opt_high_radix.i_zero_fract.i_high_radix/i_estimator/i_x_bypass/opt_has_pipe.first_q_reg[5]' (FDE) to 'U0/i_synth/i_zero_fract.i_synth/opt_high_radix.i_zero_fract.i_high_radix/i_estimator/i_x_bypass/opt_has_pipe.i_pipe[2].pipe_reg[2][15]'
INFO: [Synth 8-3886] merging instance 'U0/i_synth/i_zero_fract.i_synth/opt_high_radix.i_zero_fract.i_high_radix/i_estimator/i_x_bypass/opt_has_pipe.first_q_reg[6]' (FDE) to 'U0/i_synth/i_zero_fract.i_synth/opt_high_radix.i_zero_fract.i_high_radix/i_estimator/i_x_bypass/opt_has_pipe.i_pipe[2].pipe_reg[2][15]'
INFO: [Synth 8-3886] merging instance 'U0/i_synth/i_zero_fract.i_synth/opt_high_radix.i_zero_fract.i_high_radix/i_estimator/i_x_bypass/opt_has_pipe.first_q_reg[7]' (FDE) to 'U0/i_synth/i_zero_fract.i_synth/opt_high_radix.i_zero_fract.i_high_radix/i_estimator/i_x_bypass/opt_has_pipe.i_pipe[2].pipe_reg[2][15]'
INFO: [Synth 8-3886] merging instance 'U0/i_synth/i_zero_fract.i_synth/opt_high_radix.i_zero_fract.i_high_radix/i_estimator/i_x_bypass/opt_has_pipe.first_q_reg[8]' (FDE) to 'U0/i_synth/i_zero_fract.i_synth/opt_high_radix.i_zero_fract.i_high_radix/i_estimator/i_x_bypass/opt_has_pipe.i_pipe[2].pipe_reg[2][15]'
INFO: [Synth 8-3886] merging instance 'U0/i_synth/i_zero_fract.i_synth/opt_high_radix.i_zero_fract.i_high_radix/i_estimator/i_x_bypass/opt_has_pipe.first_q_reg[9]' (FDE) to 'U0/i_synth/i_zero_fract.i_synth/opt_high_radix.i_zero_fract.i_high_radix/i_estimator/i_x_bypass/opt_has_pipe.i_pipe[2].pipe_reg[2][15]'
INFO: [Synth 8-3886] merging instance 'U0/i_synth/i_zero_fract.i_synth/opt_high_radix.i_zero_fract.i_high_radix/i_estimator/i_x_bypass/opt_has_pipe.first_q_reg[10]' (FDE) to 'U0/i_synth/i_zero_fract.i_synth/opt_high_radix.i_zero_fract.i_high_radix/i_estimator/i_x_bypass/opt_has_pipe.i_pipe[2].pipe_reg[2][15]'
INFO: [Synth 8-3886] merging instance 'U0/i_synth/i_zero_fract.i_synth/opt_high_radix.i_zero_fract.i_high_radix/i_estimator/i_x_bypass/opt_has_pipe.first_q_reg[11]' (FDE) to 'U0/i_synth/i_zero_fract.i_synth/opt_high_radix.i_zero_fract.i_high_radix/i_estimator/i_x_bypass/opt_has_pipe.i_pipe[2].pipe_reg[2][15]'
INFO: [Synth 8-3886] merging instance 'U0/i_synth/i_zero_fract.i_synth/opt_high_radix.i_zero_fract.i_high_radix/i_estimator/i_x_bypass/opt_has_pipe.first_q_reg[12]' (FDE) to 'U0/i_synth/i_zero_fract.i_synth/opt_high_radix.i_zero_fract.i_high_radix/i_estimator/i_x_bypass/opt_has_pipe.i_pipe[2].pipe_reg[2][15]'
INFO: [Synth 8-3886] merging instance 'U0/i_synth/i_zero_fract.i_synth/opt_high_radix.i_zero_fract.i_high_radix/i_estimator/i_x_bypass/opt_has_pipe.first_q_reg[13]' (FDE) to 'U0/i_synth/i_zero_fract.i_synth/opt_high_radix.i_zero_fract.i_high_radix/i_estimator/i_x_bypass/opt_has_pipe.i_pipe[2].pipe_reg[2][15]'
INFO: [Synth 8-3886] merging instance 'U0/i_synth/i_zero_fract.i_synth/opt_high_radix.i_zero_fract.i_high_radix/i_estimator/i_x_bypass/opt_has_pipe.first_q_reg[14]' (FDE) to 'U0/i_synth/i_zero_fract.i_synth/opt_high_radix.i_zero_fract.i_high_radix/i_estimator/i_x_bypass/opt_has_pipe.i_pipe[2].pipe_reg[2][15]'
INFO: [Synth 8-3886] merging instance 'U0/i_synth/i_zero_fract.i_synth/opt_high_radix.i_zero_fract.i_high_radix/i_estimator/i_x_bypass/opt_has_pipe.first_q_reg[15]' (FDE) to 'U0/i_synth/i_zero_fract.i_synth/opt_high_radix.i_zero_fract.i_high_radix/i_estimator/i_x_bypass/opt_has_pipe.i_pipe[2].pipe_reg[2][15]'
INFO: [Synth 8-3886] merging instance 'U0/i_synth/i_zero_fract.i_synth/opt_high_radix.i_zero_fract.i_high_radix/i_denom_est_bypass/opt_has_pipe.first_q_reg[11]' (FDE) to 'U0/i_synth/i_zero_fract.i_synth/opt_high_radix.i_zero_fract.i_high_radix/i_estimator/i_x_bypass/opt_has_pipe.i_pipe[2].pipe_reg[2][15]'
INFO: [Synth 8-3886] merging instance 'U0/i_synth/i_zero_fract.i_synth/opt_high_radix.i_zero_fract.i_high_radix/i_estimator/i_x_bypass/opt_has_pipe.i_pipe[2].pipe_reg[2][0]' (FDE) to 'U0/i_synth/i_zero_fract.i_synth/opt_high_radix.i_zero_fract.i_high_radix/i_estimator/i_x_bypass/opt_has_pipe.i_pipe[2].pipe_reg[2][15]'
INFO: [Synth 8-3886] merging instance 'U0/i_synth/i_zero_fract.i_synth/opt_high_radix.i_zero_fract.i_high_radix/i_estimator/i_x_bypass/opt_has_pipe.i_pipe[2].pipe_reg[2][1]' (FDE) to 'U0/i_synth/i_zero_fract.i_synth/opt_high_radix.i_zero_fract.i_high_radix/i_estimator/i_x_bypass/opt_has_pipe.i_pipe[2].pipe_reg[2][15]'
INFO: [Synth 8-3886] merging instance 'U0/i_synth/i_zero_fract.i_synth/opt_high_radix.i_zero_fract.i_high_radix/i_estimator/i_x_bypass/opt_has_pipe.i_pipe[2].pipe_reg[2][2]' (FDE) to 'U0/i_synth/i_zero_fract.i_synth/opt_high_radix.i_zero_fract.i_high_radix/i_estimator/i_x_bypass/opt_has_pipe.i_pipe[2].pipe_reg[2][15]'
INFO: [Synth 8-3886] merging instance 'U0/i_synth/i_zero_fract.i_synth/opt_high_radix.i_zero_fract.i_high_radix/i_estimator/i_x_bypass/opt_has_pipe.i_pipe[2].pipe_reg[2][3]' (FDE) to 'U0/i_synth/i_zero_fract.i_synth/opt_high_radix.i_zero_fract.i_high_radix/i_estimator/i_x_bypass/opt_has_pipe.i_pipe[2].pipe_reg[2][15]'
INFO: [Synth 8-3886] merging instance 'U0/i_synth/i_zero_fract.i_synth/opt_high_radix.i_zero_fract.i_high_radix/i_estimator/i_x_bypass/opt_has_pipe.i_pipe[2].pipe_reg[2][4]' (FDE) to 'U0/i_synth/i_zero_fract.i_synth/opt_high_radix.i_zero_fract.i_high_radix/i_estimator/i_x_bypass/opt_has_pipe.i_pipe[2].pipe_reg[2][15]'
INFO: [Synth 8-3886] merging instance 'U0/i_synth/i_zero_fract.i_synth/opt_high_radix.i_zero_fract.i_high_radix/i_estimator/i_x_bypass/opt_has_pipe.i_pipe[2].pipe_reg[2][5]' (FDE) to 'U0/i_synth/i_zero_fract.i_synth/opt_high_radix.i_zero_fract.i_high_radix/i_estimator/i_x_bypass/opt_has_pipe.i_pipe[2].pipe_reg[2][15]'
INFO: [Synth 8-3886] merging instance 'U0/i_synth/i_zero_fract.i_synth/opt_high_radix.i_zero_fract.i_high_radix/i_estimator/i_x_bypass/opt_has_pipe.i_pipe[2].pipe_reg[2][6]' (FDE) to 'U0/i_synth/i_zero_fract.i_synth/opt_high_radix.i_zero_fract.i_high_radix/i_estimator/i_x_bypass/opt_has_pipe.i_pipe[2].pipe_reg[2][15]'
INFO: [Synth 8-3886] merging instance 'U0/i_synth/i_zero_fract.i_synth/opt_high_radix.i_zero_fract.i_high_radix/i_estimator/i_x_bypass/opt_has_pipe.i_pipe[2].pipe_reg[2][7]' (FDE) to 'U0/i_synth/i_zero_fract.i_synth/opt_high_radix.i_zero_fract.i_high_radix/i_estimator/i_x_bypass/opt_has_pipe.i_pipe[2].pipe_reg[2][15]'
INFO: [Synth 8-3886] merging instance 'U0/i_synth/i_zero_fract.i_synth/opt_high_radix.i_zero_fract.i_high_radix/i_estimator/i_x_bypass/opt_has_pipe.i_pipe[2].pipe_reg[2][8]' (FDE) to 'U0/i_synth/i_zero_fract.i_synth/opt_high_radix.i_zero_fract.i_high_radix/i_estimator/i_x_bypass/opt_has_pipe.i_pipe[2].pipe_reg[2][15]'
INFO: [Synth 8-3886] merging instance 'U0/i_synth/i_zero_fract.i_synth/opt_high_radix.i_zero_fract.i_high_radix/i_estimator/i_x_bypass/opt_has_pipe.i_pipe[2].pipe_reg[2][9]' (FDE) to 'U0/i_synth/i_zero_fract.i_synth/opt_high_radix.i_zero_fract.i_high_radix/i_estimator/i_x_bypass/opt_has_pipe.i_pipe[2].pipe_reg[2][15]'
INFO: [Synth 8-3886] merging instance 'U0/i_synth/i_zero_fract.i_synth/opt_high_radix.i_zero_fract.i_high_radix/i_estimator/i_x_bypass/opt_has_pipe.i_pipe[2].pipe_reg[2][10]' (FDE) to 'U0/i_synth/i_zero_fract.i_synth/opt_high_radix.i_zero_fract.i_high_radix/i_estimator/i_x_bypass/opt_has_pipe.i_pipe[2].pipe_reg[2][15]'
INFO: [Synth 8-3886] merging instance 'U0/i_synth/i_zero_fract.i_synth/opt_high_radix.i_zero_fract.i_high_radix/i_estimator/i_x_bypass/opt_has_pipe.i_pipe[2].pipe_reg[2][11]' (FDE) to 'U0/i_synth/i_zero_fract.i_synth/opt_high_radix.i_zero_fract.i_high_radix/i_estimator/i_x_bypass/opt_has_pipe.i_pipe[2].pipe_reg[2][15]'
INFO: [Synth 8-3886] merging instance 'U0/i_synth/i_zero_fract.i_synth/opt_high_radix.i_zero_fract.i_high_radix/i_estimator/i_x_bypass/opt_has_pipe.i_pipe[2].pipe_reg[2][12]' (FDE) to 'U0/i_synth/i_zero_fract.i_synth/opt_high_radix.i_zero_fract.i_high_radix/i_estimator/i_x_bypass/opt_has_pipe.i_pipe[2].pipe_reg[2][15]'
INFO: [Synth 8-3886] merging instance 'U0/i_synth/i_zero_fract.i_synth/opt_high_radix.i_zero_fract.i_high_radix/i_estimator/i_x_bypass/opt_has_pipe.i_pipe[2].pipe_reg[2][13]' (FDE) to 'U0/i_synth/i_zero_fract.i_synth/opt_high_radix.i_zero_fract.i_high_radix/i_estimator/i_x_bypass/opt_has_pipe.i_pipe[2].pipe_reg[2][15]'
INFO: [Synth 8-3886] merging instance 'U0/i_synth/i_zero_fract.i_synth/opt_high_radix.i_zero_fract.i_high_radix/i_estimator/i_x_bypass/opt_has_pipe.i_pipe[2].pipe_reg[2][14]' (FDE) to 'U0/i_synth/i_zero_fract.i_synth/opt_high_radix.i_zero_fract.i_high_radix/i_estimator/i_x_bypass/opt_has_pipe.i_pipe[2].pipe_reg[2][15]'
INFO: [Synth 8-3333] propagating constant 0 across sequential element (U0/i_synth/\i_zero_fract.i_synth/opt_high_radix.i_zero_fract.i_high_radix/i_estimator/i_x_bypass/opt_has_pipe.i_pipe[2].pipe_reg[2][15] )
INFO: [Synth 8-3886] merging instance 'U0/i_synth/i_zero_fract.i_synth/opt_high_radix.i_zero_fract.i_high_radix/i_estimator/i_x_bypass/opt_has_pipe.i_pipe[2].pipe_reg[2][15]' (FDE) to 'U0/i_synth/i_zero_fract.i_synth/opt_high_radix.i_zero_fract.i_high_radix/i_denom_est_bypass/opt_has_pipe.i_pipe[3].pipe_reg[3][11]'
INFO: [Synth 8-3333] propagating constant 0 across sequential element (U0/i_synth/\i_zero_fract.i_synth/opt_high_radix.i_zero_fract.i_high_radix/i_denom_est_bypass/opt_has_pipe.i_pipe[3].pipe_reg[3][11] )
INFO: [Synth 8-3886] merging instance 'U0/i_synth/i_zero_fract.i_synth/opt_high_radix.i_zero_fract.i_high_radix/i_denom_est_bypass/opt_has_pipe.i_pipe[4].pipe_reg[4][11]' (FDE) to 'U0/i_synth/i_zero_fract.i_synth/opt_high_radix.i_zero_fract.i_high_radix/i_denom_est_bypass/opt_has_pipe.i_pipe[3].pipe_reg[3][11]'
INFO: [Synth 8-3333] propagating constant 0 across sequential element (U0/i_synth/\i_zero_fract.i_synth/opt_high_radix.i_zero_fract.i_high_radix/i_denom_est_bypass/opt_has_pipe.i_pipe[3].pipe_reg[3][11] )
INFO: [Synth 8-3886] merging instance 'U0/i_synth/i_zero_fract.i_synth/opt_high_radix.i_zero_fract.i_high_radix/i_denom_est_bypass/opt_has_pipe.i_pipe[5].pipe_reg[5][11]' (FDE) to 'U0/i_synth/i_zero_fract.i_synth/opt_high_radix.i_zero_fract.i_high_radix/i_denom_est_bypass/opt_has_pipe.i_pipe[3].pipe_reg[3][11]'
INFO: [Synth 8-3333] propagating constant 0 across sequential element (U0/i_synth/\i_zero_fract.i_synth/opt_high_radix.i_zero_fract.i_high_radix/i_denom_est_bypass/opt_has_pipe.i_pipe[3].pipe_reg[3][11] )
INFO: [Synth 8-3332] Sequential element (i_nd_to_rdy/opt_has_pipe.i_pipe[2].pipe_reg[2][0]) is unused and will be removed from module floating_point_v7_0_15_viv.
INFO: [Synth 8-3332] Sequential element (i_nd_to_rdy/opt_has_pipe.i_pipe[3].pipe_reg[3][0]) is unused and will be removed from module floating_point_v7_0_15_viv.
INFO: [Synth 8-3332] Sequential element (i_nd_to_rdy/opt_has_pipe.i_pipe[4].pipe_reg[4][0]) is unused and will be removed from module floating_point_v7_0_15_viv.
INFO: [Synth 8-3332] Sequential element (i_nd_to_rdy/opt_has_pipe.i_pipe[5].pipe_reg[5][0]) is unused and will be removed from module floating_point_v7_0_15_viv.
INFO: [Synth 8-3332] Sequential element (i_nd_to_rdy/opt_has_pipe.i_pipe[6].pipe_reg[6][0]) is unused and will be removed from module floating_point_v7_0_15_viv.
INFO: [Synth 8-3332] Sequential element (FIX_TO_FLT_OP.SPD.OP/EXP/EXP_MOD_DEL/i_pipe/opt_has_pipe.first_q_reg[5]) is unused and will be removed from module floating_point_v7_0_15_viv.
INFO: [Synth 8-3332] Sequential element (FIX_TO_FLT_OP.SPD.OP/OP/RESULT_REG.NORMAL.exp_op_reg[5]) is unused and will be removed from module floating_point_v7_0_15_viv.
INFO: [Synth 8-3332] Sequential element (FIX_TO_FLT_OP.SPD.OP/NORM_SHIFT/MUX_LOOP[0].DEL_SHIFT/i_pipe/opt_has_pipe.first_q_reg[0]) is unused and will be removed from module floating_point_v7_0_15_viv.
INFO: [Synth 8-3332] Sequential element (FIX_TO_FLT_OP.SPD.OP/NORM_SHIFT/MUX_LOOP[1].DEL_SHIFT/i_pipe/opt_has_pipe.first_q_reg[0]) is unused and will be removed from module floating_point_v7_0_15_viv.
INFO: [Synth 8-3332] Sequential element (i_zero_fract.i_synth/opt_high_radix.i_zero_fract.i_high_radix/i_flow_ctrl/nd_pipe_reg[21]) is unused and will be removed from module div_gen_v5_1_13_viv.
INFO: [Synth 8-3332] Sequential element (i_zero_fract.i_synth/opt_high_radix.i_zero_fract.i_high_radix/i_flow_ctrl/nd_pipe_reg[20]) is unused and will be removed from module div_gen_v5_1_13_viv.
INFO: [Synth 8-3332] Sequential element (i_zero_fract.i_synth/opt_high_radix.i_zero_fract.i_high_radix/i_flow_ctrl/nd_pipe_reg[19]) is unused and will be removed from module div_gen_v5_1_13_viv.
INFO: [Synth 8-3332] Sequential element (i_zero_fract.i_synth/opt_high_radix.i_zero_fract.i_high_radix/i_flow_ctrl/nd_pipe_reg[18]) is unused and will be removed from module div_gen_v5_1_13_viv.
INFO: [Synth 8-3332] Sequential element (i_zero_fract.i_synth/opt_high_radix.i_zero_fract.i_high_radix/i_flow_ctrl/nd_pipe_reg[17]) is unused and will be removed from module div_gen_v5_1_13_viv.
INFO: [Synth 8-3332] Sequential element (i_zero_fract.i_synth/opt_high_radix.i_zero_fract.i_high_radix/i_flow_ctrl/nd_pipe_reg[16]) is unused and will be removed from module div_gen_v5_1_13_viv.
INFO: [Synth 8-3332] Sequential element (i_zero_fract.i_synth/opt_high_radix.i_zero_fract.i_high_radix/i_flow_ctrl/nd_pipe_reg[15]) is unused and will be removed from module div_gen_v5_1_13_viv.
INFO: [Synth 8-3332] Sequential element (i_zero_fract.i_synth/opt_high_radix.i_zero_fract.i_high_radix/i_flow_ctrl/nd_pipe_reg[14]) is unused and will be removed from module div_gen_v5_1_13_viv.
INFO: [Synth 8-3332] Sequential element (i_zero_fract.i_synth/opt_high_radix.i_zero_fract.i_high_radix/i_flow_ctrl/nd_pipe_reg[13]) is unused and will be removed from module div_gen_v5_1_13_viv.
INFO: [Synth 8-3332] Sequential element (i_zero_fract.i_synth/opt_high_radix.i_zero_fract.i_high_radix/i_flow_ctrl/nd_pipe_reg[12]) is unused and will be removed from module div_gen_v5_1_13_viv.
INFO: [Synth 8-3332] Sequential element (i_zero_fract.i_synth/opt_high_radix.i_zero_fract.i_high_radix/i_flow_ctrl/nd_pipe_reg[11]) is unused and will be removed from module div_gen_v5_1_13_viv.
INFO: [Synth 8-3332] Sequential element (i_zero_fract.i_synth/opt_high_radix.i_zero_fract.i_high_radix/i_flow_ctrl/nd_pipe_reg[10]) is unused and will be removed from module div_gen_v5_1_13_viv.
INFO: [Synth 8-3332] Sequential element (i_zero_fract.i_synth/opt_high_radix.i_zero_fract.i_high_radix/i_flow_ctrl/nd_pipe_reg[9]) is unused and will be removed from module div_gen_v5_1_13_viv.
INFO: [Synth 8-3332] Sequential element (i_zero_fract.i_synth/opt_high_radix.i_zero_fract.i_high_radix/i_flow_ctrl/nd_pipe_reg[8]) is unused and will be removed from module div_gen_v5_1_13_viv.
INFO: [Synth 8-3332] Sequential element (i_zero_fract.i_synth/opt_high_radix.i_zero_fract.i_high_radix/i_flow_ctrl/nd_pipe_reg[7]) is unused and will be removed from module div_gen_v5_1_13_viv.
INFO: [Synth 8-3332] Sequential element (i_zero_fract.i_synth/opt_high_radix.i_zero_fract.i_high_radix/i_flow_ctrl/nd_pipe_reg[6]) is unused and will be removed from module div_gen_v5_1_13_viv.
INFO: [Synth 8-3332] Sequential element (i_zero_fract.i_synth/opt_high_radix.i_zero_fract.i_high_radix/i_flow_ctrl/nd_pipe_reg[5]) is unused and will be removed from module div_gen_v5_1_13_viv.
INFO: [Synth 8-3332] Sequential element (i_zero_fract.i_synth/opt_high_radix.i_zero_fract.i_high_radix/i_flow_ctrl/nd_pipe_reg[0]) is unused and will be removed from module div_gen_v5_1_13_viv.
INFO: [Synth 8-3332] Sequential element (i_zero_fract.i_synth/opt_high_radix.i_zero_fract.i_high_radix/i_denom_est_bypass/opt_has_pipe.i_pipe[3].pipe_reg[3][11]) is unused and will be removed from module div_gen_v5_1_13_viv.
---------------------------------------------------------------------------------
Finished Cross Boundary and Area Optimization : Time (s): cpu = 00:00:42 ; elapsed = 00:00:46 . Memory (MB): peak = 794.305 ; gain = 498.414
---------------------------------------------------------------------------------

Report RTL Partitions: 
+-+--------------+------------+----------+
| |RTL Partition |Replication |Instances |
+-+--------------+------------+----------+
+-+--------------+------------+----------+
---------------------------------------------------------------------------------
Start Applying XDC Timing Constraints
---------------------------------------------------------------------------------
---------------------------------------------------------------------------------
Finished Applying XDC Timing Constraints : Time (s): cpu = 00:00:53 ; elapsed = 00:00:57 . Memory (MB): peak = 857.527 ; gain = 561.637
---------------------------------------------------------------------------------
---------------------------------------------------------------------------------
Start Timing Optimization
---------------------------------------------------------------------------------
---------------------------------------------------------------------------------
Finished Timing Optimization : Time (s): cpu = 00:00:53 ; elapsed = 00:00:57 . Memory (MB): peak = 870.020 ; gain = 574.129
---------------------------------------------------------------------------------

Report RTL Partitions: 
+-+--------------+------------+----------+
| |RTL Partition |Replication |Instances |
+-+--------------+------------+----------+
+-+--------------+------------+----------+
---------------------------------------------------------------------------------
Start Technology Mapping
---------------------------------------------------------------------------------
INFO: [Synth 8-3886] merging instance 'U0/i_synth/i_zero_fract.i_synth/opt_high_radix.i_zero_fract.i_high_radix/NEW_CODE.ND_DEL.delay_line_reg[1]' (FDE) to 'U0/i_synth/i_zero_fract.i_synth/opt_high_radix.i_zero_fract.i_high_radix/i_flow_ctrl/nd_pipe_reg[1]'
INFO: [Synth 8-3886] merging instance 'U0/i_synth/i_zero_fract.i_synth/opt_high_radix.i_zero_fract.i_high_radix/NEW_CODE.ND_DEL.delay_line_reg[2]' (FDE) to 'U0/i_synth/i_zero_fract.i_synth/opt_high_radix.i_zero_fract.i_high_radix/i_flow_ctrl/nd_pipe_reg[2]'
INFO: [Synth 8-3886] merging instance 'U0/i_synth/i_zero_fract.i_synth/opt_high_radix.i_zero_fract.i_high_radix/NEW_CODE.ND_DEL.delay_line_reg[3]' (FDE) to 'U0/i_synth/i_zero_fract.i_synth/opt_high_radix.i_zero_fract.i_high_radix/i_flow_ctrl/nd_pipe_reg[3]'
INFO: [Synth 8-3886] merging instance 'U0/i_synth/i_zero_fract.i_synth/opt_high_radix.i_zero_fract.i_high_radix/NEW_CODE.ND_DEL.delay_line_reg[4]' (FDE) to 'U0/i_synth/i_zero_fract.i_synth/opt_high_radix.i_zero_fract.i_high_radix/i_flow_ctrl/nd_pipe_reg[4]'
---------------------------------------------------------------------------------
Finished Technology Mapping : Time (s): cpu = 00:00:53 ; elapsed = 00:00:58 . Memory (MB): peak = 872.711 ; gain = 576.820
---------------------------------------------------------------------------------

Report RTL Partitions: 
+-+--------------+------------+----------+
| |RTL Partition |Replication |Instances |
+-+--------------+------------+----------+
+-+--------------+------------+----------+
---------------------------------------------------------------------------------
Start IO Insertion
---------------------------------------------------------------------------------
---------------------------------------------------------------------------------
Start Flattening Before IO Insertion
---------------------------------------------------------------------------------
---------------------------------------------------------------------------------
Finished Flattening Before IO Insertion
---------------------------------------------------------------------------------
---------------------------------------------------------------------------------
Start Final Netlist Cleanup
---------------------------------------------------------------------------------
---------------------------------------------------------------------------------
Finished Final Netlist Cleanup
---------------------------------------------------------------------------------
---------------------------------------------------------------------------------
Finished IO Insertion : Time (s): cpu = 00:00:54 ; elapsed = 00:00:59 . Memory (MB): peak = 872.711 ; gain = 576.820
---------------------------------------------------------------------------------

Report Check Netlist: 
+------+------------------+-------+---------+-------+------------------+
|      |Item              |Errors |Warnings |Status |Description       |
+------+------------------+-------+---------+-------+------------------+
|1     |multi_driven_nets |      0|        0|Passed |Multi driven nets |
+------+------------------+-------+---------+-------+------------------+
---------------------------------------------------------------------------------
Start Renaming Generated Instances
---------------------------------------------------------------------------------
---------------------------------------------------------------------------------
Finished Renaming Generated Instances : Time (s): cpu = 00:00:54 ; elapsed = 00:00:59 . Memory (MB): peak = 872.711 ; gain = 576.820
---------------------------------------------------------------------------------

Report RTL Partitions: 
+-+--------------+------------+----------+
| |RTL Partition |Replication |Instances |
+-+--------------+------------+----------+
+-+--------------+------------+----------+
---------------------------------------------------------------------------------
Start Rebuilding User Hierarchy
---------------------------------------------------------------------------------
---------------------------------------------------------------------------------
Finished Rebuilding User Hierarchy : Time (s): cpu = 00:00:54 ; elapsed = 00:00:59 . Memory (MB): peak = 872.711 ; gain = 576.820
---------------------------------------------------------------------------------
---------------------------------------------------------------------------------
Start Renaming Generated Ports
---------------------------------------------------------------------------------
---------------------------------------------------------------------------------
Finished Renaming Generated Ports : Time (s): cpu = 00:00:54 ; elapsed = 00:00:59 . Memory (MB): peak = 872.711 ; gain = 576.820
---------------------------------------------------------------------------------
---------------------------------------------------------------------------------
Start Handling Custom Attributes
---------------------------------------------------------------------------------
---------------------------------------------------------------------------------
Finished Handling Custom Attributes : Time (s): cpu = 00:00:54 ; elapsed = 00:00:59 . Memory (MB): peak = 872.711 ; gain = 576.820
---------------------------------------------------------------------------------
---------------------------------------------------------------------------------
Start Renaming Generated Nets
---------------------------------------------------------------------------------
---------------------------------------------------------------------------------
Finished Renaming Generated Nets : Time (s): cpu = 00:00:54 ; elapsed = 00:00:59 . Memory (MB): peak = 872.711 ; gain = 576.820
---------------------------------------------------------------------------------
---------------------------------------------------------------------------------
Start Writing Synthesis Report
---------------------------------------------------------------------------------

Report BlackBoxes: 
+-+--------------+----------+
| |BlackBox name |Instances |
+-+--------------+----------+
+-+--------------+----------+

Report Cell Usage: 
+------+----------+------+
|      |Cell      |Count |
+------+----------+------+
|1     |CARRY4    |    20|
|2     |DSP48E1   |     1|
|3     |DSP48E1_1 |     4|
|4     |DSP48E1_2 |     4|
|5     |LUT1      |    28|
|6     |LUT2      |    56|
|7     |LUT3      |   144|
|8     |LUT4      |    32|
|9     |LUT5      |    43|
|10    |LUT6      |    43|
|11    |MUXCY     |    26|
|12    |RAMB16    |     1|
|13    |SRL16E    |    88|
|14    |SRLC32E   |     1|
|15    |XORCY     |    22|
|16    |FDE       |     3|
|17    |FDRE      |   717|
+------+----------+------+
---------------------------------------------------------------------------------
Finished Writing Synthesis Report : Time (s): cpu = 00:00:54 ; elapsed = 00:00:59 . Memory (MB): peak = 872.711 ; gain = 576.820
---------------------------------------------------------------------------------
Synthesis finished with 0 errors, 0 critical warnings and 114 warnings.
Synthesis Optimization Runtime : Time (s): cpu = 00:00:17 ; elapsed = 00:00:51 . Memory (MB): peak = 872.711 ; gain = 486.148
Synthesis Optimization Complete : Time (s): cpu = 00:00:55 ; elapsed = 00:00:59 . Memory (MB): peak = 872.711 ; gain = 576.820
INFO: [Project 1-571] Translating synthesized netlist
INFO: [Netlist 29-17] Analyzing 81 Unisim elements for replacement
INFO: [Netlist 29-28] Unisim Transformation completed in 0 CPU seconds
INFO: [Project 1-570] Preparing netlist for logic optimization
INFO: [Opt 31-138] Pushed 0 inverter(s) to 0 load pin(s).
INFO: [Project 1-111] Unisim Transformation Summary:
  A total of 13 instances were transformed.
  (MUXCY,XORCY) => CARRY4: 9 instances
  FDE => FDRE: 3 instances
  RAMB16 => RAMB18E1: 1 instances

INFO: [Common 17-83] Releasing license: Synthesis
124 Infos, 107 Warnings, 0 Critical Warnings and 0 Errors encountered.
synth_design completed successfully
synth_design: Time (s): cpu = 00:00:57 ; elapsed = 00:01:02 . Memory (MB): peak = 872.711 ; gain = 585.266
WARNING: [Constraints 18-5210] No constraint will be written out.
INFO: [Common 17-1381] The checkpoint 'C:/Users/NMLEM1/Desktop/Segmentation+detectionCentre/ZYBO_HDMI_MGA/project_1/project_1.runs/HDMI_bd_div_yAxis_1_synth_1/HDMI_bd_div_yAxis_1.dcp' has been generated.
