INFO: [VRFC 10-163] Analyzing VHDL file "D:/nicol/Documents/GitHub/ProjetVision/VHDL/Segmentation+detectionCentre/ZYBO_HDMI_MGA/project_1/project_1.sim/sim_1/synth/func/xsim/c_counter_binary_wrapper_tb_func_synth.vhd" into library xil_defaultlib
INFO: [VRFC 10-307] analyzing entity Additionneur_Nbits
INFO: [VRFC 10-307] analyzing entity Additionneur_Nbits_302
INFO: [VRFC 10-307] analyzing entity Counter
INFO: [VRFC 10-307] analyzing entity Counter_300
INFO: [VRFC 10-307] analyzing entity Counter_301
INFO: [VRFC 10-307] analyzing entity c_counter_binary_adapt_input_ouput_0_0
INFO: [VRFC 10-307] analyzing entity c_counter_binary_adapt_input_ouput_0_1
INFO: [VRFC 10-307] analyzing entity c_counter_binary_adapt_input_ouput_0_2
INFO: [VRFC 10-307] analyzing entity c_counter_binary_adapt_input_ouput_1_0
INFO: [VRFC 10-307] analyzing entity c_counter_binary_adapt_input_ouput_3_0
INFO: [VRFC 10-307] analyzing entity c_counter_binary_divideur_select_outp_0_0
INFO: [VRFC 10-307] analyzing entity c_counter_binary_divideur_select_outp_1_0
INFO: [VRFC 10-307] analyzing entity detect_end_image
INFO: [VRFC 10-307] analyzing entity xbip_pipe_v3_0_5_viv
INFO: [VRFC 10-307] analyzing entity xbip_pipe_v3_0_5_viv_127
INFO: [VRFC 10-307] analyzing entity \xbip_pipe_v3_0_5_viv__parameterized1\
INFO: [VRFC 10-307] analyzing entity \xbip_pipe_v3_0_5_viv__parameterized11\
INFO: [VRFC 10-307] analyzing entity \xbip_pipe_v3_0_5_viv__parameterized11_169\
INFO: [VRFC 10-307] analyzing entity \xbip_pipe_v3_0_5_viv__parameterized13\
INFO: [VRFC 10-307] analyzing entity \xbip_pipe_v3_0_5_viv__parameterized13_172\
INFO: [VRFC 10-307] analyzing entity \xbip_pipe_v3_0_5_viv__parameterized15\
INFO: [VRFC 10-307] analyzing entity \xbip_pipe_v3_0_5_viv__parameterized15_173\
INFO: [VRFC 10-307] analyzing entity \xbip_pipe_v3_0_5_viv__parameterized17\
INFO: [VRFC 10-307] analyzing entity \xbip_pipe_v3_0_5_viv__parameterized17_176\
INFO: [VRFC 10-307] analyzing entity \xbip_pipe_v3_0_5_viv__parameterized19\
INFO: [VRFC 10-307] analyzing entity \xbip_pipe_v3_0_5_viv__parameterized19_177\
INFO: [VRFC 10-307] analyzing entity \xbip_pipe_v3_0_5_viv__parameterized1_133\
INFO: [VRFC 10-307] analyzing entity \xbip_pipe_v3_0_5_viv__parameterized1_203\
INFO: [VRFC 10-307] analyzing entity \xbip_pipe_v3_0_5_viv__parameterized1_35\
INFO: [VRFC 10-307] analyzing entity \xbip_pipe_v3_0_5_viv__parameterized21\
INFO: [VRFC 10-307] analyzing entity \xbip_pipe_v3_0_5_viv__parameterized21_180\
INFO: [VRFC 10-307] analyzing entity \xbip_pipe_v3_0_5_viv__parameterized23\
INFO: [VRFC 10-307] analyzing entity \xbip_pipe_v3_0_5_viv__parameterized23_181\
INFO: [VRFC 10-307] analyzing entity \xbip_pipe_v3_0_5_viv__parameterized25\
INFO: [VRFC 10-307] analyzing entity \xbip_pipe_v3_0_5_viv__parameterized25_184\
INFO: [VRFC 10-307] analyzing entity \xbip_pipe_v3_0_5_viv__parameterized27\
INFO: [VRFC 10-307] analyzing entity \xbip_pipe_v3_0_5_viv__parameterized27_185\
INFO: [VRFC 10-307] analyzing entity \xbip_pipe_v3_0_5_viv__parameterized29\
INFO: [VRFC 10-307] analyzing entity \xbip_pipe_v3_0_5_viv__parameterized29_188\
INFO: [VRFC 10-307] analyzing entity \xbip_pipe_v3_0_5_viv__parameterized29_208\
INFO: [VRFC 10-307] analyzing entity \xbip_pipe_v3_0_5_viv__parameterized29_37\
INFO: [VRFC 10-307] analyzing entity \xbip_pipe_v3_0_5_viv__parameterized3\
INFO: [VRFC 10-307] analyzing entity \xbip_pipe_v3_0_5_viv__parameterized31\
INFO: [VRFC 10-307] analyzing entity \xbip_pipe_v3_0_5_viv__parameterized31_189\
INFO: [VRFC 10-307] analyzing entity \xbip_pipe_v3_0_5_viv__parameterized33\
INFO: [VRFC 10-307] analyzing entity \xbip_pipe_v3_0_5_viv__parameterized33_192\
INFO: [VRFC 10-307] analyzing entity \xbip_pipe_v3_0_5_viv__parameterized35\
INFO: [VRFC 10-307] analyzing entity \xbip_pipe_v3_0_5_viv__parameterized35_193\
INFO: [VRFC 10-307] analyzing entity \xbip_pipe_v3_0_5_viv__parameterized37\
INFO: [VRFC 10-307] analyzing entity \xbip_pipe_v3_0_5_viv__parameterized37_196\
INFO: [VRFC 10-307] analyzing entity \xbip_pipe_v3_0_5_viv__parameterized39\
INFO: [VRFC 10-307] analyzing entity \xbip_pipe_v3_0_5_viv__parameterized39_197\
INFO: [VRFC 10-307] analyzing entity \xbip_pipe_v3_0_5_viv__parameterized3_1\
INFO: [VRFC 10-307] analyzing entity \xbip_pipe_v3_0_5_viv__parameterized3_11\
INFO: [VRFC 10-307] analyzing entity \xbip_pipe_v3_0_5_viv__parameterized3_13\
INFO: [VRFC 10-307] analyzing entity \xbip_pipe_v3_0_5_viv__parameterized3_132\
INFO: [VRFC 10-307] analyzing entity \xbip_pipe_v3_0_5_viv__parameterized3_135\
INFO: [VRFC 10-307] analyzing entity \xbip_pipe_v3_0_5_viv__parameterized3_139\
INFO: [VRFC 10-307] analyzing entity \xbip_pipe_v3_0_5_viv__parameterized3_143\
INFO: [VRFC 10-307] analyzing entity \xbip_pipe_v3_0_5_viv__parameterized3_147\
INFO: [VRFC 10-307] analyzing entity \xbip_pipe_v3_0_5_viv__parameterized3_15\
INFO: [VRFC 10-307] analyzing entity \xbip_pipe_v3_0_5_viv__parameterized3_151\
INFO: [VRFC 10-307] analyzing entity \xbip_pipe_v3_0_5_viv__parameterized3_155\
INFO: [VRFC 10-307] analyzing entity \xbip_pipe_v3_0_5_viv__parameterized3_159\
INFO: [VRFC 10-307] analyzing entity \xbip_pipe_v3_0_5_viv__parameterized3_163\
INFO: [VRFC 10-307] analyzing entity \xbip_pipe_v3_0_5_viv__parameterized3_167\
INFO: [VRFC 10-307] analyzing entity \xbip_pipe_v3_0_5_viv__parameterized3_17\
INFO: [VRFC 10-307] analyzing entity \xbip_pipe_v3_0_5_viv__parameterized3_171\
INFO: [VRFC 10-307] analyzing entity \xbip_pipe_v3_0_5_viv__parameterized3_175\
INFO: [VRFC 10-307] analyzing entity \xbip_pipe_v3_0_5_viv__parameterized3_179\
INFO: [VRFC 10-307] analyzing entity \xbip_pipe_v3_0_5_viv__parameterized3_183\
INFO: [VRFC 10-307] analyzing entity \xbip_pipe_v3_0_5_viv__parameterized3_187\
INFO: [VRFC 10-307] analyzing entity \xbip_pipe_v3_0_5_viv__parameterized3_19\
INFO: [VRFC 10-307] analyzing entity \xbip_pipe_v3_0_5_viv__parameterized3_191\
INFO: [VRFC 10-307] analyzing entity \xbip_pipe_v3_0_5_viv__parameterized3_195\
INFO: [VRFC 10-307] analyzing entity \xbip_pipe_v3_0_5_viv__parameterized3_199\
INFO: [VRFC 10-307] analyzing entity \xbip_pipe_v3_0_5_viv__parameterized3_202\
INFO: [VRFC 10-307] analyzing entity \xbip_pipe_v3_0_5_viv__parameterized3_21\
INFO: [VRFC 10-307] analyzing entity \xbip_pipe_v3_0_5_viv__parameterized3_23\
INFO: [VRFC 10-307] analyzing entity \xbip_pipe_v3_0_5_viv__parameterized3_25\
INFO: [VRFC 10-307] analyzing entity \xbip_pipe_v3_0_5_viv__parameterized3_27\
INFO: [VRFC 10-307] analyzing entity \xbip_pipe_v3_0_5_viv__parameterized3_29\
INFO: [VRFC 10-307] analyzing entity \xbip_pipe_v3_0_5_viv__parameterized3_3\
INFO: [VRFC 10-307] analyzing entity \xbip_pipe_v3_0_5_viv__parameterized3_31\
INFO: [VRFC 10-307] analyzing entity \xbip_pipe_v3_0_5_viv__parameterized3_33\
INFO: [VRFC 10-307] analyzing entity \xbip_pipe_v3_0_5_viv__parameterized3_34\
INFO: [VRFC 10-307] analyzing entity \xbip_pipe_v3_0_5_viv__parameterized3_5\
INFO: [VRFC 10-307] analyzing entity \xbip_pipe_v3_0_5_viv__parameterized3_7\
INFO: [VRFC 10-307] analyzing entity \xbip_pipe_v3_0_5_viv__parameterized3_9\
INFO: [VRFC 10-307] analyzing entity \xbip_pipe_v3_0_5_viv__parameterized41\
INFO: [VRFC 10-307] analyzing entity \xbip_pipe_v3_0_5_viv__parameterized41_200\
INFO: [VRFC 10-307] analyzing entity \xbip_pipe_v3_0_5_viv__parameterized43\
INFO: [VRFC 10-307] analyzing entity \xbip_pipe_v3_0_5_viv__parameterized43_201\
INFO: [VRFC 10-307] analyzing entity \xbip_pipe_v3_0_5_viv__parameterized45\
INFO: [VRFC 10-307] analyzing entity \xbip_pipe_v3_0_5_viv__parameterized45_136\
INFO: [VRFC 10-307] analyzing entity \xbip_pipe_v3_0_5_viv__parameterized47\
INFO: [VRFC 10-307] analyzing entity \xbip_pipe_v3_0_5_viv__parameterized47_137\
INFO: [VRFC 10-307] analyzing entity \xbip_pipe_v3_0_5_viv__parameterized49\
INFO: [VRFC 10-307] analyzing entity \xbip_pipe_v3_0_5_viv__parameterized49_140\
INFO: [VRFC 10-307] analyzing entity \xbip_pipe_v3_0_5_viv__parameterized5\
INFO: [VRFC 10-307] analyzing entity \xbip_pipe_v3_0_5_viv__parameterized51\
INFO: [VRFC 10-307] analyzing entity \xbip_pipe_v3_0_5_viv__parameterized51_141\
INFO: [VRFC 10-307] analyzing entity \xbip_pipe_v3_0_5_viv__parameterized53\
INFO: [VRFC 10-307] analyzing entity \xbip_pipe_v3_0_5_viv__parameterized53_144\
INFO: [VRFC 10-307] analyzing entity \xbip_pipe_v3_0_5_viv__parameterized56\
INFO: [VRFC 10-307] analyzing entity \xbip_pipe_v3_0_5_viv__parameterized56_148\
INFO: [VRFC 10-307] analyzing entity \xbip_pipe_v3_0_5_viv__parameterized58\
INFO: [VRFC 10-307] analyzing entity \xbip_pipe_v3_0_5_viv__parameterized58_149\
INFO: [VRFC 10-307] analyzing entity \xbip_pipe_v3_0_5_viv__parameterized5_101\
INFO: [VRFC 10-307] analyzing entity \xbip_pipe_v3_0_5_viv__parameterized5_104\
INFO: [VRFC 10-307] analyzing entity \xbip_pipe_v3_0_5_viv__parameterized5_106\
INFO: [VRFC 10-307] analyzing entity \xbip_pipe_v3_0_5_viv__parameterized5_109\
INFO: [VRFC 10-307] analyzing entity \xbip_pipe_v3_0_5_viv__parameterized5_111\
INFO: [VRFC 10-307] analyzing entity \xbip_pipe_v3_0_5_viv__parameterized5_114\
INFO: [VRFC 10-307] analyzing entity \xbip_pipe_v3_0_5_viv__parameterized5_116\
INFO: [VRFC 10-307] analyzing entity \xbip_pipe_v3_0_5_viv__parameterized5_119\
INFO: [VRFC 10-307] analyzing entity \xbip_pipe_v3_0_5_viv__parameterized5_121\
INFO: [VRFC 10-307] analyzing entity \xbip_pipe_v3_0_5_viv__parameterized5_124\
INFO: [VRFC 10-307] analyzing entity \xbip_pipe_v3_0_5_viv__parameterized5_126\
INFO: [VRFC 10-307] analyzing entity \xbip_pipe_v3_0_5_viv__parameterized5_164\
INFO: [VRFC 10-307] analyzing entity \xbip_pipe_v3_0_5_viv__parameterized5_207\
INFO: [VRFC 10-307] analyzing entity \xbip_pipe_v3_0_5_viv__parameterized5_209\
INFO: [VRFC 10-307] analyzing entity \xbip_pipe_v3_0_5_viv__parameterized5_212\
INFO: [VRFC 10-307] analyzing entity \xbip_pipe_v3_0_5_viv__parameterized5_214\
INFO: [VRFC 10-307] analyzing entity \xbip_pipe_v3_0_5_viv__parameterized5_217\
INFO: [VRFC 10-307] analyzing entity \xbip_pipe_v3_0_5_viv__parameterized5_219\
INFO: [VRFC 10-307] analyzing entity \xbip_pipe_v3_0_5_viv__parameterized5_222\
INFO: [VRFC 10-307] analyzing entity \xbip_pipe_v3_0_5_viv__parameterized5_224\
INFO: [VRFC 10-307] analyzing entity \xbip_pipe_v3_0_5_viv__parameterized5_227\
INFO: [VRFC 10-307] analyzing entity \xbip_pipe_v3_0_5_viv__parameterized5_229\
INFO: [VRFC 10-307] analyzing entity \xbip_pipe_v3_0_5_viv__parameterized5_232\
INFO: [VRFC 10-307] analyzing entity \xbip_pipe_v3_0_5_viv__parameterized5_234\
INFO: [VRFC 10-307] analyzing entity \xbip_pipe_v3_0_5_viv__parameterized5_237\
INFO: [VRFC 10-307] analyzing entity \xbip_pipe_v3_0_5_viv__parameterized5_239\
INFO: [VRFC 10-307] analyzing entity \xbip_pipe_v3_0_5_viv__parameterized5_242\
INFO: [VRFC 10-307] analyzing entity \xbip_pipe_v3_0_5_viv__parameterized5_244\
INFO: [VRFC 10-307] analyzing entity \xbip_pipe_v3_0_5_viv__parameterized5_247\
INFO: [VRFC 10-307] analyzing entity \xbip_pipe_v3_0_5_viv__parameterized5_249\
INFO: [VRFC 10-307] analyzing entity \xbip_pipe_v3_0_5_viv__parameterized5_252\
INFO: [VRFC 10-307] analyzing entity \xbip_pipe_v3_0_5_viv__parameterized5_254\
INFO: [VRFC 10-307] analyzing entity \xbip_pipe_v3_0_5_viv__parameterized5_257\
INFO: [VRFC 10-307] analyzing entity \xbip_pipe_v3_0_5_viv__parameterized5_259\
INFO: [VRFC 10-307] analyzing entity \xbip_pipe_v3_0_5_viv__parameterized5_262\
INFO: [VRFC 10-307] analyzing entity \xbip_pipe_v3_0_5_viv__parameterized5_264\
INFO: [VRFC 10-307] analyzing entity \xbip_pipe_v3_0_5_viv__parameterized5_267\
INFO: [VRFC 10-307] analyzing entity \xbip_pipe_v3_0_5_viv__parameterized5_269\
INFO: [VRFC 10-307] analyzing entity \xbip_pipe_v3_0_5_viv__parameterized5_272\
INFO: [VRFC 10-307] analyzing entity \xbip_pipe_v3_0_5_viv__parameterized5_274\
INFO: [VRFC 10-307] analyzing entity \xbip_pipe_v3_0_5_viv__parameterized5_277\
INFO: [VRFC 10-307] analyzing entity \xbip_pipe_v3_0_5_viv__parameterized5_279\
INFO: [VRFC 10-307] analyzing entity \xbip_pipe_v3_0_5_viv__parameterized5_282\
INFO: [VRFC 10-307] analyzing entity \xbip_pipe_v3_0_5_viv__parameterized5_284\
INFO: [VRFC 10-307] analyzing entity \xbip_pipe_v3_0_5_viv__parameterized5_287\
INFO: [VRFC 10-307] analyzing entity \xbip_pipe_v3_0_5_viv__parameterized5_289\
INFO: [VRFC 10-307] analyzing entity \xbip_pipe_v3_0_5_viv__parameterized5_292\
INFO: [VRFC 10-307] analyzing entity \xbip_pipe_v3_0_5_viv__parameterized5_294\
INFO: [VRFC 10-307] analyzing entity \xbip_pipe_v3_0_5_viv__parameterized5_297\
INFO: [VRFC 10-307] analyzing entity \xbip_pipe_v3_0_5_viv__parameterized5_299\
INFO: [VRFC 10-307] analyzing entity \xbip_pipe_v3_0_5_viv__parameterized5_36\
INFO: [VRFC 10-307] analyzing entity \xbip_pipe_v3_0_5_viv__parameterized5_38\
INFO: [VRFC 10-307] analyzing entity \xbip_pipe_v3_0_5_viv__parameterized5_39\
INFO: [VRFC 10-307] analyzing entity \xbip_pipe_v3_0_5_viv__parameterized5_41\
INFO: [VRFC 10-307] analyzing entity \xbip_pipe_v3_0_5_viv__parameterized5_44\
INFO: [VRFC 10-307] analyzing entity \xbip_pipe_v3_0_5_viv__parameterized5_46\
INFO: [VRFC 10-307] analyzing entity \xbip_pipe_v3_0_5_viv__parameterized5_49\
INFO: [VRFC 10-307] analyzing entity \xbip_pipe_v3_0_5_viv__parameterized5_51\
INFO: [VRFC 10-307] analyzing entity \xbip_pipe_v3_0_5_viv__parameterized5_54\
INFO: [VRFC 10-307] analyzing entity \xbip_pipe_v3_0_5_viv__parameterized5_56\
INFO: [VRFC 10-307] analyzing entity \xbip_pipe_v3_0_5_viv__parameterized5_59\
INFO: [VRFC 10-307] analyzing entity \xbip_pipe_v3_0_5_viv__parameterized5_61\
INFO: [VRFC 10-307] analyzing entity \xbip_pipe_v3_0_5_viv__parameterized5_64\
INFO: [VRFC 10-307] analyzing entity \xbip_pipe_v3_0_5_viv__parameterized5_66\
INFO: [VRFC 10-307] analyzing entity \xbip_pipe_v3_0_5_viv__parameterized5_69\
INFO: [VRFC 10-307] analyzing entity \xbip_pipe_v3_0_5_viv__parameterized5_71\
INFO: [VRFC 10-307] analyzing entity \xbip_pipe_v3_0_5_viv__parameterized5_74\
INFO: [VRFC 10-307] analyzing entity \xbip_pipe_v3_0_5_viv__parameterized5_76\
INFO: [VRFC 10-307] analyzing entity \xbip_pipe_v3_0_5_viv__parameterized5_79\
INFO: [VRFC 10-307] analyzing entity \xbip_pipe_v3_0_5_viv__parameterized5_81\
INFO: [VRFC 10-307] analyzing entity \xbip_pipe_v3_0_5_viv__parameterized5_84\
INFO: [VRFC 10-307] analyzing entity \xbip_pipe_v3_0_5_viv__parameterized5_86\
INFO: [VRFC 10-307] analyzing entity \xbip_pipe_v3_0_5_viv__parameterized5_89\
INFO: [VRFC 10-307] analyzing entity \xbip_pipe_v3_0_5_viv__parameterized5_91\
INFO: [VRFC 10-307] analyzing entity \xbip_pipe_v3_0_5_viv__parameterized5_94\
INFO: [VRFC 10-307] analyzing entity \xbip_pipe_v3_0_5_viv__parameterized5_96\
INFO: [VRFC 10-307] analyzing entity \xbip_pipe_v3_0_5_viv__parameterized5_99\
INFO: [VRFC 10-307] analyzing entity \xbip_pipe_v3_0_5_viv__parameterized60\
INFO: [VRFC 10-307] analyzing entity \xbip_pipe_v3_0_5_viv__parameterized60_152\
INFO: [VRFC 10-307] analyzing entity \xbip_pipe_v3_0_5_viv__parameterized62\
INFO: [VRFC 10-307] analyzing entity \xbip_pipe_v3_0_5_viv__parameterized62_153\
INFO: [VRFC 10-307] analyzing entity \xbip_pipe_v3_0_5_viv__parameterized64\
INFO: [VRFC 10-307] analyzing entity \xbip_pipe_v3_0_5_viv__parameterized64_156\
INFO: [VRFC 10-307] analyzing entity \xbip_pipe_v3_0_5_viv__parameterized66\
INFO: [VRFC 10-307] analyzing entity \xbip_pipe_v3_0_5_viv__parameterized66_157\
INFO: [VRFC 10-307] analyzing entity \xbip_pipe_v3_0_5_viv__parameterized68\
INFO: [VRFC 10-307] analyzing entity \xbip_pipe_v3_0_5_viv__parameterized68_160\
INFO: [VRFC 10-307] analyzing entity \xbip_pipe_v3_0_5_viv__parameterized7\
INFO: [VRFC 10-307] analyzing entity \xbip_pipe_v3_0_5_viv__parameterized70\
INFO: [VRFC 10-307] analyzing entity \xbip_pipe_v3_0_5_viv__parameterized70_161\
INFO: [VRFC 10-307] analyzing entity \xbip_pipe_v3_0_5_viv__parameterized73\
INFO: [VRFC 10-307] analyzing entity \xbip_pipe_v3_0_5_viv__parameterized73_165\
INFO: [VRFC 10-307] analyzing entity \xbip_pipe_v3_0_5_viv__parameterized7_100\
INFO: [VRFC 10-307] analyzing entity \xbip_pipe_v3_0_5_viv__parameterized7_105\
INFO: [VRFC 10-307] analyzing entity \xbip_pipe_v3_0_5_viv__parameterized7_110\
INFO: [VRFC 10-307] analyzing entity \xbip_pipe_v3_0_5_viv__parameterized7_115\
INFO: [VRFC 10-307] analyzing entity \xbip_pipe_v3_0_5_viv__parameterized7_120\
INFO: [VRFC 10-307] analyzing entity \xbip_pipe_v3_0_5_viv__parameterized7_125\
INFO: [VRFC 10-307] analyzing entity \xbip_pipe_v3_0_5_viv__parameterized7_145\
INFO: [VRFC 10-307] analyzing entity \xbip_pipe_v3_0_5_viv__parameterized7_213\
INFO: [VRFC 10-307] analyzing entity \xbip_pipe_v3_0_5_viv__parameterized7_218\
INFO: [VRFC 10-307] analyzing entity \xbip_pipe_v3_0_5_viv__parameterized7_223\
INFO: [VRFC 10-307] analyzing entity \xbip_pipe_v3_0_5_viv__parameterized7_228\
INFO: [VRFC 10-307] analyzing entity \xbip_pipe_v3_0_5_viv__parameterized7_233\
INFO: [VRFC 10-307] analyzing entity \xbip_pipe_v3_0_5_viv__parameterized7_238\
INFO: [VRFC 10-307] analyzing entity \xbip_pipe_v3_0_5_viv__parameterized7_243\
INFO: [VRFC 10-307] analyzing entity \xbip_pipe_v3_0_5_viv__parameterized7_248\
INFO: [VRFC 10-307] analyzing entity \xbip_pipe_v3_0_5_viv__parameterized7_253\
INFO: [VRFC 10-307] analyzing entity \xbip_pipe_v3_0_5_viv__parameterized7_258\
INFO: [VRFC 10-307] analyzing entity \xbip_pipe_v3_0_5_viv__parameterized7_263\
INFO: [VRFC 10-307] analyzing entity \xbip_pipe_v3_0_5_viv__parameterized7_268\
INFO: [VRFC 10-307] analyzing entity \xbip_pipe_v3_0_5_viv__parameterized7_273\
INFO: [VRFC 10-307] analyzing entity \xbip_pipe_v3_0_5_viv__parameterized7_278\
INFO: [VRFC 10-307] analyzing entity \xbip_pipe_v3_0_5_viv__parameterized7_283\
INFO: [VRFC 10-307] analyzing entity \xbip_pipe_v3_0_5_viv__parameterized7_288\
INFO: [VRFC 10-307] analyzing entity \xbip_pipe_v3_0_5_viv__parameterized7_293\
INFO: [VRFC 10-307] analyzing entity \xbip_pipe_v3_0_5_viv__parameterized7_298\
INFO: [VRFC 10-307] analyzing entity \xbip_pipe_v3_0_5_viv__parameterized7_40\
INFO: [VRFC 10-307] analyzing entity \xbip_pipe_v3_0_5_viv__parameterized7_45\
INFO: [VRFC 10-307] analyzing entity \xbip_pipe_v3_0_5_viv__parameterized7_50\
INFO: [VRFC 10-307] analyzing entity \xbip_pipe_v3_0_5_viv__parameterized7_55\
INFO: [VRFC 10-307] analyzing entity \xbip_pipe_v3_0_5_viv__parameterized7_60\
INFO: [VRFC 10-307] analyzing entity \xbip_pipe_v3_0_5_viv__parameterized7_65\
INFO: [VRFC 10-307] analyzing entity \xbip_pipe_v3_0_5_viv__parameterized7_70\
INFO: [VRFC 10-307] analyzing entity \xbip_pipe_v3_0_5_viv__parameterized7_75\
INFO: [VRFC 10-307] analyzing entity \xbip_pipe_v3_0_5_viv__parameterized7_80\
INFO: [VRFC 10-307] analyzing entity \xbip_pipe_v3_0_5_viv__parameterized7_85\
INFO: [VRFC 10-307] analyzing entity \xbip_pipe_v3_0_5_viv__parameterized7_90\
INFO: [VRFC 10-307] analyzing entity \xbip_pipe_v3_0_5_viv__parameterized7_95\
INFO: [VRFC 10-307] analyzing entity \xbip_pipe_v3_0_5_viv__parameterized9\
INFO: [VRFC 10-307] analyzing entity \xbip_pipe_v3_0_5_viv__parameterized9_168\
INFO: [VRFC 10-307] analyzing entity c_counter_binary_Additionneur_Nbits_0_0
INFO: [VRFC 10-307] analyzing entity c_counter_binary_Additionneur_Nbits_1_0
INFO: [VRFC 10-307] analyzing entity c_counter_binary_Counter_0_0
INFO: [VRFC 10-307] analyzing entity c_counter_binary_detect_end_image_0_1
INFO: [VRFC 10-307] analyzing entity c_counter_binary_ligne_counter_0
INFO: [VRFC 10-307] analyzing entity c_counter_binary_ligne_counter_1
INFO: [VRFC 10-307] analyzing entity c_addsub_lut6
INFO: [VRFC 10-307] analyzing entity c_addsub_lut6_103
INFO: [VRFC 10-307] analyzing entity c_addsub_lut6_108
INFO: [VRFC 10-307] analyzing entity c_addsub_lut6_113
INFO: [VRFC 10-307] analyzing entity c_addsub_lut6_118
INFO: [VRFC 10-307] analyzing entity c_addsub_lut6_123
INFO: [VRFC 10-307] analyzing entity c_addsub_lut6_211
INFO: [VRFC 10-307] analyzing entity c_addsub_lut6_216
INFO: [VRFC 10-307] analyzing entity c_addsub_lut6_221
INFO: [VRFC 10-307] analyzing entity c_addsub_lut6_226
INFO: [VRFC 10-307] analyzing entity c_addsub_lut6_231
INFO: [VRFC 10-307] analyzing entity c_addsub_lut6_236
INFO: [VRFC 10-307] analyzing entity c_addsub_lut6_241
INFO: [VRFC 10-307] analyzing entity c_addsub_lut6_246
INFO: [VRFC 10-307] analyzing entity c_addsub_lut6_251
INFO: [VRFC 10-307] analyzing entity c_addsub_lut6_256
INFO: [VRFC 10-307] analyzing entity c_addsub_lut6_261
INFO: [VRFC 10-307] analyzing entity c_addsub_lut6_266
INFO: [VRFC 10-307] analyzing entity c_addsub_lut6_271
INFO: [VRFC 10-307] analyzing entity c_addsub_lut6_276
INFO: [VRFC 10-307] analyzing entity c_addsub_lut6_281
INFO: [VRFC 10-307] analyzing entity c_addsub_lut6_286
INFO: [VRFC 10-307] analyzing entity c_addsub_lut6_291
INFO: [VRFC 10-307] analyzing entity c_addsub_lut6_296
INFO: [VRFC 10-307] analyzing entity c_addsub_lut6_43
INFO: [VRFC 10-307] analyzing entity c_addsub_lut6_48
INFO: [VRFC 10-307] analyzing entity c_addsub_lut6_53
INFO: [VRFC 10-307] analyzing entity c_addsub_lut6_58
INFO: [VRFC 10-307] analyzing entity c_addsub_lut6_63
INFO: [VRFC 10-307] analyzing entity c_addsub_lut6_68
INFO: [VRFC 10-307] analyzing entity c_addsub_lut6_73
INFO: [VRFC 10-307] analyzing entity c_addsub_lut6_78
INFO: [VRFC 10-307] analyzing entity c_addsub_lut6_83
INFO: [VRFC 10-307] analyzing entity c_addsub_lut6_88
INFO: [VRFC 10-307] analyzing entity c_addsub_lut6_93
INFO: [VRFC 10-307] analyzing entity c_addsub_lut6_98
INFO: [VRFC 10-307] analyzing entity \c_addsub_lut6__parameterized1\
INFO: [VRFC 10-307] analyzing entity \c_addsub_lut6__parameterized1_206\
INFO: [VRFC 10-307] analyzing entity c_addsub_viv
INFO: [VRFC 10-307] analyzing entity c_addsub_viv_102
INFO: [VRFC 10-307] analyzing entity c_addsub_viv_107
INFO: [VRFC 10-307] analyzing entity c_addsub_viv_112
INFO: [VRFC 10-307] analyzing entity c_addsub_viv_117
INFO: [VRFC 10-307] analyzing entity c_addsub_viv_122
INFO: [VRFC 10-307] analyzing entity c_addsub_viv_210
INFO: [VRFC 10-307] analyzing entity c_addsub_viv_215
INFO: [VRFC 10-307] analyzing entity c_addsub_viv_220
INFO: [VRFC 10-307] analyzing entity c_addsub_viv_225
INFO: [VRFC 10-307] analyzing entity c_addsub_viv_230
INFO: [VRFC 10-307] analyzing entity c_addsub_viv_235
INFO: [VRFC 10-307] analyzing entity c_addsub_viv_240
INFO: [VRFC 10-307] analyzing entity c_addsub_viv_245
INFO: [VRFC 10-307] analyzing entity c_addsub_viv_250
INFO: [VRFC 10-307] analyzing entity c_addsub_viv_255
INFO: [VRFC 10-307] analyzing entity c_addsub_viv_260
INFO: [VRFC 10-307] analyzing entity c_addsub_viv_265
INFO: [VRFC 10-307] analyzing entity c_addsub_viv_270
INFO: [VRFC 10-307] analyzing entity c_addsub_viv_275
INFO: [VRFC 10-307] analyzing entity c_addsub_viv_280
INFO: [VRFC 10-307] analyzing entity c_addsub_viv_285
INFO: [VRFC 10-307] analyzing entity c_addsub_viv_290
INFO: [VRFC 10-307] analyzing entity c_addsub_viv_295
INFO: [VRFC 10-307] analyzing entity c_addsub_viv_42
INFO: [VRFC 10-307] analyzing entity c_addsub_viv_47
INFO: [VRFC 10-307] analyzing entity c_addsub_viv_52
INFO: [VRFC 10-307] analyzing entity c_addsub_viv_57
INFO: [VRFC 10-307] analyzing entity c_addsub_viv_62
INFO: [VRFC 10-307] analyzing entity c_addsub_viv_67
INFO: [VRFC 10-307] analyzing entity c_addsub_viv_72
INFO: [VRFC 10-307] analyzing entity c_addsub_viv_77
INFO: [VRFC 10-307] analyzing entity c_addsub_viv_82
INFO: [VRFC 10-307] analyzing entity c_addsub_viv_87
INFO: [VRFC 10-307] analyzing entity c_addsub_viv_92
INFO: [VRFC 10-307] analyzing entity c_addsub_viv_97
INFO: [VRFC 10-307] analyzing entity \c_addsub_viv__parameterized0\
INFO: [VRFC 10-307] analyzing entity \c_addsub_viv__parameterized0_205\
INFO: [VRFC 10-307] analyzing entity addsubreg_v
INFO: [VRFC 10-307] analyzing entity addsubreg_v_0
INFO: [VRFC 10-307] analyzing entity addsubreg_v_10
INFO: [VRFC 10-307] analyzing entity addsubreg_v_12
INFO: [VRFC 10-307] analyzing entity addsubreg_v_131
INFO: [VRFC 10-307] analyzing entity addsubreg_v_134
INFO: [VRFC 10-307] analyzing entity addsubreg_v_138
INFO: [VRFC 10-307] analyzing entity addsubreg_v_14
INFO: [VRFC 10-307] analyzing entity addsubreg_v_142
INFO: [VRFC 10-307] analyzing entity addsubreg_v_146
INFO: [VRFC 10-307] analyzing entity addsubreg_v_150
INFO: [VRFC 10-307] analyzing entity addsubreg_v_154
INFO: [VRFC 10-307] analyzing entity addsubreg_v_158
INFO: [VRFC 10-307] analyzing entity addsubreg_v_16
INFO: [VRFC 10-307] analyzing entity addsubreg_v_162
INFO: [VRFC 10-307] analyzing entity addsubreg_v_166
INFO: [VRFC 10-307] analyzing entity addsubreg_v_170
INFO: [VRFC 10-307] analyzing entity addsubreg_v_174
INFO: [VRFC 10-307] analyzing entity addsubreg_v_178
INFO: [VRFC 10-307] analyzing entity addsubreg_v_18
INFO: [VRFC 10-307] analyzing entity addsubreg_v_182
INFO: [VRFC 10-307] analyzing entity addsubreg_v_186
INFO: [VRFC 10-307] analyzing entity addsubreg_v_190
INFO: [VRFC 10-307] analyzing entity addsubreg_v_194
INFO: [VRFC 10-307] analyzing entity addsubreg_v_198
INFO: [VRFC 10-307] analyzing entity addsubreg_v_2
INFO: [VRFC 10-307] analyzing entity addsubreg_v_20
INFO: [VRFC 10-307] analyzing entity addsubreg_v_22
INFO: [VRFC 10-307] analyzing entity addsubreg_v_24
INFO: [VRFC 10-307] analyzing entity addsubreg_v_26
INFO: [VRFC 10-307] analyzing entity addsubreg_v_28
INFO: [VRFC 10-307] analyzing entity addsubreg_v_30
INFO: [VRFC 10-307] analyzing entity addsubreg_v_32
INFO: [VRFC 10-307] analyzing entity addsubreg_v_4
INFO: [VRFC 10-307] analyzing entity addsubreg_v_6
INFO: [VRFC 10-307] analyzing entity addsubreg_v_8
INFO: [VRFC 10-307] analyzing entity \addsubreg_v__parameterized0\
INFO: [VRFC 10-307] analyzing entity \addsubreg_v__parameterized0_204\
INFO: [VRFC 10-307] analyzing entity dividervdc_v
INFO: [VRFC 10-307] analyzing entity dividervdc_v_130
INFO: [VRFC 10-307] analyzing entity bip_sdivider_synth
INFO: [VRFC 10-307] analyzing entity bip_sdivider_synth_129
INFO: [VRFC 10-307] analyzing entity div_gen_synth
INFO: [VRFC 10-307] analyzing entity div_gen_synth_128
INFO: [VRFC 10-307] analyzing entity div_gen_v5_1_13_viv
INFO: [VRFC 10-307] analyzing entity \div_gen_v5_1_13_viv__1\
INFO: [VRFC 10-307] analyzing entity div_gen_v5_1_13
INFO: [VRFC 10-307] analyzing entity \div_gen_v5_1_13__1\
INFO: [VRFC 10-307] analyzing entity c_counter_binary_div_xAxis_1
INFO: [VRFC 10-307] analyzing entity c_counter_binary_div_yAxis_0
INFO: [VRFC 10-307] analyzing entity c_counter_binary
INFO: [VRFC 10-307] analyzing entity c_counter_binary_wrapper
