Vivado Simulator 2018.2
Copyright 1986-1999, 2001-2018 Xilinx, Inc. All Rights Reserved.
Running: D:/Xilinx/Vivado/2018.2/bin/unwrapped/win64.o/xelab.exe -wto 4de401f60d8a4a99b8c94bc34a7b0475 --incr --debug typical --relax --mt 2 -L xil_defaultlib -L secureip --snapshot c_counter_binary_wrapper_tb_func_synth xil_defaultlib.c_counter_binary_wrapper_tb -log elaborate.log 
Using 2 slave threads.
Starting static elaboration
Completed static elaboration
Starting simulation data flow analysis
Completed simulation data flow analysis
Time Resolution for simulation is 1ps
Compiling package std.standard
Compiling package std.textio
Compiling package ieee.std_logic_1164
Compiling package ieee.std_logic_arith
Compiling package ieee.std_logic_unsigned
Compiling package ieee.numeric_std
Compiling package unisim.vcomponents
Compiling package ieee.vital_timing
Compiling package ieee.vital_primitives
Compiling package unisim.vpkg
Compiling architecture ibuf_v of entity unisim.IBUF [\IBUF(1,9)(1,1)(1,4)(1,7)\]
Compiling architecture bufg_v of entity unisim.BUFG [bufg_default]
Compiling architecture gnd_v of entity unisim.GND [gnd_default]
Compiling architecture lut2_v of entity unisim.LUT2 [\LUT2(init="0110")(0,3)\]
Compiling architecture lut1_v of entity unisim.LUT1 [\LUT1(init="0001")(0,3)\]
Compiling architecture fdce_v of entity unisim.FDCE [fdce_default]
Compiling architecture carry4_v of entity unisim.CARRY4 [carry4_default]
Compiling architecture structure of entity xil_defaultlib.Additionneur_Nbits_302 [additionneur_nbits_302_default]
Compiling architecture structure of entity xil_defaultlib.c_counter_binary_Additionneur_Nbits_0_0 [c_counter_binary_additionneur_nb...]
Compiling architecture structure of entity xil_defaultlib.Additionneur_Nbits [additionneur_nbits_default]
Compiling architecture structure of entity xil_defaultlib.c_counter_binary_Additionneur_Nbits_1_0 [c_counter_binary_additionneur_nb...]
Compiling architecture lut6_v of entity unisim.LUT6 [\LUT6(init="01111111111111111111...]
Compiling architecture lut6_v of entity unisim.LUT6 [\LUT6(init="10000000000000000000...]
Compiling architecture lut3_v of entity unisim.LUT3 [\LUT3(init="01111000")(0,7)\]
Compiling architecture lut4_v of entity unisim.LUT4 [\LUT4(init="0111111110000000")(0...]
Compiling architecture lut5_v of entity unisim.LUT5 [\LUT5(init="01111111111111111000...]
Compiling architecture structure of entity xil_defaultlib.Counter_301 [counter_301_default]
Compiling architecture structure of entity xil_defaultlib.c_counter_binary_ligne_counter_0 [c_counter_binary_ligne_counter_0...]
Compiling architecture structure of entity xil_defaultlib.c_counter_binary_adapt_input_ouput_0_0 [c_counter_binary_adapt_input_oup...]
Compiling architecture structure of entity xil_defaultlib.c_counter_binary_adapt_input_ouput_0_1 [c_counter_binary_adapt_input_oup...]
Compiling architecture structure of entity xil_defaultlib.c_counter_binary_adapt_input_ouput_0_2 [c_counter_binary_adapt_input_oup...]
Compiling architecture structure of entity xil_defaultlib.c_counter_binary_adapt_input_ouput_1_0 [c_counter_binary_adapt_input_oup...]
Compiling architecture structure of entity xil_defaultlib.c_counter_binary_adapt_input_ouput_3_0 [c_counter_binary_adapt_input_oup...]
Compiling architecture structure of entity xil_defaultlib.Counter_300 [counter_300_default]
Compiling architecture structure of entity xil_defaultlib.c_counter_binary_ligne_counter_1 [c_counter_binary_ligne_counter_1...]
Compiling architecture lut4_v of entity unisim.LUT4 [\LUT4(init="1000000000000000")(0...]
Compiling architecture lut6_v of entity unisim.LUT6 [\LUT6(init="00000000000000001000...]
Compiling architecture lut6_v of entity unisim.LUT6 [\LUT6(init="00000000000000000001...]
Compiling architecture lut6_v of entity unisim.LUT6 [\LUT6(init="00000000000000000000...]
Compiling architecture fdre_v of entity unisim.FDRE [fdre_default]
Compiling architecture structure of entity xil_defaultlib.detect_end_image [detect_end_image_default]
Compiling architecture structure of entity xil_defaultlib.c_counter_binary_detect_end_image_0_1 [c_counter_binary_detect_end_imag...]
Compiling architecture lut2_v of entity unisim.LUT2 [\LUT2(init="1000")(0,3)\]
Compiling architecture srlc32e_v of entity unisim.SRLC32E [\SRLC32E(0,31)\]
Compiling architecture structure of entity xil_defaultlib.xbip_pipe_v3_0_5_viv_127 [xbip_pipe_v3_0_5_viv_127_default]
Compiling architecture structure of entity xil_defaultlib.\xbip_pipe_v3_0_5_viv__parameterized5_297\ [\xbip_pipe_v3_0_5_viv__parameter...]
Compiling architecture lut2_v of entity unisim.LUT2 [\LUT2(init="1001")(0,3)\]
Compiling architecture fdre_v of entity unisim.FDRE [\FDRE(init='1')\]
Compiling architecture structure of entity xil_defaultlib.\xbip_pipe_v3_0_5_viv__parameterized7_298\ [\xbip_pipe_v3_0_5_viv__parameter...]
Compiling architecture structure of entity xil_defaultlib.\xbip_pipe_v3_0_5_viv__parameterized5_299\ [\xbip_pipe_v3_0_5_viv__parameter...]
Compiling architecture structure of entity xil_defaultlib.c_addsub_lut6_296 [c_addsub_lut6_296_default]
Compiling architecture structure of entity xil_defaultlib.c_addsub_viv_295 [c_addsub_viv_295_default]
Compiling architecture structure of entity xil_defaultlib.addsubreg_v_131 [addsubreg_v_131_default]
Compiling architecture structure of entity xil_defaultlib.\xbip_pipe_v3_0_5_viv__parameterized3_132\ [\xbip_pipe_v3_0_5_viv__parameter...]
Compiling architecture structure of entity xil_defaultlib.\xbip_pipe_v3_0_5_viv__parameterized1_133\ [\xbip_pipe_v3_0_5_viv__parameter...]
Compiling architecture structure of entity xil_defaultlib.\xbip_pipe_v3_0_5_viv__parameterized5_292\ [\xbip_pipe_v3_0_5_viv__parameter...]
Compiling architecture structure of entity xil_defaultlib.\xbip_pipe_v3_0_5_viv__parameterized7_293\ [\xbip_pipe_v3_0_5_viv__parameter...]
Compiling architecture structure of entity xil_defaultlib.\xbip_pipe_v3_0_5_viv__parameterized5_294\ [\xbip_pipe_v3_0_5_viv__parameter...]
Compiling architecture lut3_v of entity unisim.LUT3 [\LUT3(init="01101001")(0,7)\]
Compiling architecture structure of entity xil_defaultlib.c_addsub_lut6_291 [c_addsub_lut6_291_default]
Compiling architecture structure of entity xil_defaultlib.c_addsub_viv_290 [c_addsub_viv_290_default]
Compiling architecture structure of entity xil_defaultlib.addsubreg_v_134 [addsubreg_v_134_default]
Compiling architecture structure of entity xil_defaultlib.\xbip_pipe_v3_0_5_viv__parameterized3_135\ [\xbip_pipe_v3_0_5_viv__parameter...]
Compiling architecture structure of entity xil_defaultlib.\xbip_pipe_v3_0_5_viv__parameterized45_136\ [\xbip_pipe_v3_0_5_viv__parameter...]
Compiling architecture structure of entity xil_defaultlib.\xbip_pipe_v3_0_5_viv__parameterized47_137\ [\xbip_pipe_v3_0_5_viv__parameter...]
Compiling architecture structure of entity xil_defaultlib.\xbip_pipe_v3_0_5_viv__parameterized5_287\ [\xbip_pipe_v3_0_5_viv__parameter...]
Compiling architecture structure of entity xil_defaultlib.\xbip_pipe_v3_0_5_viv__parameterized7_288\ [\xbip_pipe_v3_0_5_viv__parameter...]
Compiling architecture structure of entity xil_defaultlib.\xbip_pipe_v3_0_5_viv__parameterized5_289\ [\xbip_pipe_v3_0_5_viv__parameter...]
Compiling architecture structure of entity xil_defaultlib.c_addsub_lut6_286 [c_addsub_lut6_286_default]
Compiling architecture structure of entity xil_defaultlib.c_addsub_viv_285 [c_addsub_viv_285_default]
Compiling architecture structure of entity xil_defaultlib.addsubreg_v_138 [addsubreg_v_138_default]
Compiling architecture structure of entity xil_defaultlib.\xbip_pipe_v3_0_5_viv__parameterized3_139\ [\xbip_pipe_v3_0_5_viv__parameter...]
Compiling architecture structure of entity xil_defaultlib.\xbip_pipe_v3_0_5_viv__parameterized49_140\ [\xbip_pipe_v3_0_5_viv__parameter...]
Compiling architecture structure of entity xil_defaultlib.\xbip_pipe_v3_0_5_viv__parameterized51_141\ [\xbip_pipe_v3_0_5_viv__parameter...]
Compiling architecture structure of entity xil_defaultlib.\xbip_pipe_v3_0_5_viv__parameterized5_282\ [\xbip_pipe_v3_0_5_viv__parameter...]
Compiling architecture structure of entity xil_defaultlib.\xbip_pipe_v3_0_5_viv__parameterized7_283\ [\xbip_pipe_v3_0_5_viv__parameter...]
Compiling architecture structure of entity xil_defaultlib.\xbip_pipe_v3_0_5_viv__parameterized5_284\ [\xbip_pipe_v3_0_5_viv__parameter...]
Compiling architecture structure of entity xil_defaultlib.c_addsub_lut6_281 [c_addsub_lut6_281_default]
Compiling architecture structure of entity xil_defaultlib.c_addsub_viv_280 [c_addsub_viv_280_default]
Compiling architecture structure of entity xil_defaultlib.addsubreg_v_142 [addsubreg_v_142_default]
Compiling architecture structure of entity xil_defaultlib.\xbip_pipe_v3_0_5_viv__parameterized3_143\ [\xbip_pipe_v3_0_5_viv__parameter...]
Compiling architecture structure of entity xil_defaultlib.\xbip_pipe_v3_0_5_viv__parameterized53_144\ [\xbip_pipe_v3_0_5_viv__parameter...]
Compiling architecture structure of entity xil_defaultlib.\xbip_pipe_v3_0_5_viv__parameterized7_145\ [\xbip_pipe_v3_0_5_viv__parameter...]
Compiling architecture structure of entity xil_defaultlib.\xbip_pipe_v3_0_5_viv__parameterized5_277\ [\xbip_pipe_v3_0_5_viv__parameter...]
Compiling architecture structure of entity xil_defaultlib.\xbip_pipe_v3_0_5_viv__parameterized7_278\ [\xbip_pipe_v3_0_5_viv__parameter...]
Compiling architecture structure of entity xil_defaultlib.\xbip_pipe_v3_0_5_viv__parameterized5_279\ [\xbip_pipe_v3_0_5_viv__parameter...]
Compiling architecture structure of entity xil_defaultlib.c_addsub_lut6_276 [c_addsub_lut6_276_default]
Compiling architecture structure of entity xil_defaultlib.c_addsub_viv_275 [c_addsub_viv_275_default]
Compiling architecture structure of entity xil_defaultlib.addsubreg_v_146 [addsubreg_v_146_default]
Compiling architecture structure of entity xil_defaultlib.\xbip_pipe_v3_0_5_viv__parameterized3_147\ [\xbip_pipe_v3_0_5_viv__parameter...]
Compiling architecture structure of entity xil_defaultlib.\xbip_pipe_v3_0_5_viv__parameterized56_148\ [\xbip_pipe_v3_0_5_viv__parameter...]
Compiling architecture structure of entity xil_defaultlib.\xbip_pipe_v3_0_5_viv__parameterized58_149\ [\xbip_pipe_v3_0_5_viv__parameter...]
Compiling architecture structure of entity xil_defaultlib.\xbip_pipe_v3_0_5_viv__parameterized5_272\ [\xbip_pipe_v3_0_5_viv__parameter...]
Compiling architecture structure of entity xil_defaultlib.\xbip_pipe_v3_0_5_viv__parameterized7_273\ [\xbip_pipe_v3_0_5_viv__parameter...]
Compiling architecture structure of entity xil_defaultlib.\xbip_pipe_v3_0_5_viv__parameterized5_274\ [\xbip_pipe_v3_0_5_viv__parameter...]
Compiling architecture structure of entity xil_defaultlib.c_addsub_lut6_271 [c_addsub_lut6_271_default]
Compiling architecture structure of entity xil_defaultlib.c_addsub_viv_270 [c_addsub_viv_270_default]
Compiling architecture structure of entity xil_defaultlib.addsubreg_v_150 [addsubreg_v_150_default]
Compiling architecture structure of entity xil_defaultlib.\xbip_pipe_v3_0_5_viv__parameterized3_151\ [\xbip_pipe_v3_0_5_viv__parameter...]
Compiling architecture structure of entity xil_defaultlib.\xbip_pipe_v3_0_5_viv__parameterized60_152\ [\xbip_pipe_v3_0_5_viv__parameter...]
Compiling architecture structure of entity xil_defaultlib.\xbip_pipe_v3_0_5_viv__parameterized62_153\ [\xbip_pipe_v3_0_5_viv__parameter...]
Compiling architecture structure of entity xil_defaultlib.\xbip_pipe_v3_0_5_viv__parameterized5_267\ [\xbip_pipe_v3_0_5_viv__parameter...]
Compiling architecture structure of entity xil_defaultlib.\xbip_pipe_v3_0_5_viv__parameterized7_268\ [\xbip_pipe_v3_0_5_viv__parameter...]
Compiling architecture structure of entity xil_defaultlib.\xbip_pipe_v3_0_5_viv__parameterized5_269\ [\xbip_pipe_v3_0_5_viv__parameter...]
Compiling architecture structure of entity xil_defaultlib.c_addsub_lut6_266 [c_addsub_lut6_266_default]
Compiling architecture structure of entity xil_defaultlib.c_addsub_viv_265 [c_addsub_viv_265_default]
Compiling architecture structure of entity xil_defaultlib.addsubreg_v_154 [addsubreg_v_154_default]
Compiling architecture structure of entity xil_defaultlib.\xbip_pipe_v3_0_5_viv__parameterized3_155\ [\xbip_pipe_v3_0_5_viv__parameter...]
Compiling architecture structure of entity xil_defaultlib.\xbip_pipe_v3_0_5_viv__parameterized64_156\ [\xbip_pipe_v3_0_5_viv__parameter...]
Compiling architecture structure of entity xil_defaultlib.\xbip_pipe_v3_0_5_viv__parameterized66_157\ [\xbip_pipe_v3_0_5_viv__parameter...]
Compiling architecture structure of entity xil_defaultlib.\xbip_pipe_v3_0_5_viv__parameterized5_262\ [\xbip_pipe_v3_0_5_viv__parameter...]
Compiling architecture structure of entity xil_defaultlib.\xbip_pipe_v3_0_5_viv__parameterized7_263\ [\xbip_pipe_v3_0_5_viv__parameter...]
Compiling architecture structure of entity xil_defaultlib.\xbip_pipe_v3_0_5_viv__parameterized5_264\ [\xbip_pipe_v3_0_5_viv__parameter...]
Compiling architecture structure of entity xil_defaultlib.c_addsub_lut6_261 [c_addsub_lut6_261_default]
Compiling architecture structure of entity xil_defaultlib.c_addsub_viv_260 [c_addsub_viv_260_default]
Compiling architecture structure of entity xil_defaultlib.addsubreg_v_158 [addsubreg_v_158_default]
Compiling architecture structure of entity xil_defaultlib.\xbip_pipe_v3_0_5_viv__parameterized3_159\ [\xbip_pipe_v3_0_5_viv__parameter...]
Compiling architecture structure of entity xil_defaultlib.\xbip_pipe_v3_0_5_viv__parameterized68_160\ [\xbip_pipe_v3_0_5_viv__parameter...]
Compiling architecture structure of entity xil_defaultlib.\xbip_pipe_v3_0_5_viv__parameterized70_161\ [\xbip_pipe_v3_0_5_viv__parameter...]
Compiling architecture structure of entity xil_defaultlib.\xbip_pipe_v3_0_5_viv__parameterized5_257\ [\xbip_pipe_v3_0_5_viv__parameter...]
Compiling architecture structure of entity xil_defaultlib.\xbip_pipe_v3_0_5_viv__parameterized7_258\ [\xbip_pipe_v3_0_5_viv__parameter...]
Compiling architecture structure of entity xil_defaultlib.\xbip_pipe_v3_0_5_viv__parameterized5_259\ [\xbip_pipe_v3_0_5_viv__parameter...]
Compiling architecture structure of entity xil_defaultlib.c_addsub_lut6_256 [c_addsub_lut6_256_default]
Compiling architecture structure of entity xil_defaultlib.c_addsub_viv_255 [c_addsub_viv_255_default]
Compiling architecture structure of entity xil_defaultlib.addsubreg_v_162 [addsubreg_v_162_default]
Compiling architecture structure of entity xil_defaultlib.\xbip_pipe_v3_0_5_viv__parameterized3_163\ [\xbip_pipe_v3_0_5_viv__parameter...]
Compiling architecture structure of entity xil_defaultlib.\xbip_pipe_v3_0_5_viv__parameterized5_164\ [\xbip_pipe_v3_0_5_viv__parameter...]
Compiling architecture structure of entity xil_defaultlib.\xbip_pipe_v3_0_5_viv__parameterized73_165\ [\xbip_pipe_v3_0_5_viv__parameter...]
Compiling architecture structure of entity xil_defaultlib.\xbip_pipe_v3_0_5_viv__parameterized5_252\ [\xbip_pipe_v3_0_5_viv__parameter...]
Compiling architecture structure of entity xil_defaultlib.\xbip_pipe_v3_0_5_viv__parameterized7_253\ [\xbip_pipe_v3_0_5_viv__parameter...]
Compiling architecture structure of entity xil_defaultlib.\xbip_pipe_v3_0_5_viv__parameterized5_254\ [\xbip_pipe_v3_0_5_viv__parameter...]
Compiling architecture structure of entity xil_defaultlib.c_addsub_lut6_251 [c_addsub_lut6_251_default]
Compiling architecture structure of entity xil_defaultlib.c_addsub_viv_250 [c_addsub_viv_250_default]
Compiling architecture structure of entity xil_defaultlib.addsubreg_v_166 [addsubreg_v_166_default]
Compiling architecture structure of entity xil_defaultlib.\xbip_pipe_v3_0_5_viv__parameterized3_167\ [\xbip_pipe_v3_0_5_viv__parameter...]
Compiling architecture structure of entity xil_defaultlib.\xbip_pipe_v3_0_5_viv__parameterized9_168\ [\xbip_pipe_v3_0_5_viv__parameter...]
Compiling architecture structure of entity xil_defaultlib.\xbip_pipe_v3_0_5_viv__parameterized11_169\ [\xbip_pipe_v3_0_5_viv__parameter...]
Compiling architecture structure of entity xil_defaultlib.\xbip_pipe_v3_0_5_viv__parameterized5_247\ [\xbip_pipe_v3_0_5_viv__parameter...]
Compiling architecture structure of entity xil_defaultlib.\xbip_pipe_v3_0_5_viv__parameterized7_248\ [\xbip_pipe_v3_0_5_viv__parameter...]
Compiling architecture structure of entity xil_defaultlib.\xbip_pipe_v3_0_5_viv__parameterized5_249\ [\xbip_pipe_v3_0_5_viv__parameter...]
Compiling architecture structure of entity xil_defaultlib.c_addsub_lut6_246 [c_addsub_lut6_246_default]
Compiling architecture structure of entity xil_defaultlib.c_addsub_viv_245 [c_addsub_viv_245_default]
Compiling architecture structure of entity xil_defaultlib.addsubreg_v_170 [addsubreg_v_170_default]
Compiling architecture structure of entity xil_defaultlib.\xbip_pipe_v3_0_5_viv__parameterized3_171\ [\xbip_pipe_v3_0_5_viv__parameter...]
Compiling architecture structure of entity xil_defaultlib.\xbip_pipe_v3_0_5_viv__parameterized13_172\ [\xbip_pipe_v3_0_5_viv__parameter...]
Compiling architecture structure of entity xil_defaultlib.\xbip_pipe_v3_0_5_viv__parameterized15_173\ [\xbip_pipe_v3_0_5_viv__parameter...]
Compiling architecture structure of entity xil_defaultlib.\xbip_pipe_v3_0_5_viv__parameterized5_242\ [\xbip_pipe_v3_0_5_viv__parameter...]
Compiling architecture structure of entity xil_defaultlib.\xbip_pipe_v3_0_5_viv__parameterized7_243\ [\xbip_pipe_v3_0_5_viv__parameter...]
Compiling architecture structure of entity xil_defaultlib.\xbip_pipe_v3_0_5_viv__parameterized5_244\ [\xbip_pipe_v3_0_5_viv__parameter...]
Compiling architecture structure of entity xil_defaultlib.c_addsub_lut6_241 [c_addsub_lut6_241_default]
Compiling architecture structure of entity xil_defaultlib.c_addsub_viv_240 [c_addsub_viv_240_default]
Compiling architecture structure of entity xil_defaultlib.addsubreg_v_174 [addsubreg_v_174_default]
Compiling architecture structure of entity xil_defaultlib.\xbip_pipe_v3_0_5_viv__parameterized3_175\ [\xbip_pipe_v3_0_5_viv__parameter...]
Compiling architecture structure of entity xil_defaultlib.\xbip_pipe_v3_0_5_viv__parameterized17_176\ [\xbip_pipe_v3_0_5_viv__parameter...]
Compiling architecture structure of entity xil_defaultlib.\xbip_pipe_v3_0_5_viv__parameterized19_177\ [\xbip_pipe_v3_0_5_viv__parameter...]
Compiling architecture structure of entity xil_defaultlib.\xbip_pipe_v3_0_5_viv__parameterized5_237\ [\xbip_pipe_v3_0_5_viv__parameter...]
Compiling architecture structure of entity xil_defaultlib.\xbip_pipe_v3_0_5_viv__parameterized7_238\ [\xbip_pipe_v3_0_5_viv__parameter...]
Compiling architecture structure of entity xil_defaultlib.\xbip_pipe_v3_0_5_viv__parameterized5_239\ [\xbip_pipe_v3_0_5_viv__parameter...]
Compiling architecture structure of entity xil_defaultlib.c_addsub_lut6_236 [c_addsub_lut6_236_default]
Compiling architecture structure of entity xil_defaultlib.c_addsub_viv_235 [c_addsub_viv_235_default]
Compiling architecture structure of entity xil_defaultlib.addsubreg_v_178 [addsubreg_v_178_default]
Compiling architecture structure of entity xil_defaultlib.\xbip_pipe_v3_0_5_viv__parameterized3_179\ [\xbip_pipe_v3_0_5_viv__parameter...]
Compiling architecture structure of entity xil_defaultlib.\xbip_pipe_v3_0_5_viv__parameterized21_180\ [\xbip_pipe_v3_0_5_viv__parameter...]
Compiling architecture structure of entity xil_defaultlib.\xbip_pipe_v3_0_5_viv__parameterized23_181\ [\xbip_pipe_v3_0_5_viv__parameter...]
Compiling architecture structure of entity xil_defaultlib.\xbip_pipe_v3_0_5_viv__parameterized5_232\ [\xbip_pipe_v3_0_5_viv__parameter...]
Compiling architecture structure of entity xil_defaultlib.\xbip_pipe_v3_0_5_viv__parameterized7_233\ [\xbip_pipe_v3_0_5_viv__parameter...]
Compiling architecture structure of entity xil_defaultlib.\xbip_pipe_v3_0_5_viv__parameterized5_234\ [\xbip_pipe_v3_0_5_viv__parameter...]
Compiling architecture structure of entity xil_defaultlib.c_addsub_lut6_231 [c_addsub_lut6_231_default]
Compiling architecture structure of entity xil_defaultlib.c_addsub_viv_230 [c_addsub_viv_230_default]
Compiling architecture structure of entity xil_defaultlib.addsubreg_v_182 [addsubreg_v_182_default]
Compiling architecture structure of entity xil_defaultlib.\xbip_pipe_v3_0_5_viv__parameterized3_183\ [\xbip_pipe_v3_0_5_viv__parameter...]
Compiling architecture structure of entity xil_defaultlib.\xbip_pipe_v3_0_5_viv__parameterized25_184\ [\xbip_pipe_v3_0_5_viv__parameter...]
Compiling architecture structure of entity xil_defaultlib.\xbip_pipe_v3_0_5_viv__parameterized27_185\ [\xbip_pipe_v3_0_5_viv__parameter...]
Compiling architecture structure of entity xil_defaultlib.\xbip_pipe_v3_0_5_viv__parameterized5_227\ [\xbip_pipe_v3_0_5_viv__parameter...]
Compiling architecture structure of entity xil_defaultlib.\xbip_pipe_v3_0_5_viv__parameterized7_228\ [\xbip_pipe_v3_0_5_viv__parameter...]
Compiling architecture structure of entity xil_defaultlib.\xbip_pipe_v3_0_5_viv__parameterized5_229\ [\xbip_pipe_v3_0_5_viv__parameter...]
Compiling architecture structure of entity xil_defaultlib.c_addsub_lut6_226 [c_addsub_lut6_226_default]
Compiling architecture structure of entity xil_defaultlib.c_addsub_viv_225 [c_addsub_viv_225_default]
Compiling architecture structure of entity xil_defaultlib.addsubreg_v_186 [addsubreg_v_186_default]
Compiling architecture structure of entity xil_defaultlib.\xbip_pipe_v3_0_5_viv__parameterized3_187\ [\xbip_pipe_v3_0_5_viv__parameter...]
Compiling architecture structure of entity xil_defaultlib.\xbip_pipe_v3_0_5_viv__parameterized29_188\ [\xbip_pipe_v3_0_5_viv__parameter...]
Compiling architecture structure of entity xil_defaultlib.\xbip_pipe_v3_0_5_viv__parameterized31_189\ [\xbip_pipe_v3_0_5_viv__parameter...]
Compiling architecture structure of entity xil_defaultlib.\xbip_pipe_v3_0_5_viv__parameterized5_222\ [\xbip_pipe_v3_0_5_viv__parameter...]
Compiling architecture structure of entity xil_defaultlib.\xbip_pipe_v3_0_5_viv__parameterized7_223\ [\xbip_pipe_v3_0_5_viv__parameter...]
Compiling architecture structure of entity xil_defaultlib.\xbip_pipe_v3_0_5_viv__parameterized5_224\ [\xbip_pipe_v3_0_5_viv__parameter...]
Compiling architecture structure of entity xil_defaultlib.c_addsub_lut6_221 [c_addsub_lut6_221_default]
Compiling architecture structure of entity xil_defaultlib.c_addsub_viv_220 [c_addsub_viv_220_default]
Compiling architecture structure of entity xil_defaultlib.addsubreg_v_190 [addsubreg_v_190_default]
Compiling architecture structure of entity xil_defaultlib.\xbip_pipe_v3_0_5_viv__parameterized3_191\ [\xbip_pipe_v3_0_5_viv__parameter...]
Compiling architecture structure of entity xil_defaultlib.\xbip_pipe_v3_0_5_viv__parameterized33_192\ [\xbip_pipe_v3_0_5_viv__parameter...]
Compiling architecture structure of entity xil_defaultlib.\xbip_pipe_v3_0_5_viv__parameterized35_193\ [\xbip_pipe_v3_0_5_viv__parameter...]
Compiling architecture structure of entity xil_defaultlib.\xbip_pipe_v3_0_5_viv__parameterized5_217\ [\xbip_pipe_v3_0_5_viv__parameter...]
Compiling architecture structure of entity xil_defaultlib.\xbip_pipe_v3_0_5_viv__parameterized7_218\ [\xbip_pipe_v3_0_5_viv__parameter...]
Compiling architecture structure of entity xil_defaultlib.\xbip_pipe_v3_0_5_viv__parameterized5_219\ [\xbip_pipe_v3_0_5_viv__parameter...]
Compiling architecture structure of entity xil_defaultlib.c_addsub_lut6_216 [c_addsub_lut6_216_default]
Compiling architecture structure of entity xil_defaultlib.c_addsub_viv_215 [c_addsub_viv_215_default]
Compiling architecture structure of entity xil_defaultlib.addsubreg_v_194 [addsubreg_v_194_default]
Compiling architecture structure of entity xil_defaultlib.\xbip_pipe_v3_0_5_viv__parameterized3_195\ [\xbip_pipe_v3_0_5_viv__parameter...]
Compiling architecture structure of entity xil_defaultlib.\xbip_pipe_v3_0_5_viv__parameterized37_196\ [\xbip_pipe_v3_0_5_viv__parameter...]
Compiling architecture structure of entity xil_defaultlib.\xbip_pipe_v3_0_5_viv__parameterized39_197\ [\xbip_pipe_v3_0_5_viv__parameter...]
Compiling architecture structure of entity xil_defaultlib.\xbip_pipe_v3_0_5_viv__parameterized5_212\ [\xbip_pipe_v3_0_5_viv__parameter...]
Compiling architecture structure of entity xil_defaultlib.\xbip_pipe_v3_0_5_viv__parameterized7_213\ [\xbip_pipe_v3_0_5_viv__parameter...]
Compiling architecture structure of entity xil_defaultlib.\xbip_pipe_v3_0_5_viv__parameterized5_214\ [\xbip_pipe_v3_0_5_viv__parameter...]
Compiling architecture structure of entity xil_defaultlib.c_addsub_lut6_211 [c_addsub_lut6_211_default]
Compiling architecture structure of entity xil_defaultlib.c_addsub_viv_210 [c_addsub_viv_210_default]
Compiling architecture structure of entity xil_defaultlib.addsubreg_v_198 [addsubreg_v_198_default]
Compiling architecture structure of entity xil_defaultlib.\xbip_pipe_v3_0_5_viv__parameterized3_199\ [\xbip_pipe_v3_0_5_viv__parameter...]
Compiling architecture structure of entity xil_defaultlib.\xbip_pipe_v3_0_5_viv__parameterized41_200\ [\xbip_pipe_v3_0_5_viv__parameter...]
Compiling architecture structure of entity xil_defaultlib.\xbip_pipe_v3_0_5_viv__parameterized43_201\ [\xbip_pipe_v3_0_5_viv__parameter...]
Compiling architecture structure of entity xil_defaultlib.\xbip_pipe_v3_0_5_viv__parameterized3_202\ [\xbip_pipe_v3_0_5_viv__parameter...]
Compiling architecture structure of entity xil_defaultlib.\xbip_pipe_v3_0_5_viv__parameterized1_203\ [\xbip_pipe_v3_0_5_viv__parameter...]
Compiling architecture structure of entity xil_defaultlib.\xbip_pipe_v3_0_5_viv__parameterized5_207\ [\xbip_pipe_v3_0_5_viv__parameter...]
Compiling architecture structure of entity xil_defaultlib.\xbip_pipe_v3_0_5_viv__parameterized29_208\ [\xbip_pipe_v3_0_5_viv__parameter...]
Compiling architecture structure of entity xil_defaultlib.\xbip_pipe_v3_0_5_viv__parameterized5_209\ [\xbip_pipe_v3_0_5_viv__parameter...]
Compiling architecture structure of entity xil_defaultlib.\c_addsub_lut6__parameterized1_206\ [\c_addsub_lut6__parameterized1_2...]
Compiling architecture structure of entity xil_defaultlib.\c_addsub_viv__parameterized0_205\ [\c_addsub_viv__parameterized0_20...]
Compiling architecture structure of entity xil_defaultlib.\addsubreg_v__parameterized0_204\ [\addsubreg_v__parameterized0_204...]
Compiling architecture structure of entity xil_defaultlib.dividervdc_v_130 [dividervdc_v_130_default]
Compiling architecture structure of entity xil_defaultlib.bip_sdivider_synth_129 [bip_sdivider_synth_129_default]
Compiling architecture structure of entity xil_defaultlib.div_gen_synth_128 [div_gen_synth_128_default]
Compiling architecture structure of entity xil_defaultlib.\div_gen_v5_1_13_viv__1\ [\div_gen_v5_1_13_viv__1_default\]
Compiling architecture structure of entity xil_defaultlib.\div_gen_v5_1_13__1\ [\div_gen_v5_1_13__1_default\]
Compiling architecture structure of entity xil_defaultlib.c_counter_binary_div_xAxis_1 [c_counter_binary_div_xaxis_1_def...]
Compiling architecture structure of entity xil_defaultlib.xbip_pipe_v3_0_5_viv [xbip_pipe_v3_0_5_viv_default]
Compiling architecture structure of entity xil_defaultlib.\xbip_pipe_v3_0_5_viv__parameterized5_124\ [\xbip_pipe_v3_0_5_viv__parameter...]
Compiling architecture structure of entity xil_defaultlib.\xbip_pipe_v3_0_5_viv__parameterized7_125\ [\xbip_pipe_v3_0_5_viv__parameter...]
Compiling architecture structure of entity xil_defaultlib.\xbip_pipe_v3_0_5_viv__parameterized5_126\ [\xbip_pipe_v3_0_5_viv__parameter...]
Compiling architecture structure of entity xil_defaultlib.c_addsub_lut6_123 [c_addsub_lut6_123_default]
Compiling architecture structure of entity xil_defaultlib.c_addsub_viv_122 [c_addsub_viv_122_default]
Compiling architecture structure of entity xil_defaultlib.addsubreg_v [addsubreg_v_default]
Compiling architecture structure of entity xil_defaultlib.\xbip_pipe_v3_0_5_viv__parameterized3\ [\xbip_pipe_v3_0_5_viv__parameter...]
Compiling architecture structure of entity xil_defaultlib.\xbip_pipe_v3_0_5_viv__parameterized1\ [\xbip_pipe_v3_0_5_viv__parameter...]
Compiling architecture structure of entity xil_defaultlib.\xbip_pipe_v3_0_5_viv__parameterized5_119\ [\xbip_pipe_v3_0_5_viv__parameter...]
Compiling architecture structure of entity xil_defaultlib.\xbip_pipe_v3_0_5_viv__parameterized7_120\ [\xbip_pipe_v3_0_5_viv__parameter...]
Compiling architecture structure of entity xil_defaultlib.\xbip_pipe_v3_0_5_viv__parameterized5_121\ [\xbip_pipe_v3_0_5_viv__parameter...]
Compiling architecture structure of entity xil_defaultlib.c_addsub_lut6_118 [c_addsub_lut6_118_default]
Compiling architecture structure of entity xil_defaultlib.c_addsub_viv_117 [c_addsub_viv_117_default]
Compiling architecture structure of entity xil_defaultlib.addsubreg_v_0 [addsubreg_v_0_default]
Compiling architecture structure of entity xil_defaultlib.\xbip_pipe_v3_0_5_viv__parameterized3_1\ [\xbip_pipe_v3_0_5_viv__parameter...]
Compiling architecture structure of entity xil_defaultlib.\xbip_pipe_v3_0_5_viv__parameterized45\ [\xbip_pipe_v3_0_5_viv__parameter...]
Compiling architecture structure of entity xil_defaultlib.\xbip_pipe_v3_0_5_viv__parameterized47\ [\xbip_pipe_v3_0_5_viv__parameter...]
Compiling architecture structure of entity xil_defaultlib.\xbip_pipe_v3_0_5_viv__parameterized5_114\ [\xbip_pipe_v3_0_5_viv__parameter...]
Compiling architecture structure of entity xil_defaultlib.\xbip_pipe_v3_0_5_viv__parameterized7_115\ [\xbip_pipe_v3_0_5_viv__parameter...]
Compiling architecture structure of entity xil_defaultlib.\xbip_pipe_v3_0_5_viv__parameterized5_116\ [\xbip_pipe_v3_0_5_viv__parameter...]
Compiling architecture structure of entity xil_defaultlib.c_addsub_lut6_113 [c_addsub_lut6_113_default]
Compiling architecture structure of entity xil_defaultlib.c_addsub_viv_112 [c_addsub_viv_112_default]
Compiling architecture structure of entity xil_defaultlib.addsubreg_v_2 [addsubreg_v_2_default]
Compiling architecture structure of entity xil_defaultlib.\xbip_pipe_v3_0_5_viv__parameterized3_3\ [\xbip_pipe_v3_0_5_viv__parameter...]
Compiling architecture structure of entity xil_defaultlib.\xbip_pipe_v3_0_5_viv__parameterized49\ [\xbip_pipe_v3_0_5_viv__parameter...]
Compiling architecture structure of entity xil_defaultlib.\xbip_pipe_v3_0_5_viv__parameterized51\ [\xbip_pipe_v3_0_5_viv__parameter...]
Compiling architecture structure of entity xil_defaultlib.\xbip_pipe_v3_0_5_viv__parameterized5_109\ [\xbip_pipe_v3_0_5_viv__parameter...]
Compiling architecture structure of entity xil_defaultlib.\xbip_pipe_v3_0_5_viv__parameterized7_110\ [\xbip_pipe_v3_0_5_viv__parameter...]
Compiling architecture structure of entity xil_defaultlib.\xbip_pipe_v3_0_5_viv__parameterized5_111\ [\xbip_pipe_v3_0_5_viv__parameter...]
Compiling architecture structure of entity xil_defaultlib.c_addsub_lut6_108 [c_addsub_lut6_108_default]
Compiling architecture structure of entity xil_defaultlib.c_addsub_viv_107 [c_addsub_viv_107_default]
Compiling architecture structure of entity xil_defaultlib.addsubreg_v_4 [addsubreg_v_4_default]
Compiling architecture structure of entity xil_defaultlib.\xbip_pipe_v3_0_5_viv__parameterized3_5\ [\xbip_pipe_v3_0_5_viv__parameter...]
Compiling architecture structure of entity xil_defaultlib.\xbip_pipe_v3_0_5_viv__parameterized53\ [\xbip_pipe_v3_0_5_viv__parameter...]
Compiling architecture structure of entity xil_defaultlib.\xbip_pipe_v3_0_5_viv__parameterized7\ [\xbip_pipe_v3_0_5_viv__parameter...]
Compiling architecture structure of entity xil_defaultlib.\xbip_pipe_v3_0_5_viv__parameterized5_104\ [\xbip_pipe_v3_0_5_viv__parameter...]
Compiling architecture structure of entity xil_defaultlib.\xbip_pipe_v3_0_5_viv__parameterized7_105\ [\xbip_pipe_v3_0_5_viv__parameter...]
Compiling architecture structure of entity xil_defaultlib.\xbip_pipe_v3_0_5_viv__parameterized5_106\ [\xbip_pipe_v3_0_5_viv__parameter...]
Compiling architecture structure of entity xil_defaultlib.c_addsub_lut6_103 [c_addsub_lut6_103_default]
Compiling architecture structure of entity xil_defaultlib.c_addsub_viv_102 [c_addsub_viv_102_default]
Compiling architecture structure of entity xil_defaultlib.addsubreg_v_6 [addsubreg_v_6_default]
Compiling architecture structure of entity xil_defaultlib.\xbip_pipe_v3_0_5_viv__parameterized3_7\ [\xbip_pipe_v3_0_5_viv__parameter...]
Compiling architecture structure of entity xil_defaultlib.\xbip_pipe_v3_0_5_viv__parameterized56\ [\xbip_pipe_v3_0_5_viv__parameter...]
Compiling architecture structure of entity xil_defaultlib.\xbip_pipe_v3_0_5_viv__parameterized58\ [\xbip_pipe_v3_0_5_viv__parameter...]
Compiling architecture structure of entity xil_defaultlib.\xbip_pipe_v3_0_5_viv__parameterized5_99\ [\xbip_pipe_v3_0_5_viv__parameter...]
Compiling architecture structure of entity xil_defaultlib.\xbip_pipe_v3_0_5_viv__parameterized7_100\ [\xbip_pipe_v3_0_5_viv__parameter...]
Compiling architecture structure of entity xil_defaultlib.\xbip_pipe_v3_0_5_viv__parameterized5_101\ [\xbip_pipe_v3_0_5_viv__parameter...]
Compiling architecture structure of entity xil_defaultlib.c_addsub_lut6_98 [c_addsub_lut6_98_default]
Compiling architecture structure of entity xil_defaultlib.c_addsub_viv_97 [c_addsub_viv_97_default]
Compiling architecture structure of entity xil_defaultlib.addsubreg_v_8 [addsubreg_v_8_default]
Compiling architecture structure of entity xil_defaultlib.\xbip_pipe_v3_0_5_viv__parameterized3_9\ [\xbip_pipe_v3_0_5_viv__parameter...]
Compiling architecture structure of entity xil_defaultlib.\xbip_pipe_v3_0_5_viv__parameterized60\ [\xbip_pipe_v3_0_5_viv__parameter...]
Compiling architecture structure of entity xil_defaultlib.\xbip_pipe_v3_0_5_viv__parameterized62\ [\xbip_pipe_v3_0_5_viv__parameter...]
Compiling architecture structure of entity xil_defaultlib.\xbip_pipe_v3_0_5_viv__parameterized5_94\ [\xbip_pipe_v3_0_5_viv__parameter...]
Compiling architecture structure of entity xil_defaultlib.\xbip_pipe_v3_0_5_viv__parameterized7_95\ [\xbip_pipe_v3_0_5_viv__parameter...]
Compiling architecture structure of entity xil_defaultlib.\xbip_pipe_v3_0_5_viv__parameterized5_96\ [\xbip_pipe_v3_0_5_viv__parameter...]
Compiling architecture structure of entity xil_defaultlib.c_addsub_lut6_93 [c_addsub_lut6_93_default]
Compiling architecture structure of entity xil_defaultlib.c_addsub_viv_92 [c_addsub_viv_92_default]
Compiling architecture structure of entity xil_defaultlib.addsubreg_v_10 [addsubreg_v_10_default]
Compiling architecture structure of entity xil_defaultlib.\xbip_pipe_v3_0_5_viv__parameterized3_11\ [\xbip_pipe_v3_0_5_viv__parameter...]
Compiling architecture structure of entity xil_defaultlib.\xbip_pipe_v3_0_5_viv__parameterized64\ [\xbip_pipe_v3_0_5_viv__parameter...]
Compiling architecture structure of entity xil_defaultlib.\xbip_pipe_v3_0_5_viv__parameterized66\ [\xbip_pipe_v3_0_5_viv__parameter...]
Compiling architecture structure of entity xil_defaultlib.\xbip_pipe_v3_0_5_viv__parameterized5_89\ [\xbip_pipe_v3_0_5_viv__parameter...]
Compiling architecture structure of entity xil_defaultlib.\xbip_pipe_v3_0_5_viv__parameterized7_90\ [\xbip_pipe_v3_0_5_viv__parameter...]
Compiling architecture structure of entity xil_defaultlib.\xbip_pipe_v3_0_5_viv__parameterized5_91\ [\xbip_pipe_v3_0_5_viv__parameter...]
Compiling architecture structure of entity xil_defaultlib.c_addsub_lut6_88 [c_addsub_lut6_88_default]
Compiling architecture structure of entity xil_defaultlib.c_addsub_viv_87 [c_addsub_viv_87_default]
Compiling architecture structure of entity xil_defaultlib.addsubreg_v_12 [addsubreg_v_12_default]
Compiling architecture structure of entity xil_defaultlib.\xbip_pipe_v3_0_5_viv__parameterized3_13\ [\xbip_pipe_v3_0_5_viv__parameter...]
Compiling architecture structure of entity xil_defaultlib.\xbip_pipe_v3_0_5_viv__parameterized68\ [\xbip_pipe_v3_0_5_viv__parameter...]
Compiling architecture structure of entity xil_defaultlib.\xbip_pipe_v3_0_5_viv__parameterized70\ [\xbip_pipe_v3_0_5_viv__parameter...]
Compiling architecture structure of entity xil_defaultlib.\xbip_pipe_v3_0_5_viv__parameterized5_84\ [\xbip_pipe_v3_0_5_viv__parameter...]
Compiling architecture structure of entity xil_defaultlib.\xbip_pipe_v3_0_5_viv__parameterized7_85\ [\xbip_pipe_v3_0_5_viv__parameter...]
Compiling architecture structure of entity xil_defaultlib.\xbip_pipe_v3_0_5_viv__parameterized5_86\ [\xbip_pipe_v3_0_5_viv__parameter...]
Compiling architecture structure of entity xil_defaultlib.c_addsub_lut6_83 [c_addsub_lut6_83_default]
Compiling architecture structure of entity xil_defaultlib.c_addsub_viv_82 [c_addsub_viv_82_default]
Compiling architecture structure of entity xil_defaultlib.addsubreg_v_14 [addsubreg_v_14_default]
Compiling architecture structure of entity xil_defaultlib.\xbip_pipe_v3_0_5_viv__parameterized3_15\ [\xbip_pipe_v3_0_5_viv__parameter...]
Compiling architecture structure of entity xil_defaultlib.\xbip_pipe_v3_0_5_viv__parameterized5\ [\xbip_pipe_v3_0_5_viv__parameter...]
Compiling architecture structure of entity xil_defaultlib.\xbip_pipe_v3_0_5_viv__parameterized73\ [\xbip_pipe_v3_0_5_viv__parameter...]
Compiling architecture structure of entity xil_defaultlib.\xbip_pipe_v3_0_5_viv__parameterized5_79\ [\xbip_pipe_v3_0_5_viv__parameter...]
Compiling architecture structure of entity xil_defaultlib.\xbip_pipe_v3_0_5_viv__parameterized7_80\ [\xbip_pipe_v3_0_5_viv__parameter...]
Compiling architecture structure of entity xil_defaultlib.\xbip_pipe_v3_0_5_viv__parameterized5_81\ [\xbip_pipe_v3_0_5_viv__parameter...]
Compiling architecture structure of entity xil_defaultlib.c_addsub_lut6_78 [c_addsub_lut6_78_default]
Compiling architecture structure of entity xil_defaultlib.c_addsub_viv_77 [c_addsub_viv_77_default]
Compiling architecture structure of entity xil_defaultlib.addsubreg_v_16 [addsubreg_v_16_default]
Compiling architecture structure of entity xil_defaultlib.\xbip_pipe_v3_0_5_viv__parameterized3_17\ [\xbip_pipe_v3_0_5_viv__parameter...]
Compiling architecture structure of entity xil_defaultlib.\xbip_pipe_v3_0_5_viv__parameterized9\ [\xbip_pipe_v3_0_5_viv__parameter...]
Compiling architecture structure of entity xil_defaultlib.\xbip_pipe_v3_0_5_viv__parameterized11\ [\xbip_pipe_v3_0_5_viv__parameter...]
Compiling architecture structure of entity xil_defaultlib.\xbip_pipe_v3_0_5_viv__parameterized5_74\ [\xbip_pipe_v3_0_5_viv__parameter...]
Compiling architecture structure of entity xil_defaultlib.\xbip_pipe_v3_0_5_viv__parameterized7_75\ [\xbip_pipe_v3_0_5_viv__parameter...]
Compiling architecture structure of entity xil_defaultlib.\xbip_pipe_v3_0_5_viv__parameterized5_76\ [\xbip_pipe_v3_0_5_viv__parameter...]
Compiling architecture structure of entity xil_defaultlib.c_addsub_lut6_73 [c_addsub_lut6_73_default]
Compiling architecture structure of entity xil_defaultlib.c_addsub_viv_72 [c_addsub_viv_72_default]
Compiling architecture structure of entity xil_defaultlib.addsubreg_v_18 [addsubreg_v_18_default]
Compiling architecture structure of entity xil_defaultlib.\xbip_pipe_v3_0_5_viv__parameterized3_19\ [\xbip_pipe_v3_0_5_viv__parameter...]
Compiling architecture structure of entity xil_defaultlib.\xbip_pipe_v3_0_5_viv__parameterized13\ [\xbip_pipe_v3_0_5_viv__parameter...]
Compiling architecture structure of entity xil_defaultlib.\xbip_pipe_v3_0_5_viv__parameterized15\ [\xbip_pipe_v3_0_5_viv__parameter...]
Compiling architecture structure of entity xil_defaultlib.\xbip_pipe_v3_0_5_viv__parameterized5_69\ [\xbip_pipe_v3_0_5_viv__parameter...]
Compiling architecture structure of entity xil_defaultlib.\xbip_pipe_v3_0_5_viv__parameterized7_70\ [\xbip_pipe_v3_0_5_viv__parameter...]
Compiling architecture structure of entity xil_defaultlib.\xbip_pipe_v3_0_5_viv__parameterized5_71\ [\xbip_pipe_v3_0_5_viv__parameter...]
Compiling architecture structure of entity xil_defaultlib.c_addsub_lut6_68 [c_addsub_lut6_68_default]
Compiling architecture structure of entity xil_defaultlib.c_addsub_viv_67 [c_addsub_viv_67_default]
Compiling architecture structure of entity xil_defaultlib.addsubreg_v_20 [addsubreg_v_20_default]
Compiling architecture structure of entity xil_defaultlib.\xbip_pipe_v3_0_5_viv__parameterized3_21\ [\xbip_pipe_v3_0_5_viv__parameter...]
Compiling architecture structure of entity xil_defaultlib.\xbip_pipe_v3_0_5_viv__parameterized17\ [\xbip_pipe_v3_0_5_viv__parameter...]
Compiling architecture structure of entity xil_defaultlib.\xbip_pipe_v3_0_5_viv__parameterized19\ [\xbip_pipe_v3_0_5_viv__parameter...]
Compiling architecture structure of entity xil_defaultlib.\xbip_pipe_v3_0_5_viv__parameterized5_64\ [\xbip_pipe_v3_0_5_viv__parameter...]
Compiling architecture structure of entity xil_defaultlib.\xbip_pipe_v3_0_5_viv__parameterized7_65\ [\xbip_pipe_v3_0_5_viv__parameter...]
Compiling architecture structure of entity xil_defaultlib.\xbip_pipe_v3_0_5_viv__parameterized5_66\ [\xbip_pipe_v3_0_5_viv__parameter...]
Compiling architecture structure of entity xil_defaultlib.c_addsub_lut6_63 [c_addsub_lut6_63_default]
Compiling architecture structure of entity xil_defaultlib.c_addsub_viv_62 [c_addsub_viv_62_default]
Compiling architecture structure of entity xil_defaultlib.addsubreg_v_22 [addsubreg_v_22_default]
Compiling architecture structure of entity xil_defaultlib.\xbip_pipe_v3_0_5_viv__parameterized3_23\ [\xbip_pipe_v3_0_5_viv__parameter...]
Compiling architecture structure of entity xil_defaultlib.\xbip_pipe_v3_0_5_viv__parameterized21\ [\xbip_pipe_v3_0_5_viv__parameter...]
Compiling architecture structure of entity xil_defaultlib.\xbip_pipe_v3_0_5_viv__parameterized23\ [\xbip_pipe_v3_0_5_viv__parameter...]
Compiling architecture structure of entity xil_defaultlib.\xbip_pipe_v3_0_5_viv__parameterized5_59\ [\xbip_pipe_v3_0_5_viv__parameter...]
Compiling architecture structure of entity xil_defaultlib.\xbip_pipe_v3_0_5_viv__parameterized7_60\ [\xbip_pipe_v3_0_5_viv__parameter...]
Compiling architecture structure of entity xil_defaultlib.\xbip_pipe_v3_0_5_viv__parameterized5_61\ [\xbip_pipe_v3_0_5_viv__parameter...]
Compiling architecture structure of entity xil_defaultlib.c_addsub_lut6_58 [c_addsub_lut6_58_default]
Compiling architecture structure of entity xil_defaultlib.c_addsub_viv_57 [c_addsub_viv_57_default]
Compiling architecture structure of entity xil_defaultlib.addsubreg_v_24 [addsubreg_v_24_default]
Compiling architecture structure of entity xil_defaultlib.\xbip_pipe_v3_0_5_viv__parameterized3_25\ [\xbip_pipe_v3_0_5_viv__parameter...]
Compiling architecture structure of entity xil_defaultlib.\xbip_pipe_v3_0_5_viv__parameterized25\ [\xbip_pipe_v3_0_5_viv__parameter...]
Compiling architecture structure of entity xil_defaultlib.\xbip_pipe_v3_0_5_viv__parameterized27\ [\xbip_pipe_v3_0_5_viv__parameter...]
Compiling architecture structure of entity xil_defaultlib.\xbip_pipe_v3_0_5_viv__parameterized5_54\ [\xbip_pipe_v3_0_5_viv__parameter...]
Compiling architecture structure of entity xil_defaultlib.\xbip_pipe_v3_0_5_viv__parameterized7_55\ [\xbip_pipe_v3_0_5_viv__parameter...]
Compiling architecture structure of entity xil_defaultlib.\xbip_pipe_v3_0_5_viv__parameterized5_56\ [\xbip_pipe_v3_0_5_viv__parameter...]
Compiling architecture structure of entity xil_defaultlib.c_addsub_lut6_53 [c_addsub_lut6_53_default]
Compiling architecture structure of entity xil_defaultlib.c_addsub_viv_52 [c_addsub_viv_52_default]
Compiling architecture structure of entity xil_defaultlib.addsubreg_v_26 [addsubreg_v_26_default]
Compiling architecture structure of entity xil_defaultlib.\xbip_pipe_v3_0_5_viv__parameterized3_27\ [\xbip_pipe_v3_0_5_viv__parameter...]
Compiling architecture structure of entity xil_defaultlib.\xbip_pipe_v3_0_5_viv__parameterized29\ [\xbip_pipe_v3_0_5_viv__parameter...]
Compiling architecture structure of entity xil_defaultlib.\xbip_pipe_v3_0_5_viv__parameterized31\ [\xbip_pipe_v3_0_5_viv__parameter...]
Compiling architecture structure of entity xil_defaultlib.\xbip_pipe_v3_0_5_viv__parameterized5_49\ [\xbip_pipe_v3_0_5_viv__parameter...]
Compiling architecture structure of entity xil_defaultlib.\xbip_pipe_v3_0_5_viv__parameterized7_50\ [\xbip_pipe_v3_0_5_viv__parameter...]
Compiling architecture structure of entity xil_defaultlib.\xbip_pipe_v3_0_5_viv__parameterized5_51\ [\xbip_pipe_v3_0_5_viv__parameter...]
Compiling architecture structure of entity xil_defaultlib.c_addsub_lut6_48 [c_addsub_lut6_48_default]
Compiling architecture structure of entity xil_defaultlib.c_addsub_viv_47 [c_addsub_viv_47_default]
Compiling architecture structure of entity xil_defaultlib.addsubreg_v_28 [addsubreg_v_28_default]
Compiling architecture structure of entity xil_defaultlib.\xbip_pipe_v3_0_5_viv__parameterized3_29\ [\xbip_pipe_v3_0_5_viv__parameter...]
Compiling architecture structure of entity xil_defaultlib.\xbip_pipe_v3_0_5_viv__parameterized33\ [\xbip_pipe_v3_0_5_viv__parameter...]
Compiling architecture structure of entity xil_defaultlib.\xbip_pipe_v3_0_5_viv__parameterized35\ [\xbip_pipe_v3_0_5_viv__parameter...]
Compiling architecture structure of entity xil_defaultlib.\xbip_pipe_v3_0_5_viv__parameterized5_44\ [\xbip_pipe_v3_0_5_viv__parameter...]
Compiling architecture structure of entity xil_defaultlib.\xbip_pipe_v3_0_5_viv__parameterized7_45\ [\xbip_pipe_v3_0_5_viv__parameter...]
Compiling architecture structure of entity xil_defaultlib.\xbip_pipe_v3_0_5_viv__parameterized5_46\ [\xbip_pipe_v3_0_5_viv__parameter...]
Compiling architecture structure of entity xil_defaultlib.c_addsub_lut6_43 [c_addsub_lut6_43_default]
Compiling architecture structure of entity xil_defaultlib.c_addsub_viv_42 [c_addsub_viv_42_default]
Compiling architecture structure of entity xil_defaultlib.addsubreg_v_30 [addsubreg_v_30_default]
Compiling architecture structure of entity xil_defaultlib.\xbip_pipe_v3_0_5_viv__parameterized3_31\ [\xbip_pipe_v3_0_5_viv__parameter...]
Compiling architecture structure of entity xil_defaultlib.\xbip_pipe_v3_0_5_viv__parameterized37\ [\xbip_pipe_v3_0_5_viv__parameter...]
Compiling architecture structure of entity xil_defaultlib.\xbip_pipe_v3_0_5_viv__parameterized39\ [\xbip_pipe_v3_0_5_viv__parameter...]
Compiling architecture structure of entity xil_defaultlib.\xbip_pipe_v3_0_5_viv__parameterized5_39\ [\xbip_pipe_v3_0_5_viv__parameter...]
Compiling architecture structure of entity xil_defaultlib.\xbip_pipe_v3_0_5_viv__parameterized7_40\ [\xbip_pipe_v3_0_5_viv__parameter...]
Compiling architecture structure of entity xil_defaultlib.\xbip_pipe_v3_0_5_viv__parameterized5_41\ [\xbip_pipe_v3_0_5_viv__parameter...]
Compiling architecture structure of entity xil_defaultlib.c_addsub_lut6 [c_addsub_lut6_default]
Compiling architecture structure of entity xil_defaultlib.c_addsub_viv [c_addsub_viv_default]
Compiling architecture structure of entity xil_defaultlib.addsubreg_v_32 [addsubreg_v_32_default]
Compiling architecture structure of entity xil_defaultlib.\xbip_pipe_v3_0_5_viv__parameterized3_33\ [\xbip_pipe_v3_0_5_viv__parameter...]
Compiling architecture structure of entity xil_defaultlib.\xbip_pipe_v3_0_5_viv__parameterized41\ [\xbip_pipe_v3_0_5_viv__parameter...]
Compiling architecture structure of entity xil_defaultlib.\xbip_pipe_v3_0_5_viv__parameterized43\ [\xbip_pipe_v3_0_5_viv__parameter...]
Compiling architecture structure of entity xil_defaultlib.\xbip_pipe_v3_0_5_viv__parameterized3_34\ [\xbip_pipe_v3_0_5_viv__parameter...]
Compiling architecture structure of entity xil_defaultlib.\xbip_pipe_v3_0_5_viv__parameterized1_35\ [\xbip_pipe_v3_0_5_viv__parameter...]
Compiling architecture structure of entity xil_defaultlib.\xbip_pipe_v3_0_5_viv__parameterized5_36\ [\xbip_pipe_v3_0_5_viv__parameter...]
Compiling architecture structure of entity xil_defaultlib.\xbip_pipe_v3_0_5_viv__parameterized29_37\ [\xbip_pipe_v3_0_5_viv__parameter...]
Compiling architecture structure of entity xil_defaultlib.\xbip_pipe_v3_0_5_viv__parameterized5_38\ [\xbip_pipe_v3_0_5_viv__parameter...]
Compiling architecture structure of entity xil_defaultlib.\c_addsub_lut6__parameterized1\ [\c_addsub_lut6__parameterized1_d...]
Compiling architecture structure of entity xil_defaultlib.\c_addsub_viv__parameterized0\ [\c_addsub_viv__parameterized0_de...]
Compiling architecture structure of entity xil_defaultlib.\addsubreg_v__parameterized0\ [\addsubreg_v__parameterized0_def...]
Compiling architecture structure of entity xil_defaultlib.dividervdc_v [dividervdc_v_default]
Compiling architecture structure of entity xil_defaultlib.bip_sdivider_synth [bip_sdivider_synth_default]
Compiling architecture structure of entity xil_defaultlib.div_gen_synth [div_gen_synth_default]
Compiling architecture structure of entity xil_defaultlib.div_gen_v5_1_13_viv [div_gen_v5_1_13_viv_default]
Compiling architecture structure of entity xil_defaultlib.div_gen_v5_1_13 [div_gen_v5_1_13_default]
Compiling architecture structure of entity xil_defaultlib.c_counter_binary_div_yAxis_0 [c_counter_binary_div_yaxis_0_def...]
Compiling architecture structure of entity xil_defaultlib.c_counter_binary_divideur_select_outp_0_0 [c_counter_binary_divideur_select...]
Compiling architecture structure of entity xil_defaultlib.c_counter_binary_divideur_select_outp_1_0 [c_counter_binary_divideur_select...]
Compiling architecture structure of entity xil_defaultlib.Counter [counter_default]
Compiling architecture structure of entity xil_defaultlib.c_counter_binary_Counter_0_0 [c_counter_binary_counter_0_0_def...]
Compiling architecture structure of entity xil_defaultlib.c_counter_binary [c_counter_binary_default]
Compiling architecture obuf_v of entity unisim.OBUF [\OBUF(1,9)(1,7)(1,4)\]
Compiling architecture structure of entity xil_defaultlib.c_counter_binary_wrapper [c_counter_binary_wrapper_default]
Compiling architecture behavioral of entity xil_defaultlib.c_counter_binary_wrapper_tb
Built simulation snapshot c_counter_binary_wrapper_tb_func_synth
