INFO: [VRFC 10-163] Analyzing VHDL file "C:/Users/NMLEM1/Desktop/Segmentation+detectionCentre/ZYBO_HDMI_MGA/project_1/project_1.sim/sim_1/synth/func/xsim/test_wrapper_func_synth.vhd" into library xil_defaultlib
INFO: [VRFC 10-307] analyzing entity HDMI_bd_Additionneur_Nbits_0_0_Additionneur_Nbits
INFO: [VRFC 10-307] analyzing entity HDMI_bd_Additionneur_Nbits_1_0_Additionneur_Nbits
INFO: [VRFC 10-307] analyzing entity HDMI_bd_Blank_pixel_counter_1_Counter
INFO: [VRFC 10-307] analyzing entity HDMI_bd_ET_logique_5entree_0_0_ET_logique_5entree
INFO: [VRFC 10-307] analyzing entity HDMI_bd_RGB_to_Y_0_0_RGB_to_Y
INFO: [VRFC 10-307] analyzing entity HDMI_bd_Seuillage_0_3_Seuillage
INFO: [VRFC 10-307] analyzing entity HDMI_bd_abs_8bits_signed_0_0_abs_8bits_signed
INFO: [VRFC 10-307] analyzing entity HDMI_bd_adapt_input_ouput_0_1
INFO: [VRFC 10-307] analyzing entity HDMI_bd_adapt_input_ouput_1_1
INFO: [VRFC 10-307] analyzing entity HDMI_bd_adapt_input_ouput_2_1
INFO: [VRFC 10-307] analyzing entity HDMI_bd_adapt_input_ouput_3_0
INFO: [VRFC 10-307] analyzing entity HDMI_bd_adapt_input_ouput_4_0
INFO: [VRFC 10-307] analyzing entity HDMI_bd_affiche_centre_0_0_affiche_centre
INFO: [VRFC 10-307] analyzing entity HDMI_bd_clk_wiz_0_0_HDMI_bd_clk_wiz_0_0_clk_wiz
INFO: [VRFC 10-307] analyzing entity HDMI_bd_column_counter_0_counter_autoreload
INFO: [VRFC 10-307] analyzing entity HDMI_bd_div_16_0_0
INFO: [VRFC 10-307] analyzing entity HDMI_bd_divideur_select_outp_0_1
INFO: [VRFC 10-307] analyzing entity HDMI_bd_divideur_select_outp_1_1
INFO: [VRFC 10-307] analyzing entity HDMI_bd_dvi2rgb_0_1_ChannelBond
INFO: [VRFC 10-307] analyzing entity HDMI_bd_dvi2rgb_0_1_ChannelBond_10
INFO: [VRFC 10-307] analyzing entity HDMI_bd_dvi2rgb_0_1_ChannelBond_17
INFO: [VRFC 10-307] analyzing entity HDMI_bd_dvi2rgb_0_1_GlitchFilter
INFO: [VRFC 10-307] analyzing entity HDMI_bd_dvi2rgb_0_1_GlitchFilter_6
INFO: [VRFC 10-307] analyzing entity HDMI_bd_dvi2rgb_0_1_InputSERDES
INFO: [VRFC 10-307] analyzing entity HDMI_bd_dvi2rgb_0_1_InputSERDES_11
INFO: [VRFC 10-307] analyzing entity HDMI_bd_dvi2rgb_0_1_InputSERDES_18
INFO: [VRFC 10-307] analyzing entity HDMI_bd_dvi2rgb_0_1_PhaseAlign
INFO: [VRFC 10-307] analyzing entity HDMI_bd_dvi2rgb_0_1_PhaseAlign_12
INFO: [VRFC 10-307] analyzing entity HDMI_bd_dvi2rgb_0_1_PhaseAlign_19
INFO: [VRFC 10-307] analyzing entity HDMI_bd_dvi2rgb_0_1_ResyncToBUFG
INFO: [VRFC 10-307] analyzing entity HDMI_bd_dvi2rgb_0_1_SyncAsync
INFO: [VRFC 10-307] analyzing entity HDMI_bd_dvi2rgb_0_1_SyncAsync_15
INFO: [VRFC 10-307] analyzing entity HDMI_bd_dvi2rgb_0_1_SyncAsync_22
INFO: [VRFC 10-307] analyzing entity HDMI_bd_dvi2rgb_0_1_SyncAsync_4
INFO: [VRFC 10-307] analyzing entity HDMI_bd_dvi2rgb_0_1_SyncAsync_5
INFO: [VRFC 10-307] analyzing entity HDMI_bd_dvi2rgb_0_1_SyncAsync_7
INFO: [VRFC 10-307] analyzing entity HDMI_bd_dvi2rgb_0_1_SyncAsync_8
INFO: [VRFC 10-307] analyzing entity HDMI_bd_dvi2rgb_0_1_SyncAsync_9
INFO: [VRFC 10-307] analyzing entity \HDMI_bd_dvi2rgb_0_1_SyncAsync__parameterized0\
INFO: [VRFC 10-307] analyzing entity \HDMI_bd_dvi2rgb_0_1_SyncAsync__parameterized1\
INFO: [VRFC 10-307] analyzing entity \HDMI_bd_dvi2rgb_0_1_SyncAsync__parameterized1_16\
INFO: [VRFC 10-307] analyzing entity \HDMI_bd_dvi2rgb_0_1_SyncAsync__parameterized1_23\
INFO: [VRFC 10-307] analyzing entity HDMI_bd_ligne_counter_0_counter_autoreload
INFO: [VRFC 10-307] analyzing entity HDMI_bd_mult_gen_0_0
INFO: [VRFC 10-307] analyzing entity HDMI_bd_mult_gen_0_3
INFO: [VRFC 10-307] analyzing entity HDMI_bd_not_1bit_0_0
INFO: [VRFC 10-307] analyzing entity HDMI_bd_reg_1bit_0_0_reg_1bit
INFO: [VRFC 10-307] analyzing entity HDMI_bd_reg_1bit_0_1_reg_1bit
INFO: [VRFC 10-307] analyzing entity HDMI_bd_reg_1bit_0_2_reg_1bit
INFO: [VRFC 10-307] analyzing entity HDMI_bd_reg_1bit_2_0_reg_1bit
INFO: [VRFC 10-307] analyzing entity HDMI_bd_reg_1bit_3_0_reg_1bit
INFO: [VRFC 10-307] analyzing entity HDMI_bd_reg_1bit_4_0_reg_1bit
INFO: [VRFC 10-307] analyzing entity HDMI_bd_reg_Nbits_0_0_reg_1bit
INFO: [VRFC 10-307] analyzing entity HDMI_bd_reg_Nbits_0_0_reg_1bit_0
INFO: [VRFC 10-307] analyzing entity HDMI_bd_reg_Nbits_0_0_reg_1bit_1
INFO: [VRFC 10-307] analyzing entity HDMI_bd_reg_Nbits_0_0_reg_1bit_2
INFO: [VRFC 10-307] analyzing entity HDMI_bd_reg_Nbits_0_0_reg_1bit_3
INFO: [VRFC 10-307] analyzing entity HDMI_bd_reg_Nbits_0_0_reg_1bit_4
INFO: [VRFC 10-307] analyzing entity HDMI_bd_reg_Nbits_0_0_reg_1bit_5
INFO: [VRFC 10-307] analyzing entity HDMI_bd_reg_Nbits_0_0_reg_1bit_6
INFO: [VRFC 10-307] analyzing entity HDMI_bd_reg_Nbits_0_1_reg_1bit
INFO: [VRFC 10-307] analyzing entity HDMI_bd_reg_Nbits_0_1_reg_1bit_0
INFO: [VRFC 10-307] analyzing entity HDMI_bd_reg_Nbits_0_1_reg_1bit_1
INFO: [VRFC 10-307] analyzing entity HDMI_bd_reg_Nbits_0_1_reg_1bit_2
INFO: [VRFC 10-307] analyzing entity HDMI_bd_reg_Nbits_0_1_reg_1bit_3
INFO: [VRFC 10-307] analyzing entity HDMI_bd_reg_Nbits_0_1_reg_1bit_4
INFO: [VRFC 10-307] analyzing entity HDMI_bd_reg_Nbits_0_1_reg_1bit_5
INFO: [VRFC 10-307] analyzing entity HDMI_bd_reg_Nbits_0_1_reg_1bit_6
INFO: [VRFC 10-307] analyzing entity HDMI_bd_reg_Nbits_0_2_reg_1bit
INFO: [VRFC 10-307] analyzing entity HDMI_bd_reg_Nbits_0_2_reg_1bit_0
INFO: [VRFC 10-307] analyzing entity HDMI_bd_reg_Nbits_0_2_reg_1bit_1
INFO: [VRFC 10-307] analyzing entity HDMI_bd_reg_Nbits_0_2_reg_1bit_2
INFO: [VRFC 10-307] analyzing entity HDMI_bd_reg_Nbits_0_2_reg_1bit_3
INFO: [VRFC 10-307] analyzing entity HDMI_bd_reg_Nbits_0_2_reg_1bit_4
INFO: [VRFC 10-307] analyzing entity HDMI_bd_reg_Nbits_0_2_reg_1bit_5
INFO: [VRFC 10-307] analyzing entity HDMI_bd_reg_Nbits_0_2_reg_1bit_6
INFO: [VRFC 10-307] analyzing entity HDMI_bd_reg_Nbits_0_3_reg_1bit
INFO: [VRFC 10-307] analyzing entity HDMI_bd_reg_Nbits_0_3_reg_1bit_0
INFO: [VRFC 10-307] analyzing entity HDMI_bd_reg_Nbits_0_3_reg_1bit_1
INFO: [VRFC 10-307] analyzing entity HDMI_bd_reg_Nbits_0_3_reg_1bit_2
INFO: [VRFC 10-307] analyzing entity HDMI_bd_reg_Nbits_0_3_reg_1bit_3
INFO: [VRFC 10-307] analyzing entity HDMI_bd_reg_Nbits_0_3_reg_1bit_4
INFO: [VRFC 10-307] analyzing entity HDMI_bd_reg_Nbits_0_3_reg_1bit_5
INFO: [VRFC 10-307] analyzing entity HDMI_bd_reg_Nbits_0_3_reg_1bit_6
INFO: [VRFC 10-307] analyzing entity HDMI_bd_reg_Nbits_0_4_reg_1bit
INFO: [VRFC 10-307] analyzing entity HDMI_bd_reg_Nbits_0_4_reg_1bit_0
INFO: [VRFC 10-307] analyzing entity HDMI_bd_reg_Nbits_0_4_reg_1bit_1
INFO: [VRFC 10-307] analyzing entity HDMI_bd_reg_Nbits_0_4_reg_1bit_2
INFO: [VRFC 10-307] analyzing entity HDMI_bd_reg_Nbits_0_4_reg_1bit_3
INFO: [VRFC 10-307] analyzing entity HDMI_bd_reg_Nbits_0_4_reg_1bit_4
INFO: [VRFC 10-307] analyzing entity HDMI_bd_reg_Nbits_0_4_reg_1bit_5
INFO: [VRFC 10-307] analyzing entity HDMI_bd_reg_Nbits_0_4_reg_1bit_6
INFO: [VRFC 10-307] analyzing entity HDMI_bd_reg_Nbits_0_5_reg_1bit
INFO: [VRFC 10-307] analyzing entity HDMI_bd_reg_Nbits_0_5_reg_1bit_0
INFO: [VRFC 10-307] analyzing entity HDMI_bd_reg_Nbits_0_5_reg_1bit_1
INFO: [VRFC 10-307] analyzing entity HDMI_bd_reg_Nbits_0_5_reg_1bit_2
INFO: [VRFC 10-307] analyzing entity HDMI_bd_reg_Nbits_0_5_reg_1bit_3
INFO: [VRFC 10-307] analyzing entity HDMI_bd_reg_Nbits_0_5_reg_1bit_4
INFO: [VRFC 10-307] analyzing entity HDMI_bd_reg_Nbits_0_5_reg_1bit_5
INFO: [VRFC 10-307] analyzing entity HDMI_bd_reg_Nbits_0_5_reg_1bit_6
INFO: [VRFC 10-307] analyzing entity HDMI_bd_reg_Nbits_1_0_reg_1bit
INFO: [VRFC 10-307] analyzing entity HDMI_bd_reg_Nbits_1_0_reg_1bit_0
INFO: [VRFC 10-307] analyzing entity HDMI_bd_reg_Nbits_1_0_reg_1bit_1
INFO: [VRFC 10-307] analyzing entity HDMI_bd_reg_Nbits_1_0_reg_1bit_2
INFO: [VRFC 10-307] analyzing entity HDMI_bd_reg_Nbits_1_0_reg_1bit_3
INFO: [VRFC 10-307] analyzing entity HDMI_bd_reg_Nbits_1_0_reg_1bit_4
INFO: [VRFC 10-307] analyzing entity HDMI_bd_reg_Nbits_1_0_reg_1bit_5
INFO: [VRFC 10-307] analyzing entity HDMI_bd_reg_Nbits_1_0_reg_1bit_6
INFO: [VRFC 10-307] analyzing entity \HDMI_bd_rgb2dvi_0_1__OutputSERDES\
INFO: [VRFC 10-307] analyzing entity \HDMI_bd_rgb2dvi_0_1__OutputSERDES_0\
INFO: [VRFC 10-307] analyzing entity \HDMI_bd_rgb2dvi_0_1__OutputSERDES_2\
INFO: [VRFC 10-307] analyzing entity \HDMI_bd_rgb2dvi_0_1__OutputSERDES_4\
INFO: [VRFC 10-307] analyzing entity \HDMI_bd_rgb2dvi_0_1__SyncAsync\
INFO: [VRFC 10-307] analyzing entity \HDMI_bd_rgb2dvi_0_1__SyncAsync_6\
INFO: [VRFC 10-307] analyzing entity \HDMI_bd_rgb2dvi_0_1__SyncAsync__parameterized1\
INFO: [VRFC 10-307] analyzing entity \HDMI_bd_rgb2dvi_0_1__TMDS_Encoder\
INFO: [VRFC 10-307] analyzing entity \HDMI_bd_rgb2dvi_0_1__TMDS_Encoder_1\
INFO: [VRFC 10-307] analyzing entity \HDMI_bd_rgb2dvi_0_1__TMDS_Encoder_3\
INFO: [VRFC 10-307] analyzing entity HDMI_bd_xlconstant_0_0
INFO: [VRFC 10-307] analyzing entity HDMI_bd_xlconstant_0_1
INFO: [VRFC 10-307] analyzing entity HDMI_bd_xlconstant_0_2
INFO: [VRFC 10-307] analyzing entity HDMI_bd_xlconstant_0_3
INFO: [VRFC 10-307] analyzing entity HDMI_bd_xlconstant_1_0
INFO: [VRFC 10-307] analyzing entity HDMI_bd_xlconstant_1_2
INFO: [VRFC 10-307] analyzing entity \HDMI_bd_c_addsub_0_0__c_reg_fd_v12_0_5_viv\
INFO: [VRFC 10-307] analyzing entity \HDMI_bd_c_addsub_0_1__c_reg_fd_v12_0_5_viv\
INFO: [VRFC 10-307] analyzing entity \HDMI_bd_c_addsub_0_2__c_reg_fd_v12_0_5_viv\
INFO: [VRFC 10-307] analyzing entity \HDMI_bd_c_addsub_0_4__c_reg_fd_v12_0_5_viv\
INFO: [VRFC 10-307] analyzing entity \HDMI_bd_c_addsub_2_0__c_reg_fd_v12_0_5_viv\
INFO: [VRFC 10-307] analyzing entity \HDMI_bd_div_xAxis_1__xbip_pipe_v3_0_5_viv\
INFO: [VRFC 10-307] analyzing entity \HDMI_bd_div_xAxis_1__xbip_pipe_v3_0_5_viv__parameterized1\
INFO: [VRFC 10-307] analyzing entity \HDMI_bd_div_xAxis_1__xbip_pipe_v3_0_5_viv__parameterized11\
INFO: [VRFC 10-307] analyzing entity \HDMI_bd_div_xAxis_1__xbip_pipe_v3_0_5_viv__parameterized13\
INFO: [VRFC 10-307] analyzing entity \HDMI_bd_div_xAxis_1__xbip_pipe_v3_0_5_viv__parameterized15\
INFO: [VRFC 10-307] analyzing entity \HDMI_bd_div_xAxis_1__xbip_pipe_v3_0_5_viv__parameterized17\
INFO: [VRFC 10-307] analyzing entity \HDMI_bd_div_xAxis_1__xbip_pipe_v3_0_5_viv__parameterized19\
INFO: [VRFC 10-307] analyzing entity \HDMI_bd_div_xAxis_1__xbip_pipe_v3_0_5_viv__parameterized1_35\
INFO: [VRFC 10-307] analyzing entity \HDMI_bd_div_xAxis_1__xbip_pipe_v3_0_5_viv__parameterized21\
INFO: [VRFC 10-307] analyzing entity \HDMI_bd_div_xAxis_1__xbip_pipe_v3_0_5_viv__parameterized23\
INFO: [VRFC 10-307] analyzing entity \HDMI_bd_div_xAxis_1__xbip_pipe_v3_0_5_viv__parameterized25\
INFO: [VRFC 10-307] analyzing entity \HDMI_bd_div_xAxis_1__xbip_pipe_v3_0_5_viv__parameterized27\
INFO: [VRFC 10-307] analyzing entity \HDMI_bd_div_xAxis_1__xbip_pipe_v3_0_5_viv__parameterized29\
INFO: [VRFC 10-307] analyzing entity \HDMI_bd_div_xAxis_1__xbip_pipe_v3_0_5_viv__parameterized29_37\
INFO: [VRFC 10-307] analyzing entity \HDMI_bd_div_xAxis_1__xbip_pipe_v3_0_5_viv__parameterized3\
INFO: [VRFC 10-307] analyzing entity \HDMI_bd_div_xAxis_1__xbip_pipe_v3_0_5_viv__parameterized31\
INFO: [VRFC 10-307] analyzing entity \HDMI_bd_div_xAxis_1__xbip_pipe_v3_0_5_viv__parameterized33\
INFO: [VRFC 10-307] analyzing entity \HDMI_bd_div_xAxis_1__xbip_pipe_v3_0_5_viv__parameterized35\
INFO: [VRFC 10-307] analyzing entity \HDMI_bd_div_xAxis_1__xbip_pipe_v3_0_5_viv__parameterized37\
INFO: [VRFC 10-307] analyzing entity \HDMI_bd_div_xAxis_1__xbip_pipe_v3_0_5_viv__parameterized39\
INFO: [VRFC 10-307] analyzing entity \HDMI_bd_div_xAxis_1__xbip_pipe_v3_0_5_viv__parameterized3_1\
INFO: [VRFC 10-307] analyzing entity \HDMI_bd_div_xAxis_1__xbip_pipe_v3_0_5_viv__parameterized3_11\
INFO: [VRFC 10-307] analyzing entity \HDMI_bd_div_xAxis_1__xbip_pipe_v3_0_5_viv__parameterized3_13\
INFO: [VRFC 10-307] analyzing entity \HDMI_bd_div_xAxis_1__xbip_pipe_v3_0_5_viv__parameterized3_15\
INFO: [VRFC 10-307] analyzing entity \HDMI_bd_div_xAxis_1__xbip_pipe_v3_0_5_viv__parameterized3_17\
INFO: [VRFC 10-307] analyzing entity \HDMI_bd_div_xAxis_1__xbip_pipe_v3_0_5_viv__parameterized3_19\
INFO: [VRFC 10-307] analyzing entity \HDMI_bd_div_xAxis_1__xbip_pipe_v3_0_5_viv__parameterized3_21\
INFO: [VRFC 10-307] analyzing entity \HDMI_bd_div_xAxis_1__xbip_pipe_v3_0_5_viv__parameterized3_23\
INFO: [VRFC 10-307] analyzing entity \HDMI_bd_div_xAxis_1__xbip_pipe_v3_0_5_viv__parameterized3_25\
INFO: [VRFC 10-307] analyzing entity \HDMI_bd_div_xAxis_1__xbip_pipe_v3_0_5_viv__parameterized3_27\
INFO: [VRFC 10-307] analyzing entity \HDMI_bd_div_xAxis_1__xbip_pipe_v3_0_5_viv__parameterized3_29\
INFO: [VRFC 10-307] analyzing entity \HDMI_bd_div_xAxis_1__xbip_pipe_v3_0_5_viv__parameterized3_3\
INFO: [VRFC 10-307] analyzing entity \HDMI_bd_div_xAxis_1__xbip_pipe_v3_0_5_viv__parameterized3_31\
INFO: [VRFC 10-307] analyzing entity \HDMI_bd_div_xAxis_1__xbip_pipe_v3_0_5_viv__parameterized3_33\
INFO: [VRFC 10-307] analyzing entity \HDMI_bd_div_xAxis_1__xbip_pipe_v3_0_5_viv__parameterized3_34\
INFO: [VRFC 10-307] analyzing entity \HDMI_bd_div_xAxis_1__xbip_pipe_v3_0_5_viv__parameterized3_5\
INFO: [VRFC 10-307] analyzing entity \HDMI_bd_div_xAxis_1__xbip_pipe_v3_0_5_viv__parameterized3_7\
INFO: [VRFC 10-307] analyzing entity \HDMI_bd_div_xAxis_1__xbip_pipe_v3_0_5_viv__parameterized3_9\
INFO: [VRFC 10-307] analyzing entity \HDMI_bd_div_xAxis_1__xbip_pipe_v3_0_5_viv__parameterized41\
INFO: [VRFC 10-307] analyzing entity \HDMI_bd_div_xAxis_1__xbip_pipe_v3_0_5_viv__parameterized43\
INFO: [VRFC 10-307] analyzing entity \HDMI_bd_div_xAxis_1__xbip_pipe_v3_0_5_viv__parameterized45\
INFO: [VRFC 10-307] analyzing entity \HDMI_bd_div_xAxis_1__xbip_pipe_v3_0_5_viv__parameterized47\
INFO: [VRFC 10-307] analyzing entity \HDMI_bd_div_xAxis_1__xbip_pipe_v3_0_5_viv__parameterized49\
INFO: [VRFC 10-307] analyzing entity \HDMI_bd_div_xAxis_1__xbip_pipe_v3_0_5_viv__parameterized5\
INFO: [VRFC 10-307] analyzing entity \HDMI_bd_div_xAxis_1__xbip_pipe_v3_0_5_viv__parameterized51\
INFO: [VRFC 10-307] analyzing entity \HDMI_bd_div_xAxis_1__xbip_pipe_v3_0_5_viv__parameterized53\
INFO: [VRFC 10-307] analyzing entity \HDMI_bd_div_xAxis_1__xbip_pipe_v3_0_5_viv__parameterized56\
INFO: [VRFC 10-307] analyzing entity \HDMI_bd_div_xAxis_1__xbip_pipe_v3_0_5_viv__parameterized58\
INFO: [VRFC 10-307] analyzing entity \HDMI_bd_div_xAxis_1__xbip_pipe_v3_0_5_viv__parameterized5_101\
INFO: [VRFC 10-307] analyzing entity \HDMI_bd_div_xAxis_1__xbip_pipe_v3_0_5_viv__parameterized5_104\
INFO: [VRFC 10-307] analyzing entity \HDMI_bd_div_xAxis_1__xbip_pipe_v3_0_5_viv__parameterized5_106\
INFO: [VRFC 10-307] analyzing entity \HDMI_bd_div_xAxis_1__xbip_pipe_v3_0_5_viv__parameterized5_109\
INFO: [VRFC 10-307] analyzing entity \HDMI_bd_div_xAxis_1__xbip_pipe_v3_0_5_viv__parameterized5_111\
INFO: [VRFC 10-307] analyzing entity \HDMI_bd_div_xAxis_1__xbip_pipe_v3_0_5_viv__parameterized5_114\
INFO: [VRFC 10-307] analyzing entity \HDMI_bd_div_xAxis_1__xbip_pipe_v3_0_5_viv__parameterized5_116\
INFO: [VRFC 10-307] analyzing entity \HDMI_bd_div_xAxis_1__xbip_pipe_v3_0_5_viv__parameterized5_119\
INFO: [VRFC 10-307] analyzing entity \HDMI_bd_div_xAxis_1__xbip_pipe_v3_0_5_viv__parameterized5_121\
INFO: [VRFC 10-307] analyzing entity \HDMI_bd_div_xAxis_1__xbip_pipe_v3_0_5_viv__parameterized5_124\
INFO: [VRFC 10-307] analyzing entity \HDMI_bd_div_xAxis_1__xbip_pipe_v3_0_5_viv__parameterized5_126\
INFO: [VRFC 10-307] analyzing entity \HDMI_bd_div_xAxis_1__xbip_pipe_v3_0_5_viv__parameterized5_36\
INFO: [VRFC 10-307] analyzing entity \HDMI_bd_div_xAxis_1__xbip_pipe_v3_0_5_viv__parameterized5_38\
INFO: [VRFC 10-307] analyzing entity \HDMI_bd_div_xAxis_1__xbip_pipe_v3_0_5_viv__parameterized5_39\
INFO: [VRFC 10-307] analyzing entity \HDMI_bd_div_xAxis_1__xbip_pipe_v3_0_5_viv__parameterized5_41\
INFO: [VRFC 10-307] analyzing entity \HDMI_bd_div_xAxis_1__xbip_pipe_v3_0_5_viv__parameterized5_44\
INFO: [VRFC 10-307] analyzing entity \HDMI_bd_div_xAxis_1__xbip_pipe_v3_0_5_viv__parameterized5_46\
INFO: [VRFC 10-307] analyzing entity \HDMI_bd_div_xAxis_1__xbip_pipe_v3_0_5_viv__parameterized5_49\
INFO: [VRFC 10-307] analyzing entity \HDMI_bd_div_xAxis_1__xbip_pipe_v3_0_5_viv__parameterized5_51\
INFO: [VRFC 10-307] analyzing entity \HDMI_bd_div_xAxis_1__xbip_pipe_v3_0_5_viv__parameterized5_54\
INFO: [VRFC 10-307] analyzing entity \HDMI_bd_div_xAxis_1__xbip_pipe_v3_0_5_viv__parameterized5_56\
INFO: [VRFC 10-307] analyzing entity \HDMI_bd_div_xAxis_1__xbip_pipe_v3_0_5_viv__parameterized5_59\
INFO: [VRFC 10-307] analyzing entity \HDMI_bd_div_xAxis_1__xbip_pipe_v3_0_5_viv__parameterized5_61\
INFO: [VRFC 10-307] analyzing entity \HDMI_bd_div_xAxis_1__xbip_pipe_v3_0_5_viv__parameterized5_64\
INFO: [VRFC 10-307] analyzing entity \HDMI_bd_div_xAxis_1__xbip_pipe_v3_0_5_viv__parameterized5_66\
INFO: [VRFC 10-307] analyzing entity \HDMI_bd_div_xAxis_1__xbip_pipe_v3_0_5_viv__parameterized5_69\
INFO: [VRFC 10-307] analyzing entity \HDMI_bd_div_xAxis_1__xbip_pipe_v3_0_5_viv__parameterized5_71\
INFO: [VRFC 10-307] analyzing entity \HDMI_bd_div_xAxis_1__xbip_pipe_v3_0_5_viv__parameterized5_74\
INFO: [VRFC 10-307] analyzing entity \HDMI_bd_div_xAxis_1__xbip_pipe_v3_0_5_viv__parameterized5_76\
INFO: [VRFC 10-307] analyzing entity \HDMI_bd_div_xAxis_1__xbip_pipe_v3_0_5_viv__parameterized5_79\
INFO: [VRFC 10-307] analyzing entity \HDMI_bd_div_xAxis_1__xbip_pipe_v3_0_5_viv__parameterized5_81\
INFO: [VRFC 10-307] analyzing entity \HDMI_bd_div_xAxis_1__xbip_pipe_v3_0_5_viv__parameterized5_84\
INFO: [VRFC 10-307] analyzing entity \HDMI_bd_div_xAxis_1__xbip_pipe_v3_0_5_viv__parameterized5_86\
INFO: [VRFC 10-307] analyzing entity \HDMI_bd_div_xAxis_1__xbip_pipe_v3_0_5_viv__parameterized5_89\
INFO: [VRFC 10-307] analyzing entity \HDMI_bd_div_xAxis_1__xbip_pipe_v3_0_5_viv__parameterized5_91\
INFO: [VRFC 10-307] analyzing entity \HDMI_bd_div_xAxis_1__xbip_pipe_v3_0_5_viv__parameterized5_94\
INFO: [VRFC 10-307] analyzing entity \HDMI_bd_div_xAxis_1__xbip_pipe_v3_0_5_viv__parameterized5_96\
INFO: [VRFC 10-307] analyzing entity \HDMI_bd_div_xAxis_1__xbip_pipe_v3_0_5_viv__parameterized5_99\
INFO: [VRFC 10-307] analyzing entity \HDMI_bd_div_xAxis_1__xbip_pipe_v3_0_5_viv__parameterized60\
INFO: [VRFC 10-307] analyzing entity \HDMI_bd_div_xAxis_1__xbip_pipe_v3_0_5_viv__parameterized62\
INFO: [VRFC 10-307] analyzing entity \HDMI_bd_div_xAxis_1__xbip_pipe_v3_0_5_viv__parameterized64\
INFO: [VRFC 10-307] analyzing entity \HDMI_bd_div_xAxis_1__xbip_pipe_v3_0_5_viv__parameterized66\
INFO: [VRFC 10-307] analyzing entity \HDMI_bd_div_xAxis_1__xbip_pipe_v3_0_5_viv__parameterized68\
INFO: [VRFC 10-307] analyzing entity \HDMI_bd_div_xAxis_1__xbip_pipe_v3_0_5_viv__parameterized7\
INFO: [VRFC 10-307] analyzing entity \HDMI_bd_div_xAxis_1__xbip_pipe_v3_0_5_viv__parameterized70\
INFO: [VRFC 10-307] analyzing entity \HDMI_bd_div_xAxis_1__xbip_pipe_v3_0_5_viv__parameterized73\
INFO: [VRFC 10-307] analyzing entity \HDMI_bd_div_xAxis_1__xbip_pipe_v3_0_5_viv__parameterized7_100\
INFO: [VRFC 10-307] analyzing entity \HDMI_bd_div_xAxis_1__xbip_pipe_v3_0_5_viv__parameterized7_105\
INFO: [VRFC 10-307] analyzing entity \HDMI_bd_div_xAxis_1__xbip_pipe_v3_0_5_viv__parameterized7_110\
INFO: [VRFC 10-307] analyzing entity \HDMI_bd_div_xAxis_1__xbip_pipe_v3_0_5_viv__parameterized7_115\
INFO: [VRFC 10-307] analyzing entity \HDMI_bd_div_xAxis_1__xbip_pipe_v3_0_5_viv__parameterized7_120\
INFO: [VRFC 10-307] analyzing entity \HDMI_bd_div_xAxis_1__xbip_pipe_v3_0_5_viv__parameterized7_125\
INFO: [VRFC 10-307] analyzing entity \HDMI_bd_div_xAxis_1__xbip_pipe_v3_0_5_viv__parameterized7_40\
INFO: [VRFC 10-307] analyzing entity \HDMI_bd_div_xAxis_1__xbip_pipe_v3_0_5_viv__parameterized7_45\
INFO: [VRFC 10-307] analyzing entity \HDMI_bd_div_xAxis_1__xbip_pipe_v3_0_5_viv__parameterized7_50\
INFO: [VRFC 10-307] analyzing entity \HDMI_bd_div_xAxis_1__xbip_pipe_v3_0_5_viv__parameterized7_55\
INFO: [VRFC 10-307] analyzing entity \HDMI_bd_div_xAxis_1__xbip_pipe_v3_0_5_viv__parameterized7_60\
INFO: [VRFC 10-307] analyzing entity \HDMI_bd_div_xAxis_1__xbip_pipe_v3_0_5_viv__parameterized7_65\
INFO: [VRFC 10-307] analyzing entity \HDMI_bd_div_xAxis_1__xbip_pipe_v3_0_5_viv__parameterized7_70\
INFO: [VRFC 10-307] analyzing entity \HDMI_bd_div_xAxis_1__xbip_pipe_v3_0_5_viv__parameterized7_75\
INFO: [VRFC 10-307] analyzing entity \HDMI_bd_div_xAxis_1__xbip_pipe_v3_0_5_viv__parameterized7_80\
INFO: [VRFC 10-307] analyzing entity \HDMI_bd_div_xAxis_1__xbip_pipe_v3_0_5_viv__parameterized7_85\
INFO: [VRFC 10-307] analyzing entity \HDMI_bd_div_xAxis_1__xbip_pipe_v3_0_5_viv__parameterized7_90\
INFO: [VRFC 10-307] analyzing entity \HDMI_bd_div_xAxis_1__xbip_pipe_v3_0_5_viv__parameterized7_95\
INFO: [VRFC 10-307] analyzing entity \HDMI_bd_div_xAxis_1__xbip_pipe_v3_0_5_viv__parameterized9\
INFO: [VRFC 10-307] analyzing entity \HDMI_bd_div_yAxis_1__xbip_pipe_v3_0_5_viv\
INFO: [VRFC 10-307] analyzing entity \HDMI_bd_div_yAxis_1__xbip_pipe_v3_0_5_viv__parameterized1\
INFO: [VRFC 10-307] analyzing entity \HDMI_bd_div_yAxis_1__xbip_pipe_v3_0_5_viv__parameterized11\
INFO: [VRFC 10-307] analyzing entity \HDMI_bd_div_yAxis_1__xbip_pipe_v3_0_5_viv__parameterized13\
INFO: [VRFC 10-307] analyzing entity \HDMI_bd_div_yAxis_1__xbip_pipe_v3_0_5_viv__parameterized15\
INFO: [VRFC 10-307] analyzing entity \HDMI_bd_div_yAxis_1__xbip_pipe_v3_0_5_viv__parameterized17\
INFO: [VRFC 10-307] analyzing entity \HDMI_bd_div_yAxis_1__xbip_pipe_v3_0_5_viv__parameterized19\
INFO: [VRFC 10-307] analyzing entity \HDMI_bd_div_yAxis_1__xbip_pipe_v3_0_5_viv__parameterized1_35\
INFO: [VRFC 10-307] analyzing entity \HDMI_bd_div_yAxis_1__xbip_pipe_v3_0_5_viv__parameterized21\
INFO: [VRFC 10-307] analyzing entity \HDMI_bd_div_yAxis_1__xbip_pipe_v3_0_5_viv__parameterized23\
INFO: [VRFC 10-307] analyzing entity \HDMI_bd_div_yAxis_1__xbip_pipe_v3_0_5_viv__parameterized25\
INFO: [VRFC 10-307] analyzing entity \HDMI_bd_div_yAxis_1__xbip_pipe_v3_0_5_viv__parameterized27\
INFO: [VRFC 10-307] analyzing entity \HDMI_bd_div_yAxis_1__xbip_pipe_v3_0_5_viv__parameterized29\
INFO: [VRFC 10-307] analyzing entity \HDMI_bd_div_yAxis_1__xbip_pipe_v3_0_5_viv__parameterized29_37\
INFO: [VRFC 10-307] analyzing entity \HDMI_bd_div_yAxis_1__xbip_pipe_v3_0_5_viv__parameterized3\
INFO: [VRFC 10-307] analyzing entity \HDMI_bd_div_yAxis_1__xbip_pipe_v3_0_5_viv__parameterized31\
INFO: [VRFC 10-307] analyzing entity \HDMI_bd_div_yAxis_1__xbip_pipe_v3_0_5_viv__parameterized33\
INFO: [VRFC 10-307] analyzing entity \HDMI_bd_div_yAxis_1__xbip_pipe_v3_0_5_viv__parameterized35\
INFO: [VRFC 10-307] analyzing entity \HDMI_bd_div_yAxis_1__xbip_pipe_v3_0_5_viv__parameterized37\
INFO: [VRFC 10-307] analyzing entity \HDMI_bd_div_yAxis_1__xbip_pipe_v3_0_5_viv__parameterized39\
INFO: [VRFC 10-307] analyzing entity \HDMI_bd_div_yAxis_1__xbip_pipe_v3_0_5_viv__parameterized3_1\
INFO: [VRFC 10-307] analyzing entity \HDMI_bd_div_yAxis_1__xbip_pipe_v3_0_5_viv__parameterized3_11\
INFO: [VRFC 10-307] analyzing entity \HDMI_bd_div_yAxis_1__xbip_pipe_v3_0_5_viv__parameterized3_13\
INFO: [VRFC 10-307] analyzing entity \HDMI_bd_div_yAxis_1__xbip_pipe_v3_0_5_viv__parameterized3_15\
INFO: [VRFC 10-307] analyzing entity \HDMI_bd_div_yAxis_1__xbip_pipe_v3_0_5_viv__parameterized3_17\
INFO: [VRFC 10-307] analyzing entity \HDMI_bd_div_yAxis_1__xbip_pipe_v3_0_5_viv__parameterized3_19\
INFO: [VRFC 10-307] analyzing entity \HDMI_bd_div_yAxis_1__xbip_pipe_v3_0_5_viv__parameterized3_21\
INFO: [VRFC 10-307] analyzing entity \HDMI_bd_div_yAxis_1__xbip_pipe_v3_0_5_viv__parameterized3_23\
INFO: [VRFC 10-307] analyzing entity \HDMI_bd_div_yAxis_1__xbip_pipe_v3_0_5_viv__parameterized3_25\
INFO: [VRFC 10-307] analyzing entity \HDMI_bd_div_yAxis_1__xbip_pipe_v3_0_5_viv__parameterized3_27\
INFO: [VRFC 10-307] analyzing entity \HDMI_bd_div_yAxis_1__xbip_pipe_v3_0_5_viv__parameterized3_29\
INFO: [VRFC 10-307] analyzing entity \HDMI_bd_div_yAxis_1__xbip_pipe_v3_0_5_viv__parameterized3_3\
INFO: [VRFC 10-307] analyzing entity \HDMI_bd_div_yAxis_1__xbip_pipe_v3_0_5_viv__parameterized3_31\
INFO: [VRFC 10-307] analyzing entity \HDMI_bd_div_yAxis_1__xbip_pipe_v3_0_5_viv__parameterized3_33\
INFO: [VRFC 10-307] analyzing entity \HDMI_bd_div_yAxis_1__xbip_pipe_v3_0_5_viv__parameterized3_34\
INFO: [VRFC 10-307] analyzing entity \HDMI_bd_div_yAxis_1__xbip_pipe_v3_0_5_viv__parameterized3_5\
INFO: [VRFC 10-307] analyzing entity \HDMI_bd_div_yAxis_1__xbip_pipe_v3_0_5_viv__parameterized3_7\
INFO: [VRFC 10-307] analyzing entity \HDMI_bd_div_yAxis_1__xbip_pipe_v3_0_5_viv__parameterized3_9\
INFO: [VRFC 10-307] analyzing entity \HDMI_bd_div_yAxis_1__xbip_pipe_v3_0_5_viv__parameterized41\
INFO: [VRFC 10-307] analyzing entity \HDMI_bd_div_yAxis_1__xbip_pipe_v3_0_5_viv__parameterized43\
INFO: [VRFC 10-307] analyzing entity \HDMI_bd_div_yAxis_1__xbip_pipe_v3_0_5_viv__parameterized45\
INFO: [VRFC 10-307] analyzing entity \HDMI_bd_div_yAxis_1__xbip_pipe_v3_0_5_viv__parameterized47\
INFO: [VRFC 10-307] analyzing entity \HDMI_bd_div_yAxis_1__xbip_pipe_v3_0_5_viv__parameterized49\
INFO: [VRFC 10-307] analyzing entity \HDMI_bd_div_yAxis_1__xbip_pipe_v3_0_5_viv__parameterized5\
INFO: [VRFC 10-307] analyzing entity \HDMI_bd_div_yAxis_1__xbip_pipe_v3_0_5_viv__parameterized51\
INFO: [VRFC 10-307] analyzing entity \HDMI_bd_div_yAxis_1__xbip_pipe_v3_0_5_viv__parameterized53\
INFO: [VRFC 10-307] analyzing entity \HDMI_bd_div_yAxis_1__xbip_pipe_v3_0_5_viv__parameterized56\
INFO: [VRFC 10-307] analyzing entity \HDMI_bd_div_yAxis_1__xbip_pipe_v3_0_5_viv__parameterized58\
INFO: [VRFC 10-307] analyzing entity \HDMI_bd_div_yAxis_1__xbip_pipe_v3_0_5_viv__parameterized5_101\
INFO: [VRFC 10-307] analyzing entity \HDMI_bd_div_yAxis_1__xbip_pipe_v3_0_5_viv__parameterized5_104\
INFO: [VRFC 10-307] analyzing entity \HDMI_bd_div_yAxis_1__xbip_pipe_v3_0_5_viv__parameterized5_106\
INFO: [VRFC 10-307] analyzing entity \HDMI_bd_div_yAxis_1__xbip_pipe_v3_0_5_viv__parameterized5_109\
INFO: [VRFC 10-307] analyzing entity \HDMI_bd_div_yAxis_1__xbip_pipe_v3_0_5_viv__parameterized5_111\
INFO: [VRFC 10-307] analyzing entity \HDMI_bd_div_yAxis_1__xbip_pipe_v3_0_5_viv__parameterized5_114\
INFO: [VRFC 10-307] analyzing entity \HDMI_bd_div_yAxis_1__xbip_pipe_v3_0_5_viv__parameterized5_116\
INFO: [VRFC 10-307] analyzing entity \HDMI_bd_div_yAxis_1__xbip_pipe_v3_0_5_viv__parameterized5_119\
INFO: [VRFC 10-307] analyzing entity \HDMI_bd_div_yAxis_1__xbip_pipe_v3_0_5_viv__parameterized5_121\
INFO: [VRFC 10-307] analyzing entity \HDMI_bd_div_yAxis_1__xbip_pipe_v3_0_5_viv__parameterized5_124\
INFO: [VRFC 10-307] analyzing entity \HDMI_bd_div_yAxis_1__xbip_pipe_v3_0_5_viv__parameterized5_126\
INFO: [VRFC 10-307] analyzing entity \HDMI_bd_div_yAxis_1__xbip_pipe_v3_0_5_viv__parameterized5_36\
INFO: [VRFC 10-307] analyzing entity \HDMI_bd_div_yAxis_1__xbip_pipe_v3_0_5_viv__parameterized5_38\
INFO: [VRFC 10-307] analyzing entity \HDMI_bd_div_yAxis_1__xbip_pipe_v3_0_5_viv__parameterized5_39\
INFO: [VRFC 10-307] analyzing entity \HDMI_bd_div_yAxis_1__xbip_pipe_v3_0_5_viv__parameterized5_41\
INFO: [VRFC 10-307] analyzing entity \HDMI_bd_div_yAxis_1__xbip_pipe_v3_0_5_viv__parameterized5_44\
INFO: [VRFC 10-307] analyzing entity \HDMI_bd_div_yAxis_1__xbip_pipe_v3_0_5_viv__parameterized5_46\
INFO: [VRFC 10-307] analyzing entity \HDMI_bd_div_yAxis_1__xbip_pipe_v3_0_5_viv__parameterized5_49\
INFO: [VRFC 10-307] analyzing entity \HDMI_bd_div_yAxis_1__xbip_pipe_v3_0_5_viv__parameterized5_51\
INFO: [VRFC 10-307] analyzing entity \HDMI_bd_div_yAxis_1__xbip_pipe_v3_0_5_viv__parameterized5_54\
INFO: [VRFC 10-307] analyzing entity \HDMI_bd_div_yAxis_1__xbip_pipe_v3_0_5_viv__parameterized5_56\
INFO: [VRFC 10-307] analyzing entity \HDMI_bd_div_yAxis_1__xbip_pipe_v3_0_5_viv__parameterized5_59\
INFO: [VRFC 10-307] analyzing entity \HDMI_bd_div_yAxis_1__xbip_pipe_v3_0_5_viv__parameterized5_61\
INFO: [VRFC 10-307] analyzing entity \HDMI_bd_div_yAxis_1__xbip_pipe_v3_0_5_viv__parameterized5_64\
INFO: [VRFC 10-307] analyzing entity \HDMI_bd_div_yAxis_1__xbip_pipe_v3_0_5_viv__parameterized5_66\
INFO: [VRFC 10-307] analyzing entity \HDMI_bd_div_yAxis_1__xbip_pipe_v3_0_5_viv__parameterized5_69\
INFO: [VRFC 10-307] analyzing entity \HDMI_bd_div_yAxis_1__xbip_pipe_v3_0_5_viv__parameterized5_71\
INFO: [VRFC 10-307] analyzing entity \HDMI_bd_div_yAxis_1__xbip_pipe_v3_0_5_viv__parameterized5_74\
INFO: [VRFC 10-307] analyzing entity \HDMI_bd_div_yAxis_1__xbip_pipe_v3_0_5_viv__parameterized5_76\
INFO: [VRFC 10-307] analyzing entity \HDMI_bd_div_yAxis_1__xbip_pipe_v3_0_5_viv__parameterized5_79\
INFO: [VRFC 10-307] analyzing entity \HDMI_bd_div_yAxis_1__xbip_pipe_v3_0_5_viv__parameterized5_81\
INFO: [VRFC 10-307] analyzing entity \HDMI_bd_div_yAxis_1__xbip_pipe_v3_0_5_viv__parameterized5_84\
INFO: [VRFC 10-307] analyzing entity \HDMI_bd_div_yAxis_1__xbip_pipe_v3_0_5_viv__parameterized5_86\
INFO: [VRFC 10-307] analyzing entity \HDMI_bd_div_yAxis_1__xbip_pipe_v3_0_5_viv__parameterized5_89\
INFO: [VRFC 10-307] analyzing entity \HDMI_bd_div_yAxis_1__xbip_pipe_v3_0_5_viv__parameterized5_91\
INFO: [VRFC 10-307] analyzing entity \HDMI_bd_div_yAxis_1__xbip_pipe_v3_0_5_viv__parameterized5_94\
INFO: [VRFC 10-307] analyzing entity \HDMI_bd_div_yAxis_1__xbip_pipe_v3_0_5_viv__parameterized5_96\
INFO: [VRFC 10-307] analyzing entity \HDMI_bd_div_yAxis_1__xbip_pipe_v3_0_5_viv__parameterized5_99\
INFO: [VRFC 10-307] analyzing entity \HDMI_bd_div_yAxis_1__xbip_pipe_v3_0_5_viv__parameterized60\
INFO: [VRFC 10-307] analyzing entity \HDMI_bd_div_yAxis_1__xbip_pipe_v3_0_5_viv__parameterized62\
INFO: [VRFC 10-307] analyzing entity \HDMI_bd_div_yAxis_1__xbip_pipe_v3_0_5_viv__parameterized64\
INFO: [VRFC 10-307] analyzing entity \HDMI_bd_div_yAxis_1__xbip_pipe_v3_0_5_viv__parameterized66\
INFO: [VRFC 10-307] analyzing entity \HDMI_bd_div_yAxis_1__xbip_pipe_v3_0_5_viv__parameterized68\
INFO: [VRFC 10-307] analyzing entity \HDMI_bd_div_yAxis_1__xbip_pipe_v3_0_5_viv__parameterized7\
INFO: [VRFC 10-307] analyzing entity \HDMI_bd_div_yAxis_1__xbip_pipe_v3_0_5_viv__parameterized70\
INFO: [VRFC 10-307] analyzing entity \HDMI_bd_div_yAxis_1__xbip_pipe_v3_0_5_viv__parameterized73\
INFO: [VRFC 10-307] analyzing entity \HDMI_bd_div_yAxis_1__xbip_pipe_v3_0_5_viv__parameterized7_100\
INFO: [VRFC 10-307] analyzing entity \HDMI_bd_div_yAxis_1__xbip_pipe_v3_0_5_viv__parameterized7_105\
INFO: [VRFC 10-307] analyzing entity \HDMI_bd_div_yAxis_1__xbip_pipe_v3_0_5_viv__parameterized7_110\
INFO: [VRFC 10-307] analyzing entity \HDMI_bd_div_yAxis_1__xbip_pipe_v3_0_5_viv__parameterized7_115\
INFO: [VRFC 10-307] analyzing entity \HDMI_bd_div_yAxis_1__xbip_pipe_v3_0_5_viv__parameterized7_120\
INFO: [VRFC 10-307] analyzing entity \HDMI_bd_div_yAxis_1__xbip_pipe_v3_0_5_viv__parameterized7_125\
INFO: [VRFC 10-307] analyzing entity \HDMI_bd_div_yAxis_1__xbip_pipe_v3_0_5_viv__parameterized7_40\
INFO: [VRFC 10-307] analyzing entity \HDMI_bd_div_yAxis_1__xbip_pipe_v3_0_5_viv__parameterized7_45\
INFO: [VRFC 10-307] analyzing entity \HDMI_bd_div_yAxis_1__xbip_pipe_v3_0_5_viv__parameterized7_50\
INFO: [VRFC 10-307] analyzing entity \HDMI_bd_div_yAxis_1__xbip_pipe_v3_0_5_viv__parameterized7_55\
INFO: [VRFC 10-307] analyzing entity \HDMI_bd_div_yAxis_1__xbip_pipe_v3_0_5_viv__parameterized7_60\
INFO: [VRFC 10-307] analyzing entity \HDMI_bd_div_yAxis_1__xbip_pipe_v3_0_5_viv__parameterized7_65\
INFO: [VRFC 10-307] analyzing entity \HDMI_bd_div_yAxis_1__xbip_pipe_v3_0_5_viv__parameterized7_70\
INFO: [VRFC 10-307] analyzing entity \HDMI_bd_div_yAxis_1__xbip_pipe_v3_0_5_viv__parameterized7_75\
INFO: [VRFC 10-307] analyzing entity \HDMI_bd_div_yAxis_1__xbip_pipe_v3_0_5_viv__parameterized7_80\
INFO: [VRFC 10-307] analyzing entity \HDMI_bd_div_yAxis_1__xbip_pipe_v3_0_5_viv__parameterized7_85\
INFO: [VRFC 10-307] analyzing entity \HDMI_bd_div_yAxis_1__xbip_pipe_v3_0_5_viv__parameterized7_90\
INFO: [VRFC 10-307] analyzing entity \HDMI_bd_div_yAxis_1__xbip_pipe_v3_0_5_viv__parameterized7_95\
INFO: [VRFC 10-307] analyzing entity \HDMI_bd_div_yAxis_1__xbip_pipe_v3_0_5_viv__parameterized9\
INFO: [VRFC 10-307] analyzing entity \HDMI_bd_mult_gen_0_2__ccm_scaled_adder\
INFO: [VRFC 10-307] analyzing entity HDMI_bd_Additionneur_Nbits_0_0
INFO: [VRFC 10-307] analyzing entity HDMI_bd_Additionneur_Nbits_1_0
INFO: [VRFC 10-307] analyzing entity HDMI_bd_Blank_pixel_counter_1
INFO: [VRFC 10-307] analyzing entity HDMI_bd_ET_logique_5entree_0_0
INFO: [VRFC 10-307] analyzing entity HDMI_bd_RGB_to_Y_0_0
INFO: [VRFC 10-307] analyzing entity HDMI_bd_Seuillage_0_3
INFO: [VRFC 10-307] analyzing entity HDMI_bd_abs_8bits_signed_0_0
INFO: [VRFC 10-307] analyzing entity HDMI_bd_affiche_centre_0_0
INFO: [VRFC 10-307] analyzing entity HDMI_bd_clk_wiz_0_0
INFO: [VRFC 10-307] analyzing entity HDMI_bd_column_counter_0
INFO: [VRFC 10-307] analyzing entity HDMI_bd_dvi2rgb_0_1_ResetBridge
INFO: [VRFC 10-307] analyzing entity HDMI_bd_dvi2rgb_0_1_ResetBridge_2
INFO: [VRFC 10-307] analyzing entity HDMI_bd_dvi2rgb_0_1_ResetBridge_3
INFO: [VRFC 10-307] analyzing entity HDMI_bd_dvi2rgb_0_1_SyncBase
INFO: [VRFC 10-307] analyzing entity HDMI_bd_dvi2rgb_0_1_SyncBase_13
INFO: [VRFC 10-307] analyzing entity HDMI_bd_dvi2rgb_0_1_SyncBase_20
INFO: [VRFC 10-307] analyzing entity \HDMI_bd_dvi2rgb_0_1_SyncBase__parameterized0\
INFO: [VRFC 10-307] analyzing entity \HDMI_bd_dvi2rgb_0_1_SyncBase__parameterized0_14\
INFO: [VRFC 10-307] analyzing entity \HDMI_bd_dvi2rgb_0_1_SyncBase__parameterized0_21\
INFO: [VRFC 10-307] analyzing entity HDMI_bd_dvi2rgb_0_1_TWI_SlaveCtl
INFO: [VRFC 10-307] analyzing entity HDMI_bd_ligne_counter_0
INFO: [VRFC 10-307] analyzing entity HDMI_bd_reg_1bit_0_0
INFO: [VRFC 10-307] analyzing entity HDMI_bd_reg_1bit_0_1
INFO: [VRFC 10-307] analyzing entity HDMI_bd_reg_1bit_0_2
INFO: [VRFC 10-307] analyzing entity HDMI_bd_reg_1bit_2_0
INFO: [VRFC 10-307] analyzing entity HDMI_bd_reg_1bit_3_0
INFO: [VRFC 10-307] analyzing entity HDMI_bd_reg_1bit_4_0
INFO: [VRFC 10-307] analyzing entity HDMI_bd_reg_Nbits_0_0_reg_Nbits
INFO: [VRFC 10-307] analyzing entity HDMI_bd_reg_Nbits_0_1_reg_Nbits
INFO: [VRFC 10-307] analyzing entity HDMI_bd_reg_Nbits_0_2_reg_Nbits
INFO: [VRFC 10-307] analyzing entity HDMI_bd_reg_Nbits_0_3_reg_Nbits
INFO: [VRFC 10-307] analyzing entity HDMI_bd_reg_Nbits_0_4_reg_Nbits
INFO: [VRFC 10-307] analyzing entity HDMI_bd_reg_Nbits_0_5_reg_Nbits
INFO: [VRFC 10-307] analyzing entity HDMI_bd_reg_Nbits_1_0_reg_Nbits
INFO: [VRFC 10-307] analyzing entity \HDMI_bd_rgb2dvi_0_1__ResetBridge\
INFO: [VRFC 10-307] analyzing entity \HDMI_bd_rgb2dvi_0_1__ResetBridge_5\
INFO: [VRFC 10-307] analyzing entity \HDMI_bd_c_addsub_0_0__c_addsub_v12_0_12_lut6_legacy\
INFO: [VRFC 10-307] analyzing entity \HDMI_bd_c_addsub_0_1__c_addsub_v12_0_12_lut6_legacy\
INFO: [VRFC 10-307] analyzing entity \HDMI_bd_c_addsub_0_2__c_addsub_v12_0_12_lut6_legacy\
INFO: [VRFC 10-307] analyzing entity \HDMI_bd_c_addsub_0_4__c_addsub_v12_0_12_lut6_legacy\
INFO: [VRFC 10-307] analyzing entity \HDMI_bd_c_addsub_2_0__c_addsub_v12_0_12_lut6_legacy\
INFO: [VRFC 10-307] analyzing entity \HDMI_bd_div_xAxis_1__c_addsub_lut6\
INFO: [VRFC 10-307] analyzing entity \HDMI_bd_div_xAxis_1__c_addsub_lut6_103\
INFO: [VRFC 10-307] analyzing entity \HDMI_bd_div_xAxis_1__c_addsub_lut6_108\
INFO: [VRFC 10-307] analyzing entity \HDMI_bd_div_xAxis_1__c_addsub_lut6_113\
INFO: [VRFC 10-307] analyzing entity \HDMI_bd_div_xAxis_1__c_addsub_lut6_118\
INFO: [VRFC 10-307] analyzing entity \HDMI_bd_div_xAxis_1__c_addsub_lut6_123\
INFO: [VRFC 10-307] analyzing entity \HDMI_bd_div_xAxis_1__c_addsub_lut6_43\
INFO: [VRFC 10-307] analyzing entity \HDMI_bd_div_xAxis_1__c_addsub_lut6_48\
INFO: [VRFC 10-307] analyzing entity \HDMI_bd_div_xAxis_1__c_addsub_lut6_53\
INFO: [VRFC 10-307] analyzing entity \HDMI_bd_div_xAxis_1__c_addsub_lut6_58\
INFO: [VRFC 10-307] analyzing entity \HDMI_bd_div_xAxis_1__c_addsub_lut6_63\
INFO: [VRFC 10-307] analyzing entity \HDMI_bd_div_xAxis_1__c_addsub_lut6_68\
INFO: [VRFC 10-307] analyzing entity \HDMI_bd_div_xAxis_1__c_addsub_lut6_73\
INFO: [VRFC 10-307] analyzing entity \HDMI_bd_div_xAxis_1__c_addsub_lut6_78\
INFO: [VRFC 10-307] analyzing entity \HDMI_bd_div_xAxis_1__c_addsub_lut6_83\
INFO: [VRFC 10-307] analyzing entity \HDMI_bd_div_xAxis_1__c_addsub_lut6_88\
INFO: [VRFC 10-307] analyzing entity \HDMI_bd_div_xAxis_1__c_addsub_lut6_93\
INFO: [VRFC 10-307] analyzing entity \HDMI_bd_div_xAxis_1__c_addsub_lut6_98\
INFO: [VRFC 10-307] analyzing entity \HDMI_bd_div_xAxis_1__c_addsub_lut6__parameterized1\
INFO: [VRFC 10-307] analyzing entity \HDMI_bd_div_yAxis_1__c_addsub_lut6\
INFO: [VRFC 10-307] analyzing entity \HDMI_bd_div_yAxis_1__c_addsub_lut6_103\
INFO: [VRFC 10-307] analyzing entity \HDMI_bd_div_yAxis_1__c_addsub_lut6_108\
INFO: [VRFC 10-307] analyzing entity \HDMI_bd_div_yAxis_1__c_addsub_lut6_113\
INFO: [VRFC 10-307] analyzing entity \HDMI_bd_div_yAxis_1__c_addsub_lut6_118\
INFO: [VRFC 10-307] analyzing entity \HDMI_bd_div_yAxis_1__c_addsub_lut6_123\
INFO: [VRFC 10-307] analyzing entity \HDMI_bd_div_yAxis_1__c_addsub_lut6_43\
INFO: [VRFC 10-307] analyzing entity \HDMI_bd_div_yAxis_1__c_addsub_lut6_48\
INFO: [VRFC 10-307] analyzing entity \HDMI_bd_div_yAxis_1__c_addsub_lut6_53\
INFO: [VRFC 10-307] analyzing entity \HDMI_bd_div_yAxis_1__c_addsub_lut6_58\
INFO: [VRFC 10-307] analyzing entity \HDMI_bd_div_yAxis_1__c_addsub_lut6_63\
INFO: [VRFC 10-307] analyzing entity \HDMI_bd_div_yAxis_1__c_addsub_lut6_68\
INFO: [VRFC 10-307] analyzing entity \HDMI_bd_div_yAxis_1__c_addsub_lut6_73\
INFO: [VRFC 10-307] analyzing entity \HDMI_bd_div_yAxis_1__c_addsub_lut6_78\
INFO: [VRFC 10-307] analyzing entity \HDMI_bd_div_yAxis_1__c_addsub_lut6_83\
INFO: [VRFC 10-307] analyzing entity \HDMI_bd_div_yAxis_1__c_addsub_lut6_88\
INFO: [VRFC 10-307] analyzing entity \HDMI_bd_div_yAxis_1__c_addsub_lut6_93\
INFO: [VRFC 10-307] analyzing entity \HDMI_bd_div_yAxis_1__c_addsub_lut6_98\
INFO: [VRFC 10-307] analyzing entity \HDMI_bd_div_yAxis_1__c_addsub_lut6__parameterized1\
INFO: [VRFC 10-307] analyzing entity \HDMI_bd_mult_gen_0_2__ccm_operation\
INFO: [VRFC 10-307] analyzing entity HDMI_bd_dvi2rgb_0_1_EEPROM_8b
INFO: [VRFC 10-307] analyzing entity HDMI_bd_dvi2rgb_0_1_TMDS_Clocking
INFO: [VRFC 10-307] analyzing entity HDMI_bd_dvi2rgb_0_1_TMDS_Decoder
INFO: [VRFC 10-307] analyzing entity HDMI_bd_dvi2rgb_0_1_TMDS_Decoder_0
INFO: [VRFC 10-307] analyzing entity HDMI_bd_dvi2rgb_0_1_TMDS_Decoder_1
INFO: [VRFC 10-307] analyzing entity HDMI_bd_reg_Nbits_0_0
INFO: [VRFC 10-307] analyzing entity HDMI_bd_reg_Nbits_0_1
INFO: [VRFC 10-307] analyzing entity HDMI_bd_reg_Nbits_0_2
INFO: [VRFC 10-307] analyzing entity HDMI_bd_reg_Nbits_0_3
INFO: [VRFC 10-307] analyzing entity HDMI_bd_reg_Nbits_0_4
INFO: [VRFC 10-307] analyzing entity HDMI_bd_reg_Nbits_0_5
INFO: [VRFC 10-307] analyzing entity HDMI_bd_reg_Nbits_1_0
INFO: [VRFC 10-307] analyzing entity \HDMI_bd_rgb2dvi_0_1__ClockGen\
INFO: [VRFC 10-307] analyzing entity filtrage_intensif_imp_EBE6GW
INFO: [VRFC 10-307] analyzing entity \HDMI_bd_c_addsub_0_0__c_addsub_v12_0_12_fabric_legacy\
INFO: [VRFC 10-307] analyzing entity \HDMI_bd_c_addsub_0_1__c_addsub_v12_0_12_fabric_legacy\
INFO: [VRFC 10-307] analyzing entity \HDMI_bd_c_addsub_0_2__c_addsub_v12_0_12_fabric_legacy\
INFO: [VRFC 10-307] analyzing entity \HDMI_bd_c_addsub_0_4__c_addsub_v12_0_12_fabric_legacy\
INFO: [VRFC 10-307] analyzing entity \HDMI_bd_c_addsub_2_0__c_addsub_v12_0_12_fabric_legacy\
INFO: [VRFC 10-307] analyzing entity \HDMI_bd_div_xAxis_1__c_addsub_viv\
INFO: [VRFC 10-307] analyzing entity \HDMI_bd_div_xAxis_1__c_addsub_viv_102\
INFO: [VRFC 10-307] analyzing entity \HDMI_bd_div_xAxis_1__c_addsub_viv_107\
INFO: [VRFC 10-307] analyzing entity \HDMI_bd_div_xAxis_1__c_addsub_viv_112\
INFO: [VRFC 10-307] analyzing entity \HDMI_bd_div_xAxis_1__c_addsub_viv_117\
INFO: [VRFC 10-307] analyzing entity \HDMI_bd_div_xAxis_1__c_addsub_viv_122\
INFO: [VRFC 10-307] analyzing entity \HDMI_bd_div_xAxis_1__c_addsub_viv_42\
INFO: [VRFC 10-307] analyzing entity \HDMI_bd_div_xAxis_1__c_addsub_viv_47\
INFO: [VRFC 10-307] analyzing entity \HDMI_bd_div_xAxis_1__c_addsub_viv_52\
INFO: [VRFC 10-307] analyzing entity \HDMI_bd_div_xAxis_1__c_addsub_viv_57\
INFO: [VRFC 10-307] analyzing entity \HDMI_bd_div_xAxis_1__c_addsub_viv_62\
INFO: [VRFC 10-307] analyzing entity \HDMI_bd_div_xAxis_1__c_addsub_viv_67\
INFO: [VRFC 10-307] analyzing entity \HDMI_bd_div_xAxis_1__c_addsub_viv_72\
INFO: [VRFC 10-307] analyzing entity \HDMI_bd_div_xAxis_1__c_addsub_viv_77\
INFO: [VRFC 10-307] analyzing entity \HDMI_bd_div_xAxis_1__c_addsub_viv_82\
INFO: [VRFC 10-307] analyzing entity \HDMI_bd_div_xAxis_1__c_addsub_viv_87\
INFO: [VRFC 10-307] analyzing entity \HDMI_bd_div_xAxis_1__c_addsub_viv_92\
INFO: [VRFC 10-307] analyzing entity \HDMI_bd_div_xAxis_1__c_addsub_viv_97\
INFO: [VRFC 10-307] analyzing entity \HDMI_bd_div_xAxis_1__c_addsub_viv__parameterized0\
INFO: [VRFC 10-307] analyzing entity \HDMI_bd_div_yAxis_1__c_addsub_viv\
INFO: [VRFC 10-307] analyzing entity \HDMI_bd_div_yAxis_1__c_addsub_viv_102\
INFO: [VRFC 10-307] analyzing entity \HDMI_bd_div_yAxis_1__c_addsub_viv_107\
INFO: [VRFC 10-307] analyzing entity \HDMI_bd_div_yAxis_1__c_addsub_viv_112\
INFO: [VRFC 10-307] analyzing entity \HDMI_bd_div_yAxis_1__c_addsub_viv_117\
INFO: [VRFC 10-307] analyzing entity \HDMI_bd_div_yAxis_1__c_addsub_viv_122\
INFO: [VRFC 10-307] analyzing entity \HDMI_bd_div_yAxis_1__c_addsub_viv_42\
INFO: [VRFC 10-307] analyzing entity \HDMI_bd_div_yAxis_1__c_addsub_viv_47\
INFO: [VRFC 10-307] analyzing entity \HDMI_bd_div_yAxis_1__c_addsub_viv_52\
INFO: [VRFC 10-307] analyzing entity \HDMI_bd_div_yAxis_1__c_addsub_viv_57\
INFO: [VRFC 10-307] analyzing entity \HDMI_bd_div_yAxis_1__c_addsub_viv_62\
INFO: [VRFC 10-307] analyzing entity \HDMI_bd_div_yAxis_1__c_addsub_viv_67\
INFO: [VRFC 10-307] analyzing entity \HDMI_bd_div_yAxis_1__c_addsub_viv_72\
INFO: [VRFC 10-307] analyzing entity \HDMI_bd_div_yAxis_1__c_addsub_viv_77\
INFO: [VRFC 10-307] analyzing entity \HDMI_bd_div_yAxis_1__c_addsub_viv_82\
INFO: [VRFC 10-307] analyzing entity \HDMI_bd_div_yAxis_1__c_addsub_viv_87\
INFO: [VRFC 10-307] analyzing entity \HDMI_bd_div_yAxis_1__c_addsub_viv_92\
INFO: [VRFC 10-307] analyzing entity \HDMI_bd_div_yAxis_1__c_addsub_viv_97\
INFO: [VRFC 10-307] analyzing entity \HDMI_bd_div_yAxis_1__c_addsub_viv__parameterized0\
INFO: [VRFC 10-307] analyzing entity \HDMI_bd_mult_gen_0_2__ccm\
INFO: [VRFC 10-307] analyzing entity HDMI_bd_dvi2rgb_0_1_dvi2rgb
INFO: [VRFC 10-307] analyzing entity \HDMI_bd_rgb2dvi_0_1__rgb2dvi\
INFO: [VRFC 10-307] analyzing entity \HDMI_bd_c_addsub_0_0__c_addsub_v12_0_12_legacy\
INFO: [VRFC 10-307] analyzing entity \HDMI_bd_c_addsub_0_1__c_addsub_v12_0_12_legacy\
INFO: [VRFC 10-307] analyzing entity \HDMI_bd_c_addsub_0_2__c_addsub_v12_0_12_legacy\
INFO: [VRFC 10-307] analyzing entity \HDMI_bd_c_addsub_0_4__c_addsub_v12_0_12_legacy\
INFO: [VRFC 10-307] analyzing entity \HDMI_bd_c_addsub_2_0__c_addsub_v12_0_12_legacy\
INFO: [VRFC 10-307] analyzing entity \HDMI_bd_div_xAxis_1__addsubreg_v\
INFO: [VRFC 10-307] analyzing entity \HDMI_bd_div_xAxis_1__addsubreg_v_0\
INFO: [VRFC 10-307] analyzing entity \HDMI_bd_div_xAxis_1__addsubreg_v_10\
INFO: [VRFC 10-307] analyzing entity \HDMI_bd_div_xAxis_1__addsubreg_v_12\
INFO: [VRFC 10-307] analyzing entity \HDMI_bd_div_xAxis_1__addsubreg_v_14\
INFO: [VRFC 10-307] analyzing entity \HDMI_bd_div_xAxis_1__addsubreg_v_16\
INFO: [VRFC 10-307] analyzing entity \HDMI_bd_div_xAxis_1__addsubreg_v_18\
INFO: [VRFC 10-307] analyzing entity \HDMI_bd_div_xAxis_1__addsubreg_v_2\
INFO: [VRFC 10-307] analyzing entity \HDMI_bd_div_xAxis_1__addsubreg_v_20\
INFO: [VRFC 10-307] analyzing entity \HDMI_bd_div_xAxis_1__addsubreg_v_22\
INFO: [VRFC 10-307] analyzing entity \HDMI_bd_div_xAxis_1__addsubreg_v_24\
INFO: [VRFC 10-307] analyzing entity \HDMI_bd_div_xAxis_1__addsubreg_v_26\
INFO: [VRFC 10-307] analyzing entity \HDMI_bd_div_xAxis_1__addsubreg_v_28\
INFO: [VRFC 10-307] analyzing entity \HDMI_bd_div_xAxis_1__addsubreg_v_30\
INFO: [VRFC 10-307] analyzing entity \HDMI_bd_div_xAxis_1__addsubreg_v_32\
INFO: [VRFC 10-307] analyzing entity \HDMI_bd_div_xAxis_1__addsubreg_v_4\
INFO: [VRFC 10-307] analyzing entity \HDMI_bd_div_xAxis_1__addsubreg_v_6\
INFO: [VRFC 10-307] analyzing entity \HDMI_bd_div_xAxis_1__addsubreg_v_8\
INFO: [VRFC 10-307] analyzing entity \HDMI_bd_div_xAxis_1__addsubreg_v__parameterized0\
INFO: [VRFC 10-307] analyzing entity \HDMI_bd_div_yAxis_1__addsubreg_v\
INFO: [VRFC 10-307] analyzing entity \HDMI_bd_div_yAxis_1__addsubreg_v_0\
INFO: [VRFC 10-307] analyzing entity \HDMI_bd_div_yAxis_1__addsubreg_v_10\
INFO: [VRFC 10-307] analyzing entity \HDMI_bd_div_yAxis_1__addsubreg_v_12\
INFO: [VRFC 10-307] analyzing entity \HDMI_bd_div_yAxis_1__addsubreg_v_14\
INFO: [VRFC 10-307] analyzing entity \HDMI_bd_div_yAxis_1__addsubreg_v_16\
INFO: [VRFC 10-307] analyzing entity \HDMI_bd_div_yAxis_1__addsubreg_v_18\
INFO: [VRFC 10-307] analyzing entity \HDMI_bd_div_yAxis_1__addsubreg_v_2\
INFO: [VRFC 10-307] analyzing entity \HDMI_bd_div_yAxis_1__addsubreg_v_20\
INFO: [VRFC 10-307] analyzing entity \HDMI_bd_div_yAxis_1__addsubreg_v_22\
INFO: [VRFC 10-307] analyzing entity \HDMI_bd_div_yAxis_1__addsubreg_v_24\
INFO: [VRFC 10-307] analyzing entity \HDMI_bd_div_yAxis_1__addsubreg_v_26\
INFO: [VRFC 10-307] analyzing entity \HDMI_bd_div_yAxis_1__addsubreg_v_28\
INFO: [VRFC 10-307] analyzing entity \HDMI_bd_div_yAxis_1__addsubreg_v_30\
INFO: [VRFC 10-307] analyzing entity \HDMI_bd_div_yAxis_1__addsubreg_v_32\
INFO: [VRFC 10-307] analyzing entity \HDMI_bd_div_yAxis_1__addsubreg_v_4\
INFO: [VRFC 10-307] analyzing entity \HDMI_bd_div_yAxis_1__addsubreg_v_6\
INFO: [VRFC 10-307] analyzing entity \HDMI_bd_div_yAxis_1__addsubreg_v_8\
INFO: [VRFC 10-307] analyzing entity \HDMI_bd_div_yAxis_1__addsubreg_v__parameterized0\
INFO: [VRFC 10-307] analyzing entity \HDMI_bd_mult_gen_0_2__mult_gen_v12_0_14_viv\
INFO: [VRFC 10-307] analyzing entity HDMI_bd_dvi2rgb_0_1
INFO: [VRFC 10-307] analyzing entity HDMI_bd_rgb2dvi_0_1
INFO: [VRFC 10-307] analyzing entity \HDMI_bd_mult_gen_0_2__mult_gen_v12_0_14\
INFO: [VRFC 10-307] analyzing entity \HDMI_bd_c_addsub_0_0__c_addsub_v12_0_12_viv\
INFO: [VRFC 10-307] analyzing entity \HDMI_bd_c_addsub_0_1__c_addsub_v12_0_12_viv\
INFO: [VRFC 10-307] analyzing entity \HDMI_bd_c_addsub_0_2__c_addsub_v12_0_12_viv\
INFO: [VRFC 10-307] analyzing entity \HDMI_bd_c_addsub_0_4__c_addsub_v12_0_12_viv\
INFO: [VRFC 10-307] analyzing entity \HDMI_bd_c_addsub_2_0__c_addsub_v12_0_12_viv\
INFO: [VRFC 10-307] analyzing entity \HDMI_bd_div_xAxis_1__dividervdc_v\
INFO: [VRFC 10-307] analyzing entity \HDMI_bd_div_yAxis_1__dividervdc_v\
INFO: [VRFC 10-307] analyzing entity HDMI_bd_mult_gen_0_2
INFO: [VRFC 10-307] analyzing entity \HDMI_bd_c_addsub_0_0__c_addsub_v12_0_12\
INFO: [VRFC 10-307] analyzing entity \HDMI_bd_c_addsub_0_1__c_addsub_v12_0_12\
INFO: [VRFC 10-307] analyzing entity \HDMI_bd_c_addsub_0_2__c_addsub_v12_0_12\
INFO: [VRFC 10-307] analyzing entity \HDMI_bd_c_addsub_0_4__c_addsub_v12_0_12\
INFO: [VRFC 10-307] analyzing entity \HDMI_bd_c_addsub_2_0__c_addsub_v12_0_12\
INFO: [VRFC 10-307] analyzing entity \HDMI_bd_div_xAxis_1__bip_sdivider_synth\
INFO: [VRFC 10-307] analyzing entity \HDMI_bd_div_yAxis_1__bip_sdivider_synth\
INFO: [VRFC 10-307] analyzing entity HDMI_bd_c_addsub_0_0
INFO: [VRFC 10-307] analyzing entity HDMI_bd_c_addsub_0_1
INFO: [VRFC 10-307] analyzing entity HDMI_bd_c_addsub_0_2
INFO: [VRFC 10-307] analyzing entity HDMI_bd_c_addsub_0_4
INFO: [VRFC 10-307] analyzing entity HDMI_bd_c_addsub_2_0
INFO: [VRFC 10-307] analyzing entity \HDMI_bd_div_xAxis_1__div_gen_synth\
INFO: [VRFC 10-307] analyzing entity \HDMI_bd_div_yAxis_1__div_gen_synth\
INFO: [VRFC 10-307] analyzing entity Moyenneur_imp_FLWLV2
INFO: [VRFC 10-307] analyzing entity Segmentation_imp_1V2EHQ9
INFO: [VRFC 10-307] analyzing entity \HDMI_bd_div_xAxis_1__div_gen_v5_1_13_viv\
INFO: [VRFC 10-307] analyzing entity \HDMI_bd_div_yAxis_1__div_gen_v5_1_13_viv\
INFO: [VRFC 10-307] analyzing entity \HDMI_bd_div_xAxis_1__div_gen_v5_1_13\
INFO: [VRFC 10-307] analyzing entity \HDMI_bd_div_yAxis_1__div_gen_v5_1_13\
INFO: [VRFC 10-307] analyzing entity HDMI_bd_div_xAxis_1
INFO: [VRFC 10-307] analyzing entity HDMI_bd_div_yAxis_1
INFO: [VRFC 10-307] analyzing entity Detect_centre_imp_Y7EHMB
INFO: [VRFC 10-307] analyzing entity HDMI_bd
INFO: [VRFC 10-307] analyzing entity HDMI_bd_wrapper
