
*** Running vivado
    with args -log HDMI_bd_divideur_select_outp_0_0.vds -m64 -product Vivado -mode batch -messageDb vivado.pb -notrace -source HDMI_bd_divideur_select_outp_0_0.tcl


****** Vivado v2018.2.1 (64-bit)
  **** SW Build 2288692 on Thu Jul 26 18:24:02 MDT 2018
  **** IP Build 2289599 on Thu Jul 26 21:09:20 MDT 2018
    ** Copyright 1986-2018 Xilinx, Inc. All Rights Reserved.

source HDMI_bd_divideur_select_outp_0_0.tcl -notrace
Command: synth_design -top HDMI_bd_divideur_select_outp_0_0 -part xc7z020clg400-1 -mode out_of_context
Starting synth_design
Attempting to get a license for feature 'Synthesis' and/or device 'xc7z020'
INFO: [Common 17-349] Got license for feature 'Synthesis' and/or device 'xc7z020'
INFO: Launching helper process for spawning children vivado processes
INFO: Helper process launched with PID 11024 
---------------------------------------------------------------------------------
Starting RTL Elaboration : Time (s): cpu = 00:00:02 ; elapsed = 00:00:03 . Memory (MB): peak = 391.555 ; gain = 101.750
---------------------------------------------------------------------------------
INFO: [Synth 8-638] synthesizing module 'HDMI_bd_divideur_select_outp_0_0' [e:/VLSI/Projet/Segmentation+detectionCentre/ZYBO_HDMI_MGA/project_1/project_1.srcs/sources_1/bd/HDMI_bd/ip/HDMI_bd_divideur_select_outp_0_0/synth/HDMI_bd_divideur_select_outp_0_0.vhd:63]
INFO: [Synth 8-3491] module 'divideur_select_output' declared at 'E:/VLSI/Projet/Segmentation+detectionCentre/ZYBO_HDMI_MGA/project_1/project_1.srcs/sources_1/new/divideur_select_output.vhd:34' bound to instance 'U0' of component 'divideur_select_output' [e:/VLSI/Projet/Segmentation+detectionCentre/ZYBO_HDMI_MGA/project_1/project_1.srcs/sources_1/bd/HDMI_bd/ip/HDMI_bd_divideur_select_outp_0_0/synth/HDMI_bd_divideur_select_outp_0_0.vhd:81]
INFO: [Synth 8-638] synthesizing module 'divideur_select_output' [E:/VLSI/Projet/Segmentation+detectionCentre/ZYBO_HDMI_MGA/project_1/project_1.srcs/sources_1/new/divideur_select_output.vhd:39]
INFO: [Synth 8-256] done synthesizing module 'divideur_select_output' (1#1) [E:/VLSI/Projet/Segmentation+detectionCentre/ZYBO_HDMI_MGA/project_1/project_1.srcs/sources_1/new/divideur_select_output.vhd:39]
INFO: [Synth 8-256] done synthesizing module 'HDMI_bd_divideur_select_outp_0_0' (2#1) [e:/VLSI/Projet/Segmentation+detectionCentre/ZYBO_HDMI_MGA/project_1/project_1.srcs/sources_1/bd/HDMI_bd/ip/HDMI_bd_divideur_select_outp_0_0/synth/HDMI_bd_divideur_select_outp_0_0.vhd:63]
WARNING: [Synth 8-3331] design divideur_select_output has unconnected port Input[39]
WARNING: [Synth 8-3331] design divideur_select_output has unconnected port Input[38]
WARNING: [Synth 8-3331] design divideur_select_output has unconnected port Input[37]
WARNING: [Synth 8-3331] design divideur_select_output has unconnected port Input[36]
WARNING: [Synth 8-3331] design divideur_select_output has unconnected port Input[35]
WARNING: [Synth 8-3331] design divideur_select_output has unconnected port Input[34]
WARNING: [Synth 8-3331] design divideur_select_output has unconnected port Input[33]
WARNING: [Synth 8-3331] design divideur_select_output has unconnected port Input[32]
WARNING: [Synth 8-3331] design divideur_select_output has unconnected port Input[31]
WARNING: [Synth 8-3331] design divideur_select_output has unconnected port Input[30]
WARNING: [Synth 8-3331] design divideur_select_output has unconnected port Input[29]
WARNING: [Synth 8-3331] design divideur_select_output has unconnected port Input[28]
WARNING: [Synth 8-3331] design divideur_select_output has unconnected port Input[15]
WARNING: [Synth 8-3331] design divideur_select_output has unconnected port Input[14]
WARNING: [Synth 8-3331] design divideur_select_output has unconnected port Input[13]
WARNING: [Synth 8-3331] design divideur_select_output has unconnected port Input[12]
WARNING: [Synth 8-3331] design divideur_select_output has unconnected port Input[11]
WARNING: [Synth 8-3331] design divideur_select_output has unconnected port Input[10]
WARNING: [Synth 8-3331] design divideur_select_output has unconnected port Input[9]
WARNING: [Synth 8-3331] design divideur_select_output has unconnected port Input[8]
WARNING: [Synth 8-3331] design divideur_select_output has unconnected port Input[7]
WARNING: [Synth 8-3331] design divideur_select_output has unconnected port Input[6]
WARNING: [Synth 8-3331] design divideur_select_output has unconnected port Input[5]
WARNING: [Synth 8-3331] design divideur_select_output has unconnected port Input[4]
WARNING: [Synth 8-3331] design divideur_select_output has unconnected port Input[3]
WARNING: [Synth 8-3331] design divideur_select_output has unconnected port Input[2]
WARNING: [Synth 8-3331] design divideur_select_output has unconnected port Input[1]
WARNING: [Synth 8-3331] design divideur_select_output has unconnected port Input[0]
---------------------------------------------------------------------------------
Finished RTL Elaboration : Time (s): cpu = 00:00:03 ; elapsed = 00:00:04 . Memory (MB): peak = 446.055 ; gain = 156.250
---------------------------------------------------------------------------------

Report Check Netlist: 
+------+------------------+-------+---------+-------+------------------+
|      |Item              |Errors |Warnings |Status |Description       |
+------+------------------+-------+---------+-------+------------------+
|1     |multi_driven_nets |      0|        0|Passed |Multi driven nets |
+------+------------------+-------+---------+-------+------------------+
---------------------------------------------------------------------------------
Start Handling Custom Attributes
---------------------------------------------------------------------------------
---------------------------------------------------------------------------------
Finished Handling Custom Attributes : Time (s): cpu = 00:00:03 ; elapsed = 00:00:05 . Memory (MB): peak = 446.055 ; gain = 156.250
---------------------------------------------------------------------------------
---------------------------------------------------------------------------------
Finished RTL Optimization Phase 1 : Time (s): cpu = 00:00:03 ; elapsed = 00:00:05 . Memory (MB): peak = 446.055 ; gain = 156.250
---------------------------------------------------------------------------------
INFO: [Device 21-403] Loading part xc7z020clg400-1
INFO: [Project 1-570] Preparing netlist for logic optimization

Processing XDC Constraints
Initializing timing engine
Completed Processing XDC Constraints

INFO: [Project 1-111] Unisim Transformation Summary:
No Unisim elements were transformed.

WARNING: [Constraints 18-5210] No constraint will be written out.
Constraint Validation Runtime : Time (s): cpu = 00:00:00 ; elapsed = 00:00:00.078 . Memory (MB): peak = 708.004 ; gain = 1.746
---------------------------------------------------------------------------------
Finished Constraint Validation : Time (s): cpu = 00:00:11 ; elapsed = 00:00:36 . Memory (MB): peak = 708.004 ; gain = 418.199
---------------------------------------------------------------------------------
---------------------------------------------------------------------------------
Start Loading Part and Timing Information
---------------------------------------------------------------------------------
Loading part: xc7z020clg400-1
---------------------------------------------------------------------------------
Finished Loading Part and Timing Information : Time (s): cpu = 00:00:11 ; elapsed = 00:00:37 . Memory (MB): peak = 708.004 ; gain = 418.199
---------------------------------------------------------------------------------
---------------------------------------------------------------------------------
Start Applying 'set_property' XDC Constraints
---------------------------------------------------------------------------------
---------------------------------------------------------------------------------
Finished applying 'set_property' XDC Constraints : Time (s): cpu = 00:00:11 ; elapsed = 00:00:37 . Memory (MB): peak = 708.004 ; gain = 418.199
---------------------------------------------------------------------------------
---------------------------------------------------------------------------------
Finished RTL Optimization Phase 2 : Time (s): cpu = 00:00:11 ; elapsed = 00:00:43 . Memory (MB): peak = 708.004 ; gain = 418.199
---------------------------------------------------------------------------------

Report RTL Partitions: 
+-+--------------+------------+----------+
| |RTL Partition |Replication |Instances |
+-+--------------+------------+----------+
+-+--------------+------------+----------+
---------------------------------------------------------------------------------
Start RTL Component Statistics 
---------------------------------------------------------------------------------
Detailed RTL Component Info : 
---------------------------------------------------------------------------------
Finished RTL Component Statistics 
---------------------------------------------------------------------------------
---------------------------------------------------------------------------------
Start RTL Hierarchical Component Statistics 
---------------------------------------------------------------------------------
Hierarchical RTL Component report 
---------------------------------------------------------------------------------
Finished RTL Hierarchical Component Statistics
---------------------------------------------------------------------------------
---------------------------------------------------------------------------------
Start Part Resource Summary
---------------------------------------------------------------------------------
Part Resources:
DSPs: 220 (col length:60)
BRAMs: 280 (col length: RAMB18 60 RAMB36 30)
---------------------------------------------------------------------------------
Finished Part Resource Summary
---------------------------------------------------------------------------------
---------------------------------------------------------------------------------
Start Cross Boundary and Area Optimization
---------------------------------------------------------------------------------
Warning: Parallel synthesis criteria is not met 
WARNING: [Synth 8-3330] design HDMI_bd_divideur_select_outp_0_0 has an empty top module
WARNING: [Synth 8-3331] design HDMI_bd_divideur_select_outp_0_0 has unconnected port Input[39]
WARNING: [Synth 8-3331] design HDMI_bd_divideur_select_outp_0_0 has unconnected port Input[38]
WARNING: [Synth 8-3331] design HDMI_bd_divideur_select_outp_0_0 has unconnected port Input[37]
WARNING: [Synth 8-3331] design HDMI_bd_divideur_select_outp_0_0 has unconnected port Input[36]
WARNING: [Synth 8-3331] design HDMI_bd_divideur_select_outp_0_0 has unconnected port Input[35]
WARNING: [Synth 8-3331] design HDMI_bd_divideur_select_outp_0_0 has unconnected port Input[34]
WARNING: [Synth 8-3331] design HDMI_bd_divideur_select_outp_0_0 has unconnected port Input[33]
WARNING: [Synth 8-3331] design HDMI_bd_divideur_select_outp_0_0 has unconnected port Input[32]
WARNING: [Synth 8-3331] design HDMI_bd_divideur_select_outp_0_0 has unconnected port Input[31]
WARNING: [Synth 8-3331] design HDMI_bd_divideur_select_outp_0_0 has unconnected port Input[30]
WARNING: [Synth 8-3331] design HDMI_bd_divideur_select_outp_0_0 has unconnected port Input[29]
WARNING: [Synth 8-3331] design HDMI_bd_divideur_select_outp_0_0 has unconnected port Input[28]
WARNING: [Synth 8-3331] design HDMI_bd_divideur_select_outp_0_0 has unconnected port Input[15]
WARNING: [Synth 8-3331] design HDMI_bd_divideur_select_outp_0_0 has unconnected port Input[14]
WARNING: [Synth 8-3331] design HDMI_bd_divideur_select_outp_0_0 has unconnected port Input[13]
WARNING: [Synth 8-3331] design HDMI_bd_divideur_select_outp_0_0 has unconnected port Input[12]
WARNING: [Synth 8-3331] design HDMI_bd_divideur_select_outp_0_0 has unconnected port Input[11]
WARNING: [Synth 8-3331] design HDMI_bd_divideur_select_outp_0_0 has unconnected port Input[10]
WARNING: [Synth 8-3331] design HDMI_bd_divideur_select_outp_0_0 has unconnected port Input[9]
WARNING: [Synth 8-3331] design HDMI_bd_divideur_select_outp_0_0 has unconnected port Input[8]
WARNING: [Synth 8-3331] design HDMI_bd_divideur_select_outp_0_0 has unconnected port Input[7]
WARNING: [Synth 8-3331] design HDMI_bd_divideur_select_outp_0_0 has unconnected port Input[6]
WARNING: [Synth 8-3331] design HDMI_bd_divideur_select_outp_0_0 has unconnected port Input[5]
WARNING: [Synth 8-3331] design HDMI_bd_divideur_select_outp_0_0 has unconnected port Input[4]
WARNING: [Synth 8-3331] design HDMI_bd_divideur_select_outp_0_0 has unconnected port Input[3]
WARNING: [Synth 8-3331] design HDMI_bd_divideur_select_outp_0_0 has unconnected port Input[2]
WARNING: [Synth 8-3331] design HDMI_bd_divideur_select_outp_0_0 has unconnected port Input[1]
WARNING: [Synth 8-3331] design HDMI_bd_divideur_select_outp_0_0 has unconnected port Input[0]
---------------------------------------------------------------------------------
Finished Cross Boundary and Area Optimization : Time (s): cpu = 00:00:11 ; elapsed = 00:00:54 . Memory (MB): peak = 708.004 ; gain = 418.199
---------------------------------------------------------------------------------

Report RTL Partitions: 
+-+--------------+------------+----------+
| |RTL Partition |Replication |Instances |
+-+--------------+------------+----------+
+-+--------------+------------+----------+
---------------------------------------------------------------------------------
Start Applying XDC Timing Constraints
---------------------------------------------------------------------------------
---------------------------------------------------------------------------------
Finished Applying XDC Timing Constraints : Time (s): cpu = 00:00:18 ; elapsed = 00:01:02 . Memory (MB): peak = 777.227 ; gain = 487.422
---------------------------------------------------------------------------------
---------------------------------------------------------------------------------
Start Timing Optimization
---------------------------------------------------------------------------------
---------------------------------------------------------------------------------
Finished Timing Optimization : Time (s): cpu = 00:00:18 ; elapsed = 00:01:02 . Memory (MB): peak = 777.227 ; gain = 487.422
---------------------------------------------------------------------------------

Report RTL Partitions: 
+-+--------------+------------+----------+
| |RTL Partition |Replication |Instances |
+-+--------------+------------+----------+
+-+--------------+------------+----------+
---------------------------------------------------------------------------------
Start Technology Mapping
---------------------------------------------------------------------------------
---------------------------------------------------------------------------------
Finished Technology Mapping : Time (s): cpu = 00:00:18 ; elapsed = 00:01:02 . Memory (MB): peak = 777.227 ; gain = 487.422
---------------------------------------------------------------------------------

Report RTL Partitions: 
+-+--------------+------------+----------+
| |RTL Partition |Replication |Instances |
+-+--------------+------------+----------+
+-+--------------+------------+----------+
---------------------------------------------------------------------------------
Start IO Insertion
---------------------------------------------------------------------------------
---------------------------------------------------------------------------------
Start Flattening Before IO Insertion
---------------------------------------------------------------------------------
---------------------------------------------------------------------------------
Finished Flattening Before IO Insertion
---------------------------------------------------------------------------------
---------------------------------------------------------------------------------
Start Final Netlist Cleanup
---------------------------------------------------------------------------------
---------------------------------------------------------------------------------
Finished Final Netlist Cleanup
---------------------------------------------------------------------------------
---------------------------------------------------------------------------------
Finished IO Insertion : Time (s): cpu = 00:00:19 ; elapsed = 00:01:03 . Memory (MB): peak = 778.352 ; gain = 488.547
---------------------------------------------------------------------------------

Report Check Netlist: 
+------+------------------+-------+---------+-------+------------------+
|      |Item              |Errors |Warnings |Status |Description       |
+------+------------------+-------+---------+-------+------------------+
|1     |multi_driven_nets |      0|        0|Passed |Multi driven nets |
+------+------------------+-------+---------+-------+------------------+
---------------------------------------------------------------------------------
Start Renaming Generated Instances
---------------------------------------------------------------------------------
---------------------------------------------------------------------------------
Finished Renaming Generated Instances : Time (s): cpu = 00:00:19 ; elapsed = 00:01:03 . Memory (MB): peak = 778.352 ; gain = 488.547
---------------------------------------------------------------------------------

Report RTL Partitions: 
+-+--------------+------------+----------+
| |RTL Partition |Replication |Instances |
+-+--------------+------------+----------+
+-+--------------+------------+----------+
---------------------------------------------------------------------------------
Start Rebuilding User Hierarchy
---------------------------------------------------------------------------------
---------------------------------------------------------------------------------
Finished Rebuilding User Hierarchy : Time (s): cpu = 00:00:19 ; elapsed = 00:01:03 . Memory (MB): peak = 778.352 ; gain = 488.547
---------------------------------------------------------------------------------
---------------------------------------------------------------------------------
Start Renaming Generated Ports
---------------------------------------------------------------------------------
---------------------------------------------------------------------------------
Finished Renaming Generated Ports : Time (s): cpu = 00:00:19 ; elapsed = 00:01:03 . Memory (MB): peak = 778.352 ; gain = 488.547
---------------------------------------------------------------------------------
---------------------------------------------------------------------------------
Start Handling Custom Attributes
---------------------------------------------------------------------------------
---------------------------------------------------------------------------------
Finished Handling Custom Attributes : Time (s): cpu = 00:00:19 ; elapsed = 00:01:03 . Memory (MB): peak = 778.352 ; gain = 488.547
---------------------------------------------------------------------------------
---------------------------------------------------------------------------------
Start Renaming Generated Nets
---------------------------------------------------------------------------------
---------------------------------------------------------------------------------
Finished Renaming Generated Nets : Time (s): cpu = 00:00:19 ; elapsed = 00:01:03 . Memory (MB): peak = 778.352 ; gain = 488.547
---------------------------------------------------------------------------------
---------------------------------------------------------------------------------
Start Writing Synthesis Report
---------------------------------------------------------------------------------

Report BlackBoxes: 
+-+--------------+----------+
| |BlackBox name |Instances |
+-+--------------+----------+
+-+--------------+----------+

Report Cell Usage: 
+-+-----+------+
| |Cell |Count |
+-+-----+------+
+-+-----+------+

Report Instance Areas: 
+------+---------+-------+------+
|      |Instance |Module |Cells |
+------+---------+-------+------+
|1     |top      |       |     0|
+------+---------+-------+------+
---------------------------------------------------------------------------------
Finished Writing Synthesis Report : Time (s): cpu = 00:00:19 ; elapsed = 00:01:03 . Memory (MB): peak = 778.352 ; gain = 488.547
---------------------------------------------------------------------------------
Synthesis finished with 0 errors, 0 critical warnings and 29 warnings.
Synthesis Optimization Runtime : Time (s): cpu = 00:00:10 ; elapsed = 00:00:41 . Memory (MB): peak = 778.352 ; gain = 226.598
Synthesis Optimization Complete : Time (s): cpu = 00:00:19 ; elapsed = 00:01:04 . Memory (MB): peak = 778.352 ; gain = 488.547
INFO: [Project 1-571] Translating synthesized netlist
INFO: [Project 1-570] Preparing netlist for logic optimization
INFO: [Opt 31-138] Pushed 0 inverter(s) to 0 load pin(s).
INFO: [Project 1-111] Unisim Transformation Summary:
No Unisim elements were transformed.

INFO: [Common 17-83] Releasing license: Synthesis
14 Infos, 58 Warnings, 0 Critical Warnings and 0 Errors encountered.
synth_design completed successfully
synth_design: Time (s): cpu = 00:00:21 ; elapsed = 00:01:09 . Memory (MB): peak = 803.309 ; gain = 526.176
WARNING: [Constraints 18-5210] No constraint will be written out.
INFO: [Common 17-1381] The checkpoint 'E:/VLSI/Projet/Segmentation+detectionCentre/ZYBO_HDMI_MGA/project_1/project_1.runs/HDMI_bd_divideur_select_outp_0_0_synth_1/HDMI_bd_divideur_select_outp_0_0.dcp' has been generated.
WARNING: [Constraints 18-5210] No constraint will be written out.
INFO: [Common 17-1381] The checkpoint 'E:/VLSI/Projet/Segmentation+detectionCentre/ZYBO_HDMI_MGA/project_1/project_1.runs/HDMI_bd_divideur_select_outp_0_0_synth_1/HDMI_bd_divideur_select_outp_0_0.dcp' has been generated.
write_checkpoint: Time (s): cpu = 00:00:00 ; elapsed = 00:00:06 . Memory (MB): peak = 803.871 ; gain = 0.277
INFO: [runtcl-4] Executing : report_utilization -file HDMI_bd_divideur_select_outp_0_0_utilization_synth.rpt -pb HDMI_bd_divideur_select_outp_0_0_utilization_synth.pb
report_utilization: Time (s): cpu = 00:00:00 ; elapsed = 00:00:00.237 . Memory (MB): peak = 803.871 ; gain = 0.000
INFO: [Common 17-206] Exiting Vivado at Sat Nov 24 00:25:24 2018...
