
*** Running vivado
    with args -log HDMI_bd_reg_Nbits_0_4.vds -m64 -product Vivado -mode batch -messageDb vivado.pb -notrace -source HDMI_bd_reg_Nbits_0_4.tcl


****** Vivado v2018.2.1 (64-bit)
  **** SW Build 2288692 on Thu Jul 26 18:24:02 MDT 2018
  **** IP Build 2289599 on Thu Jul 26 21:09:20 MDT 2018
    ** Copyright 1986-2018 Xilinx, Inc. All Rights Reserved.

source HDMI_bd_reg_Nbits_0_4.tcl -notrace
Command: synth_design -top HDMI_bd_reg_Nbits_0_4 -part xc7z020clg400-1 -mode out_of_context
Starting synth_design
Attempting to get a license for feature 'Synthesis' and/or device 'xc7z020'
INFO: [Common 17-349] Got license for feature 'Synthesis' and/or device 'xc7z020'
INFO: Launching helper process for spawning children vivado processes
INFO: Helper process launched with PID 12932 
---------------------------------------------------------------------------------
Starting RTL Elaboration : Time (s): cpu = 00:00:03 ; elapsed = 00:00:03 . Memory (MB): peak = 391.871 ; gain = 101.422
---------------------------------------------------------------------------------
INFO: [Synth 8-638] synthesizing module 'HDMI_bd_reg_Nbits_0_4' [e:/VLSI/Segmentation+detectionCentre/ZYBO_HDMI_MGA/project_1/project_1.srcs/sources_1/bd/HDMI_bd/ip/HDMI_bd_reg_Nbits_0_4/synth/HDMI_bd_reg_Nbits_0_4.vhd:66]
	Parameter N bound to: 8 - type: integer 
INFO: [Synth 8-3491] module 'reg_Nbits' declared at 'E:/VLSI/Segmentation+detectionCentre/ZYBO_HDMI_MGA/project_1/project_1.srcs/sources_1/new/reg_Nbits.vhd:34' bound to instance 'U0' of component 'reg_Nbits' [e:/VLSI/Segmentation+detectionCentre/ZYBO_HDMI_MGA/project_1/project_1.srcs/sources_1/bd/HDMI_bd/ip/HDMI_bd_reg_Nbits_0_4/synth/HDMI_bd_reg_Nbits_0_4.vhd:96]
INFO: [Synth 8-638] synthesizing module 'reg_Nbits' [E:/VLSI/Segmentation+detectionCentre/ZYBO_HDMI_MGA/project_1/project_1.srcs/sources_1/new/reg_Nbits.vhd:43]
	Parameter N bound to: 8 - type: integer 
INFO: [Synth 8-638] synthesizing module 'reg_1bit' [E:/VLSI/Segmentation+detectionCentre/ZYBO_HDMI_MGA/project_1/project_1.srcs/sources_1/new/reg_1bit.vhd:42]
INFO: [Synth 8-256] done synthesizing module 'reg_1bit' (1#1) [E:/VLSI/Segmentation+detectionCentre/ZYBO_HDMI_MGA/project_1/project_1.srcs/sources_1/new/reg_1bit.vhd:42]
INFO: [Synth 8-256] done synthesizing module 'reg_Nbits' (2#1) [E:/VLSI/Segmentation+detectionCentre/ZYBO_HDMI_MGA/project_1/project_1.srcs/sources_1/new/reg_Nbits.vhd:43]
INFO: [Synth 8-256] done synthesizing module 'HDMI_bd_reg_Nbits_0_4' (3#1) [e:/VLSI/Segmentation+detectionCentre/ZYBO_HDMI_MGA/project_1/project_1.srcs/sources_1/bd/HDMI_bd/ip/HDMI_bd_reg_Nbits_0_4/synth/HDMI_bd_reg_Nbits_0_4.vhd:66]
---------------------------------------------------------------------------------
Finished RTL Elaboration : Time (s): cpu = 00:00:05 ; elapsed = 00:00:19 . Memory (MB): peak = 446.488 ; gain = 156.039
---------------------------------------------------------------------------------

Report Check Netlist: 
+------+------------------+-------+---------+-------+------------------+
|      |Item              |Errors |Warnings |Status |Description       |
+------+------------------+-------+---------+-------+------------------+
|1     |multi_driven_nets |      0|        0|Passed |Multi driven nets |
+------+------------------+-------+---------+-------+------------------+
---------------------------------------------------------------------------------
Start Handling Custom Attributes
---------------------------------------------------------------------------------
---------------------------------------------------------------------------------
Finished Handling Custom Attributes : Time (s): cpu = 00:00:05 ; elapsed = 00:00:31 . Memory (MB): peak = 446.488 ; gain = 156.039
---------------------------------------------------------------------------------
---------------------------------------------------------------------------------
Finished RTL Optimization Phase 1 : Time (s): cpu = 00:00:05 ; elapsed = 00:00:31 . Memory (MB): peak = 446.488 ; gain = 156.039
---------------------------------------------------------------------------------
INFO: [Device 21-403] Loading part xc7z020clg400-1
INFO: [Project 1-570] Preparing netlist for logic optimization

Processing XDC Constraints
Initializing timing engine
Completed Processing XDC Constraints

INFO: [Project 1-111] Unisim Transformation Summary:
No Unisim elements were transformed.

WARNING: [Constraints 18-5210] No constraint will be written out.
Constraint Validation Runtime : Time (s): cpu = 00:00:00 ; elapsed = 00:00:00.140 . Memory (MB): peak = 750.324 ; gain = 1.445
---------------------------------------------------------------------------------
Finished Constraint Validation : Time (s): cpu = 00:00:15 ; elapsed = 00:02:38 . Memory (MB): peak = 750.324 ; gain = 459.875
---------------------------------------------------------------------------------
---------------------------------------------------------------------------------
Start Loading Part and Timing Information
---------------------------------------------------------------------------------
Loading part: xc7z020clg400-1
---------------------------------------------------------------------------------
Finished Loading Part and Timing Information : Time (s): cpu = 00:00:15 ; elapsed = 00:02:38 . Memory (MB): peak = 750.324 ; gain = 459.875
---------------------------------------------------------------------------------
---------------------------------------------------------------------------------
Start Applying 'set_property' XDC Constraints
---------------------------------------------------------------------------------
---------------------------------------------------------------------------------
Finished applying 'set_property' XDC Constraints : Time (s): cpu = 00:00:15 ; elapsed = 00:02:39 . Memory (MB): peak = 750.324 ; gain = 459.875
---------------------------------------------------------------------------------
---------------------------------------------------------------------------------
Finished RTL Optimization Phase 2 : Time (s): cpu = 00:00:15 ; elapsed = 00:02:51 . Memory (MB): peak = 750.324 ; gain = 459.875
---------------------------------------------------------------------------------

Report RTL Partitions: 
+-+--------------+------------+----------+
| |RTL Partition |Replication |Instances |
+-+--------------+------------+----------+
+-+--------------+------------+----------+
---------------------------------------------------------------------------------
Start RTL Component Statistics 
---------------------------------------------------------------------------------
Detailed RTL Component Info : 
+---Registers : 
	                1 Bit    Registers := 8     
---------------------------------------------------------------------------------
Finished RTL Component Statistics 
---------------------------------------------------------------------------------
---------------------------------------------------------------------------------
Start RTL Hierarchical Component Statistics 
---------------------------------------------------------------------------------
Hierarchical RTL Component report 
Module reg_1bit 
Detailed RTL Component Info : 
+---Registers : 
	                1 Bit    Registers := 1     
---------------------------------------------------------------------------------
Finished RTL Hierarchical Component Statistics
---------------------------------------------------------------------------------
---------------------------------------------------------------------------------
Start Part Resource Summary
---------------------------------------------------------------------------------
Part Resources:
DSPs: 220 (col length:60)
BRAMs: 280 (col length: RAMB18 60 RAMB36 30)
---------------------------------------------------------------------------------
Finished Part Resource Summary
---------------------------------------------------------------------------------
---------------------------------------------------------------------------------
Start Cross Boundary and Area Optimization
---------------------------------------------------------------------------------
Warning: Parallel synthesis criteria is not met 
---------------------------------------------------------------------------------
Finished Cross Boundary and Area Optimization : Time (s): cpu = 00:00:16 ; elapsed = 00:03:10 . Memory (MB): peak = 750.324 ; gain = 459.875
---------------------------------------------------------------------------------

Report RTL Partitions: 
+-+--------------+------------+----------+
| |RTL Partition |Replication |Instances |
+-+--------------+------------+----------+
+-+--------------+------------+----------+
---------------------------------------------------------------------------------
Start Applying XDC Timing Constraints
---------------------------------------------------------------------------------
---------------------------------------------------------------------------------
Finished Applying XDC Timing Constraints : Time (s): cpu = 00:00:24 ; elapsed = 00:03:24 . Memory (MB): peak = 785.445 ; gain = 494.996
---------------------------------------------------------------------------------
---------------------------------------------------------------------------------
Start Timing Optimization
---------------------------------------------------------------------------------
---------------------------------------------------------------------------------
Finished Timing Optimization : Time (s): cpu = 00:00:24 ; elapsed = 00:03:24 . Memory (MB): peak = 785.445 ; gain = 494.996
---------------------------------------------------------------------------------

Report RTL Partitions: 
+-+--------------+------------+----------+
| |RTL Partition |Replication |Instances |
+-+--------------+------------+----------+
+-+--------------+------------+----------+
---------------------------------------------------------------------------------
Start Technology Mapping
---------------------------------------------------------------------------------
---------------------------------------------------------------------------------
Finished Technology Mapping : Time (s): cpu = 00:00:24 ; elapsed = 00:03:24 . Memory (MB): peak = 785.445 ; gain = 494.996
---------------------------------------------------------------------------------

Report RTL Partitions: 
+-+--------------+------------+----------+
| |RTL Partition |Replication |Instances |
+-+--------------+------------+----------+
+-+--------------+------------+----------+
---------------------------------------------------------------------------------
Start IO Insertion
---------------------------------------------------------------------------------
---------------------------------------------------------------------------------
Start Flattening Before IO Insertion
---------------------------------------------------------------------------------
---------------------------------------------------------------------------------
Finished Flattening Before IO Insertion
---------------------------------------------------------------------------------
---------------------------------------------------------------------------------
Start Final Netlist Cleanup
---------------------------------------------------------------------------------
---------------------------------------------------------------------------------
Finished Final Netlist Cleanup
---------------------------------------------------------------------------------
---------------------------------------------------------------------------------
Finished IO Insertion : Time (s): cpu = 00:00:25 ; elapsed = 00:03:26 . Memory (MB): peak = 786.578 ; gain = 496.129
---------------------------------------------------------------------------------

Report Check Netlist: 
+------+------------------+-------+---------+-------+------------------+
|      |Item              |Errors |Warnings |Status |Description       |
+------+------------------+-------+---------+-------+------------------+
|1     |multi_driven_nets |      0|        0|Passed |Multi driven nets |
+------+------------------+-------+---------+-------+------------------+
---------------------------------------------------------------------------------
Start Renaming Generated Instances
---------------------------------------------------------------------------------
---------------------------------------------------------------------------------
Finished Renaming Generated Instances : Time (s): cpu = 00:00:25 ; elapsed = 00:03:26 . Memory (MB): peak = 786.578 ; gain = 496.129
---------------------------------------------------------------------------------

Report RTL Partitions: 
+-+--------------+------------+----------+
| |RTL Partition |Replication |Instances |
+-+--------------+------------+----------+
+-+--------------+------------+----------+
---------------------------------------------------------------------------------
Start Rebuilding User Hierarchy
---------------------------------------------------------------------------------
---------------------------------------------------------------------------------
Finished Rebuilding User Hierarchy : Time (s): cpu = 00:00:25 ; elapsed = 00:03:26 . Memory (MB): peak = 786.578 ; gain = 496.129
---------------------------------------------------------------------------------
---------------------------------------------------------------------------------
Start Renaming Generated Ports
---------------------------------------------------------------------------------
---------------------------------------------------------------------------------
Finished Renaming Generated Ports : Time (s): cpu = 00:00:25 ; elapsed = 00:03:26 . Memory (MB): peak = 786.578 ; gain = 496.129
---------------------------------------------------------------------------------
---------------------------------------------------------------------------------
Start Handling Custom Attributes
---------------------------------------------------------------------------------
---------------------------------------------------------------------------------
Finished Handling Custom Attributes : Time (s): cpu = 00:00:25 ; elapsed = 00:03:26 . Memory (MB): peak = 786.578 ; gain = 496.129
---------------------------------------------------------------------------------
---------------------------------------------------------------------------------
Start Renaming Generated Nets
---------------------------------------------------------------------------------
---------------------------------------------------------------------------------
Finished Renaming Generated Nets : Time (s): cpu = 00:00:25 ; elapsed = 00:03:26 . Memory (MB): peak = 786.578 ; gain = 496.129
---------------------------------------------------------------------------------
---------------------------------------------------------------------------------
Start Writing Synthesis Report
---------------------------------------------------------------------------------

Report BlackBoxes: 
+-+--------------+----------+
| |BlackBox name |Instances |
+-+--------------+----------+
+-+--------------+----------+

Report Cell Usage: 
+------+-----+------+
|      |Cell |Count |
+------+-----+------+
|1     |LUT1 |     1|
|2     |FDCE |     8|
+------+-----+------+

Report Instance Areas: 
+------+-----------------------+-----------+------+
|      |Instance               |Module     |Cells |
+------+-----------------------+-----------+------+
|1     |top                    |           |     9|
|2     |  U0                   |reg_Nbits  |     9|
|3     |    \registres[0].reg  |reg_1bit   |     1|
|4     |    \registres[1].reg  |reg_1bit_0 |     1|
|5     |    \registres[2].reg  |reg_1bit_1 |     1|
|6     |    \registres[3].reg  |reg_1bit_2 |     1|
|7     |    \registres[4].reg  |reg_1bit_3 |     1|
|8     |    \registres[5].reg  |reg_1bit_4 |     2|
|9     |    \registres[6].reg  |reg_1bit_5 |     1|
|10    |    \registres[7].reg  |reg_1bit_6 |     1|
+------+-----------------------+-----------+------+
---------------------------------------------------------------------------------
Finished Writing Synthesis Report : Time (s): cpu = 00:00:25 ; elapsed = 00:03:26 . Memory (MB): peak = 786.578 ; gain = 496.129
---------------------------------------------------------------------------------
Synthesis finished with 0 errors, 0 critical warnings and 0 warnings.
Synthesis Optimization Runtime : Time (s): cpu = 00:00:12 ; elapsed = 00:01:28 . Memory (MB): peak = 786.578 ; gain = 192.293
Synthesis Optimization Complete : Time (s): cpu = 00:00:25 ; elapsed = 00:03:26 . Memory (MB): peak = 786.578 ; gain = 496.129
INFO: [Project 1-571] Translating synthesized netlist
INFO: [Project 1-570] Preparing netlist for logic optimization
INFO: [Opt 31-138] Pushed 0 inverter(s) to 0 load pin(s).
INFO: [Project 1-111] Unisim Transformation Summary:
No Unisim elements were transformed.

INFO: [Common 17-83] Releasing license: Synthesis
16 Infos, 1 Warnings, 0 Critical Warnings and 0 Errors encountered.
synth_design completed successfully
synth_design: Time (s): cpu = 00:00:27 ; elapsed = 00:03:32 . Memory (MB): peak = 810.414 ; gain = 532.891
WARNING: [Constraints 18-5210] No constraint will be written out.
INFO: [Common 17-1381] The checkpoint 'E:/VLSI/Segmentation+detectionCentre/ZYBO_HDMI_MGA/project_1/project_1.runs/HDMI_bd_reg_Nbits_0_4_synth_1/HDMI_bd_reg_Nbits_0_4.dcp' has been generated.
INFO: [Coretcl 2-1174] Renamed 9 cell refs.
WARNING: [Constraints 18-5210] No constraint will be written out.
INFO: [Common 17-1381] The checkpoint 'E:/VLSI/Segmentation+detectionCentre/ZYBO_HDMI_MGA/project_1/project_1.runs/HDMI_bd_reg_Nbits_0_4_synth_1/HDMI_bd_reg_Nbits_0_4.dcp' has been generated.
write_checkpoint: Time (s): cpu = 00:00:00 ; elapsed = 00:00:19 . Memory (MB): peak = 810.414 ; gain = 0.000
INFO: [runtcl-4] Executing : report_utilization -file HDMI_bd_reg_Nbits_0_4_utilization_synth.rpt -pb HDMI_bd_reg_Nbits_0_4_utilization_synth.pb
report_utilization: Time (s): cpu = 00:00:01 ; elapsed = 00:00:00.524 . Memory (MB): peak = 810.414 ; gain = 0.000
write_verilog: Time (s): cpu = 00:00:00 ; elapsed = 00:00:08 . Memory (MB): peak = 810.414 ; gain = 0.000
INFO: [Common 17-206] Exiting Vivado at Sun Dec  2 17:04:39 2018...
