
*** Running vivado
    with args -log HDMI_bd_adapt_input_ouput_4_0.vds -m64 -product Vivado -mode batch -messageDb vivado.pb -notrace -source HDMI_bd_adapt_input_ouput_4_0.tcl


****** Vivado v2018.2.1 (64-bit)
  **** SW Build 2288692 on Thu Jul 26 18:24:02 MDT 2018
  **** IP Build 2289599 on Thu Jul 26 21:09:20 MDT 2018
    ** Copyright 1986-2018 Xilinx, Inc. All Rights Reserved.

source HDMI_bd_adapt_input_ouput_4_0.tcl -notrace
Command: synth_design -top HDMI_bd_adapt_input_ouput_4_0 -part xc7z020clg400-1 -mode out_of_context
Starting synth_design
Attempting to get a license for feature 'Synthesis' and/or device 'xc7z020'
INFO: [Common 17-349] Got license for feature 'Synthesis' and/or device 'xc7z020'
INFO: Launching helper process for spawning children vivado processes
INFO: Helper process launched with PID 8524 
---------------------------------------------------------------------------------
Starting RTL Elaboration : Time (s): cpu = 00:00:03 ; elapsed = 00:00:04 . Memory (MB): peak = 391.020 ; gain = 101.082
---------------------------------------------------------------------------------
INFO: [Synth 8-638] synthesizing module 'HDMI_bd_adapt_input_ouput_4_0' [c:/Users/NMLEM1/Desktop/Segmentation+detectionCentre/ZYBO_HDMI_MGA/project_1/project_1.srcs/sources_1/bd/HDMI_bd/ip/HDMI_bd_adapt_input_ouput_4_0/synth/HDMI_bd_adapt_input_ouput_4_0.vhd:63]
	Parameter N bound to: 11 - type: integer 
	Parameter M bound to: 18 - type: integer 
INFO: [Synth 8-3491] module 'adapt_input_ouput' declared at 'C:/Users/NMLEM1/Desktop/Segmentation+detectionCentre/ZYBO_HDMI_MGA/project_1/project_1.srcs/sources_1/new/adapt_input_ouput.vhd:34' bound to instance 'U0' of component 'adapt_input_ouput' [c:/Users/NMLEM1/Desktop/Segmentation+detectionCentre/ZYBO_HDMI_MGA/project_1/project_1.srcs/sources_1/bd/HDMI_bd/ip/HDMI_bd_adapt_input_ouput_4_0/synth/HDMI_bd_adapt_input_ouput_4_0.vhd:85]
INFO: [Synth 8-638] synthesizing module 'adapt_input_ouput' [C:/Users/NMLEM1/Desktop/Segmentation+detectionCentre/ZYBO_HDMI_MGA/project_1/project_1.srcs/sources_1/new/adapt_input_ouput.vhd:41]
	Parameter N bound to: 11 - type: integer 
	Parameter M bound to: 18 - type: integer 
INFO: [Synth 8-256] done synthesizing module 'adapt_input_ouput' (1#1) [C:/Users/NMLEM1/Desktop/Segmentation+detectionCentre/ZYBO_HDMI_MGA/project_1/project_1.srcs/sources_1/new/adapt_input_ouput.vhd:41]
INFO: [Synth 8-256] done synthesizing module 'HDMI_bd_adapt_input_ouput_4_0' (2#1) [c:/Users/NMLEM1/Desktop/Segmentation+detectionCentre/ZYBO_HDMI_MGA/project_1/project_1.srcs/sources_1/bd/HDMI_bd/ip/HDMI_bd_adapt_input_ouput_4_0/synth/HDMI_bd_adapt_input_ouput_4_0.vhd:63]
---------------------------------------------------------------------------------
Finished RTL Elaboration : Time (s): cpu = 00:00:04 ; elapsed = 00:00:06 . Memory (MB): peak = 446.363 ; gain = 156.426
---------------------------------------------------------------------------------

Report Check Netlist: 
+------+------------------+-------+---------+-------+------------------+
|      |Item              |Errors |Warnings |Status |Description       |
+------+------------------+-------+---------+-------+------------------+
|1     |multi_driven_nets |      0|        0|Passed |Multi driven nets |
+------+------------------+-------+---------+-------+------------------+
---------------------------------------------------------------------------------
Start Handling Custom Attributes
---------------------------------------------------------------------------------
---------------------------------------------------------------------------------
Finished Handling Custom Attributes : Time (s): cpu = 00:00:04 ; elapsed = 00:00:06 . Memory (MB): peak = 446.363 ; gain = 156.426
---------------------------------------------------------------------------------
---------------------------------------------------------------------------------
Finished RTL Optimization Phase 1 : Time (s): cpu = 00:00:04 ; elapsed = 00:00:06 . Memory (MB): peak = 446.363 ; gain = 156.426
---------------------------------------------------------------------------------
INFO: [Device 21-403] Loading part xc7z020clg400-1
INFO: [Project 1-570] Preparing netlist for logic optimization

Processing XDC Constraints
Initializing timing engine
Completed Processing XDC Constraints

INFO: [Project 1-111] Unisim Transformation Summary:
No Unisim elements were transformed.

WARNING: [Constraints 18-5210] No constraint will be written out.
Constraint Validation Runtime : Time (s): cpu = 00:00:00 ; elapsed = 00:00:00.089 . Memory (MB): peak = 707.645 ; gain = 1.676
---------------------------------------------------------------------------------
Finished Constraint Validation : Time (s): cpu = 00:00:16 ; elapsed = 00:00:21 . Memory (MB): peak = 707.645 ; gain = 417.707
---------------------------------------------------------------------------------
---------------------------------------------------------------------------------
Start Loading Part and Timing Information
---------------------------------------------------------------------------------
Loading part: xc7z020clg400-1
---------------------------------------------------------------------------------
Finished Loading Part and Timing Information : Time (s): cpu = 00:00:16 ; elapsed = 00:00:21 . Memory (MB): peak = 707.645 ; gain = 417.707
---------------------------------------------------------------------------------
---------------------------------------------------------------------------------
Start Applying 'set_property' XDC Constraints
---------------------------------------------------------------------------------
---------------------------------------------------------------------------------
Finished applying 'set_property' XDC Constraints : Time (s): cpu = 00:00:16 ; elapsed = 00:00:21 . Memory (MB): peak = 707.645 ; gain = 417.707
---------------------------------------------------------------------------------
---------------------------------------------------------------------------------
Finished RTL Optimization Phase 2 : Time (s): cpu = 00:00:16 ; elapsed = 00:00:21 . Memory (MB): peak = 707.645 ; gain = 417.707
---------------------------------------------------------------------------------

Report RTL Partitions: 
+-+--------------+------------+----------+
| |RTL Partition |Replication |Instances |
+-+--------------+------------+----------+
+-+--------------+------------+----------+
---------------------------------------------------------------------------------
Start RTL Component Statistics 
---------------------------------------------------------------------------------
Detailed RTL Component Info : 
---------------------------------------------------------------------------------
Finished RTL Component Statistics 
---------------------------------------------------------------------------------
---------------------------------------------------------------------------------
Start RTL Hierarchical Component Statistics 
---------------------------------------------------------------------------------
Hierarchical RTL Component report 
---------------------------------------------------------------------------------
Finished RTL Hierarchical Component Statistics
---------------------------------------------------------------------------------
---------------------------------------------------------------------------------
Start Part Resource Summary
---------------------------------------------------------------------------------
Part Resources:
DSPs: 220 (col length:60)
BRAMs: 280 (col length: RAMB18 60 RAMB36 30)
---------------------------------------------------------------------------------
Finished Part Resource Summary
---------------------------------------------------------------------------------
---------------------------------------------------------------------------------
Start Cross Boundary and Area Optimization
---------------------------------------------------------------------------------
Warning: Parallel synthesis criteria is not met 
WARNING: [Synth 8-3330] design HDMI_bd_adapt_input_ouput_4_0 has an empty top module
INFO: [Synth 8-3917] design HDMI_bd_adapt_input_ouput_4_0 has port sortie[17] driven by constant 0
INFO: [Synth 8-3917] design HDMI_bd_adapt_input_ouput_4_0 has port sortie[16] driven by constant 0
INFO: [Synth 8-3917] design HDMI_bd_adapt_input_ouput_4_0 has port sortie[15] driven by constant 0
INFO: [Synth 8-3917] design HDMI_bd_adapt_input_ouput_4_0 has port sortie[14] driven by constant 0
INFO: [Synth 8-3917] design HDMI_bd_adapt_input_ouput_4_0 has port sortie[13] driven by constant 0
INFO: [Synth 8-3917] design HDMI_bd_adapt_input_ouput_4_0 has port sortie[12] driven by constant 0
INFO: [Synth 8-3917] design HDMI_bd_adapt_input_ouput_4_0 has port sortie[11] driven by constant 0
---------------------------------------------------------------------------------
Finished Cross Boundary and Area Optimization : Time (s): cpu = 00:00:17 ; elapsed = 00:00:22 . Memory (MB): peak = 707.645 ; gain = 417.707
---------------------------------------------------------------------------------

Report RTL Partitions: 
+-+--------------+------------+----------+
| |RTL Partition |Replication |Instances |
+-+--------------+------------+----------+
+-+--------------+------------+----------+
---------------------------------------------------------------------------------
Start Applying XDC Timing Constraints
---------------------------------------------------------------------------------
---------------------------------------------------------------------------------
Finished Applying XDC Timing Constraints : Time (s): cpu = 00:00:30 ; elapsed = 00:00:37 . Memory (MB): peak = 776.727 ; gain = 486.789
---------------------------------------------------------------------------------
---------------------------------------------------------------------------------
Start Timing Optimization
---------------------------------------------------------------------------------
---------------------------------------------------------------------------------
Finished Timing Optimization : Time (s): cpu = 00:00:30 ; elapsed = 00:00:37 . Memory (MB): peak = 776.727 ; gain = 486.789
---------------------------------------------------------------------------------

Report RTL Partitions: 
+-+--------------+------------+----------+
| |RTL Partition |Replication |Instances |
+-+--------------+------------+----------+
+-+--------------+------------+----------+
---------------------------------------------------------------------------------
Start Technology Mapping
---------------------------------------------------------------------------------
---------------------------------------------------------------------------------
Finished Technology Mapping : Time (s): cpu = 00:00:30 ; elapsed = 00:00:37 . Memory (MB): peak = 776.727 ; gain = 486.789
---------------------------------------------------------------------------------

Report RTL Partitions: 
+-+--------------+------------+----------+
| |RTL Partition |Replication |Instances |
+-+--------------+------------+----------+
+-+--------------+------------+----------+
---------------------------------------------------------------------------------
Start IO Insertion
---------------------------------------------------------------------------------
---------------------------------------------------------------------------------
Start Flattening Before IO Insertion
---------------------------------------------------------------------------------
---------------------------------------------------------------------------------
Finished Flattening Before IO Insertion
---------------------------------------------------------------------------------
---------------------------------------------------------------------------------
Start Final Netlist Cleanup
---------------------------------------------------------------------------------
---------------------------------------------------------------------------------
Finished Final Netlist Cleanup
---------------------------------------------------------------------------------
---------------------------------------------------------------------------------
Finished IO Insertion : Time (s): cpu = 00:00:31 ; elapsed = 00:00:39 . Memory (MB): peak = 778.074 ; gain = 488.137
---------------------------------------------------------------------------------

Report Check Netlist: 
+------+------------------+-------+---------+-------+------------------+
|      |Item              |Errors |Warnings |Status |Description       |
+------+------------------+-------+---------+-------+------------------+
|1     |multi_driven_nets |      0|        0|Passed |Multi driven nets |
+------+------------------+-------+---------+-------+------------------+
---------------------------------------------------------------------------------
Start Renaming Generated Instances
---------------------------------------------------------------------------------
---------------------------------------------------------------------------------
Finished Renaming Generated Instances : Time (s): cpu = 00:00:31 ; elapsed = 00:00:39 . Memory (MB): peak = 778.074 ; gain = 488.137
---------------------------------------------------------------------------------

Report RTL Partitions: 
+-+--------------+------------+----------+
| |RTL Partition |Replication |Instances |
+-+--------------+------------+----------+
+-+--------------+------------+----------+
---------------------------------------------------------------------------------
Start Rebuilding User Hierarchy
---------------------------------------------------------------------------------
---------------------------------------------------------------------------------
Finished Rebuilding User Hierarchy : Time (s): cpu = 00:00:31 ; elapsed = 00:00:39 . Memory (MB): peak = 778.074 ; gain = 488.137
---------------------------------------------------------------------------------
---------------------------------------------------------------------------------
Start Renaming Generated Ports
---------------------------------------------------------------------------------
---------------------------------------------------------------------------------
Finished Renaming Generated Ports : Time (s): cpu = 00:00:31 ; elapsed = 00:00:39 . Memory (MB): peak = 778.074 ; gain = 488.137
---------------------------------------------------------------------------------
---------------------------------------------------------------------------------
Start Handling Custom Attributes
---------------------------------------------------------------------------------
---------------------------------------------------------------------------------
Finished Handling Custom Attributes : Time (s): cpu = 00:00:31 ; elapsed = 00:00:39 . Memory (MB): peak = 778.074 ; gain = 488.137
---------------------------------------------------------------------------------
---------------------------------------------------------------------------------
Start Renaming Generated Nets
---------------------------------------------------------------------------------
---------------------------------------------------------------------------------
Finished Renaming Generated Nets : Time (s): cpu = 00:00:31 ; elapsed = 00:00:39 . Memory (MB): peak = 778.074 ; gain = 488.137
---------------------------------------------------------------------------------
---------------------------------------------------------------------------------
Start Writing Synthesis Report
---------------------------------------------------------------------------------

Report BlackBoxes: 
+-+--------------+----------+
| |BlackBox name |Instances |
+-+--------------+----------+
+-+--------------+----------+

Report Cell Usage: 
+-+-----+------+
| |Cell |Count |
+-+-----+------+
+-+-----+------+

Report Instance Areas: 
+------+---------+-------+------+
|      |Instance |Module |Cells |
+------+---------+-------+------+
|1     |top      |       |     0|
+------+---------+-------+------+
---------------------------------------------------------------------------------
Finished Writing Synthesis Report : Time (s): cpu = 00:00:31 ; elapsed = 00:00:39 . Memory (MB): peak = 778.074 ; gain = 488.137
---------------------------------------------------------------------------------
Synthesis finished with 0 errors, 0 critical warnings and 1 warnings.
Synthesis Optimization Runtime : Time (s): cpu = 00:00:18 ; elapsed = 00:00:27 . Memory (MB): peak = 778.074 ; gain = 226.855
Synthesis Optimization Complete : Time (s): cpu = 00:00:31 ; elapsed = 00:00:39 . Memory (MB): peak = 778.074 ; gain = 488.137
INFO: [Project 1-571] Translating synthesized netlist
INFO: [Project 1-570] Preparing netlist for logic optimization
INFO: [Opt 31-138] Pushed 0 inverter(s) to 0 load pin(s).
INFO: [Project 1-111] Unisim Transformation Summary:
No Unisim elements were transformed.

INFO: [Common 17-83] Releasing license: Synthesis
21 Infos, 2 Warnings, 0 Critical Warnings and 0 Errors encountered.
synth_design completed successfully
synth_design: Time (s): cpu = 00:00:34 ; elapsed = 00:00:42 . Memory (MB): peak = 805.391 ; gain = 528.504
WARNING: [Constraints 18-5210] No constraint will be written out.
INFO: [Common 17-1381] The checkpoint 'C:/Users/NMLEM1/Desktop/Segmentation+detectionCentre/ZYBO_HDMI_MGA/project_1/project_1.runs/HDMI_bd_adapt_input_ouput_4_0_synth_1/HDMI_bd_adapt_input_ouput_4_0.dcp' has been generated.
WARNING: [Constraints 18-5210] No constraint will be written out.
INFO: [Common 17-1381] The checkpoint 'C:/Users/NMLEM1/Desktop/Segmentation+detectionCentre/ZYBO_HDMI_MGA/project_1/project_1.runs/HDMI_bd_adapt_input_ouput_4_0_synth_1/HDMI_bd_adapt_input_ouput_4_0.dcp' has been generated.
INFO: [runtcl-4] Executing : report_utilization -file HDMI_bd_adapt_input_ouput_4_0_utilization_synth.rpt -pb HDMI_bd_adapt_input_ouput_4_0_utilization_synth.pb
report_utilization: Time (s): cpu = 00:00:00 ; elapsed = 00:00:00.061 . Memory (MB): peak = 805.391 ; gain = 0.000
INFO: [Common 17-206] Exiting Vivado at Wed Dec  5 09:42:32 2018...
