
*** Running vivado
    with args -log HDMI_bd_reg_8bits_0_0.vds -m64 -product Vivado -mode batch -messageDb vivado.pb -notrace -source HDMI_bd_reg_8bits_0_0.tcl


****** Vivado v2018.2.1 (64-bit)
  **** SW Build 2288692 on Thu Jul 26 18:24:02 MDT 2018
  **** IP Build 2289599 on Thu Jul 26 21:09:20 MDT 2018
    ** Copyright 1986-2018 Xilinx, Inc. All Rights Reserved.

source HDMI_bd_reg_8bits_0_0.tcl -notrace
Command: synth_design -top HDMI_bd_reg_8bits_0_0 -part xc7z020clg400-1 -mode out_of_context
Starting synth_design
Attempting to get a license for feature 'Synthesis' and/or device 'xc7z020'
INFO: [Common 17-349] Got license for feature 'Synthesis' and/or device 'xc7z020'
INFO: Launching helper process for spawning children vivado processes
INFO: Helper process launched with PID 9392 
---------------------------------------------------------------------------------
Starting RTL Elaboration : Time (s): cpu = 00:00:02 ; elapsed = 00:00:06 . Memory (MB): peak = 390.957 ; gain = 100.965
---------------------------------------------------------------------------------
INFO: [Synth 8-638] synthesizing module 'HDMI_bd_reg_8bits_0_0' [e:/VLSI/Projet/Segmentation+detectionCentre/ZYBO_HDMI_MGA/project_1/project_1.srcs/sources_1/bd/HDMI_bd/ip/HDMI_bd_reg_8bits_0_0/synth/HDMI_bd_reg_8bits_0_0.vhd:66]
INFO: [Synth 8-3491] module 'reg_8bits' declared at 'E:/VLSI/Projet/Segmentation+detectionCentre/ZYBO_HDMI_MGA/project_1/project_1.srcs/sources_1/new/reg_8bits.vhd:34' bound to instance 'U0' of component 'reg_8bits' [e:/VLSI/Projet/Segmentation+detectionCentre/ZYBO_HDMI_MGA/project_1/project_1.srcs/sources_1/bd/HDMI_bd/ip/HDMI_bd_reg_8bits_0_0/synth/HDMI_bd_reg_8bits_0_0.vhd:93]
INFO: [Synth 8-638] synthesizing module 'reg_8bits' [E:/VLSI/Projet/Segmentation+detectionCentre/ZYBO_HDMI_MGA/project_1/project_1.srcs/sources_1/new/reg_8bits.vhd:42]
INFO: [Synth 8-638] synthesizing module 'reg_1bit' [E:/VLSI/Projet/Segmentation+detectionCentre/ZYBO_HDMI_MGA/project_1/project_1.srcs/sources_1/new/reg_1bit.vhd:42]
WARNING: [Synth 8-3848] Net Q in module/entity reg_1bit does not have driver. [E:/VLSI/Projet/Segmentation+detectionCentre/ZYBO_HDMI_MGA/project_1/project_1.srcs/sources_1/new/reg_1bit.vhd:39]
INFO: [Synth 8-256] done synthesizing module 'reg_1bit' (1#1) [E:/VLSI/Projet/Segmentation+detectionCentre/ZYBO_HDMI_MGA/project_1/project_1.srcs/sources_1/new/reg_1bit.vhd:42]
INFO: [Synth 8-256] done synthesizing module 'reg_8bits' (2#1) [E:/VLSI/Projet/Segmentation+detectionCentre/ZYBO_HDMI_MGA/project_1/project_1.srcs/sources_1/new/reg_8bits.vhd:42]
INFO: [Synth 8-256] done synthesizing module 'HDMI_bd_reg_8bits_0_0' (3#1) [e:/VLSI/Projet/Segmentation+detectionCentre/ZYBO_HDMI_MGA/project_1/project_1.srcs/sources_1/bd/HDMI_bd/ip/HDMI_bd_reg_8bits_0_0/synth/HDMI_bd_reg_8bits_0_0.vhd:66]
WARNING: [Synth 8-3331] design reg_1bit has unconnected port Q
WARNING: [Synth 8-3331] design reg_1bit has unconnected port D
WARNING: [Synth 8-3331] design reg_1bit has unconnected port CLK
WARNING: [Synth 8-3331] design reg_1bit has unconnected port RESET
WARNING: [Synth 8-3331] design reg_1bit has unconnected port EN
---------------------------------------------------------------------------------
Finished RTL Elaboration : Time (s): cpu = 00:00:02 ; elapsed = 00:00:11 . Memory (MB): peak = 445.816 ; gain = 155.824
---------------------------------------------------------------------------------

Report Check Netlist: 
+------+------------------+-------+---------+-------+------------------+
|      |Item              |Errors |Warnings |Status |Description       |
+------+------------------+-------+---------+-------+------------------+
|1     |multi_driven_nets |      0|        0|Passed |Multi driven nets |
+------+------------------+-------+---------+-------+------------------+
---------------------------------------------------------------------------------
Start Handling Custom Attributes
---------------------------------------------------------------------------------
---------------------------------------------------------------------------------
Finished Handling Custom Attributes : Time (s): cpu = 00:00:02 ; elapsed = 00:00:17 . Memory (MB): peak = 445.816 ; gain = 155.824
---------------------------------------------------------------------------------
---------------------------------------------------------------------------------
Finished RTL Optimization Phase 1 : Time (s): cpu = 00:00:02 ; elapsed = 00:00:17 . Memory (MB): peak = 445.816 ; gain = 155.824
---------------------------------------------------------------------------------
INFO: [Device 21-403] Loading part xc7z020clg400-1
INFO: [Project 1-570] Preparing netlist for logic optimization

Processing XDC Constraints
Initializing timing engine
Completed Processing XDC Constraints

INFO: [Project 1-111] Unisim Transformation Summary:
No Unisim elements were transformed.

WARNING: [Constraints 18-5210] No constraint will be written out.
Constraint Validation Runtime : Time (s): cpu = 00:00:00 ; elapsed = 00:00:00.116 . Memory (MB): peak = 703.043 ; gain = 1.102
---------------------------------------------------------------------------------
Finished Constraint Validation : Time (s): cpu = 00:00:13 ; elapsed = 00:00:32 . Memory (MB): peak = 703.043 ; gain = 413.051
---------------------------------------------------------------------------------
---------------------------------------------------------------------------------
Start Loading Part and Timing Information
---------------------------------------------------------------------------------
Loading part: xc7z020clg400-1
---------------------------------------------------------------------------------
Finished Loading Part and Timing Information : Time (s): cpu = 00:00:13 ; elapsed = 00:00:32 . Memory (MB): peak = 703.043 ; gain = 413.051
---------------------------------------------------------------------------------
---------------------------------------------------------------------------------
Start Applying 'set_property' XDC Constraints
---------------------------------------------------------------------------------
---------------------------------------------------------------------------------
Finished applying 'set_property' XDC Constraints : Time (s): cpu = 00:00:13 ; elapsed = 00:00:32 . Memory (MB): peak = 703.043 ; gain = 413.051
---------------------------------------------------------------------------------
---------------------------------------------------------------------------------
Finished RTL Optimization Phase 2 : Time (s): cpu = 00:00:13 ; elapsed = 00:00:32 . Memory (MB): peak = 703.043 ; gain = 413.051
---------------------------------------------------------------------------------

Report RTL Partitions: 
+-+--------------+------------+----------+
| |RTL Partition |Replication |Instances |
+-+--------------+------------+----------+
+-+--------------+------------+----------+
---------------------------------------------------------------------------------
Start RTL Component Statistics 
---------------------------------------------------------------------------------
Detailed RTL Component Info : 
---------------------------------------------------------------------------------
Finished RTL Component Statistics 
---------------------------------------------------------------------------------
---------------------------------------------------------------------------------
Start RTL Hierarchical Component Statistics 
---------------------------------------------------------------------------------
Hierarchical RTL Component report 
---------------------------------------------------------------------------------
Finished RTL Hierarchical Component Statistics
---------------------------------------------------------------------------------
---------------------------------------------------------------------------------
Start Part Resource Summary
---------------------------------------------------------------------------------
Part Resources:
DSPs: 220 (col length:60)
BRAMs: 280 (col length: RAMB18 60 RAMB36 30)
---------------------------------------------------------------------------------
Finished Part Resource Summary
---------------------------------------------------------------------------------
---------------------------------------------------------------------------------
Start Cross Boundary and Area Optimization
---------------------------------------------------------------------------------
Warning: Parallel synthesis criteria is not met 
WARNING: [Synth 8-3330] design HDMI_bd_reg_8bits_0_0 has an empty top module
WARNING: [Synth 8-3331] design HDMI_bd_reg_8bits_0_0 has unconnected port Q[7]
WARNING: [Synth 8-3331] design HDMI_bd_reg_8bits_0_0 has unconnected port Q[6]
WARNING: [Synth 8-3331] design HDMI_bd_reg_8bits_0_0 has unconnected port Q[5]
WARNING: [Synth 8-3331] design HDMI_bd_reg_8bits_0_0 has unconnected port Q[4]
WARNING: [Synth 8-3331] design HDMI_bd_reg_8bits_0_0 has unconnected port Q[3]
WARNING: [Synth 8-3331] design HDMI_bd_reg_8bits_0_0 has unconnected port Q[2]
WARNING: [Synth 8-3331] design HDMI_bd_reg_8bits_0_0 has unconnected port Q[1]
WARNING: [Synth 8-3331] design HDMI_bd_reg_8bits_0_0 has unconnected port Q[0]
WARNING: [Synth 8-3331] design HDMI_bd_reg_8bits_0_0 has unconnected port D[7]
WARNING: [Synth 8-3331] design HDMI_bd_reg_8bits_0_0 has unconnected port D[6]
WARNING: [Synth 8-3331] design HDMI_bd_reg_8bits_0_0 has unconnected port D[5]
WARNING: [Synth 8-3331] design HDMI_bd_reg_8bits_0_0 has unconnected port D[4]
WARNING: [Synth 8-3331] design HDMI_bd_reg_8bits_0_0 has unconnected port D[3]
WARNING: [Synth 8-3331] design HDMI_bd_reg_8bits_0_0 has unconnected port D[2]
WARNING: [Synth 8-3331] design HDMI_bd_reg_8bits_0_0 has unconnected port D[1]
WARNING: [Synth 8-3331] design HDMI_bd_reg_8bits_0_0 has unconnected port D[0]
WARNING: [Synth 8-3331] design HDMI_bd_reg_8bits_0_0 has unconnected port CLK
WARNING: [Synth 8-3331] design HDMI_bd_reg_8bits_0_0 has unconnected port RESET
WARNING: [Synth 8-3331] design HDMI_bd_reg_8bits_0_0 has unconnected port EN
---------------------------------------------------------------------------------
Finished Cross Boundary and Area Optimization : Time (s): cpu = 00:00:14 ; elapsed = 00:00:34 . Memory (MB): peak = 703.043 ; gain = 413.051
---------------------------------------------------------------------------------

Report RTL Partitions: 
+-+--------------+------------+----------+
| |RTL Partition |Replication |Instances |
+-+--------------+------------+----------+
+-+--------------+------------+----------+
---------------------------------------------------------------------------------
Start Applying XDC Timing Constraints
---------------------------------------------------------------------------------
---------------------------------------------------------------------------------
Finished Applying XDC Timing Constraints : Time (s): cpu = 00:00:21 ; elapsed = 00:00:43 . Memory (MB): peak = 775.434 ; gain = 485.441
---------------------------------------------------------------------------------
---------------------------------------------------------------------------------
Start Timing Optimization
---------------------------------------------------------------------------------
---------------------------------------------------------------------------------
Finished Timing Optimization : Time (s): cpu = 00:00:21 ; elapsed = 00:00:43 . Memory (MB): peak = 775.434 ; gain = 485.441
---------------------------------------------------------------------------------

Report RTL Partitions: 
+-+--------------+------------+----------+
| |RTL Partition |Replication |Instances |
+-+--------------+------------+----------+
+-+--------------+------------+----------+
---------------------------------------------------------------------------------
Start Technology Mapping
---------------------------------------------------------------------------------
---------------------------------------------------------------------------------
Finished Technology Mapping : Time (s): cpu = 00:00:21 ; elapsed = 00:00:43 . Memory (MB): peak = 775.434 ; gain = 485.441
---------------------------------------------------------------------------------

Report RTL Partitions: 
+-+--------------+------------+----------+
| |RTL Partition |Replication |Instances |
+-+--------------+------------+----------+
+-+--------------+------------+----------+
---------------------------------------------------------------------------------
Start IO Insertion
---------------------------------------------------------------------------------
---------------------------------------------------------------------------------
Start Flattening Before IO Insertion
---------------------------------------------------------------------------------
---------------------------------------------------------------------------------
Finished Flattening Before IO Insertion
---------------------------------------------------------------------------------
---------------------------------------------------------------------------------
Start Final Netlist Cleanup
---------------------------------------------------------------------------------
---------------------------------------------------------------------------------
Finished Final Netlist Cleanup
---------------------------------------------------------------------------------
---------------------------------------------------------------------------------
Finished IO Insertion : Time (s): cpu = 00:00:21 ; elapsed = 00:00:44 . Memory (MB): peak = 776.559 ; gain = 486.566
---------------------------------------------------------------------------------

Report Check Netlist: 
+------+------------------+-------+---------+-------+------------------+
|      |Item              |Errors |Warnings |Status |Description       |
+------+------------------+-------+---------+-------+------------------+
|1     |multi_driven_nets |      0|        0|Passed |Multi driven nets |
+------+------------------+-------+---------+-------+------------------+
---------------------------------------------------------------------------------
Start Renaming Generated Instances
---------------------------------------------------------------------------------
---------------------------------------------------------------------------------
Finished Renaming Generated Instances : Time (s): cpu = 00:00:21 ; elapsed = 00:00:44 . Memory (MB): peak = 776.559 ; gain = 486.566
---------------------------------------------------------------------------------

Report RTL Partitions: 
+-+--------------+------------+----------+
| |RTL Partition |Replication |Instances |
+-+--------------+------------+----------+
+-+--------------+------------+----------+
---------------------------------------------------------------------------------
Start Rebuilding User Hierarchy
---------------------------------------------------------------------------------
---------------------------------------------------------------------------------
Finished Rebuilding User Hierarchy : Time (s): cpu = 00:00:21 ; elapsed = 00:00:44 . Memory (MB): peak = 776.559 ; gain = 486.566
---------------------------------------------------------------------------------
---------------------------------------------------------------------------------
Start Renaming Generated Ports
---------------------------------------------------------------------------------
---------------------------------------------------------------------------------
Finished Renaming Generated Ports : Time (s): cpu = 00:00:21 ; elapsed = 00:00:44 . Memory (MB): peak = 776.559 ; gain = 486.566
---------------------------------------------------------------------------------
---------------------------------------------------------------------------------
Start Handling Custom Attributes
---------------------------------------------------------------------------------
---------------------------------------------------------------------------------
Finished Handling Custom Attributes : Time (s): cpu = 00:00:21 ; elapsed = 00:00:44 . Memory (MB): peak = 776.559 ; gain = 486.566
---------------------------------------------------------------------------------
---------------------------------------------------------------------------------
Start Renaming Generated Nets
---------------------------------------------------------------------------------
---------------------------------------------------------------------------------
Finished Renaming Generated Nets : Time (s): cpu = 00:00:21 ; elapsed = 00:00:44 . Memory (MB): peak = 776.559 ; gain = 486.566
---------------------------------------------------------------------------------
---------------------------------------------------------------------------------
Start Writing Synthesis Report
---------------------------------------------------------------------------------

Report BlackBoxes: 
+-+--------------+----------+
| |BlackBox name |Instances |
+-+--------------+----------+
+-+--------------+----------+

Report Cell Usage: 
+-+-----+------+
| |Cell |Count |
+-+-----+------+
+-+-----+------+

Report Instance Areas: 
+------+---------+-------+------+
|      |Instance |Module |Cells |
+------+---------+-------+------+
|1     |top      |       |     0|
+------+---------+-------+------+
---------------------------------------------------------------------------------
Finished Writing Synthesis Report : Time (s): cpu = 00:00:21 ; elapsed = 00:00:44 . Memory (MB): peak = 776.559 ; gain = 486.566
---------------------------------------------------------------------------------
Synthesis finished with 0 errors, 0 critical warnings and 20 warnings.
Synthesis Optimization Runtime : Time (s): cpu = 00:00:11 ; elapsed = 00:00:33 . Memory (MB): peak = 776.559 ; gain = 229.340
Synthesis Optimization Complete : Time (s): cpu = 00:00:21 ; elapsed = 00:00:44 . Memory (MB): peak = 776.559 ; gain = 486.566
INFO: [Project 1-571] Translating synthesized netlist
INFO: [Project 1-570] Preparing netlist for logic optimization
INFO: [Opt 31-138] Pushed 0 inverter(s) to 0 load pin(s).
INFO: [Project 1-111] Unisim Transformation Summary:
No Unisim elements were transformed.

INFO: [Common 17-83] Releasing license: Synthesis
16 Infos, 27 Warnings, 0 Critical Warnings and 0 Errors encountered.
synth_design completed successfully
synth_design: Time (s): cpu = 00:00:23 ; elapsed = 00:00:47 . Memory (MB): peak = 800.727 ; gain = 523.410
WARNING: [Constraints 18-5210] No constraint will be written out.
INFO: [Common 17-1381] The checkpoint 'E:/VLSI/Projet/Segmentation+detectionCentre/ZYBO_HDMI_MGA/project_1/project_1.runs/HDMI_bd_reg_8bits_0_0_synth_1/HDMI_bd_reg_8bits_0_0.dcp' has been generated.
WARNING: [Constraints 18-5210] No constraint will be written out.
INFO: [Common 17-1381] The checkpoint 'E:/VLSI/Projet/Segmentation+detectionCentre/ZYBO_HDMI_MGA/project_1/project_1.runs/HDMI_bd_reg_8bits_0_0_synth_1/HDMI_bd_reg_8bits_0_0.dcp' has been generated.
INFO: [runtcl-4] Executing : report_utilization -file HDMI_bd_reg_8bits_0_0_utilization_synth.rpt -pb HDMI_bd_reg_8bits_0_0_utilization_synth.pb
report_utilization: Time (s): cpu = 00:00:00 ; elapsed = 00:00:00.161 . Memory (MB): peak = 801.285 ; gain = 0.000
INFO: [Common 17-206] Exiting Vivado at Sat Nov 24 00:37:22 2018...
